[2026-03-22T21:21:01.163+0000] {local_task_job_runner.py:123} INFO - ::group::Pre task execution logs
[2026-03-22T21:21:01.175+0000] {taskinstance.py:2632} INFO - Dependencies all met for dep_context=non-requeueable deps ti=<TaskInstance: dag_xml_to_kafka.spark_xml_to_kafka scheduled__2026-03-22T21:00:00+00:00 [queued]>
[2026-03-22T21:21:01.180+0000] {taskinstance.py:2632} INFO - Dependencies all met for dep_context=requeueable deps ti=<TaskInstance: dag_xml_to_kafka.spark_xml_to_kafka scheduled__2026-03-22T21:00:00+00:00 [queued]>
[2026-03-22T21:21:01.180+0000] {taskinstance.py:2885} INFO - Starting attempt 2 of 2
[2026-03-22T21:21:01.188+0000] {taskinstance.py:2908} INFO - Executing <Task(SparkSubmitOperator): spark_xml_to_kafka> on 2026-03-22 21:00:00+00:00
[2026-03-22T21:21:01.191+0000] {standard_task_runner.py:72} INFO - Started process 178 to run task
[2026-03-22T21:21:01.193+0000] {standard_task_runner.py:104} INFO - Running: ['***', 'tasks', 'run', 'dag_xml_to_kafka', 'spark_xml_to_kafka', 'scheduled__2026-03-22T21:00:00+00:00', '--job-id', '4', '--raw', '--subdir', 'DAGS_FOLDER/dag_xml_to_kafka.py', '--cfg-path', '/tmp/tmpmggopsx3']
[2026-03-22T21:21:01.194+0000] {standard_task_runner.py:105} INFO - Job 4: Subtask spark_xml_to_kafka
[2026-03-22T21:21:01.223+0000] {task_command.py:467} INFO - Running <TaskInstance: dag_xml_to_kafka.spark_xml_to_kafka scheduled__2026-03-22T21:00:00+00:00 [running]> on host e69e0e4a8cca
[2026-03-22T21:21:01.274+0000] {taskinstance.py:3158} INFO - Exporting env vars: AIRFLOW_CTX_DAG_OWNER='engenheiro_dados' AIRFLOW_CTX_DAG_ID='dag_xml_to_kafka' AIRFLOW_CTX_TASK_ID='spark_xml_to_kafka' AIRFLOW_CTX_EXECUTION_DATE='2026-03-22T21:00:00+00:00' AIRFLOW_CTX_TRY_NUMBER='2' AIRFLOW_CTX_DAG_RUN_ID='scheduled__2026-03-22T21:00:00+00:00'
[2026-03-22T21:21:01.275+0000] {taskinstance.py:740} INFO - ::endgroup::
[2026-03-22T21:21:01.302+0000] {connection.py:531} ERROR - Unable to retrieve connection from secrets backend (MetastoreBackend). Checking subsequent secrets backend.
Traceback (most recent call last):
  File "/home/airflow/.local/lib/python3.10/site-packages/airflow/models/connection.py", line 528, in get_connection_from_secrets
    SecretCache.save_connection_uri(conn_id, conn.get_uri())
  File "/home/airflow/.local/lib/python3.10/site-packages/airflow/models/connection.py", line 322, in get_uri
    if self.extra:
  File "/home/airflow/.local/lib/python3.10/site-packages/sqlalchemy/orm/attributes.py", line 606, in __get__
    retval = self.descriptor.__get__(instance, owner)
  File "/home/airflow/.local/lib/python3.10/site-packages/airflow/models/connection.py", line 368, in get_extra
    extra_val = fernet.decrypt(bytes(self._extra, "utf-8")).decode()
  File "/home/airflow/.local/lib/python3.10/site-packages/cryptography/fernet.py", line 205, in decrypt
    raise InvalidToken
cryptography.fernet.InvalidToken
[2026-03-22T21:21:01.303+0000] {spark_submit.py:313} INFO - Could not load connection string spark_default, defaulting to yarn
[2026-03-22T21:21:01.304+0000] {spark_submit.py:493} INFO - Spark-Submit cmd: spark-submit --master yarn --conf spark.master=spark://spark-master:7077 --conf spark.jars=/opt/spark/jars/spark-xml_2.12-0.18.0.jar,/opt/spark/jars/spark-sql-kafka-0-10_2.12-3.5.2.jar,/opt/spark/jars/kafka-clients-3.5.2.jar,/opt/spark/jars/spark-token-provider-kafka-0-10_2.12-3.5.2.jar,/opt/spark/jars/commons-pool2-2.12.0.jar --name arrow-spark --verbose /opt/spark/scripts/xml_to_kafka.py
[2026-03-22T21:21:01.357+0000] {spark_submit.py:663} INFO - /home/***/.local/lib/python3.10/site-packages/pyspark/bin/load-spark-env.sh: line 68: ps: command not found
[2026-03-22T21:21:02.133+0000] {spark_submit.py:663} INFO - Using properties file: null
[2026-03-22T21:21:02.198+0000] {spark_submit.py:663} INFO - Exception in thread "main" org.apache.spark.SparkException: When running with master 'yarn' either HADOOP_CONF_DIR or YARN_CONF_DIR must be set in the environment.
[2026-03-22T21:21:02.199+0000] {spark_submit.py:663} INFO - at org.apache.spark.deploy.SparkSubmitArguments.error(SparkSubmitArguments.scala:650)
[2026-03-22T21:21:02.199+0000] {spark_submit.py:663} INFO - at org.apache.spark.deploy.SparkSubmitArguments.validateSubmitArguments(SparkSubmitArguments.scala:281)
[2026-03-22T21:21:02.199+0000] {spark_submit.py:663} INFO - at org.apache.spark.deploy.SparkSubmitArguments.validateArguments(SparkSubmitArguments.scala:237)
[2026-03-22T21:21:02.199+0000] {spark_submit.py:663} INFO - at org.apache.spark.deploy.SparkSubmitArguments.<init>(SparkSubmitArguments.scala:122)
[2026-03-22T21:21:02.199+0000] {spark_submit.py:663} INFO - at org.apache.spark.deploy.SparkSubmit$$anon$2$$anon$3.<init>(SparkSubmit.scala:1103)
[2026-03-22T21:21:02.199+0000] {spark_submit.py:663} INFO - at org.apache.spark.deploy.SparkSubmit$$anon$2.parseArguments(SparkSubmit.scala:1103)
[2026-03-22T21:21:02.199+0000] {spark_submit.py:663} INFO - at org.apache.spark.deploy.SparkSubmit.doSubmit(SparkSubmit.scala:86)
[2026-03-22T21:21:02.200+0000] {spark_submit.py:663} INFO - at org.apache.spark.deploy.SparkSubmit$$anon$2.doSubmit(SparkSubmit.scala:1120)
[2026-03-22T21:21:02.200+0000] {spark_submit.py:663} INFO - at org.apache.spark.deploy.SparkSubmit$.main(SparkSubmit.scala:1129)
[2026-03-22T21:21:02.200+0000] {spark_submit.py:663} INFO - at org.apache.spark.deploy.SparkSubmit.main(SparkSubmit.scala)
[2026-03-22T21:21:02.224+0000] {taskinstance.py:3337} ERROR - Task failed with exception
Traceback (most recent call last):
  File "/home/airflow/.local/lib/python3.10/site-packages/airflow/models/taskinstance.py", line 776, in _execute_task
    result = _execute_callable(context=context, **execute_callable_kwargs)
  File "/home/airflow/.local/lib/python3.10/site-packages/airflow/models/taskinstance.py", line 742, in _execute_callable
    return ExecutionCallableRunner(
  File "/home/airflow/.local/lib/python3.10/site-packages/airflow/utils/operator_helpers.py", line 252, in run
    return self.func(*args, **kwargs)
  File "/home/airflow/.local/lib/python3.10/site-packages/airflow/models/baseoperator.py", line 425, in wrapper
    return func(self, *args, **kwargs)
  File "/home/airflow/.local/lib/python3.10/site-packages/airflow/providers/apache/spark/operators/spark_submit.py", line 194, in execute
    self._hook.submit(self.application)
  File "/home/airflow/.local/lib/python3.10/site-packages/airflow/providers/apache/spark/hooks/spark_submit.py", line 585, in submit
    raise AirflowException(
airflow.exceptions.AirflowException: Cannot execute: spark-submit --master yarn --conf spark.master=spark://spark-master:7077 --conf spark.jars=/opt/spark/jars/spark-xml_2.12-0.18.0.jar,/opt/spark/jars/spark-sql-kafka-0-10_2.12-3.5.2.jar,/opt/spark/jars/kafka-clients-3.5.2.jar,/opt/spark/jars/spark-token-provider-kafka-0-10_2.12-3.5.2.jar,/opt/spark/jars/commons-pool2-2.12.0.jar --name arrow-spark --verbose /opt/spark/scripts/xml_to_kafka.py. Error code is: 1.
[2026-03-22T21:21:02.227+0000] {taskinstance.py:1242} INFO - Marking task as FAILED. dag_id=dag_xml_to_kafka, task_id=spark_xml_to_kafka, run_id=scheduled__2026-03-22T21:00:00+00:00, execution_date=20260322T210000, start_date=20260322T212101, end_date=20260322T212102
[2026-03-22T21:21:02.243+0000] {taskinstance.py:349} INFO - ::group::Post task execution logs
[2026-03-22T21:21:02.244+0000] {standard_task_runner.py:124} ERROR - Failed to execute job 4 for task spark_xml_to_kafka (Cannot execute: spark-submit --master yarn --conf spark.master=spark://spark-master:7077 --conf spark.jars=/opt/spark/jars/spark-xml_2.12-0.18.0.jar,/opt/spark/jars/spark-sql-kafka-0-10_2.12-3.5.2.jar,/opt/spark/jars/kafka-clients-3.5.2.jar,/opt/spark/jars/spark-token-provider-kafka-0-10_2.12-3.5.2.jar,/opt/spark/jars/commons-pool2-2.12.0.jar --name arrow-spark --verbose /opt/spark/scripts/xml_to_kafka.py. Error code is: 1.; 178)
Traceback (most recent call last):
  File "/home/airflow/.local/lib/python3.10/site-packages/airflow/task/task_runner/standard_task_runner.py", line 117, in _start_by_fork
    ret = args.func(args, dag=self.dag)
  File "/home/airflow/.local/lib/python3.10/site-packages/airflow/cli/cli_config.py", line 49, in command
    return func(*args, **kwargs)
  File "/home/airflow/.local/lib/python3.10/site-packages/airflow/utils/cli.py", line 116, in wrapper
    return f(*args, **kwargs)
  File "/home/airflow/.local/lib/python3.10/site-packages/airflow/cli/commands/task_command.py", line 483, in task_run
    task_return_code = _run_task_by_selected_method(args, _dag, ti)
  File "/home/airflow/.local/lib/python3.10/site-packages/airflow/cli/commands/task_command.py", line 256, in _run_task_by_selected_method
    return _run_raw_task(args, ti)
  File "/home/airflow/.local/lib/python3.10/site-packages/airflow/cli/commands/task_command.py", line 341, in _run_raw_task
    return ti._run_raw_task(
  File "/home/airflow/.local/lib/python3.10/site-packages/airflow/utils/session.py", line 97, in wrapper
    return func(*args, session=session, **kwargs)
  File "/home/airflow/.local/lib/python3.10/site-packages/airflow/models/taskinstance.py", line 3030, in _run_raw_task
    return _run_raw_task(
  File "/home/airflow/.local/lib/python3.10/site-packages/airflow/models/taskinstance.py", line 282, in _run_raw_task
    TaskInstance._execute_task_with_callbacks(
  File "/home/airflow/.local/lib/python3.10/site-packages/airflow/models/taskinstance.py", line 3185, in _execute_task_with_callbacks
    result = self._execute_task(context, task_orig)
  File "/home/airflow/.local/lib/python3.10/site-packages/airflow/models/taskinstance.py", line 3209, in _execute_task
    return _execute_task(self, context, task_orig)
  File "/home/airflow/.local/lib/python3.10/site-packages/airflow/models/taskinstance.py", line 776, in _execute_task
    result = _execute_callable(context=context, **execute_callable_kwargs)
  File "/home/airflow/.local/lib/python3.10/site-packages/airflow/models/taskinstance.py", line 742, in _execute_callable
    return ExecutionCallableRunner(
  File "/home/airflow/.local/lib/python3.10/site-packages/airflow/utils/operator_helpers.py", line 252, in run
    return self.func(*args, **kwargs)
  File "/home/airflow/.local/lib/python3.10/site-packages/airflow/models/baseoperator.py", line 425, in wrapper
    return func(self, *args, **kwargs)
  File "/home/airflow/.local/lib/python3.10/site-packages/airflow/providers/apache/spark/operators/spark_submit.py", line 194, in execute
    self._hook.submit(self.application)
  File "/home/airflow/.local/lib/python3.10/site-packages/airflow/providers/apache/spark/hooks/spark_submit.py", line 585, in submit
    raise AirflowException(
airflow.exceptions.AirflowException: Cannot execute: spark-submit --master yarn --conf spark.master=spark://spark-master:7077 --conf spark.jars=/opt/spark/jars/spark-xml_2.12-0.18.0.jar,/opt/spark/jars/spark-sql-kafka-0-10_2.12-3.5.2.jar,/opt/spark/jars/kafka-clients-3.5.2.jar,/opt/spark/jars/spark-token-provider-kafka-0-10_2.12-3.5.2.jar,/opt/spark/jars/commons-pool2-2.12.0.jar --name arrow-spark --verbose /opt/spark/scripts/xml_to_kafka.py. Error code is: 1.
[2026-03-22T21:21:02.248+0000] {local_task_job_runner.py:266} INFO - Task exited with return code 1
[2026-03-22T21:21:02.265+0000] {taskinstance.py:3925} INFO - 0 downstream tasks scheduled from follow-on schedule check
[2026-03-22T21:21:02.268+0000] {local_task_job_runner.py:245} INFO - ::endgroup::
