[2026-03-22T23:00:11.040+0000] {local_task_job_runner.py:123} INFO - ::group::Pre task execution logs
[2026-03-22T23:00:11.052+0000] {taskinstance.py:2632} INFO - Dependencies all met for dep_context=non-requeueable deps ti=<TaskInstance: dag_kafka_to_hive.spark_kafka_to_hive manual__2026-03-22T23:00:10.090435+00:00 [queued]>
[2026-03-22T23:00:11.057+0000] {taskinstance.py:2632} INFO - Dependencies all met for dep_context=requeueable deps ti=<TaskInstance: dag_kafka_to_hive.spark_kafka_to_hive manual__2026-03-22T23:00:10.090435+00:00 [queued]>
[2026-03-22T23:00:11.057+0000] {taskinstance.py:2885} INFO - Starting attempt 1 of 2
[2026-03-22T23:00:11.066+0000] {taskinstance.py:2908} INFO - Executing <Task(SparkSubmitOperator): spark_kafka_to_hive> on 2026-03-22 23:00:10.090435+00:00
[2026-03-22T23:00:11.069+0000] {standard_task_runner.py:72} INFO - Started process 1685 to run task
[2026-03-22T23:00:11.071+0000] {standard_task_runner.py:104} INFO - Running: ['***', 'tasks', 'run', 'dag_kafka_to_hive', 'spark_kafka_to_hive', 'manual__2026-03-22T23:00:10.090435+00:00', '--job-id', '9', '--raw', '--subdir', 'DAGS_FOLDER/dag_kafka_to_hive.py', '--cfg-path', '/tmp/tmplp45nuo4']
[2026-03-22T23:00:11.073+0000] {standard_task_runner.py:105} INFO - Job 9: Subtask spark_kafka_to_hive
[2026-03-22T23:00:11.100+0000] {task_command.py:467} INFO - Running <TaskInstance: dag_kafka_to_hive.spark_kafka_to_hive manual__2026-03-22T23:00:10.090435+00:00 [running]> on host a0fa30331a96
[2026-03-22T23:00:11.155+0000] {taskinstance.py:3158} INFO - Exporting env vars: AIRFLOW_CTX_DAG_OWNER='engenheiro_dados' AIRFLOW_CTX_DAG_ID='dag_kafka_to_hive' AIRFLOW_CTX_TASK_ID='spark_kafka_to_hive' AIRFLOW_CTX_EXECUTION_DATE='2026-03-22T23:00:10.090435+00:00' AIRFLOW_CTX_TRY_NUMBER='1' AIRFLOW_CTX_DAG_RUN_ID='manual__2026-03-22T23:00:10.090435+00:00'
[2026-03-22T23:00:11.156+0000] {taskinstance.py:740} INFO - ::endgroup::
[2026-03-22T23:00:11.164+0000] {base.py:84} INFO - Retrieving connection 'spark_default'
[2026-03-22T23:00:11.166+0000] {spark_submit.py:493} INFO - Spark-Submit cmd: spark-submit --master spark://spark-master:7077 --conf spark.master=spark://spark-master:7077 --conf spark.jars=/opt/spark/user-jars/spark-sql-kafka-0-10_2.12-3.5.2.jar,/opt/spark/user-jars/kafka-clients-3.5.2.jar,/opt/spark/user-jars/spark-token-provider-kafka-0-10_2.12-3.5.2.jar,/opt/spark/user-jars/commons-pool2-2.12.0.jar --conf spark.sql.catalogImplementation=hive --conf spark.hadoop.hive.metastore.uris=thrift://hive-metastore:9083 --conf spark.sql.warehouse.dir=hdfs://namenode:9000/user/hive/warehouse --name arrow-spark --verbose /opt/spark/scripts/kafka_to_hive.py
[2026-03-22T23:00:11.226+0000] {spark_submit.py:663} INFO - /home/***/.local/lib/python3.10/site-packages/pyspark/bin/load-spark-env.sh: line 68: ps: command not found
[2026-03-22T23:00:12.053+0000] {spark_submit.py:663} INFO - Using properties file: null
[2026-03-22T23:00:12.117+0000] {spark_submit.py:663} INFO - Parsed arguments:
[2026-03-22T23:00:12.117+0000] {spark_submit.py:663} INFO - master                  spark://spark-master:7077
[2026-03-22T23:00:12.117+0000] {spark_submit.py:663} INFO - remote                  null
[2026-03-22T23:00:12.117+0000] {spark_submit.py:663} INFO - deployMode              null
[2026-03-22T23:00:12.117+0000] {spark_submit.py:663} INFO - executorMemory          null
[2026-03-22T23:00:12.117+0000] {spark_submit.py:663} INFO - executorCores           null
[2026-03-22T23:00:12.117+0000] {spark_submit.py:663} INFO - totalExecutorCores      null
[2026-03-22T23:00:12.118+0000] {spark_submit.py:663} INFO - propertiesFile          null
[2026-03-22T23:00:12.118+0000] {spark_submit.py:663} INFO - driverMemory            null
[2026-03-22T23:00:12.118+0000] {spark_submit.py:663} INFO - driverCores             null
[2026-03-22T23:00:12.118+0000] {spark_submit.py:663} INFO - driverExtraClassPath    null
[2026-03-22T23:00:12.118+0000] {spark_submit.py:663} INFO - driverExtraLibraryPath  null
[2026-03-22T23:00:12.118+0000] {spark_submit.py:663} INFO - driverExtraJavaOptions  null
[2026-03-22T23:00:12.118+0000] {spark_submit.py:663} INFO - supervise               false
[2026-03-22T23:00:12.118+0000] {spark_submit.py:663} INFO - queue                   null
[2026-03-22T23:00:12.118+0000] {spark_submit.py:663} INFO - numExecutors            null
[2026-03-22T23:00:12.118+0000] {spark_submit.py:663} INFO - files                   null
[2026-03-22T23:00:12.119+0000] {spark_submit.py:663} INFO - pyFiles                 null
[2026-03-22T23:00:12.119+0000] {spark_submit.py:663} INFO - archives                null
[2026-03-22T23:00:12.119+0000] {spark_submit.py:663} INFO - mainClass               null
[2026-03-22T23:00:12.119+0000] {spark_submit.py:663} INFO - primaryResource         file:/opt/spark/scripts/kafka_to_hive.py
[2026-03-22T23:00:12.119+0000] {spark_submit.py:663} INFO - name                    arrow-spark
[2026-03-22T23:00:12.119+0000] {spark_submit.py:663} INFO - childArgs               []
[2026-03-22T23:00:12.119+0000] {spark_submit.py:663} INFO - jars                    /opt/spark/user-jars/spark-sql-kafka-0-10_2.12-3.5.2.jar,/opt/spark/user-jars/kafka-clients-3.5.2.jar,/opt/spark/user-jars/spark-token-provider-kafka-0-10_2.12-3.5.2.jar,/opt/spark/user-jars/commons-pool2-2.12.0.jar
[2026-03-22T23:00:12.119+0000] {spark_submit.py:663} INFO - packages                null
[2026-03-22T23:00:12.119+0000] {spark_submit.py:663} INFO - packagesExclusions      null
[2026-03-22T23:00:12.119+0000] {spark_submit.py:663} INFO - repositories            null
[2026-03-22T23:00:12.119+0000] {spark_submit.py:663} INFO - verbose                 true
[2026-03-22T23:00:12.120+0000] {spark_submit.py:663} INFO - 
[2026-03-22T23:00:12.120+0000] {spark_submit.py:663} INFO - Spark properties used, including those specified through
[2026-03-22T23:00:12.120+0000] {spark_submit.py:663} INFO - --conf and those from the properties file null:
[2026-03-22T23:00:12.120+0000] {spark_submit.py:663} INFO - (spark.hadoop.hive.metastore.uris,thrift://hive-metastore:9083)
[2026-03-22T23:00:12.120+0000] {spark_submit.py:663} INFO - (spark.jars,*********(redacted))
[2026-03-22T23:00:12.120+0000] {spark_submit.py:663} INFO - (spark.master,spark://spark-master:7077)
[2026-03-22T23:00:12.120+0000] {spark_submit.py:663} INFO - (spark.sql.catalogImplementation,hive)
[2026-03-22T23:00:12.120+0000] {spark_submit.py:663} INFO - (spark.sql.warehouse.dir,hdfs://namenode:9000/user/hive/warehouse)
[2026-03-22T23:00:12.120+0000] {spark_submit.py:663} INFO - 
[2026-03-22T23:00:12.120+0000] {spark_submit.py:663} INFO - 
[2026-03-22T23:00:12.271+0000] {spark_submit.py:663} INFO - 26/03/22 23:00:12 WARN NativeCodeLoader: Unable to load native-hadoop library for your platform... using builtin-java classes where applicable
[2026-03-22T23:00:12.364+0000] {spark_submit.py:663} INFO - Main class:
[2026-03-22T23:00:12.365+0000] {spark_submit.py:663} INFO - org.apache.spark.deploy.PythonRunner
[2026-03-22T23:00:12.365+0000] {spark_submit.py:663} INFO - Arguments:
[2026-03-22T23:00:12.365+0000] {spark_submit.py:663} INFO - file:/opt/spark/scripts/kafka_to_hive.py
[2026-03-22T23:00:12.365+0000] {spark_submit.py:663} INFO - null
[2026-03-22T23:00:12.366+0000] {spark_submit.py:663} INFO - Spark config:
[2026-03-22T23:00:12.366+0000] {spark_submit.py:663} INFO - (spark.app.name,arrow-spark)
[2026-03-22T23:00:12.366+0000] {spark_submit.py:663} INFO - (spark.app.submitTime,1774220412354)
[2026-03-22T23:00:12.366+0000] {spark_submit.py:663} INFO - (spark.hadoop.hive.metastore.uris,thrift://hive-metastore:9083)
[2026-03-22T23:00:12.366+0000] {spark_submit.py:663} INFO - (spark.jars,*********(redacted))
[2026-03-22T23:00:12.366+0000] {spark_submit.py:663} INFO - (spark.master,spark://spark-master:7077)
[2026-03-22T23:00:12.366+0000] {spark_submit.py:663} INFO - (spark.repl.local.jars,*********(redacted))
[2026-03-22T23:00:12.367+0000] {spark_submit.py:663} INFO - (spark.sql.catalogImplementation,hive)
[2026-03-22T23:00:12.367+0000] {spark_submit.py:663} INFO - (spark.sql.warehouse.dir,hdfs://namenode:9000/user/hive/warehouse)
[2026-03-22T23:00:12.367+0000] {spark_submit.py:663} INFO - (spark.submit.deployMode,client)
[2026-03-22T23:00:12.367+0000] {spark_submit.py:663} INFO - (spark.submit.pyFiles,)
[2026-03-22T23:00:12.367+0000] {spark_submit.py:663} INFO - Classpath elements:
[2026-03-22T23:00:12.367+0000] {spark_submit.py:663} INFO - file:///opt/spark/user-jars/spark-sql-kafka-0-10_2.12-3.5.2.jar
[2026-03-22T23:00:12.367+0000] {spark_submit.py:663} INFO - file:///opt/spark/user-jars/kafka-clients-3.5.2.jar
[2026-03-22T23:00:12.367+0000] {spark_submit.py:663} INFO - file:///opt/spark/user-jars/spark-token-provider-kafka-0-10_2.12-3.5.2.jar
[2026-03-22T23:00:12.367+0000] {spark_submit.py:663} INFO - file:///opt/spark/user-jars/commons-pool2-2.12.0.jar
[2026-03-22T23:00:12.367+0000] {spark_submit.py:663} INFO - 
[2026-03-22T23:00:12.367+0000] {spark_submit.py:663} INFO - 
[2026-03-22T23:00:12.927+0000] {spark_submit.py:663} INFO - 26/03/22 23:00:12 INFO SparkContext: Running Spark version 3.5.2
[2026-03-22T23:00:12.927+0000] {spark_submit.py:663} INFO - 26/03/22 23:00:12 INFO SparkContext: OS info Linux, 6.19.7-1-cachyos, amd64
[2026-03-22T23:00:12.927+0000] {spark_submit.py:663} INFO - 26/03/22 23:00:12 INFO SparkContext: Java version 17.0.18
[2026-03-22T23:00:12.941+0000] {spark_submit.py:663} INFO - 26/03/22 23:00:12 INFO ResourceUtils: ==============================================================
[2026-03-22T23:00:12.941+0000] {spark_submit.py:663} INFO - 26/03/22 23:00:12 INFO ResourceUtils: No custom resources configured for spark.driver.
[2026-03-22T23:00:12.941+0000] {spark_submit.py:663} INFO - 26/03/22 23:00:12 INFO ResourceUtils: ==============================================================
[2026-03-22T23:00:12.941+0000] {spark_submit.py:663} INFO - 26/03/22 23:00:12 INFO SparkContext: Submitted application: DAG2_Kafka_to_Hive
[2026-03-22T23:00:12.951+0000] {spark_submit.py:663} INFO - 26/03/22 23:00:12 INFO ResourceProfile: Default ResourceProfile created, executor resources: Map(memory -> name: memory, amount: 1024, script: , vendor: , offHeap -> name: offHeap, amount: 0, script: , vendor: ), task resources: Map(cpus -> name: cpus, amount: 1.0)
[2026-03-22T23:00:12.956+0000] {spark_submit.py:663} INFO - 26/03/22 23:00:12 INFO ResourceProfile: Limiting resource is cpu
[2026-03-22T23:00:12.956+0000] {spark_submit.py:663} INFO - 26/03/22 23:00:12 INFO ResourceProfileManager: Added ResourceProfile id: 0
[2026-03-22T23:00:12.981+0000] {spark_submit.py:663} INFO - 26/03/22 23:00:12 INFO SecurityManager: Changing view acls to: ***
[2026-03-22T23:00:12.981+0000] {spark_submit.py:663} INFO - 26/03/22 23:00:12 INFO SecurityManager: Changing modify acls to: ***
[2026-03-22T23:00:12.982+0000] {spark_submit.py:663} INFO - 26/03/22 23:00:12 INFO SecurityManager: Changing view acls groups to:
[2026-03-22T23:00:12.982+0000] {spark_submit.py:663} INFO - 26/03/22 23:00:12 INFO SecurityManager: Changing modify acls groups to:
[2026-03-22T23:00:12.982+0000] {spark_submit.py:663} INFO - 26/03/22 23:00:12 INFO SecurityManager: SecurityManager: authentication disabled; ui acls disabled; users with view permissions: ***; groups with view permissions: EMPTY; users with modify permissions: ***; groups with modify permissions: EMPTY
[2026-03-22T23:00:13.091+0000] {spark_submit.py:663} INFO - 26/03/22 23:00:13 INFO Utils: Successfully started service 'sparkDriver' on port 39373.
[2026-03-22T23:00:13.105+0000] {spark_submit.py:663} INFO - 26/03/22 23:00:13 INFO SparkEnv: Registering MapOutputTracker
[2026-03-22T23:00:13.122+0000] {spark_submit.py:663} INFO - 26/03/22 23:00:13 INFO SparkEnv: Registering BlockManagerMaster
[2026-03-22T23:00:13.133+0000] {spark_submit.py:663} INFO - 26/03/22 23:00:13 INFO BlockManagerMasterEndpoint: Using org.apache.spark.storage.DefaultTopologyMapper for getting topology information
[2026-03-22T23:00:13.133+0000] {spark_submit.py:663} INFO - 26/03/22 23:00:13 INFO BlockManagerMasterEndpoint: BlockManagerMasterEndpoint up
[2026-03-22T23:00:13.135+0000] {spark_submit.py:663} INFO - 26/03/22 23:00:13 INFO SparkEnv: Registering BlockManagerMasterHeartbeat
[2026-03-22T23:00:13.146+0000] {spark_submit.py:663} INFO - 26/03/22 23:00:13 INFO DiskBlockManager: Created local directory at /tmp/blockmgr-88d21873-c3d0-45ed-84ce-85ec0daedc04
[2026-03-22T23:00:13.153+0000] {spark_submit.py:663} INFO - 26/03/22 23:00:13 INFO MemoryStore: MemoryStore started with capacity 434.4 MiB
[2026-03-22T23:00:13.161+0000] {spark_submit.py:663} INFO - 26/03/22 23:00:13 INFO SparkEnv: Registering OutputCommitCoordinator
[2026-03-22T23:00:13.229+0000] {spark_submit.py:663} INFO - 26/03/22 23:00:13 INFO JettyUtils: Start Jetty 0.0.0.0:4040 for SparkUI
[2026-03-22T23:00:13.267+0000] {spark_submit.py:663} INFO - 26/03/22 23:00:13 INFO Utils: Successfully started service 'SparkUI' on port 4040.
[2026-03-22T23:00:13.286+0000] {spark_submit.py:663} INFO - 26/03/22 23:00:13 INFO SparkContext: Added JAR file:///opt/spark/user-jars/spark-sql-kafka-0-10_2.12-3.5.2.jar at spark://a0fa30331a96:39373/jars/spark-sql-kafka-0-10_2.12-3.5.2.jar with timestamp 1774220412923
[2026-03-22T23:00:13.287+0000] {spark_submit.py:663} INFO - 26/03/22 23:00:13 INFO SparkContext: Added JAR file:///opt/spark/user-jars/kafka-clients-3.5.2.jar at spark://a0fa30331a96:39373/jars/kafka-clients-3.5.2.jar with timestamp 1774220412923
[2026-03-22T23:00:13.287+0000] {spark_submit.py:663} INFO - 26/03/22 23:00:13 INFO SparkContext: Added JAR file:///opt/spark/user-jars/spark-token-provider-kafka-0-10_2.12-3.5.2.jar at spark://a0fa30331a96:39373/jars/spark-token-provider-kafka-0-10_2.12-3.5.2.jar with timestamp 1774220412923
[2026-03-22T23:00:13.287+0000] {spark_submit.py:663} INFO - 26/03/22 23:00:13 INFO SparkContext: Added JAR file:///opt/spark/user-jars/commons-pool2-2.12.0.jar at spark://a0fa30331a96:39373/jars/commons-pool2-2.12.0.jar with timestamp 1774220412923
[2026-03-22T23:00:13.323+0000] {spark_submit.py:663} INFO - 26/03/22 23:00:13 INFO StandaloneAppClient$ClientEndpoint: Connecting to master spark://spark-master:7077...
[2026-03-22T23:00:13.346+0000] {spark_submit.py:663} INFO - 26/03/22 23:00:13 INFO TransportClientFactory: Successfully created connection to spark-master/172.18.0.4:7077 after 13 ms (0 ms spent in bootstraps)
[2026-03-22T23:00:13.411+0000] {spark_submit.py:663} INFO - 26/03/22 23:00:13 INFO StandaloneSchedulerBackend: Connected to Spark cluster with app ID app-20260322230013-0004
[2026-03-22T23:00:13.412+0000] {spark_submit.py:663} INFO - 26/03/22 23:00:13 INFO StandaloneAppClient$ClientEndpoint: Executor added: app-20260322230013-0004/0 on worker-20260322225633-172.18.0.11-43345 (172.18.0.11:43345) with 1 core(s)
[2026-03-22T23:00:13.414+0000] {spark_submit.py:663} INFO - 26/03/22 23:00:13 INFO StandaloneSchedulerBackend: Granted executor ID app-20260322230013-0004/0 on hostPort 172.18.0.11:43345 with 1 core(s), 1024.0 MiB RAM
[2026-03-22T23:00:13.414+0000] {spark_submit.py:663} INFO - 26/03/22 23:00:13 INFO StandaloneAppClient$ClientEndpoint: Executor added: app-20260322230013-0004/1 on worker-20260322225633-172.18.0.10-46063 (172.18.0.10:46063) with 1 core(s)
[2026-03-22T23:00:13.414+0000] {spark_submit.py:663} INFO - 26/03/22 23:00:13 INFO StandaloneSchedulerBackend: Granted executor ID app-20260322230013-0004/1 on hostPort 172.18.0.10:46063 with 1 core(s), 1024.0 MiB RAM
[2026-03-22T23:00:13.414+0000] {spark_submit.py:663} INFO - 26/03/22 23:00:13 INFO StandaloneAppClient$ClientEndpoint: Executor added: app-20260322230013-0004/2 on worker-20260322225633-172.18.0.12-33099 (172.18.0.12:33099) with 1 core(s)
[2026-03-22T23:00:13.415+0000] {spark_submit.py:663} INFO - 26/03/22 23:00:13 INFO StandaloneSchedulerBackend: Granted executor ID app-20260322230013-0004/2 on hostPort 172.18.0.12:33099 with 1 core(s), 1024.0 MiB RAM
[2026-03-22T23:00:13.416+0000] {spark_submit.py:663} INFO - 26/03/22 23:00:13 INFO Utils: Successfully started service 'org.apache.spark.network.netty.NettyBlockTransferService' on port 43609.
[2026-03-22T23:00:13.416+0000] {spark_submit.py:663} INFO - 26/03/22 23:00:13 INFO NettyBlockTransferService: Server created on a0fa30331a96:43609
[2026-03-22T23:00:13.417+0000] {spark_submit.py:663} INFO - 26/03/22 23:00:13 INFO BlockManager: Using org.apache.spark.storage.RandomBlockReplicationPolicy for block replication policy
[2026-03-22T23:00:13.423+0000] {spark_submit.py:663} INFO - 26/03/22 23:00:13 INFO BlockManagerMaster: Registering BlockManager BlockManagerId(driver, a0fa30331a96, 43609, None)
[2026-03-22T23:00:13.425+0000] {spark_submit.py:663} INFO - 26/03/22 23:00:13 INFO BlockManagerMasterEndpoint: Registering block manager a0fa30331a96:43609 with 434.4 MiB RAM, BlockManagerId(driver, a0fa30331a96, 43609, None)
[2026-03-22T23:00:13.427+0000] {spark_submit.py:663} INFO - 26/03/22 23:00:13 INFO BlockManagerMaster: Registered BlockManager BlockManagerId(driver, a0fa30331a96, 43609, None)
[2026-03-22T23:00:13.428+0000] {spark_submit.py:663} INFO - 26/03/22 23:00:13 INFO BlockManager: Initialized BlockManager: BlockManagerId(driver, a0fa30331a96, 43609, None)
[2026-03-22T23:00:13.436+0000] {spark_submit.py:663} INFO - 26/03/22 23:00:13 INFO StandaloneAppClient$ClientEndpoint: Executor updated: app-20260322230013-0004/2 is now RUNNING
[2026-03-22T23:00:13.438+0000] {spark_submit.py:663} INFO - 26/03/22 23:00:13 INFO StandaloneAppClient$ClientEndpoint: Executor updated: app-20260322230013-0004/1 is now RUNNING
[2026-03-22T23:00:13.439+0000] {spark_submit.py:663} INFO - 26/03/22 23:00:13 INFO StandaloneAppClient$ClientEndpoint: Executor updated: app-20260322230013-0004/0 is now RUNNING
[2026-03-22T23:00:13.559+0000] {spark_submit.py:663} INFO - 26/03/22 23:00:13 INFO StandaloneSchedulerBackend: SchedulerBackend is ready for scheduling beginning after reached minRegisteredResourcesRatio: 0.0
[2026-03-22T23:00:13.723+0000] {spark_submit.py:663} INFO - [DAG2] Consumindo mensagens do tópico Kafka 'nfe-json'...
[2026-03-22T23:00:18.369+0000] {spark_submit.py:663} INFO - [DAG2] Mensagens lidas do Kafka: 241
[2026-03-22T23:00:20.801+0000] {spark_submit.py:663} INFO - [DAG2] Notas parseadas: 241
[2026-03-22T23:00:21.149+0000] {spark_submit.py:663} INFO - [DAG2] Persistindo tabela 'nfe_db.nfe_notas'...
[2026-03-22T23:00:21.389+0000] {spark_submit.py:663} INFO - 26/03/22 23:00:21 WARN SparkStringUtils: Truncated the string representation of a plan since it was too large. This behavior can be adjusted by setting 'spark.sql.debug.maxToStringFields'.
[2026-03-22T23:00:24.846+0000] {spark_submit.py:663} INFO - 26/03/22 23:00:24 WARN SessionState: METASTORE_FILTER_HOOK will be ignored, since hive.security.authorization.manager is set to instance of HiveAuthorizerFactory.
[2026-03-22T23:00:25.730+0000] {spark_submit.py:663} INFO - [DAG2] Tabela nfe_notas salva com 241 registros.
[2026-03-22T23:00:25.766+0000] {spark_submit.py:663} INFO - [DAG2] Persistindo tabela 'nfe_db.nfe_itens'...
[2026-03-22T23:00:27.489+0000] {spark_submit.py:663} INFO - [DAG2] Tabela nfe_itens salva com 757 registros.
[2026-03-22T23:00:27.489+0000] {spark_submit.py:663} INFO - 
[2026-03-22T23:00:27.490+0000] {spark_submit.py:663} INFO - [DAG2] === Verificação ===
[2026-03-22T23:00:28.247+0000] {spark_submit.py:663} INFO - +-----------+
[2026-03-22T23:00:28.248+0000] {spark_submit.py:663} INFO - |total_notas|
[2026-03-22T23:00:28.248+0000] {spark_submit.py:663} INFO - +-----------+
[2026-03-22T23:00:28.248+0000] {spark_submit.py:663} INFO - |        241|
[2026-03-22T23:00:28.248+0000] {spark_submit.py:663} INFO - +-----------+
[2026-03-22T23:00:28.248+0000] {spark_submit.py:663} INFO - 
[2026-03-22T23:00:28.369+0000] {spark_submit.py:663} INFO - +-----------+
[2026-03-22T23:00:28.369+0000] {spark_submit.py:663} INFO - |total_itens|
[2026-03-22T23:00:28.370+0000] {spark_submit.py:663} INFO - +-----------+
[2026-03-22T23:00:28.370+0000] {spark_submit.py:663} INFO - |        757|
[2026-03-22T23:00:28.370+0000] {spark_submit.py:663} INFO - +-----------+
[2026-03-22T23:00:28.370+0000] {spark_submit.py:663} INFO - 
[2026-03-22T23:00:28.370+0000] {spark_submit.py:663} INFO - [DAG2] Persistência concluída com sucesso!
[2026-03-22T23:00:28.660+0000] {taskinstance.py:349} INFO - ::group::Post task execution logs
[2026-03-22T23:00:28.661+0000] {taskinstance.py:361} INFO - Marking task as SUCCESS. dag_id=dag_kafka_to_hive, task_id=spark_kafka_to_hive, run_id=manual__2026-03-22T23:00:10.090435+00:00, execution_date=20260322T230010, start_date=20260322T230011, end_date=20260322T230028
[2026-03-22T23:00:28.682+0000] {local_task_job_runner.py:266} INFO - Task exited with return code 0
[2026-03-22T23:00:28.697+0000] {taskinstance.py:3925} INFO - 1 downstream tasks scheduled from follow-on schedule check
[2026-03-22T23:00:28.699+0000] {local_task_job_runner.py:245} INFO - ::endgroup::
