[2026-03-22T22:52:55.789+0000] {local_task_job_runner.py:123} INFO - ::group::Pre task execution logs
[2026-03-22T22:52:55.803+0000] {taskinstance.py:2632} INFO - Dependencies all met for dep_context=non-requeueable deps ti=<TaskInstance: dag_xml_to_kafka.spark_xml_to_kafka scheduled__2026-03-22T22:40:00+00:00 [queued]>
[2026-03-22T22:52:55.807+0000] {taskinstance.py:2632} INFO - Dependencies all met for dep_context=requeueable deps ti=<TaskInstance: dag_xml_to_kafka.spark_xml_to_kafka scheduled__2026-03-22T22:40:00+00:00 [queued]>
[2026-03-22T22:52:55.808+0000] {taskinstance.py:2885} INFO - Starting attempt 1 of 2
[2026-03-22T22:52:55.816+0000] {taskinstance.py:2908} INFO - Executing <Task(SparkSubmitOperator): spark_xml_to_kafka> on 2026-03-22 22:40:00+00:00
[2026-03-22T22:52:55.819+0000] {standard_task_runner.py:72} INFO - Started process 180 to run task
[2026-03-22T22:52:55.821+0000] {standard_task_runner.py:104} INFO - Running: ['***', 'tasks', 'run', 'dag_xml_to_kafka', 'spark_xml_to_kafka', 'scheduled__2026-03-22T22:40:00+00:00', '--job-id', '25', '--raw', '--subdir', 'DAGS_FOLDER/dag_xml_to_kafka.py', '--cfg-path', '/tmp/tmp5lk_uagz']
[2026-03-22T22:52:55.823+0000] {standard_task_runner.py:105} INFO - Job 25: Subtask spark_xml_to_kafka
[2026-03-22T22:52:55.851+0000] {task_command.py:467} INFO - Running <TaskInstance: dag_xml_to_kafka.spark_xml_to_kafka scheduled__2026-03-22T22:40:00+00:00 [running]> on host 985b372b6d25
[2026-03-22T22:52:55.900+0000] {taskinstance.py:3158} INFO - Exporting env vars: AIRFLOW_CTX_DAG_OWNER='engenheiro_dados' AIRFLOW_CTX_DAG_ID='dag_xml_to_kafka' AIRFLOW_CTX_TASK_ID='spark_xml_to_kafka' AIRFLOW_CTX_EXECUTION_DATE='2026-03-22T22:40:00+00:00' AIRFLOW_CTX_TRY_NUMBER='1' AIRFLOW_CTX_DAG_RUN_ID='scheduled__2026-03-22T22:40:00+00:00'
[2026-03-22T22:52:55.901+0000] {taskinstance.py:740} INFO - ::endgroup::
[2026-03-22T22:52:55.910+0000] {base.py:84} INFO - Retrieving connection 'spark_default'
[2026-03-22T22:52:55.912+0000] {spark_submit.py:493} INFO - Spark-Submit cmd: spark-submit --master spark://spark-master:7077 --conf spark.master=spark://spark-master:7077 --conf spark.jars=/opt/spark/user-jars/spark-xml_2.12-0.18.0.jar,/opt/spark/user-jars/spark-sql-kafka-0-10_2.12-3.5.2.jar,/opt/spark/user-jars/kafka-clients-3.5.2.jar,/opt/spark/user-jars/spark-token-provider-kafka-0-10_2.12-3.5.2.jar,/opt/spark/user-jars/commons-pool2-2.12.0.jar --name arrow-spark --verbose /opt/spark/scripts/xml_to_kafka.py
[2026-03-22T22:52:55.963+0000] {spark_submit.py:663} INFO - /home/***/.local/lib/python3.10/site-packages/pyspark/bin/load-spark-env.sh: line 68: ps: command not found
[2026-03-22T22:52:56.944+0000] {spark_submit.py:663} INFO - Using properties file: null
[2026-03-22T22:52:57.097+0000] {spark_submit.py:663} INFO - Parsed arguments:
[2026-03-22T22:52:57.098+0000] {spark_submit.py:663} INFO - master                  spark://spark-master:7077
[2026-03-22T22:52:57.098+0000] {spark_submit.py:663} INFO - remote                  null
[2026-03-22T22:52:57.098+0000] {spark_submit.py:663} INFO - deployMode              null
[2026-03-22T22:52:57.098+0000] {spark_submit.py:663} INFO - executorMemory          null
[2026-03-22T22:52:57.098+0000] {spark_submit.py:663} INFO - executorCores           null
[2026-03-22T22:52:57.099+0000] {spark_submit.py:663} INFO - totalExecutorCores      null
[2026-03-22T22:52:57.099+0000] {spark_submit.py:663} INFO - propertiesFile          null
[2026-03-22T22:52:57.100+0000] {spark_submit.py:663} INFO - driverMemory            null
[2026-03-22T22:52:57.101+0000] {spark_submit.py:663} INFO - driverCores             null
[2026-03-22T22:52:57.101+0000] {spark_submit.py:663} INFO - driverExtraClassPath    null
[2026-03-22T22:52:57.101+0000] {spark_submit.py:663} INFO - driverExtraLibraryPath  null
[2026-03-22T22:52:57.102+0000] {spark_submit.py:663} INFO - driverExtraJavaOptions  null
[2026-03-22T22:52:57.102+0000] {spark_submit.py:663} INFO - supervise               false
[2026-03-22T22:52:57.102+0000] {spark_submit.py:663} INFO - queue                   null
[2026-03-22T22:52:57.102+0000] {spark_submit.py:663} INFO - numExecutors            null
[2026-03-22T22:52:57.102+0000] {spark_submit.py:663} INFO - files                   null
[2026-03-22T22:52:57.102+0000] {spark_submit.py:663} INFO - pyFiles                 null
[2026-03-22T22:52:57.102+0000] {spark_submit.py:663} INFO - archives                null
[2026-03-22T22:52:57.103+0000] {spark_submit.py:663} INFO - mainClass               null
[2026-03-22T22:52:57.103+0000] {spark_submit.py:663} INFO - primaryResource         file:/opt/spark/scripts/xml_to_kafka.py
[2026-03-22T22:52:57.103+0000] {spark_submit.py:663} INFO - name                    arrow-spark
[2026-03-22T22:52:57.103+0000] {spark_submit.py:663} INFO - childArgs               []
[2026-03-22T22:52:57.103+0000] {spark_submit.py:663} INFO - jars                    /opt/spark/user-jars/spark-xml_2.12-0.18.0.jar,/opt/spark/user-jars/spark-sql-kafka-0-10_2.12-3.5.2.jar,/opt/spark/user-jars/kafka-clients-3.5.2.jar,/opt/spark/user-jars/spark-token-provider-kafka-0-10_2.12-3.5.2.jar,/opt/spark/user-jars/commons-pool2-2.12.0.jar
[2026-03-22T22:52:57.103+0000] {spark_submit.py:663} INFO - packages                null
[2026-03-22T22:52:57.103+0000] {spark_submit.py:663} INFO - packagesExclusions      null
[2026-03-22T22:52:57.104+0000] {spark_submit.py:663} INFO - repositories            null
[2026-03-22T22:52:57.104+0000] {spark_submit.py:663} INFO - verbose                 true
[2026-03-22T22:52:57.104+0000] {spark_submit.py:663} INFO - 
[2026-03-22T22:52:57.104+0000] {spark_submit.py:663} INFO - Spark properties used, including those specified through
[2026-03-22T22:52:57.104+0000] {spark_submit.py:663} INFO - --conf and those from the properties file null:
[2026-03-22T22:52:57.104+0000] {spark_submit.py:663} INFO - (spark.jars,*********(redacted))
[2026-03-22T22:52:57.104+0000] {spark_submit.py:663} INFO - (spark.master,spark://spark-master:7077)
[2026-03-22T22:52:57.105+0000] {spark_submit.py:663} INFO - 
[2026-03-22T22:52:57.105+0000] {spark_submit.py:663} INFO - 
[2026-03-22T22:52:57.468+0000] {spark_submit.py:663} INFO - 26/03/22 22:52:57 WARN NativeCodeLoader: Unable to load native-hadoop library for your platform... using builtin-java classes where applicable
[2026-03-22T22:52:57.705+0000] {spark_submit.py:663} INFO - Main class:
[2026-03-22T22:52:57.705+0000] {spark_submit.py:663} INFO - org.apache.spark.deploy.PythonRunner
[2026-03-22T22:52:57.707+0000] {spark_submit.py:663} INFO - Arguments:
[2026-03-22T22:52:57.707+0000] {spark_submit.py:663} INFO - file:/opt/spark/scripts/xml_to_kafka.py
[2026-03-22T22:52:57.708+0000] {spark_submit.py:663} INFO - null
[2026-03-22T22:52:57.709+0000] {spark_submit.py:663} INFO - Spark config:
[2026-03-22T22:52:57.710+0000] {spark_submit.py:663} INFO - (spark.app.name,arrow-spark)
[2026-03-22T22:52:57.710+0000] {spark_submit.py:663} INFO - (spark.app.submitTime,1774219977671)
[2026-03-22T22:52:57.710+0000] {spark_submit.py:663} INFO - (spark.jars,*********(redacted))
[2026-03-22T22:52:57.710+0000] {spark_submit.py:663} INFO - (spark.master,spark://spark-master:7077)
[2026-03-22T22:52:57.711+0000] {spark_submit.py:663} INFO - (spark.repl.local.jars,*********(redacted))
[2026-03-22T22:52:57.711+0000] {spark_submit.py:663} INFO - (spark.submit.deployMode,client)
[2026-03-22T22:52:57.711+0000] {spark_submit.py:663} INFO - (spark.submit.pyFiles,)
[2026-03-22T22:52:57.711+0000] {spark_submit.py:663} INFO - Classpath elements:
[2026-03-22T22:52:57.711+0000] {spark_submit.py:663} INFO - file:///opt/spark/user-jars/spark-xml_2.12-0.18.0.jar
[2026-03-22T22:52:57.711+0000] {spark_submit.py:663} INFO - file:///opt/spark/user-jars/spark-sql-kafka-0-10_2.12-3.5.2.jar
[2026-03-22T22:52:57.711+0000] {spark_submit.py:663} INFO - file:///opt/spark/user-jars/kafka-clients-3.5.2.jar
[2026-03-22T22:52:57.712+0000] {spark_submit.py:663} INFO - file:///opt/spark/user-jars/spark-token-provider-kafka-0-10_2.12-3.5.2.jar
[2026-03-22T22:52:57.712+0000] {spark_submit.py:663} INFO - file:///opt/spark/user-jars/commons-pool2-2.12.0.jar
[2026-03-22T22:52:57.712+0000] {spark_submit.py:663} INFO - 
[2026-03-22T22:52:57.713+0000] {spark_submit.py:663} INFO - 
[2026-03-22T22:52:58.521+0000] {spark_submit.py:663} INFO - 26/03/22 22:52:58 INFO SparkContext: Running Spark version 3.5.2
[2026-03-22T22:52:58.521+0000] {spark_submit.py:663} INFO - 26/03/22 22:52:58 INFO SparkContext: OS info Linux, 6.19.7-1-cachyos, amd64
[2026-03-22T22:52:58.522+0000] {spark_submit.py:663} INFO - 26/03/22 22:52:58 INFO SparkContext: Java version 17.0.18
[2026-03-22T22:52:58.541+0000] {spark_submit.py:663} INFO - 26/03/22 22:52:58 INFO ResourceUtils: ==============================================================
[2026-03-22T22:52:58.542+0000] {spark_submit.py:663} INFO - 26/03/22 22:52:58 INFO ResourceUtils: No custom resources configured for spark.driver.
[2026-03-22T22:52:58.542+0000] {spark_submit.py:663} INFO - 26/03/22 22:52:58 INFO ResourceUtils: ==============================================================
[2026-03-22T22:52:58.542+0000] {spark_submit.py:663} INFO - 26/03/22 22:52:58 INFO SparkContext: Submitted application: DAG1_XML_to_Kafka
[2026-03-22T22:52:58.555+0000] {spark_submit.py:663} INFO - 26/03/22 22:52:58 INFO ResourceProfile: Default ResourceProfile created, executor resources: Map(memory -> name: memory, amount: 1024, script: , vendor: , offHeap -> name: offHeap, amount: 0, script: , vendor: ), task resources: Map(cpus -> name: cpus, amount: 1.0)
[2026-03-22T22:52:58.562+0000] {spark_submit.py:663} INFO - 26/03/22 22:52:58 INFO ResourceProfile: Limiting resource is cpu
[2026-03-22T22:52:58.562+0000] {spark_submit.py:663} INFO - 26/03/22 22:52:58 INFO ResourceProfileManager: Added ResourceProfile id: 0
[2026-03-22T22:52:58.598+0000] {spark_submit.py:663} INFO - 26/03/22 22:52:58 INFO SecurityManager: Changing view acls to: ***
[2026-03-22T22:52:58.598+0000] {spark_submit.py:663} INFO - 26/03/22 22:52:58 INFO SecurityManager: Changing modify acls to: ***
[2026-03-22T22:52:58.599+0000] {spark_submit.py:663} INFO - 26/03/22 22:52:58 INFO SecurityManager: Changing view acls groups to:
[2026-03-22T22:52:58.599+0000] {spark_submit.py:663} INFO - 26/03/22 22:52:58 INFO SecurityManager: Changing modify acls groups to:
[2026-03-22T22:52:58.599+0000] {spark_submit.py:663} INFO - 26/03/22 22:52:58 INFO SecurityManager: SecurityManager: authentication disabled; ui acls disabled; users with view permissions: ***; groups with view permissions: EMPTY; users with modify permissions: ***; groups with modify permissions: EMPTY
[2026-03-22T22:52:58.772+0000] {spark_submit.py:663} INFO - 26/03/22 22:52:58 INFO Utils: Successfully started service 'sparkDriver' on port 42041.
[2026-03-22T22:52:58.792+0000] {spark_submit.py:663} INFO - 26/03/22 22:52:58 INFO SparkEnv: Registering MapOutputTracker
[2026-03-22T22:52:58.818+0000] {spark_submit.py:663} INFO - 26/03/22 22:52:58 INFO SparkEnv: Registering BlockManagerMaster
[2026-03-22T22:52:58.833+0000] {spark_submit.py:663} INFO - 26/03/22 22:52:58 INFO BlockManagerMasterEndpoint: Using org.apache.spark.storage.DefaultTopologyMapper for getting topology information
[2026-03-22T22:52:58.833+0000] {spark_submit.py:663} INFO - 26/03/22 22:52:58 INFO BlockManagerMasterEndpoint: BlockManagerMasterEndpoint up
[2026-03-22T22:52:58.837+0000] {spark_submit.py:663} INFO - 26/03/22 22:52:58 INFO SparkEnv: Registering BlockManagerMasterHeartbeat
[2026-03-22T22:52:58.856+0000] {spark_submit.py:663} INFO - 26/03/22 22:52:58 INFO DiskBlockManager: Created local directory at /tmp/blockmgr-230f2400-8adc-4069-adf7-2b63377073ee
[2026-03-22T22:52:58.867+0000] {spark_submit.py:663} INFO - 26/03/22 22:52:58 INFO MemoryStore: MemoryStore started with capacity 434.4 MiB
[2026-03-22T22:52:58.881+0000] {spark_submit.py:663} INFO - 26/03/22 22:52:58 INFO SparkEnv: Registering OutputCommitCoordinator
[2026-03-22T22:52:59.018+0000] {spark_submit.py:663} INFO - 26/03/22 22:52:59 INFO JettyUtils: Start Jetty 0.0.0.0:4040 for SparkUI
[2026-03-22T22:52:59.097+0000] {spark_submit.py:663} INFO - 26/03/22 22:52:59 WARN Utils: Service 'SparkUI' could not bind on port 4040. Attempting port 4041.
[2026-03-22T22:52:59.109+0000] {spark_submit.py:663} INFO - 26/03/22 22:52:59 INFO Utils: Successfully started service 'SparkUI' on port 4041.
[2026-03-22T22:52:59.154+0000] {spark_submit.py:663} INFO - 26/03/22 22:52:59 INFO SparkContext: Added JAR file:///opt/spark/user-jars/spark-xml_2.12-0.18.0.jar at spark://985b372b6d25:42041/jars/spark-xml_2.12-0.18.0.jar with timestamp 1774219978516
[2026-03-22T22:52:59.154+0000] {spark_submit.py:663} INFO - 26/03/22 22:52:59 INFO SparkContext: Added JAR file:///opt/spark/user-jars/spark-sql-kafka-0-10_2.12-3.5.2.jar at spark://985b372b6d25:42041/jars/spark-sql-kafka-0-10_2.12-3.5.2.jar with timestamp 1774219978516
[2026-03-22T22:52:59.159+0000] {spark_submit.py:663} INFO - 26/03/22 22:52:59 INFO SparkContext: Added JAR file:///opt/spark/user-jars/kafka-clients-3.5.2.jar at spark://985b372b6d25:42041/jars/kafka-clients-3.5.2.jar with timestamp 1774219978516
[2026-03-22T22:52:59.159+0000] {spark_submit.py:663} INFO - 26/03/22 22:52:59 INFO SparkContext: Added JAR file:///opt/spark/user-jars/spark-token-provider-kafka-0-10_2.12-3.5.2.jar at spark://985b372b6d25:42041/jars/spark-token-provider-kafka-0-10_2.12-3.5.2.jar with timestamp 1774219978516
[2026-03-22T22:52:59.160+0000] {spark_submit.py:663} INFO - 26/03/22 22:52:59 INFO SparkContext: Added JAR file:///opt/spark/user-jars/commons-pool2-2.12.0.jar at spark://985b372b6d25:42041/jars/commons-pool2-2.12.0.jar with timestamp 1774219978516
[2026-03-22T22:52:59.243+0000] {spark_submit.py:663} INFO - 26/03/22 22:52:59 INFO StandaloneAppClient$ClientEndpoint: Connecting to master spark://spark-master:7077...
[2026-03-22T22:52:59.296+0000] {spark_submit.py:663} INFO - 26/03/22 22:52:59 INFO TransportClientFactory: Successfully created connection to spark-master/172.18.0.4:7077 after 29 ms (0 ms spent in bootstraps)
[2026-03-22T22:52:59.504+0000] {spark_submit.py:663} INFO - 26/03/22 22:52:59 INFO StandaloneSchedulerBackend: Connected to Spark cluster with app ID app-20260322225259-0001
[2026-03-22T22:52:59.521+0000] {spark_submit.py:663} INFO - 26/03/22 22:52:59 INFO Utils: Successfully started service 'org.apache.spark.network.netty.NettyBlockTransferService' on port 38819.
[2026-03-22T22:52:59.522+0000] {spark_submit.py:663} INFO - 26/03/22 22:52:59 INFO NettyBlockTransferService: Server created on 985b372b6d25:38819
[2026-03-22T22:52:59.525+0000] {spark_submit.py:663} INFO - 26/03/22 22:52:59 INFO BlockManager: Using org.apache.spark.storage.RandomBlockReplicationPolicy for block replication policy
[2026-03-22T22:52:59.535+0000] {spark_submit.py:663} INFO - 26/03/22 22:52:59 INFO BlockManagerMaster: Registering BlockManager BlockManagerId(driver, 985b372b6d25, 38819, None)
[2026-03-22T22:52:59.539+0000] {spark_submit.py:663} INFO - 26/03/22 22:52:59 INFO BlockManagerMasterEndpoint: Registering block manager 985b372b6d25:38819 with 434.4 MiB RAM, BlockManagerId(driver, 985b372b6d25, 38819, None)
[2026-03-22T22:52:59.542+0000] {spark_submit.py:663} INFO - 26/03/22 22:52:59 INFO BlockManagerMaster: Registered BlockManager BlockManagerId(driver, 985b372b6d25, 38819, None)
[2026-03-22T22:52:59.544+0000] {spark_submit.py:663} INFO - 26/03/22 22:52:59 INFO BlockManager: Initialized BlockManager: BlockManagerId(driver, 985b372b6d25, 38819, None)
[2026-03-22T22:52:59.796+0000] {spark_submit.py:663} INFO - 26/03/22 22:52:59 INFO StandaloneSchedulerBackend: SchedulerBackend is ready for scheduling beginning after reached minRegisteredResourcesRatio: 0.0
[2026-03-22T22:53:00.094+0000] {spark_submit.py:663} INFO - [DAG1] Encontrados 100 arquivos XML para processar.
[2026-03-22T22:53:00.097+0000] {spark_submit.py:663} INFO - [DAG1] Parseado: /opt/spark/xmls/nfe_001.xml -> chNFe=51210107698153000101...
[2026-03-22T22:53:00.097+0000] {spark_submit.py:663} INFO - [DAG1] Parseado: /opt/spark/xmls/nfe_002.xml -> chNFe=26201272569843000114...
[2026-03-22T22:53:00.097+0000] {spark_submit.py:663} INFO - [DAG1] Parseado: /opt/spark/xmls/nfe_003.xml -> chNFe=27240358367192000159...
[2026-03-22T22:53:00.098+0000] {spark_submit.py:663} INFO - [DAG1] Parseado: /opt/spark/xmls/nfe_004.xml -> chNFe=11240353716094000166...
[2026-03-22T22:53:00.098+0000] {spark_submit.py:663} INFO - [DAG1] Parseado: /opt/spark/xmls/nfe_005.xml -> chNFe=42190357349802000129...
[2026-03-22T22:53:00.099+0000] {spark_submit.py:663} INFO - [DAG1] Parseado: /opt/spark/xmls/nfe_006.xml -> chNFe=32221129573406000145...
[2026-03-22T22:53:00.099+0000] {spark_submit.py:663} INFO - [DAG1] Parseado: /opt/spark/xmls/nfe_007.xml -> chNFe=52211194608372000149...
[2026-03-22T22:53:00.099+0000] {spark_submit.py:663} INFO - [DAG1] Parseado: /opt/spark/xmls/nfe_008.xml -> chNFe=24190612367804000102...
[2026-03-22T22:53:00.101+0000] {spark_submit.py:663} INFO - [DAG1] Parseado: /opt/spark/xmls/nfe_009.xml -> chNFe=42240897360548000184...
[2026-03-22T22:53:00.101+0000] {spark_submit.py:663} INFO - [DAG1] Parseado: /opt/spark/xmls/nfe_010.xml -> chNFe=53181086725049000127...
[2026-03-22T22:53:00.103+0000] {spark_submit.py:663} INFO - [DAG1] Parseado: /opt/spark/xmls/nfe_011.xml -> chNFe=42220912975480000195...
[2026-03-22T22:53:00.103+0000] {spark_submit.py:663} INFO - [DAG1] Parseado: /opt/spark/xmls/nfe_012.xml -> chNFe=28250937820619000152...
[2026-03-22T22:53:00.103+0000] {spark_submit.py:663} INFO - [DAG1] Parseado: /opt/spark/xmls/nfe_013.xml -> chNFe=50240619685724000144...
[2026-03-22T22:53:00.104+0000] {spark_submit.py:663} INFO - [DAG1] Parseado: /opt/spark/xmls/nfe_014.xml -> chNFe=53191109438276000120...
[2026-03-22T22:53:00.106+0000] {spark_submit.py:663} INFO - [DAG1] Parseado: /opt/spark/xmls/nfe_015.xml -> chNFe=27180648169725000134...
[2026-03-22T22:53:00.106+0000] {spark_submit.py:663} INFO - [DAG1] Parseado: /opt/spark/xmls/nfe_016.xml -> chNFe=42210626578941000109...
[2026-03-22T22:53:00.106+0000] {spark_submit.py:663} INFO - [DAG1] Parseado: /opt/spark/xmls/nfe_017.xml -> chNFe=31190921560843000112...
[2026-03-22T22:53:00.107+0000] {spark_submit.py:663} INFO - [DAG1] Parseado: /opt/spark/xmls/nfe_018.xml -> chNFe=28180382563910000147...
[2026-03-22T22:53:00.108+0000] {spark_submit.py:663} INFO - [DAG1] Parseado: /opt/spark/xmls/nfe_019.xml -> chNFe=13220636207415000188...
[2026-03-22T22:53:00.108+0000] {spark_submit.py:663} INFO - [DAG1] Parseado: /opt/spark/xmls/nfe_020.xml -> chNFe=29180968172439000135...
[2026-03-22T22:53:00.109+0000] {spark_submit.py:663} INFO - [DAG1] Parseado: /opt/spark/xmls/nfe_021.xml -> chNFe=51190279386412000161...
[2026-03-22T22:53:00.110+0000] {spark_submit.py:663} INFO - [DAG1] Parseado: /opt/spark/xmls/nfe_022.xml -> chNFe=24250549256018000148...
[2026-03-22T22:53:00.110+0000] {spark_submit.py:663} INFO - [DAG1] Parseado: /opt/spark/xmls/nfe_023.xml -> chNFe=35220528695410000113...
[2026-03-22T22:53:00.119+0000] {spark_submit.py:663} INFO - [DAG1] Parseado: /opt/spark/xmls/nfe_024.xml -> chNFe=50191039256740000129...
[2026-03-22T22:53:00.121+0000] {spark_submit.py:663} INFO - [DAG1] Parseado: /opt/spark/xmls/nfe_025.xml -> chNFe=14251181743625000145...
[2026-03-22T22:53:00.121+0000] {spark_submit.py:663} INFO - [DAG1] Parseado: /opt/spark/xmls/nfe_026.xml -> chNFe=29181002843765000119...
[2026-03-22T22:53:00.121+0000] {spark_submit.py:663} INFO - [DAG1] Parseado: /opt/spark/xmls/nfe_027.xml -> chNFe=12240287314290000126...
[2026-03-22T22:53:00.122+0000] {spark_submit.py:663} INFO - [DAG1] Parseado: /opt/spark/xmls/nfe_028.xml -> chNFe=11210341968357000145...
[2026-03-22T22:53:00.122+0000] {spark_submit.py:663} INFO - [DAG1] Parseado: /opt/spark/xmls/nfe_029.xml -> chNFe=23240828346150000170...
[2026-03-22T22:53:00.122+0000] {spark_submit.py:663} INFO - [DAG1] Parseado: /opt/spark/xmls/nfe_030.xml -> chNFe=12190110452967000168...
[2026-03-22T22:53:00.122+0000] {spark_submit.py:663} INFO - [DAG1] Parseado: /opt/spark/xmls/nfe_031.xml -> chNFe=23180876590128000114...
[2026-03-22T22:53:00.122+0000] {spark_submit.py:663} INFO - [DAG1] Parseado: /opt/spark/xmls/nfe_032.xml -> chNFe=31210963298745000107...
[2026-03-22T22:53:00.122+0000] {spark_submit.py:663} INFO - [DAG1] Parseado: /opt/spark/xmls/nfe_033.xml -> chNFe=21181187352046000158...
[2026-03-22T22:53:00.122+0000] {spark_submit.py:663} INFO - [DAG1] Parseado: /opt/spark/xmls/nfe_034.xml -> chNFe=26231104516832000116...
[2026-03-22T22:53:00.123+0000] {spark_submit.py:663} INFO - [DAG1] Parseado: /opt/spark/xmls/nfe_035.xml -> chNFe=11250854869370000199...
[2026-03-22T22:53:00.123+0000] {spark_submit.py:663} INFO - [DAG1] Parseado: /opt/spark/xmls/nfe_036.xml -> chNFe=21210823974801000153...
[2026-03-22T22:53:00.123+0000] {spark_submit.py:663} INFO - [DAG1] Parseado: /opt/spark/xmls/nfe_037.xml -> chNFe=35210206714925000180...
[2026-03-22T22:53:00.124+0000] {spark_submit.py:663} INFO - [DAG1] Parseado: /opt/spark/xmls/nfe_038.xml -> chNFe=41190961304298000118...
[2026-03-22T22:53:00.124+0000] {spark_submit.py:663} INFO - [DAG1] Parseado: /opt/spark/xmls/nfe_039.xml -> chNFe=25250457431082000146...
[2026-03-22T22:53:00.124+0000] {spark_submit.py:663} INFO - [DAG1] Parseado: /opt/spark/xmls/nfe_040.xml -> chNFe=13180320871436000163...
[2026-03-22T22:53:00.124+0000] {spark_submit.py:663} INFO - [DAG1] Parseado: /opt/spark/xmls/nfe_041.xml -> chNFe=12231084620519000162...
[2026-03-22T22:53:00.124+0000] {spark_submit.py:663} INFO - [DAG1] Parseado: /opt/spark/xmls/nfe_042.xml -> chNFe=21230731649502000171...
[2026-03-22T22:53:00.125+0000] {spark_submit.py:663} INFO - [DAG1] Parseado: /opt/spark/xmls/nfe_043.xml -> chNFe=51191113640928000182...
[2026-03-22T22:53:00.126+0000] {spark_submit.py:663} INFO - [DAG1] Parseado: /opt/spark/xmls/nfe_044.xml -> chNFe=51220514726980000119...
[2026-03-22T22:53:00.127+0000] {spark_submit.py:663} INFO - [DAG1] Parseado: /opt/spark/xmls/nfe_045.xml -> chNFe=26200312657039000165...
[2026-03-22T22:53:00.128+0000] {spark_submit.py:663} INFO - [DAG1] Parseado: /opt/spark/xmls/nfe_046.xml -> chNFe=31221081579046000109...
[2026-03-22T22:53:00.129+0000] {spark_submit.py:663} INFO - [DAG1] Parseado: /opt/spark/xmls/nfe_047.xml -> chNFe=52190157216438000129...
[2026-03-22T22:53:00.129+0000] {spark_submit.py:663} INFO - [DAG1] Parseado: /opt/spark/xmls/nfe_048.xml -> chNFe=27181136082951000102...
[2026-03-22T22:53:00.129+0000] {spark_submit.py:663} INFO - [DAG1] Parseado: /opt/spark/xmls/nfe_049.xml -> chNFe=33180538052974000191...
[2026-03-22T22:53:00.129+0000] {spark_submit.py:663} INFO - [DAG1] Parseado: /opt/spark/xmls/nfe_050.xml -> chNFe=24230792075836000173...
[2026-03-22T22:53:00.129+0000] {spark_submit.py:663} INFO - [DAG1] Parseado: /opt/spark/xmls/nfe_051.xml -> chNFe=28250968740251000146...
[2026-03-22T22:53:00.130+0000] {spark_submit.py:663} INFO - [DAG1] Parseado: /opt/spark/xmls/nfe_052.xml -> chNFe=11220124691035000182...
[2026-03-22T22:53:00.130+0000] {spark_submit.py:663} INFO - [DAG1] Parseado: /opt/spark/xmls/nfe_053.xml -> chNFe=15250473416928000125...
[2026-03-22T22:53:00.131+0000] {spark_submit.py:663} INFO - [DAG1] Parseado: /opt/spark/xmls/nfe_054.xml -> chNFe=23190701627489000199...
[2026-03-22T22:53:00.132+0000] {spark_submit.py:663} INFO - [DAG1] Parseado: /opt/spark/xmls/nfe_055.xml -> chNFe=15250351739026000197...
[2026-03-22T22:53:00.133+0000] {spark_submit.py:663} INFO - [DAG1] Parseado: /opt/spark/xmls/nfe_056.xml -> chNFe=16221295804276000139...
[2026-03-22T22:53:00.133+0000] {spark_submit.py:663} INFO - [DAG1] Parseado: /opt/spark/xmls/nfe_057.xml -> chNFe=14200468721493000192...
[2026-03-22T22:53:00.134+0000] {spark_submit.py:663} INFO - [DAG1] Parseado: /opt/spark/xmls/nfe_058.xml -> chNFe=15230571934620000146...
[2026-03-22T22:53:00.136+0000] {spark_submit.py:663} INFO - [DAG1] Parseado: /opt/spark/xmls/nfe_059.xml -> chNFe=27181009731462000153...
[2026-03-22T22:53:00.136+0000] {spark_submit.py:663} INFO - [DAG1] Parseado: /opt/spark/xmls/nfe_060.xml -> chNFe=35220613892074000121...
[2026-03-22T22:53:00.136+0000] {spark_submit.py:663} INFO - [DAG1] Parseado: /opt/spark/xmls/nfe_061.xml -> chNFe=29200359802361000102...
[2026-03-22T22:53:00.137+0000] {spark_submit.py:663} INFO - [DAG1] Parseado: /opt/spark/xmls/nfe_062.xml -> chNFe=35250805768142000117...
[2026-03-22T22:53:00.138+0000] {spark_submit.py:663} INFO - [DAG1] Parseado: /opt/spark/xmls/nfe_063.xml -> chNFe=11190868395241000110...
[2026-03-22T22:53:00.138+0000] {spark_submit.py:663} INFO - [DAG1] Parseado: /opt/spark/xmls/nfe_064.xml -> chNFe=16230946583021000188...
[2026-03-22T22:53:00.139+0000] {spark_submit.py:663} INFO - [DAG1] Parseado: /opt/spark/xmls/nfe_065.xml -> chNFe=23230758370469000100...
[2026-03-22T22:53:00.139+0000] {spark_submit.py:663} INFO - [DAG1] Parseado: /opt/spark/xmls/nfe_066.xml -> chNFe=51201114786592000123...
[2026-03-22T22:53:00.140+0000] {spark_submit.py:663} INFO - [DAG1] Parseado: /opt/spark/xmls/nfe_067.xml -> chNFe=13190776093481000199...
[2026-03-22T22:53:00.141+0000] {spark_submit.py:663} INFO - [DAG1] Parseado: /opt/spark/xmls/nfe_068.xml -> chNFe=13181042865713000168...
[2026-03-22T22:53:00.141+0000] {spark_submit.py:663} INFO - [DAG1] Parseado: /opt/spark/xmls/nfe_069.xml -> chNFe=15201221740863000175...
[2026-03-22T22:53:00.142+0000] {spark_submit.py:663} INFO - [DAG1] Parseado: /opt/spark/xmls/nfe_070.xml -> chNFe=27230504526819000148...
[2026-03-22T22:53:00.143+0000] {spark_submit.py:663} INFO - [DAG1] Parseado: /opt/spark/xmls/nfe_071.xml -> chNFe=16231241268370000191...
[2026-03-22T22:53:00.145+0000] {spark_submit.py:663} INFO - [DAG1] Parseado: /opt/spark/xmls/nfe_072.xml -> chNFe=17201205641832000100...
[2026-03-22T22:53:00.147+0000] {spark_submit.py:663} INFO - [DAG1] Parseado: /opt/spark/xmls/nfe_073.xml -> chNFe=52230201627395000110...
[2026-03-22T22:53:00.147+0000] {spark_submit.py:663} INFO - [DAG1] Parseado: /opt/spark/xmls/nfe_074.xml -> chNFe=42221072643850000119...
[2026-03-22T22:53:00.149+0000] {spark_submit.py:663} INFO - [DAG1] Parseado: /opt/spark/xmls/nfe_075.xml -> chNFe=29241032751869000164...
[2026-03-22T22:53:00.150+0000] {spark_submit.py:663} INFO - [DAG1] Parseado: /opt/spark/xmls/nfe_076.xml -> chNFe=26220526973410000102...
[2026-03-22T22:53:00.151+0000] {spark_submit.py:663} INFO - [DAG1] Parseado: /opt/spark/xmls/nfe_077.xml -> chNFe=11200560149872000148...
[2026-03-22T22:53:00.151+0000] {spark_submit.py:663} INFO - [DAG1] Parseado: /opt/spark/xmls/nfe_078.xml -> chNFe=35240574290356000143...
[2026-03-22T22:53:00.152+0000] {spark_submit.py:663} INFO - [DAG1] Parseado: /opt/spark/xmls/nfe_079.xml -> chNFe=52220859280417000106...
[2026-03-22T22:53:00.152+0000] {spark_submit.py:663} INFO - [DAG1] Parseado: /opt/spark/xmls/nfe_080.xml -> chNFe=13220671952803000194...
[2026-03-22T22:53:00.154+0000] {spark_submit.py:663} INFO - [DAG1] Parseado: /opt/spark/xmls/nfe_081.xml -> chNFe=27240997543628000175...
[2026-03-22T22:53:00.154+0000] {spark_submit.py:663} INFO - [DAG1] Parseado: /opt/spark/xmls/nfe_082.xml -> chNFe=16200305672934000193...
[2026-03-22T22:53:00.155+0000] {spark_submit.py:663} INFO - [DAG1] Parseado: /opt/spark/xmls/nfe_083.xml -> chNFe=26200967452098000199...
[2026-03-22T22:53:00.155+0000] {spark_submit.py:663} INFO - [DAG1] Parseado: /opt/spark/xmls/nfe_084.xml -> chNFe=15201240879132000150...
[2026-03-22T22:53:00.155+0000] {spark_submit.py:663} INFO - [DAG1] Parseado: /opt/spark/xmls/nfe_085.xml -> chNFe=15201104259871000185...
[2026-03-22T22:53:00.156+0000] {spark_submit.py:663} INFO - [DAG1] Parseado: /opt/spark/xmls/nfe_086.xml -> chNFe=29180693567420000135...
[2026-03-22T22:53:00.157+0000] {spark_submit.py:663} INFO - [DAG1] Parseado: /opt/spark/xmls/nfe_087.xml -> chNFe=25190423645971000194...
[2026-03-22T22:53:00.157+0000] {spark_submit.py:663} INFO - [DAG1] Parseado: /opt/spark/xmls/nfe_088.xml -> chNFe=53221171968234000175...
[2026-03-22T22:53:00.158+0000] {spark_submit.py:663} INFO - [DAG1] Parseado: /opt/spark/xmls/nfe_089.xml -> chNFe=33211120671549000115...
[2026-03-22T22:53:00.158+0000] {spark_submit.py:663} INFO - [DAG1] Parseado: /opt/spark/xmls/nfe_090.xml -> chNFe=14230621639754000166...
[2026-03-22T22:53:00.159+0000] {spark_submit.py:663} INFO - [DAG1] Parseado: /opt/spark/xmls/nfe_091.xml -> chNFe=29221267140958000159...
[2026-03-22T22:53:00.159+0000] {spark_submit.py:663} INFO - [DAG1] Parseado: /opt/spark/xmls/nfe_092.xml -> chNFe=25180748326059000109...
[2026-03-22T22:53:00.161+0000] {spark_submit.py:663} INFO - [DAG1] Parseado: /opt/spark/xmls/nfe_093.xml -> chNFe=15190795724103000100...
[2026-03-22T22:53:00.161+0000] {spark_submit.py:663} INFO - [DAG1] Parseado: /opt/spark/xmls/nfe_094.xml -> chNFe=52251242875316000177...
[2026-03-22T22:53:00.161+0000] {spark_submit.py:663} INFO - [DAG1] Parseado: /opt/spark/xmls/nfe_095.xml -> chNFe=13230676385124000102...
[2026-03-22T22:53:00.163+0000] {spark_submit.py:663} INFO - [DAG1] Parseado: /opt/spark/xmls/nfe_096.xml -> chNFe=33240848596213000154...
[2026-03-22T22:53:00.163+0000] {spark_submit.py:663} INFO - [DAG1] Parseado: /opt/spark/xmls/nfe_097.xml -> chNFe=24200752149708000102...
[2026-03-22T22:53:00.163+0000] {spark_submit.py:663} INFO - [DAG1] Parseado: /opt/spark/xmls/nfe_098.xml -> chNFe=51180565902148000167...
[2026-03-22T22:53:00.164+0000] {spark_submit.py:663} INFO - [DAG1] Parseado: /opt/spark/xmls/nfe_099.xml -> chNFe=13180796205487000118...
[2026-03-22T22:53:00.165+0000] {spark_submit.py:663} INFO - [DAG1] Parseado: /opt/spark/xmls/nfe_100.xml -> chNFe=13180353974062000160...
[2026-03-22T22:53:00.165+0000] {spark_submit.py:663} INFO - [DAG1] Total de notas parseadas: 100
[2026-03-22T22:53:09.851+0000] {spark_submit.py:663} INFO - 26/03/22 22:53:09 WARN TaskSetManager: Lost task 1.0 in stage 0.0 (TID 1) (172.18.0.11 executor 0): org.apache.spark.api.python.PythonException: Traceback (most recent call last):
[2026-03-22T22:53:09.852+0000] {spark_submit.py:663} INFO - File "/opt/spark/python/lib/pyspark.zip/pyspark/worker.py", line 1100, in main
[2026-03-22T22:53:09.852+0000] {spark_submit.py:663} INFO - raise PySparkRuntimeError(
[2026-03-22T22:53:09.852+0000] {spark_submit.py:663} INFO - pyspark.errors.exceptions.base.PySparkRuntimeError: [PYTHON_VERSION_MISMATCH] Python in worker has different version (3, 8) than that in driver 3.10, PySpark cannot run with different minor versions.
[2026-03-22T22:53:09.852+0000] {spark_submit.py:663} INFO - Please check environment variables PYSPARK_PYTHON and PYSPARK_DRIVER_PYTHON are correctly set.
[2026-03-22T22:53:09.853+0000] {spark_submit.py:663} INFO - 
[2026-03-22T22:53:09.853+0000] {spark_submit.py:663} INFO - at org.apache.spark.api.python.BasePythonRunner$ReaderIterator.handlePythonException(PythonRunner.scala:572)
[2026-03-22T22:53:09.853+0000] {spark_submit.py:663} INFO - at org.apache.spark.api.python.PythonRunner$$anon$3.read(PythonRunner.scala:784)
[2026-03-22T22:53:09.853+0000] {spark_submit.py:663} INFO - at org.apache.spark.api.python.PythonRunner$$anon$3.read(PythonRunner.scala:766)
[2026-03-22T22:53:09.853+0000] {spark_submit.py:663} INFO - at org.apache.spark.api.python.BasePythonRunner$ReaderIterator.hasNext(PythonRunner.scala:525)
[2026-03-22T22:53:09.853+0000] {spark_submit.py:663} INFO - at org.apache.spark.InterruptibleIterator.hasNext(InterruptibleIterator.scala:37)
[2026-03-22T22:53:09.853+0000] {spark_submit.py:663} INFO - at scala.collection.Iterator$$anon$11.hasNext(Iterator.scala:491)
[2026-03-22T22:53:09.854+0000] {spark_submit.py:663} INFO - at scala.collection.Iterator$$anon$10.hasNext(Iterator.scala:460)
[2026-03-22T22:53:09.854+0000] {spark_submit.py:663} INFO - at scala.collection.Iterator$$anon$10.hasNext(Iterator.scala:460)
[2026-03-22T22:53:09.854+0000] {spark_submit.py:663} INFO - at org.apache.spark.sql.catalyst.expressions.GeneratedClass$GeneratedIteratorForCodegenStage1.hashAgg_doAggregateWithoutKey_0$(Unknown Source)
[2026-03-22T22:53:09.854+0000] {spark_submit.py:663} INFO - at org.apache.spark.sql.catalyst.expressions.GeneratedClass$GeneratedIteratorForCodegenStage1.processNext(Unknown Source)
[2026-03-22T22:53:09.854+0000] {spark_submit.py:663} INFO - at org.apache.spark.sql.execution.BufferedRowIterator.hasNext(BufferedRowIterator.java:43)
[2026-03-22T22:53:09.854+0000] {spark_submit.py:663} INFO - at org.apache.spark.sql.execution.WholeStageCodegenEvaluatorFactory$WholeStageCodegenPartitionEvaluator$$anon$1.hasNext(WholeStageCodegenEvaluatorFactory.scala:43)
[2026-03-22T22:53:09.854+0000] {spark_submit.py:663} INFO - at scala.collection.Iterator$$anon$10.hasNext(Iterator.scala:460)
[2026-03-22T22:53:09.854+0000] {spark_submit.py:663} INFO - at org.apache.spark.shuffle.sort.BypassMergeSortShuffleWriter.write(BypassMergeSortShuffleWriter.java:140)
[2026-03-22T22:53:09.855+0000] {spark_submit.py:663} INFO - at org.apache.spark.shuffle.ShuffleWriteProcessor.write(ShuffleWriteProcessor.scala:59)
[2026-03-22T22:53:09.855+0000] {spark_submit.py:663} INFO - at org.apache.spark.scheduler.ShuffleMapTask.runTask(ShuffleMapTask.scala:104)
[2026-03-22T22:53:09.855+0000] {spark_submit.py:663} INFO - at org.apache.spark.scheduler.ShuffleMapTask.runTask(ShuffleMapTask.scala:54)
[2026-03-22T22:53:09.855+0000] {spark_submit.py:663} INFO - at org.apache.spark.TaskContext.runTaskWithListeners(TaskContext.scala:166)
[2026-03-22T22:53:09.855+0000] {spark_submit.py:663} INFO - at org.apache.spark.scheduler.Task.run(Task.scala:141)
[2026-03-22T22:53:09.855+0000] {spark_submit.py:663} INFO - at org.apache.spark.executor.Executor$TaskRunner.$anonfun$run$4(Executor.scala:620)
[2026-03-22T22:53:09.855+0000] {spark_submit.py:663} INFO - at org.apache.spark.util.SparkErrorUtils.tryWithSafeFinally(SparkErrorUtils.scala:64)
[2026-03-22T22:53:09.856+0000] {spark_submit.py:663} INFO - at org.apache.spark.util.SparkErrorUtils.tryWithSafeFinally$(SparkErrorUtils.scala:61)
[2026-03-22T22:53:09.856+0000] {spark_submit.py:663} INFO - at org.apache.spark.util.Utils$.tryWithSafeFinally(Utils.scala:94)
[2026-03-22T22:53:09.856+0000] {spark_submit.py:663} INFO - at org.apache.spark.executor.Executor$TaskRunner.run(Executor.scala:623)
[2026-03-22T22:53:09.856+0000] {spark_submit.py:663} INFO - at java.base/java.util.concurrent.ThreadPoolExecutor.runWorker(Unknown Source)
[2026-03-22T22:53:09.856+0000] {spark_submit.py:663} INFO - at java.base/java.util.concurrent.ThreadPoolExecutor$Worker.run(Unknown Source)
[2026-03-22T22:53:09.856+0000] {spark_submit.py:663} INFO - at java.base/java.lang.Thread.run(Unknown Source)
[2026-03-22T22:53:09.856+0000] {spark_submit.py:663} INFO - 
[2026-03-22T22:53:09.937+0000] {spark_submit.py:663} INFO - 26/03/22 22:53:09 ERROR TaskSetManager: Task 0 in stage 0.0 failed 4 times; aborting job
[2026-03-22T22:53:10.063+0000] {spark_submit.py:663} INFO - Traceback (most recent call last):
[2026-03-22T22:53:10.063+0000] {spark_submit.py:663} INFO - File "/opt/spark/scripts/xml_to_kafka.py", line 231, in <module>
[2026-03-22T22:53:10.063+0000] {spark_submit.py:663} INFO - main()
[2026-03-22T22:53:10.063+0000] {spark_submit.py:663} INFO - File "/opt/spark/scripts/xml_to_kafka.py", line 217, in main
[2026-03-22T22:53:10.063+0000] {spark_submit.py:663} INFO - print(f"[DAG1] Publicando {df.count()} mensagens no tópico Kafka '{KAFKA_TOPIC}'...")
[2026-03-22T22:53:10.063+0000] {spark_submit.py:663} INFO - File "/home/***/.local/lib/python3.10/site-packages/pyspark/python/lib/pyspark.zip/pyspark/sql/dataframe.py", line 1240, in count
[2026-03-22T22:53:10.063+0000] {spark_submit.py:663} INFO - File "/home/***/.local/lib/python3.10/site-packages/pyspark/python/lib/py4j-0.10.9.7-src.zip/py4j/java_gateway.py", line 1322, in __call__
[2026-03-22T22:53:10.063+0000] {spark_submit.py:663} INFO - File "/home/***/.local/lib/python3.10/site-packages/pyspark/python/lib/pyspark.zip/pyspark/errors/exceptions/captured.py", line 179, in deco
[2026-03-22T22:53:10.064+0000] {spark_submit.py:663} INFO - File "/home/***/.local/lib/python3.10/site-packages/pyspark/python/lib/py4j-0.10.9.7-src.zip/py4j/protocol.py", line 326, in get_return_value
[2026-03-22T22:53:10.064+0000] {spark_submit.py:663} INFO - py4j.protocol.Py4JJavaError: An error occurred while calling o44.count.
[2026-03-22T22:53:10.064+0000] {spark_submit.py:663} INFO - : org.apache.spark.SparkException: Job aborted due to stage failure: Task 0 in stage 0.0 failed 4 times, most recent failure: Lost task 0.3 in stage 0.0 (TID 5) (172.18.0.10 executor 1): org.apache.spark.api.python.PythonException: Traceback (most recent call last):
[2026-03-22T22:53:10.064+0000] {spark_submit.py:663} INFO - File "/opt/spark/python/lib/pyspark.zip/pyspark/worker.py", line 1100, in main
[2026-03-22T22:53:10.064+0000] {spark_submit.py:663} INFO - raise PySparkRuntimeError(
[2026-03-22T22:53:10.064+0000] {spark_submit.py:663} INFO - pyspark.errors.exceptions.base.PySparkRuntimeError: [PYTHON_VERSION_MISMATCH] Python in worker has different version (3, 8) than that in driver 3.10, PySpark cannot run with different minor versions.
[2026-03-22T22:53:10.064+0000] {spark_submit.py:663} INFO - Please check environment variables PYSPARK_PYTHON and PYSPARK_DRIVER_PYTHON are correctly set.
[2026-03-22T22:53:10.064+0000] {spark_submit.py:663} INFO - 
[2026-03-22T22:53:10.064+0000] {spark_submit.py:663} INFO - at org.apache.spark.api.python.BasePythonRunner$ReaderIterator.handlePythonException(PythonRunner.scala:572)
[2026-03-22T22:53:10.064+0000] {spark_submit.py:663} INFO - at org.apache.spark.api.python.PythonRunner$$anon$3.read(PythonRunner.scala:784)
[2026-03-22T22:53:10.065+0000] {spark_submit.py:663} INFO - at org.apache.spark.api.python.PythonRunner$$anon$3.read(PythonRunner.scala:766)
[2026-03-22T22:53:10.065+0000] {spark_submit.py:663} INFO - at org.apache.spark.api.python.BasePythonRunner$ReaderIterator.hasNext(PythonRunner.scala:525)
[2026-03-22T22:53:10.065+0000] {spark_submit.py:663} INFO - at org.apache.spark.InterruptibleIterator.hasNext(InterruptibleIterator.scala:37)
[2026-03-22T22:53:10.065+0000] {spark_submit.py:663} INFO - at scala.collection.Iterator$$anon$11.hasNext(Iterator.scala:491)
[2026-03-22T22:53:10.065+0000] {spark_submit.py:663} INFO - at scala.collection.Iterator$$anon$10.hasNext(Iterator.scala:460)
[2026-03-22T22:53:10.065+0000] {spark_submit.py:663} INFO - at scala.collection.Iterator$$anon$10.hasNext(Iterator.scala:460)
[2026-03-22T22:53:10.065+0000] {spark_submit.py:663} INFO - at org.apache.spark.sql.catalyst.expressions.GeneratedClass$GeneratedIteratorForCodegenStage1.hashAgg_doAggregateWithoutKey_0$(Unknown Source)
[2026-03-22T22:53:10.066+0000] {spark_submit.py:663} INFO - at org.apache.spark.sql.catalyst.expressions.GeneratedClass$GeneratedIteratorForCodegenStage1.processNext(Unknown Source)
[2026-03-22T22:53:10.066+0000] {spark_submit.py:663} INFO - at org.apache.spark.sql.execution.BufferedRowIterator.hasNext(BufferedRowIterator.java:43)
[2026-03-22T22:53:10.066+0000] {spark_submit.py:663} INFO - at org.apache.spark.sql.execution.WholeStageCodegenEvaluatorFactory$WholeStageCodegenPartitionEvaluator$$anon$1.hasNext(WholeStageCodegenEvaluatorFactory.scala:43)
[2026-03-22T22:53:10.066+0000] {spark_submit.py:663} INFO - at scala.collection.Iterator$$anon$10.hasNext(Iterator.scala:460)
[2026-03-22T22:53:10.066+0000] {spark_submit.py:663} INFO - at org.apache.spark.shuffle.sort.BypassMergeSortShuffleWriter.write(BypassMergeSortShuffleWriter.java:140)
[2026-03-22T22:53:10.066+0000] {spark_submit.py:663} INFO - at org.apache.spark.shuffle.ShuffleWriteProcessor.write(ShuffleWriteProcessor.scala:59)
[2026-03-22T22:53:10.066+0000] {spark_submit.py:663} INFO - at org.apache.spark.scheduler.ShuffleMapTask.runTask(ShuffleMapTask.scala:104)
[2026-03-22T22:53:10.066+0000] {spark_submit.py:663} INFO - at org.apache.spark.scheduler.ShuffleMapTask.runTask(ShuffleMapTask.scala:54)
[2026-03-22T22:53:10.066+0000] {spark_submit.py:663} INFO - at org.apache.spark.TaskContext.runTaskWithListeners(TaskContext.scala:166)
[2026-03-22T22:53:10.066+0000] {spark_submit.py:663} INFO - at org.apache.spark.scheduler.Task.run(Task.scala:141)
[2026-03-22T22:53:10.067+0000] {spark_submit.py:663} INFO - at org.apache.spark.executor.Executor$TaskRunner.$anonfun$run$4(Executor.scala:620)
[2026-03-22T22:53:10.067+0000] {spark_submit.py:663} INFO - at org.apache.spark.util.SparkErrorUtils.tryWithSafeFinally(SparkErrorUtils.scala:64)
[2026-03-22T22:53:10.067+0000] {spark_submit.py:663} INFO - at org.apache.spark.util.SparkErrorUtils.tryWithSafeFinally$(SparkErrorUtils.scala:61)
[2026-03-22T22:53:10.067+0000] {spark_submit.py:663} INFO - at org.apache.spark.util.Utils$.tryWithSafeFinally(Utils.scala:94)
[2026-03-22T22:53:10.067+0000] {spark_submit.py:663} INFO - at org.apache.spark.executor.Executor$TaskRunner.run(Executor.scala:623)
[2026-03-22T22:53:10.067+0000] {spark_submit.py:663} INFO - at java.base/java.util.concurrent.ThreadPoolExecutor.runWorker(Unknown Source)
[2026-03-22T22:53:10.067+0000] {spark_submit.py:663} INFO - at java.base/java.util.concurrent.ThreadPoolExecutor$Worker.run(Unknown Source)
[2026-03-22T22:53:10.067+0000] {spark_submit.py:663} INFO - at java.base/java.lang.Thread.run(Unknown Source)
[2026-03-22T22:53:10.067+0000] {spark_submit.py:663} INFO - 
[2026-03-22T22:53:10.068+0000] {spark_submit.py:663} INFO - Driver stacktrace:
[2026-03-22T22:53:10.068+0000] {spark_submit.py:663} INFO - at org.apache.spark.scheduler.DAGScheduler.failJobAndIndependentStages(DAGScheduler.scala:2856)
[2026-03-22T22:53:10.068+0000] {spark_submit.py:663} INFO - at org.apache.spark.scheduler.DAGScheduler.$anonfun$abortStage$2(DAGScheduler.scala:2792)
[2026-03-22T22:53:10.068+0000] {spark_submit.py:663} INFO - at org.apache.spark.scheduler.DAGScheduler.$anonfun$abortStage$2$adapted(DAGScheduler.scala:2791)
[2026-03-22T22:53:10.068+0000] {spark_submit.py:663} INFO - at scala.collection.mutable.ResizableArray.foreach(ResizableArray.scala:62)
[2026-03-22T22:53:10.068+0000] {spark_submit.py:663} INFO - at scala.collection.mutable.ResizableArray.foreach$(ResizableArray.scala:55)
[2026-03-22T22:53:10.068+0000] {spark_submit.py:663} INFO - at scala.collection.mutable.ArrayBuffer.foreach(ArrayBuffer.scala:49)
[2026-03-22T22:53:10.068+0000] {spark_submit.py:663} INFO - at org.apache.spark.scheduler.DAGScheduler.abortStage(DAGScheduler.scala:2791)
[2026-03-22T22:53:10.068+0000] {spark_submit.py:663} INFO - at org.apache.spark.scheduler.DAGScheduler.$anonfun$handleTaskSetFailed$1(DAGScheduler.scala:1247)
[2026-03-22T22:53:10.069+0000] {spark_submit.py:663} INFO - at org.apache.spark.scheduler.DAGScheduler.$anonfun$handleTaskSetFailed$1$adapted(DAGScheduler.scala:1247)
[2026-03-22T22:53:10.069+0000] {spark_submit.py:663} INFO - at scala.Option.foreach(Option.scala:407)
[2026-03-22T22:53:10.069+0000] {spark_submit.py:663} INFO - at org.apache.spark.scheduler.DAGScheduler.handleTaskSetFailed(DAGScheduler.scala:1247)
[2026-03-22T22:53:10.069+0000] {spark_submit.py:663} INFO - at org.apache.spark.scheduler.DAGSchedulerEventProcessLoop.doOnReceive(DAGScheduler.scala:3060)
[2026-03-22T22:53:10.069+0000] {spark_submit.py:663} INFO - at org.apache.spark.scheduler.DAGSchedulerEventProcessLoop.onReceive(DAGScheduler.scala:2994)
[2026-03-22T22:53:10.069+0000] {spark_submit.py:663} INFO - at org.apache.spark.scheduler.DAGSchedulerEventProcessLoop.onReceive(DAGScheduler.scala:2983)
[2026-03-22T22:53:10.069+0000] {spark_submit.py:663} INFO - at org.apache.spark.util.EventLoop$$anon$1.run(EventLoop.scala:49)
[2026-03-22T22:53:10.069+0000] {spark_submit.py:663} INFO - Caused by: org.apache.spark.api.python.PythonException: Traceback (most recent call last):
[2026-03-22T22:53:10.069+0000] {spark_submit.py:663} INFO - File "/opt/spark/python/lib/pyspark.zip/pyspark/worker.py", line 1100, in main
[2026-03-22T22:53:10.070+0000] {spark_submit.py:663} INFO - raise PySparkRuntimeError(
[2026-03-22T22:53:10.070+0000] {spark_submit.py:663} INFO - pyspark.errors.exceptions.base.PySparkRuntimeError: [PYTHON_VERSION_MISMATCH] Python in worker has different version (3, 8) than that in driver 3.10, PySpark cannot run with different minor versions.
[2026-03-22T22:53:10.070+0000] {spark_submit.py:663} INFO - Please check environment variables PYSPARK_PYTHON and PYSPARK_DRIVER_PYTHON are correctly set.
[2026-03-22T22:53:10.070+0000] {spark_submit.py:663} INFO - 
[2026-03-22T22:53:10.070+0000] {spark_submit.py:663} INFO - at org.apache.spark.api.python.BasePythonRunner$ReaderIterator.handlePythonException(PythonRunner.scala:572)
[2026-03-22T22:53:10.070+0000] {spark_submit.py:663} INFO - at org.apache.spark.api.python.PythonRunner$$anon$3.read(PythonRunner.scala:784)
[2026-03-22T22:53:10.070+0000] {spark_submit.py:663} INFO - at org.apache.spark.api.python.PythonRunner$$anon$3.read(PythonRunner.scala:766)
[2026-03-22T22:53:10.070+0000] {spark_submit.py:663} INFO - at org.apache.spark.api.python.BasePythonRunner$ReaderIterator.hasNext(PythonRunner.scala:525)
[2026-03-22T22:53:10.071+0000] {spark_submit.py:663} INFO - at org.apache.spark.InterruptibleIterator.hasNext(InterruptibleIterator.scala:37)
[2026-03-22T22:53:10.071+0000] {spark_submit.py:663} INFO - at scala.collection.Iterator$$anon$11.hasNext(Iterator.scala:491)
[2026-03-22T22:53:10.071+0000] {spark_submit.py:663} INFO - at scala.collection.Iterator$$anon$10.hasNext(Iterator.scala:460)
[2026-03-22T22:53:10.071+0000] {spark_submit.py:663} INFO - at scala.collection.Iterator$$anon$10.hasNext(Iterator.scala:460)
[2026-03-22T22:53:10.071+0000] {spark_submit.py:663} INFO - at org.apache.spark.sql.catalyst.expressions.GeneratedClass$GeneratedIteratorForCodegenStage1.hashAgg_doAggregateWithoutKey_0$(Unknown Source)
[2026-03-22T22:53:10.071+0000] {spark_submit.py:663} INFO - at org.apache.spark.sql.catalyst.expressions.GeneratedClass$GeneratedIteratorForCodegenStage1.processNext(Unknown Source)
[2026-03-22T22:53:10.071+0000] {spark_submit.py:663} INFO - at org.apache.spark.sql.execution.BufferedRowIterator.hasNext(BufferedRowIterator.java:43)
[2026-03-22T22:53:10.071+0000] {spark_submit.py:663} INFO - at org.apache.spark.sql.execution.WholeStageCodegenEvaluatorFactory$WholeStageCodegenPartitionEvaluator$$anon$1.hasNext(WholeStageCodegenEvaluatorFactory.scala:43)
[2026-03-22T22:53:10.071+0000] {spark_submit.py:663} INFO - at scala.collection.Iterator$$anon$10.hasNext(Iterator.scala:460)
[2026-03-22T22:53:10.072+0000] {spark_submit.py:663} INFO - at org.apache.spark.shuffle.sort.BypassMergeSortShuffleWriter.write(BypassMergeSortShuffleWriter.java:140)
[2026-03-22T22:53:10.072+0000] {spark_submit.py:663} INFO - at org.apache.spark.shuffle.ShuffleWriteProcessor.write(ShuffleWriteProcessor.scala:59)
[2026-03-22T22:53:10.072+0000] {spark_submit.py:663} INFO - at org.apache.spark.scheduler.ShuffleMapTask.runTask(ShuffleMapTask.scala:104)
[2026-03-22T22:53:10.072+0000] {spark_submit.py:663} INFO - at org.apache.spark.scheduler.ShuffleMapTask.runTask(ShuffleMapTask.scala:54)
[2026-03-22T22:53:10.072+0000] {spark_submit.py:663} INFO - at org.apache.spark.TaskContext.runTaskWithListeners(TaskContext.scala:166)
[2026-03-22T22:53:10.072+0000] {spark_submit.py:663} INFO - at org.apache.spark.scheduler.Task.run(Task.scala:141)
[2026-03-22T22:53:10.072+0000] {spark_submit.py:663} INFO - at org.apache.spark.executor.Executor$TaskRunner.$anonfun$run$4(Executor.scala:620)
[2026-03-22T22:53:10.072+0000] {spark_submit.py:663} INFO - at org.apache.spark.util.SparkErrorUtils.tryWithSafeFinally(SparkErrorUtils.scala:64)
[2026-03-22T22:53:10.072+0000] {spark_submit.py:663} INFO - at org.apache.spark.util.SparkErrorUtils.tryWithSafeFinally$(SparkErrorUtils.scala:61)
[2026-03-22T22:53:10.072+0000] {spark_submit.py:663} INFO - at org.apache.spark.util.Utils$.tryWithSafeFinally(Utils.scala:94)
[2026-03-22T22:53:10.073+0000] {spark_submit.py:663} INFO - at org.apache.spark.executor.Executor$TaskRunner.run(Executor.scala:623)
[2026-03-22T22:53:10.073+0000] {spark_submit.py:663} INFO - at java.base/java.util.concurrent.ThreadPoolExecutor.runWorker(Unknown Source)
[2026-03-22T22:53:10.073+0000] {spark_submit.py:663} INFO - at java.base/java.util.concurrent.ThreadPoolExecutor$Worker.run(Unknown Source)
[2026-03-22T22:53:10.073+0000] {spark_submit.py:663} INFO - at java.base/java.lang.Thread.run(Unknown Source)
[2026-03-22T22:53:10.073+0000] {spark_submit.py:663} INFO - 
[2026-03-22T22:53:10.245+0000] {taskinstance.py:3337} ERROR - Task failed with exception
Traceback (most recent call last):
  File "/home/airflow/.local/lib/python3.10/site-packages/airflow/models/taskinstance.py", line 776, in _execute_task
    result = _execute_callable(context=context, **execute_callable_kwargs)
  File "/home/airflow/.local/lib/python3.10/site-packages/airflow/models/taskinstance.py", line 742, in _execute_callable
    return ExecutionCallableRunner(
  File "/home/airflow/.local/lib/python3.10/site-packages/airflow/utils/operator_helpers.py", line 252, in run
    return self.func(*args, **kwargs)
  File "/home/airflow/.local/lib/python3.10/site-packages/airflow/models/baseoperator.py", line 425, in wrapper
    return func(self, *args, **kwargs)
  File "/home/airflow/.local/lib/python3.10/site-packages/airflow/providers/apache/spark/operators/spark_submit.py", line 194, in execute
    self._hook.submit(self.application)
  File "/home/airflow/.local/lib/python3.10/site-packages/airflow/providers/apache/spark/hooks/spark_submit.py", line 585, in submit
    raise AirflowException(
airflow.exceptions.AirflowException: Cannot execute: spark-submit --master spark://spark-master:7077 --conf spark.master=spark://spark-master:7077 --conf spark.jars=/opt/spark/user-jars/spark-xml_2.12-0.18.0.jar,/opt/spark/user-jars/spark-sql-kafka-0-10_2.12-3.5.2.jar,/opt/spark/user-jars/kafka-clients-3.5.2.jar,/opt/spark/user-jars/spark-token-provider-kafka-0-10_2.12-3.5.2.jar,/opt/spark/user-jars/commons-pool2-2.12.0.jar --name arrow-spark --verbose /opt/spark/scripts/xml_to_kafka.py. Error code is: 1.
[2026-03-22T22:53:10.250+0000] {taskinstance.py:1242} INFO - Marking task as UP_FOR_RETRY. dag_id=dag_xml_to_kafka, task_id=spark_xml_to_kafka, run_id=scheduled__2026-03-22T22:40:00+00:00, execution_date=20260322T224000, start_date=20260322T225255, end_date=20260322T225310
[2026-03-22T22:53:10.269+0000] {taskinstance.py:349} INFO - ::group::Post task execution logs
[2026-03-22T22:53:10.269+0000] {standard_task_runner.py:124} ERROR - Failed to execute job 25 for task spark_xml_to_kafka (Cannot execute: spark-submit --master spark://spark-master:7077 --conf spark.master=spark://spark-master:7077 --conf spark.jars=/opt/spark/user-jars/spark-xml_2.12-0.18.0.jar,/opt/spark/user-jars/spark-sql-kafka-0-10_2.12-3.5.2.jar,/opt/spark/user-jars/kafka-clients-3.5.2.jar,/opt/spark/user-jars/spark-token-provider-kafka-0-10_2.12-3.5.2.jar,/opt/spark/user-jars/commons-pool2-2.12.0.jar --name arrow-spark --verbose /opt/spark/scripts/xml_to_kafka.py. Error code is: 1.; 180)
Traceback (most recent call last):
  File "/home/airflow/.local/lib/python3.10/site-packages/airflow/task/task_runner/standard_task_runner.py", line 117, in _start_by_fork
    ret = args.func(args, dag=self.dag)
  File "/home/airflow/.local/lib/python3.10/site-packages/airflow/cli/cli_config.py", line 49, in command
    return func(*args, **kwargs)
  File "/home/airflow/.local/lib/python3.10/site-packages/airflow/utils/cli.py", line 116, in wrapper
    return f(*args, **kwargs)
  File "/home/airflow/.local/lib/python3.10/site-packages/airflow/cli/commands/task_command.py", line 483, in task_run
    task_return_code = _run_task_by_selected_method(args, _dag, ti)
  File "/home/airflow/.local/lib/python3.10/site-packages/airflow/cli/commands/task_command.py", line 256, in _run_task_by_selected_method
    return _run_raw_task(args, ti)
  File "/home/airflow/.local/lib/python3.10/site-packages/airflow/cli/commands/task_command.py", line 341, in _run_raw_task
    return ti._run_raw_task(
  File "/home/airflow/.local/lib/python3.10/site-packages/airflow/utils/session.py", line 97, in wrapper
    return func(*args, session=session, **kwargs)
  File "/home/airflow/.local/lib/python3.10/site-packages/airflow/models/taskinstance.py", line 3030, in _run_raw_task
    return _run_raw_task(
  File "/home/airflow/.local/lib/python3.10/site-packages/airflow/models/taskinstance.py", line 282, in _run_raw_task
    TaskInstance._execute_task_with_callbacks(
  File "/home/airflow/.local/lib/python3.10/site-packages/airflow/models/taskinstance.py", line 3185, in _execute_task_with_callbacks
    result = self._execute_task(context, task_orig)
  File "/home/airflow/.local/lib/python3.10/site-packages/airflow/models/taskinstance.py", line 3209, in _execute_task
    return _execute_task(self, context, task_orig)
  File "/home/airflow/.local/lib/python3.10/site-packages/airflow/models/taskinstance.py", line 776, in _execute_task
    result = _execute_callable(context=context, **execute_callable_kwargs)
  File "/home/airflow/.local/lib/python3.10/site-packages/airflow/models/taskinstance.py", line 742, in _execute_callable
    return ExecutionCallableRunner(
  File "/home/airflow/.local/lib/python3.10/site-packages/airflow/utils/operator_helpers.py", line 252, in run
    return self.func(*args, **kwargs)
  File "/home/airflow/.local/lib/python3.10/site-packages/airflow/models/baseoperator.py", line 425, in wrapper
    return func(self, *args, **kwargs)
  File "/home/airflow/.local/lib/python3.10/site-packages/airflow/providers/apache/spark/operators/spark_submit.py", line 194, in execute
    self._hook.submit(self.application)
  File "/home/airflow/.local/lib/python3.10/site-packages/airflow/providers/apache/spark/hooks/spark_submit.py", line 585, in submit
    raise AirflowException(
airflow.exceptions.AirflowException: Cannot execute: spark-submit --master spark://spark-master:7077 --conf spark.master=spark://spark-master:7077 --conf spark.jars=/opt/spark/user-jars/spark-xml_2.12-0.18.0.jar,/opt/spark/user-jars/spark-sql-kafka-0-10_2.12-3.5.2.jar,/opt/spark/user-jars/kafka-clients-3.5.2.jar,/opt/spark/user-jars/spark-token-provider-kafka-0-10_2.12-3.5.2.jar,/opt/spark/user-jars/commons-pool2-2.12.0.jar --name arrow-spark --verbose /opt/spark/scripts/xml_to_kafka.py. Error code is: 1.
[2026-03-22T22:53:10.274+0000] {local_task_job_runner.py:266} INFO - Task exited with return code 1
[2026-03-22T22:53:10.285+0000] {taskinstance.py:3925} INFO - 0 downstream tasks scheduled from follow-on schedule check
[2026-03-22T22:53:10.287+0000] {local_task_job_runner.py:245} INFO - ::endgroup::
[2026-03-22T22:56:39.539+0000] {local_task_job_runner.py:123} INFO - ::group::Pre task execution logs
[2026-03-22T22:56:39.556+0000] {taskinstance.py:2632} INFO - Dependencies all met for dep_context=non-requeueable deps ti=<TaskInstance: dag_xml_to_kafka.spark_xml_to_kafka scheduled__2026-03-22T22:40:00+00:00 [queued]>
[2026-03-22T22:56:39.562+0000] {taskinstance.py:2632} INFO - Dependencies all met for dep_context=requeueable deps ti=<TaskInstance: dag_xml_to_kafka.spark_xml_to_kafka scheduled__2026-03-22T22:40:00+00:00 [queued]>
[2026-03-22T22:56:39.562+0000] {taskinstance.py:2885} INFO - Starting attempt 1 of 2
[2026-03-22T22:56:39.574+0000] {taskinstance.py:2908} INFO - Executing <Task(SparkSubmitOperator): spark_xml_to_kafka> on 2026-03-22 22:40:00+00:00
[2026-03-22T22:56:39.579+0000] {standard_task_runner.py:72} INFO - Started process 177 to run task
[2026-03-22T22:56:39.582+0000] {standard_task_runner.py:104} INFO - Running: ['***', 'tasks', 'run', 'dag_xml_to_kafka', 'spark_xml_to_kafka', 'scheduled__2026-03-22T22:40:00+00:00', '--job-id', '2', '--raw', '--subdir', 'DAGS_FOLDER/dag_xml_to_kafka.py', '--cfg-path', '/tmp/tmp1_hwycp3']
[2026-03-22T22:56:39.584+0000] {standard_task_runner.py:105} INFO - Job 2: Subtask spark_xml_to_kafka
[2026-03-22T22:56:39.624+0000] {task_command.py:467} INFO - Running <TaskInstance: dag_xml_to_kafka.spark_xml_to_kafka scheduled__2026-03-22T22:40:00+00:00 [running]> on host a0fa30331a96
[2026-03-22T22:56:39.710+0000] {taskinstance.py:3158} INFO - Exporting env vars: AIRFLOW_CTX_DAG_OWNER='engenheiro_dados' AIRFLOW_CTX_DAG_ID='dag_xml_to_kafka' AIRFLOW_CTX_TASK_ID='spark_xml_to_kafka' AIRFLOW_CTX_EXECUTION_DATE='2026-03-22T22:40:00+00:00' AIRFLOW_CTX_TRY_NUMBER='1' AIRFLOW_CTX_DAG_RUN_ID='scheduled__2026-03-22T22:40:00+00:00'
[2026-03-22T22:56:39.711+0000] {taskinstance.py:740} INFO - ::endgroup::
[2026-03-22T22:56:39.746+0000] {base.py:84} INFO - Retrieving connection 'spark_default'
[2026-03-22T22:56:39.748+0000] {spark_submit.py:493} INFO - Spark-Submit cmd: spark-submit --master spark://spark-master:7077 --conf spark.master=spark://spark-master:7077 --conf spark.jars=/opt/spark/user-jars/spark-xml_2.12-0.18.0.jar,/opt/spark/user-jars/spark-sql-kafka-0-10_2.12-3.5.2.jar,/opt/spark/user-jars/kafka-clients-3.5.2.jar,/opt/spark/user-jars/spark-token-provider-kafka-0-10_2.12-3.5.2.jar,/opt/spark/user-jars/commons-pool2-2.12.0.jar --name arrow-spark --verbose /opt/spark/scripts/xml_to_kafka.py
[2026-03-22T22:56:39.839+0000] {spark_submit.py:663} INFO - /home/***/.local/lib/python3.10/site-packages/pyspark/bin/load-spark-env.sh: line 68: ps: command not found
[2026-03-22T22:56:40.818+0000] {spark_submit.py:663} INFO - Using properties file: null
[2026-03-22T22:56:40.898+0000] {spark_submit.py:663} INFO - Parsed arguments:
[2026-03-22T22:56:40.898+0000] {spark_submit.py:663} INFO - master                  spark://spark-master:7077
[2026-03-22T22:56:40.898+0000] {spark_submit.py:663} INFO - remote                  null
[2026-03-22T22:56:40.898+0000] {spark_submit.py:663} INFO - deployMode              null
[2026-03-22T22:56:40.898+0000] {spark_submit.py:663} INFO - executorMemory          null
[2026-03-22T22:56:40.898+0000] {spark_submit.py:663} INFO - executorCores           null
[2026-03-22T22:56:40.898+0000] {spark_submit.py:663} INFO - totalExecutorCores      null
[2026-03-22T22:56:40.899+0000] {spark_submit.py:663} INFO - propertiesFile          null
[2026-03-22T22:56:40.899+0000] {spark_submit.py:663} INFO - driverMemory            null
[2026-03-22T22:56:40.899+0000] {spark_submit.py:663} INFO - driverCores             null
[2026-03-22T22:56:40.899+0000] {spark_submit.py:663} INFO - driverExtraClassPath    null
[2026-03-22T22:56:40.899+0000] {spark_submit.py:663} INFO - driverExtraLibraryPath  null
[2026-03-22T22:56:40.899+0000] {spark_submit.py:663} INFO - driverExtraJavaOptions  null
[2026-03-22T22:56:40.899+0000] {spark_submit.py:663} INFO - supervise               false
[2026-03-22T22:56:40.899+0000] {spark_submit.py:663} INFO - queue                   null
[2026-03-22T22:56:40.899+0000] {spark_submit.py:663} INFO - numExecutors            null
[2026-03-22T22:56:40.899+0000] {spark_submit.py:663} INFO - files                   null
[2026-03-22T22:56:40.899+0000] {spark_submit.py:663} INFO - pyFiles                 null
[2026-03-22T22:56:40.900+0000] {spark_submit.py:663} INFO - archives                null
[2026-03-22T22:56:40.900+0000] {spark_submit.py:663} INFO - mainClass               null
[2026-03-22T22:56:40.900+0000] {spark_submit.py:663} INFO - primaryResource         file:/opt/spark/scripts/xml_to_kafka.py
[2026-03-22T22:56:40.900+0000] {spark_submit.py:663} INFO - name                    arrow-spark
[2026-03-22T22:56:40.900+0000] {spark_submit.py:663} INFO - childArgs               []
[2026-03-22T22:56:40.900+0000] {spark_submit.py:663} INFO - jars                    /opt/spark/user-jars/spark-xml_2.12-0.18.0.jar,/opt/spark/user-jars/spark-sql-kafka-0-10_2.12-3.5.2.jar,/opt/spark/user-jars/kafka-clients-3.5.2.jar,/opt/spark/user-jars/spark-token-provider-kafka-0-10_2.12-3.5.2.jar,/opt/spark/user-jars/commons-pool2-2.12.0.jar
[2026-03-22T22:56:40.900+0000] {spark_submit.py:663} INFO - packages                null
[2026-03-22T22:56:40.900+0000] {spark_submit.py:663} INFO - packagesExclusions      null
[2026-03-22T22:56:40.900+0000] {spark_submit.py:663} INFO - repositories            null
[2026-03-22T22:56:40.900+0000] {spark_submit.py:663} INFO - verbose                 true
[2026-03-22T22:56:40.900+0000] {spark_submit.py:663} INFO - 
[2026-03-22T22:56:40.901+0000] {spark_submit.py:663} INFO - Spark properties used, including those specified through
[2026-03-22T22:56:40.901+0000] {spark_submit.py:663} INFO - --conf and those from the properties file null:
[2026-03-22T22:56:40.901+0000] {spark_submit.py:663} INFO - (spark.jars,*********(redacted))
[2026-03-22T22:56:40.901+0000] {spark_submit.py:663} INFO - (spark.master,spark://spark-master:7077)
[2026-03-22T22:56:40.901+0000] {spark_submit.py:663} INFO - 
[2026-03-22T22:56:40.901+0000] {spark_submit.py:663} INFO - 
[2026-03-22T22:56:41.103+0000] {spark_submit.py:663} INFO - 26/03/22 22:56:41 WARN NativeCodeLoader: Unable to load native-hadoop library for your platform... using builtin-java classes where applicable
[2026-03-22T22:56:41.230+0000] {spark_submit.py:663} INFO - Main class:
[2026-03-22T22:56:41.230+0000] {spark_submit.py:663} INFO - org.apache.spark.deploy.PythonRunner
[2026-03-22T22:56:41.230+0000] {spark_submit.py:663} INFO - Arguments:
[2026-03-22T22:56:41.230+0000] {spark_submit.py:663} INFO - file:/opt/spark/scripts/xml_to_kafka.py
[2026-03-22T22:56:41.230+0000] {spark_submit.py:663} INFO - null
[2026-03-22T22:56:41.232+0000] {spark_submit.py:663} INFO - Spark config:
[2026-03-22T22:56:41.232+0000] {spark_submit.py:663} INFO - (spark.app.name,arrow-spark)
[2026-03-22T22:56:41.232+0000] {spark_submit.py:663} INFO - (spark.app.submitTime,1774220201214)
[2026-03-22T22:56:41.232+0000] {spark_submit.py:663} INFO - (spark.jars,*********(redacted))
[2026-03-22T22:56:41.232+0000] {spark_submit.py:663} INFO - (spark.master,spark://spark-master:7077)
[2026-03-22T22:56:41.232+0000] {spark_submit.py:663} INFO - (spark.repl.local.jars,*********(redacted))
[2026-03-22T22:56:41.232+0000] {spark_submit.py:663} INFO - (spark.submit.deployMode,client)
[2026-03-22T22:56:41.233+0000] {spark_submit.py:663} INFO - (spark.submit.pyFiles,)
[2026-03-22T22:56:41.233+0000] {spark_submit.py:663} INFO - Classpath elements:
[2026-03-22T22:56:41.233+0000] {spark_submit.py:663} INFO - file:///opt/spark/user-jars/spark-xml_2.12-0.18.0.jar
[2026-03-22T22:56:41.233+0000] {spark_submit.py:663} INFO - file:///opt/spark/user-jars/spark-sql-kafka-0-10_2.12-3.5.2.jar
[2026-03-22T22:56:41.233+0000] {spark_submit.py:663} INFO - file:///opt/spark/user-jars/kafka-clients-3.5.2.jar
[2026-03-22T22:56:41.233+0000] {spark_submit.py:663} INFO - file:///opt/spark/user-jars/spark-token-provider-kafka-0-10_2.12-3.5.2.jar
[2026-03-22T22:56:41.233+0000] {spark_submit.py:663} INFO - file:///opt/spark/user-jars/commons-pool2-2.12.0.jar
[2026-03-22T22:56:41.234+0000] {spark_submit.py:663} INFO - 
[2026-03-22T22:56:41.234+0000] {spark_submit.py:663} INFO - 
[2026-03-22T22:56:42.089+0000] {spark_submit.py:663} INFO - 26/03/22 22:56:42 INFO SparkContext: Running Spark version 3.5.2
[2026-03-22T22:56:42.089+0000] {spark_submit.py:663} INFO - 26/03/22 22:56:42 INFO SparkContext: OS info Linux, 6.19.7-1-cachyos, amd64
[2026-03-22T22:56:42.089+0000] {spark_submit.py:663} INFO - 26/03/22 22:56:42 INFO SparkContext: Java version 17.0.18
[2026-03-22T22:56:42.111+0000] {spark_submit.py:663} INFO - 26/03/22 22:56:42 INFO ResourceUtils: ==============================================================
[2026-03-22T22:56:42.111+0000] {spark_submit.py:663} INFO - 26/03/22 22:56:42 INFO ResourceUtils: No custom resources configured for spark.driver.
[2026-03-22T22:56:42.111+0000] {spark_submit.py:663} INFO - 26/03/22 22:56:42 INFO ResourceUtils: ==============================================================
[2026-03-22T22:56:42.112+0000] {spark_submit.py:663} INFO - 26/03/22 22:56:42 INFO SparkContext: Submitted application: DAG1_XML_to_Kafka
[2026-03-22T22:56:42.128+0000] {spark_submit.py:663} INFO - 26/03/22 22:56:42 INFO ResourceProfile: Default ResourceProfile created, executor resources: Map(memory -> name: memory, amount: 1024, script: , vendor: , offHeap -> name: offHeap, amount: 0, script: , vendor: ), task resources: Map(cpus -> name: cpus, amount: 1.0)
[2026-03-22T22:56:42.136+0000] {spark_submit.py:663} INFO - 26/03/22 22:56:42 INFO ResourceProfile: Limiting resource is cpu
[2026-03-22T22:56:42.136+0000] {spark_submit.py:663} INFO - 26/03/22 22:56:42 INFO ResourceProfileManager: Added ResourceProfile id: 0
[2026-03-22T22:56:42.178+0000] {spark_submit.py:663} INFO - 26/03/22 22:56:42 INFO SecurityManager: Changing view acls to: ***
[2026-03-22T22:56:42.178+0000] {spark_submit.py:663} INFO - 26/03/22 22:56:42 INFO SecurityManager: Changing modify acls to: ***
[2026-03-22T22:56:42.179+0000] {spark_submit.py:663} INFO - 26/03/22 22:56:42 INFO SecurityManager: Changing view acls groups to:
[2026-03-22T22:56:42.179+0000] {spark_submit.py:663} INFO - 26/03/22 22:56:42 INFO SecurityManager: Changing modify acls groups to:
[2026-03-22T22:56:42.179+0000] {spark_submit.py:663} INFO - 26/03/22 22:56:42 INFO SecurityManager: SecurityManager: authentication disabled; ui acls disabled; users with view permissions: ***; groups with view permissions: EMPTY; users with modify permissions: ***; groups with modify permissions: EMPTY
[2026-03-22T22:56:42.344+0000] {spark_submit.py:663} INFO - 26/03/22 22:56:42 INFO Utils: Successfully started service 'sparkDriver' on port 33293.
[2026-03-22T22:56:42.368+0000] {spark_submit.py:663} INFO - 26/03/22 22:56:42 INFO SparkEnv: Registering MapOutputTracker
[2026-03-22T22:56:42.399+0000] {spark_submit.py:663} INFO - 26/03/22 22:56:42 INFO SparkEnv: Registering BlockManagerMaster
[2026-03-22T22:56:42.412+0000] {spark_submit.py:663} INFO - 26/03/22 22:56:42 INFO BlockManagerMasterEndpoint: Using org.apache.spark.storage.DefaultTopologyMapper for getting topology information
[2026-03-22T22:56:42.413+0000] {spark_submit.py:663} INFO - 26/03/22 22:56:42 INFO BlockManagerMasterEndpoint: BlockManagerMasterEndpoint up
[2026-03-22T22:56:42.416+0000] {spark_submit.py:663} INFO - 26/03/22 22:56:42 INFO SparkEnv: Registering BlockManagerMasterHeartbeat
[2026-03-22T22:56:42.432+0000] {spark_submit.py:663} INFO - 26/03/22 22:56:42 INFO DiskBlockManager: Created local directory at /tmp/blockmgr-9950ef80-8488-4138-8e02-a8409083ebdc
[2026-03-22T22:56:42.443+0000] {spark_submit.py:663} INFO - 26/03/22 22:56:42 INFO MemoryStore: MemoryStore started with capacity 434.4 MiB
[2026-03-22T22:56:42.457+0000] {spark_submit.py:663} INFO - 26/03/22 22:56:42 INFO SparkEnv: Registering OutputCommitCoordinator
[2026-03-22T22:56:42.577+0000] {spark_submit.py:663} INFO - 26/03/22 22:56:42 INFO JettyUtils: Start Jetty 0.0.0.0:4040 for SparkUI
[2026-03-22T22:56:42.633+0000] {spark_submit.py:663} INFO - 26/03/22 22:56:42 INFO Utils: Successfully started service 'SparkUI' on port 4040.
[2026-03-22T22:56:42.668+0000] {spark_submit.py:663} INFO - 26/03/22 22:56:42 INFO SparkContext: Added JAR file:///opt/spark/user-jars/spark-xml_2.12-0.18.0.jar at spark://a0fa30331a96:33293/jars/spark-xml_2.12-0.18.0.jar with timestamp 1774220202083
[2026-03-22T22:56:42.668+0000] {spark_submit.py:663} INFO - 26/03/22 22:56:42 INFO SparkContext: Added JAR file:///opt/spark/user-jars/spark-sql-kafka-0-10_2.12-3.5.2.jar at spark://a0fa30331a96:33293/jars/spark-sql-kafka-0-10_2.12-3.5.2.jar with timestamp 1774220202083
[2026-03-22T22:56:42.668+0000] {spark_submit.py:663} INFO - 26/03/22 22:56:42 INFO SparkContext: Added JAR file:///opt/spark/user-jars/kafka-clients-3.5.2.jar at spark://a0fa30331a96:33293/jars/kafka-clients-3.5.2.jar with timestamp 1774220202083
[2026-03-22T22:56:42.669+0000] {spark_submit.py:663} INFO - 26/03/22 22:56:42 INFO SparkContext: Added JAR file:///opt/spark/user-jars/spark-token-provider-kafka-0-10_2.12-3.5.2.jar at spark://a0fa30331a96:33293/jars/spark-token-provider-kafka-0-10_2.12-3.5.2.jar with timestamp 1774220202083
[2026-03-22T22:56:42.669+0000] {spark_submit.py:663} INFO - 26/03/22 22:56:42 INFO SparkContext: Added JAR file:///opt/spark/user-jars/commons-pool2-2.12.0.jar at spark://a0fa30331a96:33293/jars/commons-pool2-2.12.0.jar with timestamp 1774220202083
[2026-03-22T22:56:42.725+0000] {spark_submit.py:663} INFO - 26/03/22 22:56:42 INFO StandaloneAppClient$ClientEndpoint: Connecting to master spark://spark-master:7077...
[2026-03-22T22:56:42.759+0000] {spark_submit.py:663} INFO - 26/03/22 22:56:42 INFO TransportClientFactory: Successfully created connection to spark-master/172.18.0.4:7077 after 18 ms (0 ms spent in bootstraps)
[2026-03-22T22:56:42.873+0000] {spark_submit.py:663} INFO - 26/03/22 22:56:42 INFO StandaloneSchedulerBackend: Connected to Spark cluster with app ID app-20260322225642-0000
[2026-03-22T22:56:42.879+0000] {spark_submit.py:663} INFO - 26/03/22 22:56:42 INFO Utils: Successfully started service 'org.apache.spark.network.netty.NettyBlockTransferService' on port 44241.
[2026-03-22T22:56:42.880+0000] {spark_submit.py:663} INFO - 26/03/22 22:56:42 INFO NettyBlockTransferService: Server created on a0fa30331a96:44241
[2026-03-22T22:56:42.881+0000] {spark_submit.py:663} INFO - 26/03/22 22:56:42 INFO BlockManager: Using org.apache.spark.storage.RandomBlockReplicationPolicy for block replication policy
[2026-03-22T22:56:42.887+0000] {spark_submit.py:663} INFO - 26/03/22 22:56:42 INFO BlockManagerMaster: Registering BlockManager BlockManagerId(driver, a0fa30331a96, 44241, None)
[2026-03-22T22:56:42.890+0000] {spark_submit.py:663} INFO - 26/03/22 22:56:42 INFO BlockManagerMasterEndpoint: Registering block manager a0fa30331a96:44241 with 434.4 MiB RAM, BlockManagerId(driver, a0fa30331a96, 44241, None)
[2026-03-22T22:56:42.893+0000] {spark_submit.py:663} INFO - 26/03/22 22:56:42 INFO BlockManagerMaster: Registered BlockManager BlockManagerId(driver, a0fa30331a96, 44241, None)
[2026-03-22T22:56:42.894+0000] {spark_submit.py:663} INFO - 26/03/22 22:56:42 INFO BlockManager: Initialized BlockManager: BlockManagerId(driver, a0fa30331a96, 44241, None)
[2026-03-22T22:56:42.894+0000] {spark_submit.py:663} INFO - 26/03/22 22:56:42 INFO StandaloneAppClient$ClientEndpoint: Executor added: app-20260322225642-0000/0 on worker-20260322225633-172.18.0.11-43345 (172.18.0.11:43345) with 1 core(s)
[2026-03-22T22:56:42.898+0000] {spark_submit.py:663} INFO - 26/03/22 22:56:42 INFO StandaloneSchedulerBackend: Granted executor ID app-20260322225642-0000/0 on hostPort 172.18.0.11:43345 with 1 core(s), 1024.0 MiB RAM
[2026-03-22T22:56:42.898+0000] {spark_submit.py:663} INFO - 26/03/22 22:56:42 INFO StandaloneAppClient$ClientEndpoint: Executor added: app-20260322225642-0000/1 on worker-20260322225633-172.18.0.10-46063 (172.18.0.10:46063) with 1 core(s)
[2026-03-22T22:56:42.898+0000] {spark_submit.py:663} INFO - 26/03/22 22:56:42 INFO StandaloneSchedulerBackend: Granted executor ID app-20260322225642-0000/1 on hostPort 172.18.0.10:46063 with 1 core(s), 1024.0 MiB RAM
[2026-03-22T22:56:42.898+0000] {spark_submit.py:663} INFO - 26/03/22 22:56:42 INFO StandaloneAppClient$ClientEndpoint: Executor added: app-20260322225642-0000/2 on worker-20260322225633-172.18.0.12-33099 (172.18.0.12:33099) with 1 core(s)
[2026-03-22T22:56:42.899+0000] {spark_submit.py:663} INFO - 26/03/22 22:56:42 INFO StandaloneSchedulerBackend: Granted executor ID app-20260322225642-0000/2 on hostPort 172.18.0.12:33099 with 1 core(s), 1024.0 MiB RAM
[2026-03-22T22:56:43.066+0000] {spark_submit.py:663} INFO - 26/03/22 22:56:43 INFO StandaloneAppClient$ClientEndpoint: Executor updated: app-20260322225642-0000/0 is now RUNNING
[2026-03-22T22:56:43.067+0000] {spark_submit.py:663} INFO - 26/03/22 22:56:43 INFO StandaloneAppClient$ClientEndpoint: Executor updated: app-20260322225642-0000/2 is now RUNNING
[2026-03-22T22:56:43.081+0000] {spark_submit.py:663} INFO - 26/03/22 22:56:43 INFO StandaloneAppClient$ClientEndpoint: Executor updated: app-20260322225642-0000/1 is now RUNNING
[2026-03-22T22:56:43.136+0000] {spark_submit.py:663} INFO - 26/03/22 22:56:43 INFO StandaloneSchedulerBackend: SchedulerBackend is ready for scheduling beginning after reached minRegisteredResourcesRatio: 0.0
[2026-03-22T22:56:43.368+0000] {spark_submit.py:663} INFO - [DAG1] Encontrados 100 arquivos XML para processar.
[2026-03-22T22:56:43.369+0000] {spark_submit.py:663} INFO - [DAG1] Parseado: /opt/spark/xmls/nfe_001.xml -> chNFe=51210107698153000101...
[2026-03-22T22:56:43.369+0000] {spark_submit.py:663} INFO - [DAG1] Parseado: /opt/spark/xmls/nfe_002.xml -> chNFe=26201272569843000114...
[2026-03-22T22:56:43.369+0000] {spark_submit.py:663} INFO - [DAG1] Parseado: /opt/spark/xmls/nfe_003.xml -> chNFe=27240358367192000159...
[2026-03-22T22:56:43.370+0000] {spark_submit.py:663} INFO - [DAG1] Parseado: /opt/spark/xmls/nfe_004.xml -> chNFe=11240353716094000166...
[2026-03-22T22:56:43.371+0000] {spark_submit.py:663} INFO - [DAG1] Parseado: /opt/spark/xmls/nfe_005.xml -> chNFe=42190357349802000129...
[2026-03-22T22:56:43.371+0000] {spark_submit.py:663} INFO - [DAG1] Parseado: /opt/spark/xmls/nfe_006.xml -> chNFe=32221129573406000145...
[2026-03-22T22:56:43.372+0000] {spark_submit.py:663} INFO - [DAG1] Parseado: /opt/spark/xmls/nfe_007.xml -> chNFe=52211194608372000149...
[2026-03-22T22:56:43.374+0000] {spark_submit.py:663} INFO - [DAG1] Parseado: /opt/spark/xmls/nfe_008.xml -> chNFe=24190612367804000102...
[2026-03-22T22:56:43.377+0000] {spark_submit.py:663} INFO - [DAG1] Parseado: /opt/spark/xmls/nfe_009.xml -> chNFe=42240897360548000184...
[2026-03-22T22:56:43.378+0000] {spark_submit.py:663} INFO - [DAG1] Parseado: /opt/spark/xmls/nfe_010.xml -> chNFe=53181086725049000127...
[2026-03-22T22:56:43.380+0000] {spark_submit.py:663} INFO - [DAG1] Parseado: /opt/spark/xmls/nfe_011.xml -> chNFe=42220912975480000195...
[2026-03-22T22:56:43.381+0000] {spark_submit.py:663} INFO - [DAG1] Parseado: /opt/spark/xmls/nfe_012.xml -> chNFe=28250937820619000152...
[2026-03-22T22:56:43.383+0000] {spark_submit.py:663} INFO - [DAG1] Parseado: /opt/spark/xmls/nfe_013.xml -> chNFe=50240619685724000144...
[2026-03-22T22:56:43.384+0000] {spark_submit.py:663} INFO - [DAG1] Parseado: /opt/spark/xmls/nfe_014.xml -> chNFe=53191109438276000120...
[2026-03-22T22:56:43.385+0000] {spark_submit.py:663} INFO - [DAG1] Parseado: /opt/spark/xmls/nfe_015.xml -> chNFe=27180648169725000134...
[2026-03-22T22:56:43.386+0000] {spark_submit.py:663} INFO - [DAG1] Parseado: /opt/spark/xmls/nfe_016.xml -> chNFe=42210626578941000109...
[2026-03-22T22:56:43.387+0000] {spark_submit.py:663} INFO - [DAG1] Parseado: /opt/spark/xmls/nfe_017.xml -> chNFe=31190921560843000112...
[2026-03-22T22:56:43.388+0000] {spark_submit.py:663} INFO - [DAG1] Parseado: /opt/spark/xmls/nfe_018.xml -> chNFe=28180382563910000147...
[2026-03-22T22:56:43.388+0000] {spark_submit.py:663} INFO - [DAG1] Parseado: /opt/spark/xmls/nfe_019.xml -> chNFe=13220636207415000188...
[2026-03-22T22:56:43.391+0000] {spark_submit.py:663} INFO - [DAG1] Parseado: /opt/spark/xmls/nfe_020.xml -> chNFe=29180968172439000135...
[2026-03-22T22:56:43.391+0000] {spark_submit.py:663} INFO - [DAG1] Parseado: /opt/spark/xmls/nfe_021.xml -> chNFe=51190279386412000161...
[2026-03-22T22:56:43.391+0000] {spark_submit.py:663} INFO - [DAG1] Parseado: /opt/spark/xmls/nfe_022.xml -> chNFe=24250549256018000148...
[2026-03-22T22:56:43.392+0000] {spark_submit.py:663} INFO - [DAG1] Parseado: /opt/spark/xmls/nfe_023.xml -> chNFe=35220528695410000113...
[2026-03-22T22:56:43.393+0000] {spark_submit.py:663} INFO - [DAG1] Parseado: /opt/spark/xmls/nfe_024.xml -> chNFe=50191039256740000129...
[2026-03-22T22:56:43.393+0000] {spark_submit.py:663} INFO - [DAG1] Parseado: /opt/spark/xmls/nfe_025.xml -> chNFe=14251181743625000145...
[2026-03-22T22:56:43.397+0000] {spark_submit.py:663} INFO - [DAG1] Parseado: /opt/spark/xmls/nfe_026.xml -> chNFe=29181002843765000119...
[2026-03-22T22:56:43.398+0000] {spark_submit.py:663} INFO - [DAG1] Parseado: /opt/spark/xmls/nfe_027.xml -> chNFe=12240287314290000126...
[2026-03-22T22:56:43.400+0000] {spark_submit.py:663} INFO - [DAG1] Parseado: /opt/spark/xmls/nfe_028.xml -> chNFe=11210341968357000145...
[2026-03-22T22:56:43.400+0000] {spark_submit.py:663} INFO - [DAG1] Parseado: /opt/spark/xmls/nfe_029.xml -> chNFe=23240828346150000170...
[2026-03-22T22:56:43.402+0000] {spark_submit.py:663} INFO - [DAG1] Parseado: /opt/spark/xmls/nfe_030.xml -> chNFe=12190110452967000168...
[2026-03-22T22:56:43.402+0000] {spark_submit.py:663} INFO - [DAG1] Parseado: /opt/spark/xmls/nfe_031.xml -> chNFe=23180876590128000114...
[2026-03-22T22:56:43.402+0000] {spark_submit.py:663} INFO - [DAG1] Parseado: /opt/spark/xmls/nfe_032.xml -> chNFe=31210963298745000107...
[2026-03-22T22:56:43.404+0000] {spark_submit.py:663} INFO - [DAG1] Parseado: /opt/spark/xmls/nfe_033.xml -> chNFe=21181187352046000158...
[2026-03-22T22:56:43.404+0000] {spark_submit.py:663} INFO - [DAG1] Parseado: /opt/spark/xmls/nfe_034.xml -> chNFe=26231104516832000116...
[2026-03-22T22:56:43.404+0000] {spark_submit.py:663} INFO - [DAG1] Parseado: /opt/spark/xmls/nfe_035.xml -> chNFe=11250854869370000199...
[2026-03-22T22:56:43.405+0000] {spark_submit.py:663} INFO - [DAG1] Parseado: /opt/spark/xmls/nfe_036.xml -> chNFe=21210823974801000153...
[2026-03-22T22:56:43.406+0000] {spark_submit.py:663} INFO - [DAG1] Parseado: /opt/spark/xmls/nfe_037.xml -> chNFe=35210206714925000180...
[2026-03-22T22:56:43.407+0000] {spark_submit.py:663} INFO - [DAG1] Parseado: /opt/spark/xmls/nfe_038.xml -> chNFe=41190961304298000118...
[2026-03-22T22:56:43.407+0000] {spark_submit.py:663} INFO - [DAG1] Parseado: /opt/spark/xmls/nfe_039.xml -> chNFe=25250457431082000146...
[2026-03-22T22:56:43.408+0000] {spark_submit.py:663} INFO - [DAG1] Parseado: /opt/spark/xmls/nfe_040.xml -> chNFe=13180320871436000163...
[2026-03-22T22:56:43.409+0000] {spark_submit.py:663} INFO - [DAG1] Parseado: /opt/spark/xmls/nfe_041.xml -> chNFe=12231084620519000162...
[2026-03-22T22:56:43.410+0000] {spark_submit.py:663} INFO - [DAG1] Parseado: /opt/spark/xmls/nfe_042.xml -> chNFe=21230731649502000171...
[2026-03-22T22:56:43.411+0000] {spark_submit.py:663} INFO - [DAG1] Parseado: /opt/spark/xmls/nfe_043.xml -> chNFe=51191113640928000182...
[2026-03-22T22:56:43.412+0000] {spark_submit.py:663} INFO - [DAG1] Parseado: /opt/spark/xmls/nfe_044.xml -> chNFe=51220514726980000119...
[2026-03-22T22:56:43.412+0000] {spark_submit.py:663} INFO - [DAG1] Parseado: /opt/spark/xmls/nfe_045.xml -> chNFe=26200312657039000165...
[2026-03-22T22:56:43.413+0000] {spark_submit.py:663} INFO - [DAG1] Parseado: /opt/spark/xmls/nfe_046.xml -> chNFe=31221081579046000109...
[2026-03-22T22:56:43.414+0000] {spark_submit.py:663} INFO - [DAG1] Parseado: /opt/spark/xmls/nfe_047.xml -> chNFe=52190157216438000129...
[2026-03-22T22:56:43.414+0000] {spark_submit.py:663} INFO - [DAG1] Parseado: /opt/spark/xmls/nfe_048.xml -> chNFe=27181136082951000102...
[2026-03-22T22:56:43.415+0000] {spark_submit.py:663} INFO - [DAG1] Parseado: /opt/spark/xmls/nfe_049.xml -> chNFe=33180538052974000191...
[2026-03-22T22:56:43.415+0000] {spark_submit.py:663} INFO - [DAG1] Parseado: /opt/spark/xmls/nfe_050.xml -> chNFe=24230792075836000173...
[2026-03-22T22:56:43.417+0000] {spark_submit.py:663} INFO - [DAG1] Parseado: /opt/spark/xmls/nfe_051.xml -> chNFe=28250968740251000146...
[2026-03-22T22:56:43.417+0000] {spark_submit.py:663} INFO - [DAG1] Parseado: /opt/spark/xmls/nfe_052.xml -> chNFe=11220124691035000182...
[2026-03-22T22:56:43.418+0000] {spark_submit.py:663} INFO - [DAG1] Parseado: /opt/spark/xmls/nfe_053.xml -> chNFe=15250473416928000125...
[2026-03-22T22:56:43.419+0000] {spark_submit.py:663} INFO - [DAG1] Parseado: /opt/spark/xmls/nfe_054.xml -> chNFe=23190701627489000199...
[2026-03-22T22:56:43.421+0000] {spark_submit.py:663} INFO - [DAG1] Parseado: /opt/spark/xmls/nfe_055.xml -> chNFe=15250351739026000197...
[2026-03-22T22:56:43.424+0000] {spark_submit.py:663} INFO - [DAG1] Parseado: /opt/spark/xmls/nfe_056.xml -> chNFe=16221295804276000139...
[2026-03-22T22:56:43.425+0000] {spark_submit.py:663} INFO - [DAG1] Parseado: /opt/spark/xmls/nfe_057.xml -> chNFe=14200468721493000192...
[2026-03-22T22:56:43.427+0000] {spark_submit.py:663} INFO - [DAG1] Parseado: /opt/spark/xmls/nfe_058.xml -> chNFe=15230571934620000146...
[2026-03-22T22:56:43.428+0000] {spark_submit.py:663} INFO - [DAG1] Parseado: /opt/spark/xmls/nfe_059.xml -> chNFe=27181009731462000153...
[2026-03-22T22:56:43.429+0000] {spark_submit.py:663} INFO - [DAG1] Parseado: /opt/spark/xmls/nfe_060.xml -> chNFe=35220613892074000121...
[2026-03-22T22:56:43.431+0000] {spark_submit.py:663} INFO - [DAG1] Parseado: /opt/spark/xmls/nfe_061.xml -> chNFe=29200359802361000102...
[2026-03-22T22:56:43.432+0000] {spark_submit.py:663} INFO - [DAG1] Parseado: /opt/spark/xmls/nfe_062.xml -> chNFe=35250805768142000117...
[2026-03-22T22:56:43.433+0000] {spark_submit.py:663} INFO - [DAG1] Parseado: /opt/spark/xmls/nfe_063.xml -> chNFe=11190868395241000110...
[2026-03-22T22:56:43.435+0000] {spark_submit.py:663} INFO - [DAG1] Parseado: /opt/spark/xmls/nfe_064.xml -> chNFe=16230946583021000188...
[2026-03-22T22:56:43.436+0000] {spark_submit.py:663} INFO - [DAG1] Parseado: /opt/spark/xmls/nfe_065.xml -> chNFe=23230758370469000100...
[2026-03-22T22:56:43.437+0000] {spark_submit.py:663} INFO - [DAG1] Parseado: /opt/spark/xmls/nfe_066.xml -> chNFe=51201114786592000123...
[2026-03-22T22:56:43.438+0000] {spark_submit.py:663} INFO - [DAG1] Parseado: /opt/spark/xmls/nfe_067.xml -> chNFe=13190776093481000199...
[2026-03-22T22:56:43.439+0000] {spark_submit.py:663} INFO - [DAG1] Parseado: /opt/spark/xmls/nfe_068.xml -> chNFe=13181042865713000168...
[2026-03-22T22:56:43.440+0000] {spark_submit.py:663} INFO - [DAG1] Parseado: /opt/spark/xmls/nfe_069.xml -> chNFe=15201221740863000175...
[2026-03-22T22:56:43.441+0000] {spark_submit.py:663} INFO - [DAG1] Parseado: /opt/spark/xmls/nfe_070.xml -> chNFe=27230504526819000148...
[2026-03-22T22:56:43.442+0000] {spark_submit.py:663} INFO - [DAG1] Parseado: /opt/spark/xmls/nfe_071.xml -> chNFe=16231241268370000191...
[2026-03-22T22:56:43.444+0000] {spark_submit.py:663} INFO - [DAG1] Parseado: /opt/spark/xmls/nfe_072.xml -> chNFe=17201205641832000100...
[2026-03-22T22:56:43.445+0000] {spark_submit.py:663} INFO - [DAG1] Parseado: /opt/spark/xmls/nfe_073.xml -> chNFe=52230201627395000110...
[2026-03-22T22:56:43.447+0000] {spark_submit.py:663} INFO - [DAG1] Parseado: /opt/spark/xmls/nfe_074.xml -> chNFe=42221072643850000119...
[2026-03-22T22:56:43.448+0000] {spark_submit.py:663} INFO - [DAG1] Parseado: /opt/spark/xmls/nfe_075.xml -> chNFe=29241032751869000164...
[2026-03-22T22:56:43.449+0000] {spark_submit.py:663} INFO - [DAG1] Parseado: /opt/spark/xmls/nfe_076.xml -> chNFe=26220526973410000102...
[2026-03-22T22:56:43.450+0000] {spark_submit.py:663} INFO - [DAG1] Parseado: /opt/spark/xmls/nfe_077.xml -> chNFe=11200560149872000148...
[2026-03-22T22:56:43.451+0000] {spark_submit.py:663} INFO - [DAG1] Parseado: /opt/spark/xmls/nfe_078.xml -> chNFe=35240574290356000143...
[2026-03-22T22:56:43.453+0000] {spark_submit.py:663} INFO - [DAG1] Parseado: /opt/spark/xmls/nfe_079.xml -> chNFe=52220859280417000106...
[2026-03-22T22:56:43.453+0000] {spark_submit.py:663} INFO - [DAG1] Parseado: /opt/spark/xmls/nfe_080.xml -> chNFe=13220671952803000194...
[2026-03-22T22:56:43.454+0000] {spark_submit.py:663} INFO - [DAG1] Parseado: /opt/spark/xmls/nfe_081.xml -> chNFe=27240997543628000175...
[2026-03-22T22:56:43.455+0000] {spark_submit.py:663} INFO - [DAG1] Parseado: /opt/spark/xmls/nfe_082.xml -> chNFe=16200305672934000193...
[2026-03-22T22:56:43.456+0000] {spark_submit.py:663} INFO - [DAG1] Parseado: /opt/spark/xmls/nfe_083.xml -> chNFe=26200967452098000199...
[2026-03-22T22:56:43.457+0000] {spark_submit.py:663} INFO - [DAG1] Parseado: /opt/spark/xmls/nfe_084.xml -> chNFe=15201240879132000150...
[2026-03-22T22:56:43.458+0000] {spark_submit.py:663} INFO - [DAG1] Parseado: /opt/spark/xmls/nfe_085.xml -> chNFe=15201104259871000185...
[2026-03-22T22:56:43.460+0000] {spark_submit.py:663} INFO - [DAG1] Parseado: /opt/spark/xmls/nfe_086.xml -> chNFe=29180693567420000135...
[2026-03-22T22:56:43.462+0000] {spark_submit.py:663} INFO - [DAG1] Parseado: /opt/spark/xmls/nfe_087.xml -> chNFe=25190423645971000194...
[2026-03-22T22:56:43.462+0000] {spark_submit.py:663} INFO - [DAG1] Parseado: /opt/spark/xmls/nfe_088.xml -> chNFe=53221171968234000175...
[2026-03-22T22:56:43.463+0000] {spark_submit.py:663} INFO - [DAG1] Parseado: /opt/spark/xmls/nfe_089.xml -> chNFe=33211120671549000115...
[2026-03-22T22:56:43.465+0000] {spark_submit.py:663} INFO - [DAG1] Parseado: /opt/spark/xmls/nfe_090.xml -> chNFe=14230621639754000166...
[2026-03-22T22:56:43.465+0000] {spark_submit.py:663} INFO - [DAG1] Parseado: /opt/spark/xmls/nfe_091.xml -> chNFe=29221267140958000159...
[2026-03-22T22:56:43.466+0000] {spark_submit.py:663} INFO - [DAG1] Parseado: /opt/spark/xmls/nfe_092.xml -> chNFe=25180748326059000109...
[2026-03-22T22:56:43.466+0000] {spark_submit.py:663} INFO - [DAG1] Parseado: /opt/spark/xmls/nfe_093.xml -> chNFe=15190795724103000100...
[2026-03-22T22:56:43.466+0000] {spark_submit.py:663} INFO - [DAG1] Parseado: /opt/spark/xmls/nfe_094.xml -> chNFe=52251242875316000177...
[2026-03-22T22:56:43.467+0000] {spark_submit.py:663} INFO - [DAG1] Parseado: /opt/spark/xmls/nfe_095.xml -> chNFe=13230676385124000102...
[2026-03-22T22:56:43.468+0000] {spark_submit.py:663} INFO - [DAG1] Parseado: /opt/spark/xmls/nfe_096.xml -> chNFe=33240848596213000154...
[2026-03-22T22:56:43.469+0000] {spark_submit.py:663} INFO - [DAG1] Parseado: /opt/spark/xmls/nfe_097.xml -> chNFe=24200752149708000102...
[2026-03-22T22:56:43.470+0000] {spark_submit.py:663} INFO - [DAG1] Parseado: /opt/spark/xmls/nfe_098.xml -> chNFe=51180565902148000167...
[2026-03-22T22:56:43.470+0000] {spark_submit.py:663} INFO - [DAG1] Parseado: /opt/spark/xmls/nfe_099.xml -> chNFe=13180796205487000118...
[2026-03-22T22:56:43.473+0000] {spark_submit.py:663} INFO - [DAG1] Parseado: /opt/spark/xmls/nfe_100.xml -> chNFe=13180353974062000160...
[2026-03-22T22:56:43.473+0000] {spark_submit.py:663} INFO - [DAG1] Total de notas parseadas: 100
[2026-03-22T22:56:48.675+0000] {spark_submit.py:663} INFO - [DAG1] Publicando 100 mensagens no tópico Kafka 'nfe-json'...
[2026-03-22T22:58:49.541+0000] {spark_submit.py:663} INFO - 26/03/22 22:58:49 WARN TaskSetManager: Lost task 0.0 in stage 3.0 (TID 3) (172.18.0.11 executor 0): org.apache.kafka.common.errors.TimeoutException: Expiring 9 record(s) for nfe-json-0:120000 ms has passed since batch creation
[2026-03-22T22:58:49.541+0000] {spark_submit.py:663} INFO - 
[2026-03-22T22:58:49.619+0000] {spark_submit.py:663} INFO - [DAG1] Publicação concluída com sucesso!
[2026-03-22T22:58:50.694+0000] {taskinstance.py:349} INFO - ::group::Post task execution logs
[2026-03-22T22:58:50.694+0000] {taskinstance.py:361} INFO - Marking task as SUCCESS. dag_id=dag_xml_to_kafka, task_id=spark_xml_to_kafka, run_id=scheduled__2026-03-22T22:40:00+00:00, execution_date=20260322T224000, start_date=20260322T225639, end_date=20260322T225850
[2026-03-22T22:58:50.716+0000] {local_task_job_runner.py:266} INFO - Task exited with return code 0
[2026-03-22T22:58:50.729+0000] {taskinstance.py:3925} INFO - 1 downstream tasks scheduled from follow-on schedule check
[2026-03-22T22:58:50.732+0000] {local_task_job_runner.py:245} INFO - ::endgroup::
