[2026-03-22T22:58:52.489+0000] {local_task_job_runner.py:123} INFO - ::group::Pre task execution logs
[2026-03-22T22:58:52.499+0000] {taskinstance.py:2632} INFO - Dependencies all met for dep_context=non-requeueable deps ti=<TaskInstance: dag_kafka_to_hive.spark_kafka_to_hive manual__2026-03-22T22:58:51.536290+00:00 [queued]>
[2026-03-22T22:58:52.503+0000] {taskinstance.py:2632} INFO - Dependencies all met for dep_context=requeueable deps ti=<TaskInstance: dag_kafka_to_hive.spark_kafka_to_hive manual__2026-03-22T22:58:51.536290+00:00 [queued]>
[2026-03-22T22:58:52.503+0000] {taskinstance.py:2885} INFO - Starting attempt 1 of 2
[2026-03-22T22:58:52.510+0000] {taskinstance.py:2908} INFO - Executing <Task(SparkSubmitOperator): spark_kafka_to_hive> on 2026-03-22 22:58:51.536290+00:00
[2026-03-22T22:58:52.512+0000] {standard_task_runner.py:72} INFO - Started process 483 to run task
[2026-03-22T22:58:52.515+0000] {standard_task_runner.py:104} INFO - Running: ['***', 'tasks', 'run', 'dag_kafka_to_hive', 'spark_kafka_to_hive', 'manual__2026-03-22T22:58:51.536290+00:00', '--job-id', '4', '--raw', '--subdir', 'DAGS_FOLDER/dag_kafka_to_hive.py', '--cfg-path', '/tmp/tmpiczraip9']
[2026-03-22T22:58:52.516+0000] {standard_task_runner.py:105} INFO - Job 4: Subtask spark_kafka_to_hive
[2026-03-22T22:58:52.539+0000] {task_command.py:467} INFO - Running <TaskInstance: dag_kafka_to_hive.spark_kafka_to_hive manual__2026-03-22T22:58:51.536290+00:00 [running]> on host a0fa30331a96
[2026-03-22T22:58:52.582+0000] {taskinstance.py:3158} INFO - Exporting env vars: AIRFLOW_CTX_DAG_OWNER='engenheiro_dados' AIRFLOW_CTX_DAG_ID='dag_kafka_to_hive' AIRFLOW_CTX_TASK_ID='spark_kafka_to_hive' AIRFLOW_CTX_EXECUTION_DATE='2026-03-22T22:58:51.536290+00:00' AIRFLOW_CTX_TRY_NUMBER='1' AIRFLOW_CTX_DAG_RUN_ID='manual__2026-03-22T22:58:51.536290+00:00'
[2026-03-22T22:58:52.582+0000] {taskinstance.py:740} INFO - ::endgroup::
[2026-03-22T22:58:52.590+0000] {base.py:84} INFO - Retrieving connection 'spark_default'
[2026-03-22T22:58:52.592+0000] {spark_submit.py:493} INFO - Spark-Submit cmd: spark-submit --master spark://spark-master:7077 --conf spark.master=spark://spark-master:7077 --conf spark.jars=/opt/spark/user-jars/spark-sql-kafka-0-10_2.12-3.5.2.jar,/opt/spark/user-jars/kafka-clients-3.5.2.jar,/opt/spark/user-jars/spark-token-provider-kafka-0-10_2.12-3.5.2.jar,/opt/spark/user-jars/commons-pool2-2.12.0.jar --conf spark.sql.catalogImplementation=hive --conf spark.hadoop.hive.metastore.uris=thrift://hive-metastore:9083 --conf spark.sql.warehouse.dir=hdfs://namenode:9000/user/hive/warehouse --name arrow-spark --verbose /opt/spark/scripts/kafka_to_hive.py
[2026-03-22T22:58:52.643+0000] {spark_submit.py:663} INFO - /home/***/.local/lib/python3.10/site-packages/pyspark/bin/load-spark-env.sh: line 68: ps: command not found
[2026-03-22T22:58:53.431+0000] {spark_submit.py:663} INFO - Using properties file: null
[2026-03-22T22:58:53.520+0000] {spark_submit.py:663} INFO - Parsed arguments:
[2026-03-22T22:58:53.521+0000] {spark_submit.py:663} INFO - master                  spark://spark-master:7077
[2026-03-22T22:58:53.521+0000] {spark_submit.py:663} INFO - remote                  null
[2026-03-22T22:58:53.521+0000] {spark_submit.py:663} INFO - deployMode              null
[2026-03-22T22:58:53.521+0000] {spark_submit.py:663} INFO - executorMemory          null
[2026-03-22T22:58:53.521+0000] {spark_submit.py:663} INFO - executorCores           null
[2026-03-22T22:58:53.521+0000] {spark_submit.py:663} INFO - totalExecutorCores      null
[2026-03-22T22:58:53.522+0000] {spark_submit.py:663} INFO - propertiesFile          null
[2026-03-22T22:58:53.522+0000] {spark_submit.py:663} INFO - driverMemory            null
[2026-03-22T22:58:53.522+0000] {spark_submit.py:663} INFO - driverCores             null
[2026-03-22T22:58:53.522+0000] {spark_submit.py:663} INFO - driverExtraClassPath    null
[2026-03-22T22:58:53.522+0000] {spark_submit.py:663} INFO - driverExtraLibraryPath  null
[2026-03-22T22:58:53.522+0000] {spark_submit.py:663} INFO - driverExtraJavaOptions  null
[2026-03-22T22:58:53.522+0000] {spark_submit.py:663} INFO - supervise               false
[2026-03-22T22:58:53.522+0000] {spark_submit.py:663} INFO - queue                   null
[2026-03-22T22:58:53.523+0000] {spark_submit.py:663} INFO - numExecutors            null
[2026-03-22T22:58:53.523+0000] {spark_submit.py:663} INFO - files                   null
[2026-03-22T22:58:53.523+0000] {spark_submit.py:663} INFO - pyFiles                 null
[2026-03-22T22:58:53.523+0000] {spark_submit.py:663} INFO - archives                null
[2026-03-22T22:58:53.523+0000] {spark_submit.py:663} INFO - mainClass               null
[2026-03-22T22:58:53.523+0000] {spark_submit.py:663} INFO - primaryResource         file:/opt/spark/scripts/kafka_to_hive.py
[2026-03-22T22:58:53.523+0000] {spark_submit.py:663} INFO - name                    arrow-spark
[2026-03-22T22:58:53.523+0000] {spark_submit.py:663} INFO - childArgs               []
[2026-03-22T22:58:53.523+0000] {spark_submit.py:663} INFO - jars                    /opt/spark/user-jars/spark-sql-kafka-0-10_2.12-3.5.2.jar,/opt/spark/user-jars/kafka-clients-3.5.2.jar,/opt/spark/user-jars/spark-token-provider-kafka-0-10_2.12-3.5.2.jar,/opt/spark/user-jars/commons-pool2-2.12.0.jar
[2026-03-22T22:58:53.523+0000] {spark_submit.py:663} INFO - packages                null
[2026-03-22T22:58:53.524+0000] {spark_submit.py:663} INFO - packagesExclusions      null
[2026-03-22T22:58:53.524+0000] {spark_submit.py:663} INFO - repositories            null
[2026-03-22T22:58:53.524+0000] {spark_submit.py:663} INFO - verbose                 true
[2026-03-22T22:58:53.524+0000] {spark_submit.py:663} INFO - 
[2026-03-22T22:58:53.524+0000] {spark_submit.py:663} INFO - Spark properties used, including those specified through
[2026-03-22T22:58:53.524+0000] {spark_submit.py:663} INFO - --conf and those from the properties file null:
[2026-03-22T22:58:53.524+0000] {spark_submit.py:663} INFO - (spark.hadoop.hive.metastore.uris,thrift://hive-metastore:9083)
[2026-03-22T22:58:53.524+0000] {spark_submit.py:663} INFO - (spark.jars,*********(redacted))
[2026-03-22T22:58:53.524+0000] {spark_submit.py:663} INFO - (spark.master,spark://spark-master:7077)
[2026-03-22T22:58:53.524+0000] {spark_submit.py:663} INFO - (spark.sql.catalogImplementation,hive)
[2026-03-22T22:58:53.524+0000] {spark_submit.py:663} INFO - (spark.sql.warehouse.dir,hdfs://namenode:9000/user/hive/warehouse)
[2026-03-22T22:58:53.525+0000] {spark_submit.py:663} INFO - 
[2026-03-22T22:58:53.525+0000] {spark_submit.py:663} INFO - 
[2026-03-22T22:58:53.702+0000] {spark_submit.py:663} INFO - 26/03/22 22:58:53 WARN NativeCodeLoader: Unable to load native-hadoop library for your platform... using builtin-java classes where applicable
[2026-03-22T22:58:53.792+0000] {spark_submit.py:663} INFO - Main class:
[2026-03-22T22:58:53.793+0000] {spark_submit.py:663} INFO - org.apache.spark.deploy.PythonRunner
[2026-03-22T22:58:53.793+0000] {spark_submit.py:663} INFO - Arguments:
[2026-03-22T22:58:53.793+0000] {spark_submit.py:663} INFO - file:/opt/spark/scripts/kafka_to_hive.py
[2026-03-22T22:58:53.793+0000] {spark_submit.py:663} INFO - null
[2026-03-22T22:58:53.794+0000] {spark_submit.py:663} INFO - Spark config:
[2026-03-22T22:58:53.794+0000] {spark_submit.py:663} INFO - (spark.app.name,arrow-spark)
[2026-03-22T22:58:53.794+0000] {spark_submit.py:663} INFO - (spark.app.submitTime,1774220333782)
[2026-03-22T22:58:53.794+0000] {spark_submit.py:663} INFO - (spark.hadoop.hive.metastore.uris,thrift://hive-metastore:9083)
[2026-03-22T22:58:53.794+0000] {spark_submit.py:663} INFO - (spark.jars,*********(redacted))
[2026-03-22T22:58:53.794+0000] {spark_submit.py:663} INFO - (spark.master,spark://spark-master:7077)
[2026-03-22T22:58:53.795+0000] {spark_submit.py:663} INFO - (spark.repl.local.jars,*********(redacted))
[2026-03-22T22:58:53.795+0000] {spark_submit.py:663} INFO - (spark.sql.catalogImplementation,hive)
[2026-03-22T22:58:53.795+0000] {spark_submit.py:663} INFO - (spark.sql.warehouse.dir,hdfs://namenode:9000/user/hive/warehouse)
[2026-03-22T22:58:53.795+0000] {spark_submit.py:663} INFO - (spark.submit.deployMode,client)
[2026-03-22T22:58:53.795+0000] {spark_submit.py:663} INFO - (spark.submit.pyFiles,)
[2026-03-22T22:58:53.795+0000] {spark_submit.py:663} INFO - Classpath elements:
[2026-03-22T22:58:53.795+0000] {spark_submit.py:663} INFO - file:///opt/spark/user-jars/spark-sql-kafka-0-10_2.12-3.5.2.jar
[2026-03-22T22:58:53.795+0000] {spark_submit.py:663} INFO - file:///opt/spark/user-jars/kafka-clients-3.5.2.jar
[2026-03-22T22:58:53.795+0000] {spark_submit.py:663} INFO - file:///opt/spark/user-jars/spark-token-provider-kafka-0-10_2.12-3.5.2.jar
[2026-03-22T22:58:53.795+0000] {spark_submit.py:663} INFO - file:///opt/spark/user-jars/commons-pool2-2.12.0.jar
[2026-03-22T22:58:53.796+0000] {spark_submit.py:663} INFO - 
[2026-03-22T22:58:53.796+0000] {spark_submit.py:663} INFO - 
[2026-03-22T22:58:54.357+0000] {spark_submit.py:663} INFO - 26/03/22 22:58:54 INFO SparkContext: Running Spark version 3.5.2
[2026-03-22T22:58:54.357+0000] {spark_submit.py:663} INFO - 26/03/22 22:58:54 INFO SparkContext: OS info Linux, 6.19.7-1-cachyos, amd64
[2026-03-22T22:58:54.357+0000] {spark_submit.py:663} INFO - 26/03/22 22:58:54 INFO SparkContext: Java version 17.0.18
[2026-03-22T22:58:54.372+0000] {spark_submit.py:663} INFO - 26/03/22 22:58:54 INFO ResourceUtils: ==============================================================
[2026-03-22T22:58:54.372+0000] {spark_submit.py:663} INFO - 26/03/22 22:58:54 INFO ResourceUtils: No custom resources configured for spark.driver.
[2026-03-22T22:58:54.372+0000] {spark_submit.py:663} INFO - 26/03/22 22:58:54 INFO ResourceUtils: ==============================================================
[2026-03-22T22:58:54.372+0000] {spark_submit.py:663} INFO - 26/03/22 22:58:54 INFO SparkContext: Submitted application: DAG2_Kafka_to_Hive
[2026-03-22T22:58:54.382+0000] {spark_submit.py:663} INFO - 26/03/22 22:58:54 INFO ResourceProfile: Default ResourceProfile created, executor resources: Map(memory -> name: memory, amount: 1024, script: , vendor: , offHeap -> name: offHeap, amount: 0, script: , vendor: ), task resources: Map(cpus -> name: cpus, amount: 1.0)
[2026-03-22T22:58:54.386+0000] {spark_submit.py:663} INFO - 26/03/22 22:58:54 INFO ResourceProfile: Limiting resource is cpu
[2026-03-22T22:58:54.386+0000] {spark_submit.py:663} INFO - 26/03/22 22:58:54 INFO ResourceProfileManager: Added ResourceProfile id: 0
[2026-03-22T22:58:54.410+0000] {spark_submit.py:663} INFO - 26/03/22 22:58:54 INFO SecurityManager: Changing view acls to: ***
[2026-03-22T22:58:54.410+0000] {spark_submit.py:663} INFO - 26/03/22 22:58:54 INFO SecurityManager: Changing modify acls to: ***
[2026-03-22T22:58:54.410+0000] {spark_submit.py:663} INFO - 26/03/22 22:58:54 INFO SecurityManager: Changing view acls groups to:
[2026-03-22T22:58:54.411+0000] {spark_submit.py:663} INFO - 26/03/22 22:58:54 INFO SecurityManager: Changing modify acls groups to:
[2026-03-22T22:58:54.411+0000] {spark_submit.py:663} INFO - 26/03/22 22:58:54 INFO SecurityManager: SecurityManager: authentication disabled; ui acls disabled; users with view permissions: ***; groups with view permissions: EMPTY; users with modify permissions: ***; groups with modify permissions: EMPTY
[2026-03-22T22:58:54.509+0000] {spark_submit.py:663} INFO - 26/03/22 22:58:54 INFO Utils: Successfully started service 'sparkDriver' on port 46723.
[2026-03-22T22:58:54.521+0000] {spark_submit.py:663} INFO - 26/03/22 22:58:54 INFO SparkEnv: Registering MapOutputTracker
[2026-03-22T22:58:54.536+0000] {spark_submit.py:663} INFO - 26/03/22 22:58:54 INFO SparkEnv: Registering BlockManagerMaster
[2026-03-22T22:58:54.545+0000] {spark_submit.py:663} INFO - 26/03/22 22:58:54 INFO BlockManagerMasterEndpoint: Using org.apache.spark.storage.DefaultTopologyMapper for getting topology information
[2026-03-22T22:58:54.545+0000] {spark_submit.py:663} INFO - 26/03/22 22:58:54 INFO BlockManagerMasterEndpoint: BlockManagerMasterEndpoint up
[2026-03-22T22:58:54.547+0000] {spark_submit.py:663} INFO - 26/03/22 22:58:54 INFO SparkEnv: Registering BlockManagerMasterHeartbeat
[2026-03-22T22:58:54.556+0000] {spark_submit.py:663} INFO - 26/03/22 22:58:54 INFO DiskBlockManager: Created local directory at /tmp/blockmgr-ab58347b-4ef6-4563-8d2b-e221ba2482f3
[2026-03-22T22:58:54.563+0000] {spark_submit.py:663} INFO - 26/03/22 22:58:54 INFO MemoryStore: MemoryStore started with capacity 434.4 MiB
[2026-03-22T22:58:54.570+0000] {spark_submit.py:663} INFO - 26/03/22 22:58:54 INFO SparkEnv: Registering OutputCommitCoordinator
[2026-03-22T22:58:54.633+0000] {spark_submit.py:663} INFO - 26/03/22 22:58:54 INFO JettyUtils: Start Jetty 0.0.0.0:4040 for SparkUI
[2026-03-22T22:58:54.668+0000] {spark_submit.py:663} INFO - 26/03/22 22:58:54 INFO Utils: Successfully started service 'SparkUI' on port 4040.
[2026-03-22T22:58:54.687+0000] {spark_submit.py:663} INFO - 26/03/22 22:58:54 INFO SparkContext: Added JAR file:///opt/spark/user-jars/spark-sql-kafka-0-10_2.12-3.5.2.jar at spark://a0fa30331a96:46723/jars/spark-sql-kafka-0-10_2.12-3.5.2.jar with timestamp 1774220334352
[2026-03-22T22:58:54.687+0000] {spark_submit.py:663} INFO - 26/03/22 22:58:54 INFO SparkContext: Added JAR file:///opt/spark/user-jars/kafka-clients-3.5.2.jar at spark://a0fa30331a96:46723/jars/kafka-clients-3.5.2.jar with timestamp 1774220334352
[2026-03-22T22:58:54.687+0000] {spark_submit.py:663} INFO - 26/03/22 22:58:54 INFO SparkContext: Added JAR file:///opt/spark/user-jars/spark-token-provider-kafka-0-10_2.12-3.5.2.jar at spark://a0fa30331a96:46723/jars/spark-token-provider-kafka-0-10_2.12-3.5.2.jar with timestamp 1774220334352
[2026-03-22T22:58:54.688+0000] {spark_submit.py:663} INFO - 26/03/22 22:58:54 INFO SparkContext: Added JAR file:///opt/spark/user-jars/commons-pool2-2.12.0.jar at spark://a0fa30331a96:46723/jars/commons-pool2-2.12.0.jar with timestamp 1774220334352
[2026-03-22T22:58:54.722+0000] {spark_submit.py:663} INFO - 26/03/22 22:58:54 INFO StandaloneAppClient$ClientEndpoint: Connecting to master spark://spark-master:7077...
[2026-03-22T22:58:54.745+0000] {spark_submit.py:663} INFO - 26/03/22 22:58:54 INFO TransportClientFactory: Successfully created connection to spark-master/172.18.0.4:7077 after 12 ms (0 ms spent in bootstraps)
[2026-03-22T22:58:54.785+0000] {spark_submit.py:663} INFO - 26/03/22 22:58:54 INFO StandaloneSchedulerBackend: Connected to Spark cluster with app ID app-20260322225854-0001
[2026-03-22T22:58:54.787+0000] {spark_submit.py:663} INFO - 26/03/22 22:58:54 INFO StandaloneAppClient$ClientEndpoint: Executor added: app-20260322225854-0001/0 on worker-20260322225633-172.18.0.11-43345 (172.18.0.11:43345) with 1 core(s)
[2026-03-22T22:58:54.788+0000] {spark_submit.py:663} INFO - 26/03/22 22:58:54 INFO StandaloneSchedulerBackend: Granted executor ID app-20260322225854-0001/0 on hostPort 172.18.0.11:43345 with 1 core(s), 1024.0 MiB RAM
[2026-03-22T22:58:54.789+0000] {spark_submit.py:663} INFO - 26/03/22 22:58:54 INFO StandaloneAppClient$ClientEndpoint: Executor added: app-20260322225854-0001/1 on worker-20260322225633-172.18.0.10-46063 (172.18.0.10:46063) with 1 core(s)
[2026-03-22T22:58:54.789+0000] {spark_submit.py:663} INFO - 26/03/22 22:58:54 INFO StandaloneSchedulerBackend: Granted executor ID app-20260322225854-0001/1 on hostPort 172.18.0.10:46063 with 1 core(s), 1024.0 MiB RAM
[2026-03-22T22:58:54.789+0000] {spark_submit.py:663} INFO - 26/03/22 22:58:54 INFO StandaloneAppClient$ClientEndpoint: Executor added: app-20260322225854-0001/2 on worker-20260322225633-172.18.0.12-33099 (172.18.0.12:33099) with 1 core(s)
[2026-03-22T22:58:54.789+0000] {spark_submit.py:663} INFO - 26/03/22 22:58:54 INFO StandaloneSchedulerBackend: Granted executor ID app-20260322225854-0001/2 on hostPort 172.18.0.12:33099 with 1 core(s), 1024.0 MiB RAM
[2026-03-22T22:58:54.791+0000] {spark_submit.py:663} INFO - 26/03/22 22:58:54 INFO Utils: Successfully started service 'org.apache.spark.network.netty.NettyBlockTransferService' on port 39769.
[2026-03-22T22:58:54.792+0000] {spark_submit.py:663} INFO - 26/03/22 22:58:54 INFO NettyBlockTransferService: Server created on a0fa30331a96:39769
[2026-03-22T22:58:54.792+0000] {spark_submit.py:663} INFO - 26/03/22 22:58:54 INFO BlockManager: Using org.apache.spark.storage.RandomBlockReplicationPolicy for block replication policy
[2026-03-22T22:58:54.796+0000] {spark_submit.py:663} INFO - 26/03/22 22:58:54 INFO BlockManagerMaster: Registering BlockManager BlockManagerId(driver, a0fa30331a96, 39769, None)
[2026-03-22T22:58:54.799+0000] {spark_submit.py:663} INFO - 26/03/22 22:58:54 INFO BlockManagerMasterEndpoint: Registering block manager a0fa30331a96:39769 with 434.4 MiB RAM, BlockManagerId(driver, a0fa30331a96, 39769, None)
[2026-03-22T22:58:54.800+0000] {spark_submit.py:663} INFO - 26/03/22 22:58:54 INFO BlockManagerMaster: Registered BlockManager BlockManagerId(driver, a0fa30331a96, 39769, None)
[2026-03-22T22:58:54.801+0000] {spark_submit.py:663} INFO - 26/03/22 22:58:54 INFO BlockManager: Initialized BlockManager: BlockManagerId(driver, a0fa30331a96, 39769, None)
[2026-03-22T22:58:54.814+0000] {spark_submit.py:663} INFO - 26/03/22 22:58:54 INFO StandaloneAppClient$ClientEndpoint: Executor updated: app-20260322225854-0001/0 is now RUNNING
[2026-03-22T22:58:54.814+0000] {spark_submit.py:663} INFO - 26/03/22 22:58:54 INFO StandaloneAppClient$ClientEndpoint: Executor updated: app-20260322225854-0001/1 is now RUNNING
[2026-03-22T22:58:54.816+0000] {spark_submit.py:663} INFO - 26/03/22 22:58:54 INFO StandaloneAppClient$ClientEndpoint: Executor updated: app-20260322225854-0001/2 is now RUNNING
[2026-03-22T22:58:54.936+0000] {spark_submit.py:663} INFO - 26/03/22 22:58:54 INFO StandaloneSchedulerBackend: SchedulerBackend is ready for scheduling beginning after reached minRegisteredResourcesRatio: 0.0
[2026-03-22T22:58:55.097+0000] {spark_submit.py:663} INFO - [DAG2] Consumindo mensagens do tópico Kafka 'nfe-json'...
[2026-03-22T22:58:59.921+0000] {spark_submit.py:663} INFO - [DAG2] Mensagens lidas do Kafka: 141
[2026-03-22T22:59:02.387+0000] {spark_submit.py:663} INFO - [DAG2] Notas parseadas: 141
[2026-03-22T22:59:03.114+0000] {spark_submit.py:663} INFO - [DAG2] Persistindo tabela 'nfe_db.nfe_notas'...
[2026-03-22T22:59:03.158+0000] {spark_submit.py:663} INFO - 26/03/22 22:59:03 WARN SparkStringUtils: Truncated the string representation of a plan since it was too large. This behavior can be adjusted by setting 'spark.sql.debug.maxToStringFields'.
[2026-03-22T22:59:05.660+0000] {spark_submit.py:663} INFO - 26/03/22 22:59:05 WARN SessionState: METASTORE_FILTER_HOOK will be ignored, since hive.security.authorization.manager is set to instance of HiveAuthorizerFactory.
[2026-03-22T22:59:06.465+0000] {spark_submit.py:663} INFO - [DAG2] Tabela nfe_notas salva com 141 registros.
[2026-03-22T22:59:06.498+0000] {spark_submit.py:663} INFO - [DAG2] Persistindo tabela 'nfe_db.nfe_itens'...
[2026-03-22T22:59:10.240+0000] {spark_submit.py:663} INFO - [DAG2] Tabela nfe_itens salva com 443 registros.
[2026-03-22T22:59:10.241+0000] {spark_submit.py:663} INFO - 
[2026-03-22T22:59:10.241+0000] {spark_submit.py:663} INFO - [DAG2] === Verificação ===
[2026-03-22T22:59:11.486+0000] {spark_submit.py:663} INFO - +-----------+
[2026-03-22T22:59:11.486+0000] {spark_submit.py:663} INFO - |total_notas|
[2026-03-22T22:59:11.487+0000] {spark_submit.py:663} INFO - +-----------+
[2026-03-22T22:59:11.487+0000] {spark_submit.py:663} INFO - |        141|
[2026-03-22T22:59:11.487+0000] {spark_submit.py:663} INFO - +-----------+
[2026-03-22T22:59:11.487+0000] {spark_submit.py:663} INFO - 
[2026-03-22T22:59:11.605+0000] {spark_submit.py:663} INFO - +-----------+
[2026-03-22T22:59:11.606+0000] {spark_submit.py:663} INFO - |total_itens|
[2026-03-22T22:59:11.606+0000] {spark_submit.py:663} INFO - +-----------+
[2026-03-22T22:59:11.606+0000] {spark_submit.py:663} INFO - |        443|
[2026-03-22T22:59:11.606+0000] {spark_submit.py:663} INFO - +-----------+
[2026-03-22T22:59:11.606+0000] {spark_submit.py:663} INFO - 
[2026-03-22T22:59:11.606+0000] {spark_submit.py:663} INFO - [DAG2] Persistência concluída com sucesso!
[2026-03-22T22:59:12.043+0000] {taskinstance.py:349} INFO - ::group::Post task execution logs
[2026-03-22T22:59:12.043+0000] {taskinstance.py:361} INFO - Marking task as SUCCESS. dag_id=dag_kafka_to_hive, task_id=spark_kafka_to_hive, run_id=manual__2026-03-22T22:58:51.536290+00:00, execution_date=20260322T225851, start_date=20260322T225852, end_date=20260322T225912
[2026-03-22T22:59:12.062+0000] {local_task_job_runner.py:266} INFO - Task exited with return code 0
[2026-03-22T22:59:12.075+0000] {taskinstance.py:3925} INFO - 1 downstream tasks scheduled from follow-on schedule check
[2026-03-22T22:59:12.078+0000] {local_task_job_runner.py:245} INFO - ::endgroup::
