[2026-03-22T21:50:18.025+0000] {local_task_job_runner.py:123} INFO - ::group::Pre task execution logs
[2026-03-22T21:50:18.037+0000] {taskinstance.py:2632} INFO - Dependencies all met for dep_context=non-requeueable deps ti=<TaskInstance: dag_xml_to_kafka.spark_xml_to_kafka manual__2026-03-22T21:47:14.142396+00:00 [queued]>
[2026-03-22T21:50:18.041+0000] {taskinstance.py:2632} INFO - Dependencies all met for dep_context=requeueable deps ti=<TaskInstance: dag_xml_to_kafka.spark_xml_to_kafka manual__2026-03-22T21:47:14.142396+00:00 [queued]>
[2026-03-22T21:50:18.041+0000] {taskinstance.py:2885} INFO - Starting attempt 2 of 2
[2026-03-22T21:50:18.049+0000] {taskinstance.py:2908} INFO - Executing <Task(SparkSubmitOperator): spark_xml_to_kafka> on 2026-03-22 21:47:14.142396+00:00
[2026-03-22T21:50:18.051+0000] {standard_task_runner.py:72} INFO - Started process 641 to run task
[2026-03-22T21:50:18.054+0000] {standard_task_runner.py:104} INFO - Running: ['***', 'tasks', 'run', 'dag_xml_to_kafka', 'spark_xml_to_kafka', 'manual__2026-03-22T21:47:14.142396+00:00', '--job-id', '15', '--raw', '--subdir', 'DAGS_FOLDER/dag_xml_to_kafka.py', '--cfg-path', '/tmp/tmp0h6bypx8']
[2026-03-22T21:50:18.055+0000] {standard_task_runner.py:105} INFO - Job 15: Subtask spark_xml_to_kafka
[2026-03-22T21:50:18.079+0000] {task_command.py:467} INFO - Running <TaskInstance: dag_xml_to_kafka.spark_xml_to_kafka manual__2026-03-22T21:47:14.142396+00:00 [running]> on host 74e827941325
[2026-03-22T21:50:18.120+0000] {taskinstance.py:3158} INFO - Exporting env vars: AIRFLOW_CTX_DAG_OWNER='engenheiro_dados' AIRFLOW_CTX_DAG_ID='dag_xml_to_kafka' AIRFLOW_CTX_TASK_ID='spark_xml_to_kafka' AIRFLOW_CTX_EXECUTION_DATE='2026-03-22T21:47:14.142396+00:00' AIRFLOW_CTX_TRY_NUMBER='2' AIRFLOW_CTX_DAG_RUN_ID='manual__2026-03-22T21:47:14.142396+00:00'
[2026-03-22T21:50:18.121+0000] {taskinstance.py:740} INFO - ::endgroup::
[2026-03-22T21:50:18.129+0000] {base.py:84} INFO - Retrieving connection 'spark_default'
[2026-03-22T21:50:18.131+0000] {spark_submit.py:493} INFO - Spark-Submit cmd: spark-submit --master spark://spark-master:7077 --conf spark.master=spark://spark-master:7077 --conf spark.jars=/opt/spark/jars/spark-xml_2.12-0.18.0.jar,/opt/spark/jars/spark-sql-kafka-0-10_2.12-3.5.2.jar,/opt/spark/jars/kafka-clients-3.5.2.jar,/opt/spark/jars/spark-token-provider-kafka-0-10_2.12-3.5.2.jar,/opt/spark/jars/commons-pool2-2.12.0.jar --name arrow-spark --verbose /opt/spark/scripts/xml_to_kafka.py
[2026-03-22T21:50:18.182+0000] {spark_submit.py:663} INFO - /home/***/.local/lib/python3.10/site-packages/pyspark/bin/load-spark-env.sh: line 68: ps: command not found
[2026-03-22T21:50:18.813+0000] {spark_submit.py:663} INFO - Using properties file: null
[2026-03-22T21:50:18.868+0000] {spark_submit.py:663} INFO - Parsed arguments:
[2026-03-22T21:50:18.868+0000] {spark_submit.py:663} INFO - master                  spark://spark-master:7077
[2026-03-22T21:50:18.868+0000] {spark_submit.py:663} INFO - remote                  null
[2026-03-22T21:50:18.868+0000] {spark_submit.py:663} INFO - deployMode              null
[2026-03-22T21:50:18.869+0000] {spark_submit.py:663} INFO - executorMemory          null
[2026-03-22T21:50:18.869+0000] {spark_submit.py:663} INFO - executorCores           null
[2026-03-22T21:50:18.869+0000] {spark_submit.py:663} INFO - totalExecutorCores      null
[2026-03-22T21:50:18.869+0000] {spark_submit.py:663} INFO - propertiesFile          null
[2026-03-22T21:50:18.869+0000] {spark_submit.py:663} INFO - driverMemory            null
[2026-03-22T21:50:18.869+0000] {spark_submit.py:663} INFO - driverCores             null
[2026-03-22T21:50:18.869+0000] {spark_submit.py:663} INFO - driverExtraClassPath    null
[2026-03-22T21:50:18.869+0000] {spark_submit.py:663} INFO - driverExtraLibraryPath  null
[2026-03-22T21:50:18.869+0000] {spark_submit.py:663} INFO - driverExtraJavaOptions  null
[2026-03-22T21:50:18.869+0000] {spark_submit.py:663} INFO - supervise               false
[2026-03-22T21:50:18.870+0000] {spark_submit.py:663} INFO - queue                   null
[2026-03-22T21:50:18.870+0000] {spark_submit.py:663} INFO - numExecutors            null
[2026-03-22T21:50:18.870+0000] {spark_submit.py:663} INFO - files                   null
[2026-03-22T21:50:18.870+0000] {spark_submit.py:663} INFO - pyFiles                 null
[2026-03-22T21:50:18.870+0000] {spark_submit.py:663} INFO - archives                null
[2026-03-22T21:50:18.870+0000] {spark_submit.py:663} INFO - mainClass               null
[2026-03-22T21:50:18.870+0000] {spark_submit.py:663} INFO - primaryResource         file:/opt/spark/scripts/xml_to_kafka.py
[2026-03-22T21:50:18.870+0000] {spark_submit.py:663} INFO - name                    arrow-spark
[2026-03-22T21:50:18.870+0000] {spark_submit.py:663} INFO - childArgs               []
[2026-03-22T21:50:18.870+0000] {spark_submit.py:663} INFO - jars                    /opt/spark/jars/spark-xml_2.12-0.18.0.jar,/opt/spark/jars/spark-sql-kafka-0-10_2.12-3.5.2.jar,/opt/spark/jars/kafka-clients-3.5.2.jar,/opt/spark/jars/spark-token-provider-kafka-0-10_2.12-3.5.2.jar,/opt/spark/jars/commons-pool2-2.12.0.jar
[2026-03-22T21:50:18.871+0000] {spark_submit.py:663} INFO - packages                null
[2026-03-22T21:50:18.871+0000] {spark_submit.py:663} INFO - packagesExclusions      null
[2026-03-22T21:50:18.871+0000] {spark_submit.py:663} INFO - repositories            null
[2026-03-22T21:50:18.871+0000] {spark_submit.py:663} INFO - verbose                 true
[2026-03-22T21:50:18.871+0000] {spark_submit.py:663} INFO - 
[2026-03-22T21:50:18.871+0000] {spark_submit.py:663} INFO - Spark properties used, including those specified through
[2026-03-22T21:50:18.871+0000] {spark_submit.py:663} INFO - --conf and those from the properties file null:
[2026-03-22T21:50:18.871+0000] {spark_submit.py:663} INFO - (spark.jars,*********(redacted))
[2026-03-22T21:50:18.871+0000] {spark_submit.py:663} INFO - (spark.master,spark://spark-master:7077)
[2026-03-22T21:50:18.871+0000] {spark_submit.py:663} INFO - 
[2026-03-22T21:50:18.871+0000] {spark_submit.py:663} INFO - 
[2026-03-22T21:50:19.011+0000] {spark_submit.py:663} INFO - 26/03/22 21:50:19 WARN NativeCodeLoader: Unable to load native-hadoop library for your platform... using builtin-java classes where applicable
[2026-03-22T21:50:19.096+0000] {spark_submit.py:663} INFO - Main class:
[2026-03-22T21:50:19.096+0000] {spark_submit.py:663} INFO - org.apache.spark.deploy.PythonRunner
[2026-03-22T21:50:19.096+0000] {spark_submit.py:663} INFO - Arguments:
[2026-03-22T21:50:19.096+0000] {spark_submit.py:663} INFO - file:/opt/spark/scripts/xml_to_kafka.py
[2026-03-22T21:50:19.096+0000] {spark_submit.py:663} INFO - null
[2026-03-22T21:50:19.097+0000] {spark_submit.py:663} INFO - Spark config:
[2026-03-22T21:50:19.097+0000] {spark_submit.py:663} INFO - (spark.app.name,arrow-spark)
[2026-03-22T21:50:19.097+0000] {spark_submit.py:663} INFO - (spark.app.submitTime,1774216219086)
[2026-03-22T21:50:19.097+0000] {spark_submit.py:663} INFO - (spark.jars,*********(redacted))
[2026-03-22T21:50:19.097+0000] {spark_submit.py:663} INFO - (spark.master,spark://spark-master:7077)
[2026-03-22T21:50:19.098+0000] {spark_submit.py:663} INFO - (spark.repl.local.jars,*********(redacted))
[2026-03-22T21:50:19.098+0000] {spark_submit.py:663} INFO - (spark.submit.deployMode,client)
[2026-03-22T21:50:19.098+0000] {spark_submit.py:663} INFO - (spark.submit.pyFiles,)
[2026-03-22T21:50:19.098+0000] {spark_submit.py:663} INFO - Classpath elements:
[2026-03-22T21:50:19.098+0000] {spark_submit.py:663} INFO - file:/opt/spark/jars/spark-xml_2.12-0.18.0.jar
[2026-03-22T21:50:19.098+0000] {spark_submit.py:663} INFO - file:/opt/spark/jars/spark-sql-kafka-0-10_2.12-3.5.2.jar
[2026-03-22T21:50:19.098+0000] {spark_submit.py:663} INFO - file:/opt/spark/jars/kafka-clients-3.5.2.jar
[2026-03-22T21:50:19.098+0000] {spark_submit.py:663} INFO - file:/opt/spark/jars/spark-token-provider-kafka-0-10_2.12-3.5.2.jar
[2026-03-22T21:50:19.098+0000] {spark_submit.py:663} INFO - file:/opt/spark/jars/commons-pool2-2.12.0.jar
[2026-03-22T21:50:19.098+0000] {spark_submit.py:663} INFO - 
[2026-03-22T21:50:19.098+0000] {spark_submit.py:663} INFO - 
[2026-03-22T21:50:19.099+0000] {spark_submit.py:663} INFO - 26/03/22 21:50:19 WARN DependencyUtils: Local jar /opt/spark/jars/spark-xml_2.12-0.18.0.jar does not exist, skipping.
[2026-03-22T21:50:19.099+0000] {spark_submit.py:663} INFO - 26/03/22 21:50:19 WARN DependencyUtils: Local jar /opt/spark/jars/spark-sql-kafka-0-10_2.12-3.5.2.jar does not exist, skipping.
[2026-03-22T21:50:19.099+0000] {spark_submit.py:663} INFO - 26/03/22 21:50:19 WARN DependencyUtils: Local jar /opt/spark/jars/kafka-clients-3.5.2.jar does not exist, skipping.
[2026-03-22T21:50:19.099+0000] {spark_submit.py:663} INFO - 26/03/22 21:50:19 WARN DependencyUtils: Local jar /opt/spark/jars/spark-token-provider-kafka-0-10_2.12-3.5.2.jar does not exist, skipping.
[2026-03-22T21:50:19.099+0000] {spark_submit.py:663} INFO - 26/03/22 21:50:19 WARN DependencyUtils: Local jar /opt/spark/jars/commons-pool2-2.12.0.jar does not exist, skipping.
[2026-03-22T21:50:19.632+0000] {spark_submit.py:663} INFO - 26/03/22 21:50:19 INFO SparkContext: Running Spark version 3.5.2
[2026-03-22T21:50:19.632+0000] {spark_submit.py:663} INFO - 26/03/22 21:50:19 INFO SparkContext: OS info Linux, 6.19.7-1-cachyos, amd64
[2026-03-22T21:50:19.632+0000] {spark_submit.py:663} INFO - 26/03/22 21:50:19 INFO SparkContext: Java version 17.0.18
[2026-03-22T21:50:19.644+0000] {spark_submit.py:663} INFO - 26/03/22 21:50:19 INFO ResourceUtils: ==============================================================
[2026-03-22T21:50:19.644+0000] {spark_submit.py:663} INFO - 26/03/22 21:50:19 INFO ResourceUtils: No custom resources configured for spark.driver.
[2026-03-22T21:50:19.644+0000] {spark_submit.py:663} INFO - 26/03/22 21:50:19 INFO ResourceUtils: ==============================================================
[2026-03-22T21:50:19.645+0000] {spark_submit.py:663} INFO - 26/03/22 21:50:19 INFO SparkContext: Submitted application: DAG1_XML_to_Kafka
[2026-03-22T21:50:19.654+0000] {spark_submit.py:663} INFO - 26/03/22 21:50:19 INFO ResourceProfile: Default ResourceProfile created, executor resources: Map(memory -> name: memory, amount: 1024, script: , vendor: , offHeap -> name: offHeap, amount: 0, script: , vendor: ), task resources: Map(cpus -> name: cpus, amount: 1.0)
[2026-03-22T21:50:19.658+0000] {spark_submit.py:663} INFO - 26/03/22 21:50:19 INFO ResourceProfile: Limiting resource is cpu
[2026-03-22T21:50:19.658+0000] {spark_submit.py:663} INFO - 26/03/22 21:50:19 INFO ResourceProfileManager: Added ResourceProfile id: 0
[2026-03-22T21:50:19.680+0000] {spark_submit.py:663} INFO - 26/03/22 21:50:19 INFO SecurityManager: Changing view acls to: ***
[2026-03-22T21:50:19.680+0000] {spark_submit.py:663} INFO - 26/03/22 21:50:19 INFO SecurityManager: Changing modify acls to: ***
[2026-03-22T21:50:19.681+0000] {spark_submit.py:663} INFO - 26/03/22 21:50:19 INFO SecurityManager: Changing view acls groups to:
[2026-03-22T21:50:19.681+0000] {spark_submit.py:663} INFO - 26/03/22 21:50:19 INFO SecurityManager: Changing modify acls groups to:
[2026-03-22T21:50:19.681+0000] {spark_submit.py:663} INFO - 26/03/22 21:50:19 INFO SecurityManager: SecurityManager: authentication disabled; ui acls disabled; users with view permissions: ***; groups with view permissions: EMPTY; users with modify permissions: ***; groups with modify permissions: EMPTY
[2026-03-22T21:50:19.777+0000] {spark_submit.py:663} INFO - 26/03/22 21:50:19 INFO Utils: Successfully started service 'sparkDriver' on port 37973.
[2026-03-22T21:50:19.787+0000] {spark_submit.py:663} INFO - 26/03/22 21:50:19 INFO SparkEnv: Registering MapOutputTracker
[2026-03-22T21:50:19.803+0000] {spark_submit.py:663} INFO - 26/03/22 21:50:19 INFO SparkEnv: Registering BlockManagerMaster
[2026-03-22T21:50:19.811+0000] {spark_submit.py:663} INFO - 26/03/22 21:50:19 INFO BlockManagerMasterEndpoint: Using org.apache.spark.storage.DefaultTopologyMapper for getting topology information
[2026-03-22T21:50:19.812+0000] {spark_submit.py:663} INFO - 26/03/22 21:50:19 INFO BlockManagerMasterEndpoint: BlockManagerMasterEndpoint up
[2026-03-22T21:50:19.813+0000] {spark_submit.py:663} INFO - 26/03/22 21:50:19 INFO SparkEnv: Registering BlockManagerMasterHeartbeat
[2026-03-22T21:50:19.823+0000] {spark_submit.py:663} INFO - 26/03/22 21:50:19 INFO DiskBlockManager: Created local directory at /tmp/blockmgr-abe6ecdb-a976-4465-ae2a-d191a0ba4e23
[2026-03-22T21:50:19.830+0000] {spark_submit.py:663} INFO - 26/03/22 21:50:19 INFO MemoryStore: MemoryStore started with capacity 434.4 MiB
[2026-03-22T21:50:19.837+0000] {spark_submit.py:663} INFO - 26/03/22 21:50:19 INFO SparkEnv: Registering OutputCommitCoordinator
[2026-03-22T21:50:19.900+0000] {spark_submit.py:663} INFO - 26/03/22 21:50:19 INFO JettyUtils: Start Jetty 0.0.0.0:4040 for SparkUI
[2026-03-22T21:50:19.934+0000] {spark_submit.py:663} INFO - 26/03/22 21:50:19 WARN Utils: Service 'SparkUI' could not bind on port 4040. Attempting port 4041.
[2026-03-22T21:50:19.939+0000] {spark_submit.py:663} INFO - 26/03/22 21:50:19 INFO Utils: Successfully started service 'SparkUI' on port 4041.
[2026-03-22T21:50:19.956+0000] {spark_submit.py:663} INFO - 26/03/22 21:50:19 ERROR SparkContext: Failed to add file:/opt/spark/jars/spark-xml_2.12-0.18.0.jar to Spark environment
[2026-03-22T21:50:19.957+0000] {spark_submit.py:663} INFO - java.io.FileNotFoundException: Jar /opt/spark/jars/spark-xml_2.12-0.18.0.jar not found
[2026-03-22T21:50:19.957+0000] {spark_submit.py:663} INFO - at org.apache.spark.SparkContext.addLocalJarFile$1(SparkContext.scala:2095)
[2026-03-22T21:50:19.957+0000] {spark_submit.py:663} INFO - at org.apache.spark.SparkContext.addJar(SparkContext.scala:2151)
[2026-03-22T21:50:19.957+0000] {spark_submit.py:663} INFO - at org.apache.spark.SparkContext.$anonfun$new$15(SparkContext.scala:521)
[2026-03-22T21:50:19.957+0000] {spark_submit.py:663} INFO - at org.apache.spark.SparkContext.$anonfun$new$15$adapted(SparkContext.scala:521)
[2026-03-22T21:50:19.957+0000] {spark_submit.py:663} INFO - at scala.collection.mutable.ResizableArray.foreach(ResizableArray.scala:62)
[2026-03-22T21:50:19.957+0000] {spark_submit.py:663} INFO - at scala.collection.mutable.ResizableArray.foreach$(ResizableArray.scala:55)
[2026-03-22T21:50:19.957+0000] {spark_submit.py:663} INFO - at scala.collection.mutable.ArrayBuffer.foreach(ArrayBuffer.scala:49)
[2026-03-22T21:50:19.958+0000] {spark_submit.py:663} INFO - at org.apache.spark.SparkContext.<init>(SparkContext.scala:521)
[2026-03-22T21:50:19.958+0000] {spark_submit.py:663} INFO - at org.apache.spark.api.java.JavaSparkContext.<init>(JavaSparkContext.scala:58)
[2026-03-22T21:50:19.958+0000] {spark_submit.py:663} INFO - at java.base/jdk.internal.reflect.NativeConstructorAccessorImpl.newInstance0(Native Method)
[2026-03-22T21:50:19.958+0000] {spark_submit.py:663} INFO - at java.base/jdk.internal.reflect.NativeConstructorAccessorImpl.newInstance(NativeConstructorAccessorImpl.java:77)
[2026-03-22T21:50:19.958+0000] {spark_submit.py:663} INFO - at java.base/jdk.internal.reflect.DelegatingConstructorAccessorImpl.newInstance(DelegatingConstructorAccessorImpl.java:45)
[2026-03-22T21:50:19.958+0000] {spark_submit.py:663} INFO - at java.base/java.lang.reflect.Constructor.newInstanceWithCaller(Constructor.java:500)
[2026-03-22T21:50:19.958+0000] {spark_submit.py:663} INFO - at java.base/java.lang.reflect.Constructor.newInstance(Constructor.java:481)
[2026-03-22T21:50:19.958+0000] {spark_submit.py:663} INFO - at py4j.reflection.MethodInvoker.invoke(MethodInvoker.java:247)
[2026-03-22T21:50:19.958+0000] {spark_submit.py:663} INFO - at py4j.reflection.ReflectionEngine.invoke(ReflectionEngine.java:374)
[2026-03-22T21:50:19.958+0000] {spark_submit.py:663} INFO - at py4j.Gateway.invoke(Gateway.java:238)
[2026-03-22T21:50:19.959+0000] {spark_submit.py:663} INFO - at py4j.commands.ConstructorCommand.invokeConstructor(ConstructorCommand.java:80)
[2026-03-22T21:50:19.959+0000] {spark_submit.py:663} INFO - at py4j.commands.ConstructorCommand.execute(ConstructorCommand.java:69)
[2026-03-22T21:50:19.959+0000] {spark_submit.py:663} INFO - at py4j.ClientServerConnection.waitForCommands(ClientServerConnection.java:182)
[2026-03-22T21:50:19.959+0000] {spark_submit.py:663} INFO - at py4j.ClientServerConnection.run(ClientServerConnection.java:106)
[2026-03-22T21:50:19.959+0000] {spark_submit.py:663} INFO - at java.base/java.lang.Thread.run(Thread.java:840)
[2026-03-22T21:50:19.959+0000] {spark_submit.py:663} INFO - 26/03/22 21:50:19 ERROR SparkContext: Failed to add file:/opt/spark/jars/spark-sql-kafka-0-10_2.12-3.5.2.jar to Spark environment
[2026-03-22T21:50:19.959+0000] {spark_submit.py:663} INFO - java.io.FileNotFoundException: Jar /opt/spark/jars/spark-sql-kafka-0-10_2.12-3.5.2.jar not found
[2026-03-22T21:50:19.959+0000] {spark_submit.py:663} INFO - at org.apache.spark.SparkContext.addLocalJarFile$1(SparkContext.scala:2095)
[2026-03-22T21:50:19.959+0000] {spark_submit.py:663} INFO - at org.apache.spark.SparkContext.addJar(SparkContext.scala:2151)
[2026-03-22T21:50:19.959+0000] {spark_submit.py:663} INFO - at org.apache.spark.SparkContext.$anonfun$new$15(SparkContext.scala:521)
[2026-03-22T21:50:19.959+0000] {spark_submit.py:663} INFO - at org.apache.spark.SparkContext.$anonfun$new$15$adapted(SparkContext.scala:521)
[2026-03-22T21:50:19.960+0000] {spark_submit.py:663} INFO - at scala.collection.mutable.ResizableArray.foreach(ResizableArray.scala:62)
[2026-03-22T21:50:19.960+0000] {spark_submit.py:663} INFO - at scala.collection.mutable.ResizableArray.foreach$(ResizableArray.scala:55)
[2026-03-22T21:50:19.960+0000] {spark_submit.py:663} INFO - at scala.collection.mutable.ArrayBuffer.foreach(ArrayBuffer.scala:49)
[2026-03-22T21:50:19.960+0000] {spark_submit.py:663} INFO - at org.apache.spark.SparkContext.<init>(SparkContext.scala:521)
[2026-03-22T21:50:19.960+0000] {spark_submit.py:663} INFO - at org.apache.spark.api.java.JavaSparkContext.<init>(JavaSparkContext.scala:58)
[2026-03-22T21:50:19.960+0000] {spark_submit.py:663} INFO - at java.base/jdk.internal.reflect.NativeConstructorAccessorImpl.newInstance0(Native Method)
[2026-03-22T21:50:19.960+0000] {spark_submit.py:663} INFO - at java.base/jdk.internal.reflect.NativeConstructorAccessorImpl.newInstance(NativeConstructorAccessorImpl.java:77)
[2026-03-22T21:50:19.960+0000] {spark_submit.py:663} INFO - at java.base/jdk.internal.reflect.DelegatingConstructorAccessorImpl.newInstance(DelegatingConstructorAccessorImpl.java:45)
[2026-03-22T21:50:19.960+0000] {spark_submit.py:663} INFO - at java.base/java.lang.reflect.Constructor.newInstanceWithCaller(Constructor.java:500)
[2026-03-22T21:50:19.960+0000] {spark_submit.py:663} INFO - at java.base/java.lang.reflect.Constructor.newInstance(Constructor.java:481)
[2026-03-22T21:50:19.960+0000] {spark_submit.py:663} INFO - at py4j.reflection.MethodInvoker.invoke(MethodInvoker.java:247)
[2026-03-22T21:50:19.961+0000] {spark_submit.py:663} INFO - at py4j.reflection.ReflectionEngine.invoke(ReflectionEngine.java:374)
[2026-03-22T21:50:19.961+0000] {spark_submit.py:663} INFO - at py4j.Gateway.invoke(Gateway.java:238)
[2026-03-22T21:50:19.961+0000] {spark_submit.py:663} INFO - at py4j.commands.ConstructorCommand.invokeConstructor(ConstructorCommand.java:80)
[2026-03-22T21:50:19.961+0000] {spark_submit.py:663} INFO - at py4j.commands.ConstructorCommand.execute(ConstructorCommand.java:69)
[2026-03-22T21:50:19.961+0000] {spark_submit.py:663} INFO - at py4j.ClientServerConnection.waitForCommands(ClientServerConnection.java:182)
[2026-03-22T21:50:19.961+0000] {spark_submit.py:663} INFO - at py4j.ClientServerConnection.run(ClientServerConnection.java:106)
[2026-03-22T21:50:19.961+0000] {spark_submit.py:663} INFO - at java.base/java.lang.Thread.run(Thread.java:840)
[2026-03-22T21:50:19.961+0000] {spark_submit.py:663} INFO - 26/03/22 21:50:19 ERROR SparkContext: Failed to add file:/opt/spark/jars/kafka-clients-3.5.2.jar to Spark environment
[2026-03-22T21:50:19.961+0000] {spark_submit.py:663} INFO - java.io.FileNotFoundException: Jar /opt/spark/jars/kafka-clients-3.5.2.jar not found
[2026-03-22T21:50:19.961+0000] {spark_submit.py:663} INFO - at org.apache.spark.SparkContext.addLocalJarFile$1(SparkContext.scala:2095)
[2026-03-22T21:50:19.961+0000] {spark_submit.py:663} INFO - at org.apache.spark.SparkContext.addJar(SparkContext.scala:2151)
[2026-03-22T21:50:19.961+0000] {spark_submit.py:663} INFO - at org.apache.spark.SparkContext.$anonfun$new$15(SparkContext.scala:521)
[2026-03-22T21:50:19.962+0000] {spark_submit.py:663} INFO - at org.apache.spark.SparkContext.$anonfun$new$15$adapted(SparkContext.scala:521)
[2026-03-22T21:50:19.962+0000] {spark_submit.py:663} INFO - at scala.collection.mutable.ResizableArray.foreach(ResizableArray.scala:62)
[2026-03-22T21:50:19.962+0000] {spark_submit.py:663} INFO - at scala.collection.mutable.ResizableArray.foreach$(ResizableArray.scala:55)
[2026-03-22T21:50:19.962+0000] {spark_submit.py:663} INFO - at scala.collection.mutable.ArrayBuffer.foreach(ArrayBuffer.scala:49)
[2026-03-22T21:50:19.962+0000] {spark_submit.py:663} INFO - at org.apache.spark.SparkContext.<init>(SparkContext.scala:521)
[2026-03-22T21:50:19.962+0000] {spark_submit.py:663} INFO - at org.apache.spark.api.java.JavaSparkContext.<init>(JavaSparkContext.scala:58)
[2026-03-22T21:50:19.962+0000] {spark_submit.py:663} INFO - at java.base/jdk.internal.reflect.NativeConstructorAccessorImpl.newInstance0(Native Method)
[2026-03-22T21:50:19.962+0000] {spark_submit.py:663} INFO - at java.base/jdk.internal.reflect.NativeConstructorAccessorImpl.newInstance(NativeConstructorAccessorImpl.java:77)
[2026-03-22T21:50:19.962+0000] {spark_submit.py:663} INFO - at java.base/jdk.internal.reflect.DelegatingConstructorAccessorImpl.newInstance(DelegatingConstructorAccessorImpl.java:45)
[2026-03-22T21:50:19.962+0000] {spark_submit.py:663} INFO - at java.base/java.lang.reflect.Constructor.newInstanceWithCaller(Constructor.java:500)
[2026-03-22T21:50:19.962+0000] {spark_submit.py:663} INFO - at java.base/java.lang.reflect.Constructor.newInstance(Constructor.java:481)
[2026-03-22T21:50:19.962+0000] {spark_submit.py:663} INFO - at py4j.reflection.MethodInvoker.invoke(MethodInvoker.java:247)
[2026-03-22T21:50:19.962+0000] {spark_submit.py:663} INFO - at py4j.reflection.ReflectionEngine.invoke(ReflectionEngine.java:374)
[2026-03-22T21:50:19.963+0000] {spark_submit.py:663} INFO - at py4j.Gateway.invoke(Gateway.java:238)
[2026-03-22T21:50:19.963+0000] {spark_submit.py:663} INFO - at py4j.commands.ConstructorCommand.invokeConstructor(ConstructorCommand.java:80)
[2026-03-22T21:50:19.963+0000] {spark_submit.py:663} INFO - at py4j.commands.ConstructorCommand.execute(ConstructorCommand.java:69)
[2026-03-22T21:50:19.963+0000] {spark_submit.py:663} INFO - at py4j.ClientServerConnection.waitForCommands(ClientServerConnection.java:182)
[2026-03-22T21:50:19.963+0000] {spark_submit.py:663} INFO - at py4j.ClientServerConnection.run(ClientServerConnection.java:106)
[2026-03-22T21:50:19.963+0000] {spark_submit.py:663} INFO - at java.base/java.lang.Thread.run(Thread.java:840)
[2026-03-22T21:50:19.963+0000] {spark_submit.py:663} INFO - 26/03/22 21:50:19 ERROR SparkContext: Failed to add file:/opt/spark/jars/spark-token-provider-kafka-0-10_2.12-3.5.2.jar to Spark environment
[2026-03-22T21:50:19.963+0000] {spark_submit.py:663} INFO - java.io.FileNotFoundException: Jar /opt/spark/jars/spark-token-provider-kafka-0-10_2.12-3.5.2.jar not found
[2026-03-22T21:50:19.963+0000] {spark_submit.py:663} INFO - at org.apache.spark.SparkContext.addLocalJarFile$1(SparkContext.scala:2095)
[2026-03-22T21:50:19.963+0000] {spark_submit.py:663} INFO - at org.apache.spark.SparkContext.addJar(SparkContext.scala:2151)
[2026-03-22T21:50:19.963+0000] {spark_submit.py:663} INFO - at org.apache.spark.SparkContext.$anonfun$new$15(SparkContext.scala:521)
[2026-03-22T21:50:19.963+0000] {spark_submit.py:663} INFO - at org.apache.spark.SparkContext.$anonfun$new$15$adapted(SparkContext.scala:521)
[2026-03-22T21:50:19.963+0000] {spark_submit.py:663} INFO - at scala.collection.mutable.ResizableArray.foreach(ResizableArray.scala:62)
[2026-03-22T21:50:19.964+0000] {spark_submit.py:663} INFO - at scala.collection.mutable.ResizableArray.foreach$(ResizableArray.scala:55)
[2026-03-22T21:50:19.964+0000] {spark_submit.py:663} INFO - at scala.collection.mutable.ArrayBuffer.foreach(ArrayBuffer.scala:49)
[2026-03-22T21:50:19.964+0000] {spark_submit.py:663} INFO - at org.apache.spark.SparkContext.<init>(SparkContext.scala:521)
[2026-03-22T21:50:19.964+0000] {spark_submit.py:663} INFO - at org.apache.spark.api.java.JavaSparkContext.<init>(JavaSparkContext.scala:58)
[2026-03-22T21:50:19.964+0000] {spark_submit.py:663} INFO - at java.base/jdk.internal.reflect.NativeConstructorAccessorImpl.newInstance0(Native Method)
[2026-03-22T21:50:19.964+0000] {spark_submit.py:663} INFO - at java.base/jdk.internal.reflect.NativeConstructorAccessorImpl.newInstance(NativeConstructorAccessorImpl.java:77)
[2026-03-22T21:50:19.964+0000] {spark_submit.py:663} INFO - at java.base/jdk.internal.reflect.DelegatingConstructorAccessorImpl.newInstance(DelegatingConstructorAccessorImpl.java:45)
[2026-03-22T21:50:19.964+0000] {spark_submit.py:663} INFO - at java.base/java.lang.reflect.Constructor.newInstanceWithCaller(Constructor.java:500)
[2026-03-22T21:50:19.964+0000] {spark_submit.py:663} INFO - at java.base/java.lang.reflect.Constructor.newInstance(Constructor.java:481)
[2026-03-22T21:50:19.964+0000] {spark_submit.py:663} INFO - at py4j.reflection.MethodInvoker.invoke(MethodInvoker.java:247)
[2026-03-22T21:50:19.964+0000] {spark_submit.py:663} INFO - at py4j.reflection.ReflectionEngine.invoke(ReflectionEngine.java:374)
[2026-03-22T21:50:19.964+0000] {spark_submit.py:663} INFO - at py4j.Gateway.invoke(Gateway.java:238)
[2026-03-22T21:50:19.964+0000] {spark_submit.py:663} INFO - at py4j.commands.ConstructorCommand.invokeConstructor(ConstructorCommand.java:80)
[2026-03-22T21:50:19.965+0000] {spark_submit.py:663} INFO - at py4j.commands.ConstructorCommand.execute(ConstructorCommand.java:69)
[2026-03-22T21:50:19.965+0000] {spark_submit.py:663} INFO - at py4j.ClientServerConnection.waitForCommands(ClientServerConnection.java:182)
[2026-03-22T21:50:19.965+0000] {spark_submit.py:663} INFO - at py4j.ClientServerConnection.run(ClientServerConnection.java:106)
[2026-03-22T21:50:19.965+0000] {spark_submit.py:663} INFO - at java.base/java.lang.Thread.run(Thread.java:840)
[2026-03-22T21:50:19.965+0000] {spark_submit.py:663} INFO - 26/03/22 21:50:19 ERROR SparkContext: Failed to add file:/opt/spark/jars/commons-pool2-2.12.0.jar to Spark environment
[2026-03-22T21:50:19.965+0000] {spark_submit.py:663} INFO - java.io.FileNotFoundException: Jar /opt/spark/jars/commons-pool2-2.12.0.jar not found
[2026-03-22T21:50:19.965+0000] {spark_submit.py:663} INFO - at org.apache.spark.SparkContext.addLocalJarFile$1(SparkContext.scala:2095)
[2026-03-22T21:50:19.965+0000] {spark_submit.py:663} INFO - at org.apache.spark.SparkContext.addJar(SparkContext.scala:2151)
[2026-03-22T21:50:19.965+0000] {spark_submit.py:663} INFO - at org.apache.spark.SparkContext.$anonfun$new$15(SparkContext.scala:521)
[2026-03-22T21:50:19.966+0000] {spark_submit.py:663} INFO - at org.apache.spark.SparkContext.$anonfun$new$15$adapted(SparkContext.scala:521)
[2026-03-22T21:50:19.966+0000] {spark_submit.py:663} INFO - at scala.collection.mutable.ResizableArray.foreach(ResizableArray.scala:62)
[2026-03-22T21:50:19.966+0000] {spark_submit.py:663} INFO - at scala.collection.mutable.ResizableArray.foreach$(ResizableArray.scala:55)
[2026-03-22T21:50:19.966+0000] {spark_submit.py:663} INFO - at scala.collection.mutable.ArrayBuffer.foreach(ArrayBuffer.scala:49)
[2026-03-22T21:50:19.966+0000] {spark_submit.py:663} INFO - at org.apache.spark.SparkContext.<init>(SparkContext.scala:521)
[2026-03-22T21:50:19.966+0000] {spark_submit.py:663} INFO - at org.apache.spark.api.java.JavaSparkContext.<init>(JavaSparkContext.scala:58)
[2026-03-22T21:50:19.966+0000] {spark_submit.py:663} INFO - at java.base/jdk.internal.reflect.NativeConstructorAccessorImpl.newInstance0(Native Method)
[2026-03-22T21:50:19.967+0000] {spark_submit.py:663} INFO - at java.base/jdk.internal.reflect.NativeConstructorAccessorImpl.newInstance(NativeConstructorAccessorImpl.java:77)
[2026-03-22T21:50:19.967+0000] {spark_submit.py:663} INFO - at java.base/jdk.internal.reflect.DelegatingConstructorAccessorImpl.newInstance(DelegatingConstructorAccessorImpl.java:45)
[2026-03-22T21:50:19.967+0000] {spark_submit.py:663} INFO - at java.base/java.lang.reflect.Constructor.newInstanceWithCaller(Constructor.java:500)
[2026-03-22T21:50:19.967+0000] {spark_submit.py:663} INFO - at java.base/java.lang.reflect.Constructor.newInstance(Constructor.java:481)
[2026-03-22T21:50:19.967+0000] {spark_submit.py:663} INFO - at py4j.reflection.MethodInvoker.invoke(MethodInvoker.java:247)
[2026-03-22T21:50:19.967+0000] {spark_submit.py:663} INFO - at py4j.reflection.ReflectionEngine.invoke(ReflectionEngine.java:374)
[2026-03-22T21:50:19.967+0000] {spark_submit.py:663} INFO - at py4j.Gateway.invoke(Gateway.java:238)
[2026-03-22T21:50:19.967+0000] {spark_submit.py:663} INFO - at py4j.commands.ConstructorCommand.invokeConstructor(ConstructorCommand.java:80)
[2026-03-22T21:50:19.968+0000] {spark_submit.py:663} INFO - at py4j.commands.ConstructorCommand.execute(ConstructorCommand.java:69)
[2026-03-22T21:50:19.968+0000] {spark_submit.py:663} INFO - at py4j.ClientServerConnection.waitForCommands(ClientServerConnection.java:182)
[2026-03-22T21:50:19.968+0000] {spark_submit.py:663} INFO - at py4j.ClientServerConnection.run(ClientServerConnection.java:106)
[2026-03-22T21:50:19.968+0000] {spark_submit.py:663} INFO - at java.base/java.lang.Thread.run(Thread.java:840)
[2026-03-22T21:50:19.991+0000] {spark_submit.py:663} INFO - 26/03/22 21:50:19 INFO StandaloneAppClient$ClientEndpoint: Connecting to master spark://spark-master:7077...
[2026-03-22T21:50:23.515+0000] {spark_submit.py:663} INFO - 26/03/22 21:50:23 WARN TransportClientFactory: DNS resolution failed for spark-master/<unresolved>:7077 took 3516 ms
[2026-03-22T21:50:23.531+0000] {spark_submit.py:663} INFO - 26/03/22 21:50:23 WARN StandaloneAppClient$ClientEndpoint: Failed to connect to master spark-master:7077
[2026-03-22T21:50:23.531+0000] {spark_submit.py:663} INFO - org.apache.spark.SparkException: Exception thrown in awaitResult:
[2026-03-22T21:50:23.531+0000] {spark_submit.py:663} INFO - at org.apache.spark.util.SparkThreadUtils$.awaitResult(SparkThreadUtils.scala:56)
[2026-03-22T21:50:23.531+0000] {spark_submit.py:663} INFO - at org.apache.spark.util.ThreadUtils$.awaitResult(ThreadUtils.scala:310)
[2026-03-22T21:50:23.531+0000] {spark_submit.py:663} INFO - at org.apache.spark.rpc.RpcTimeout.awaitResult(RpcTimeout.scala:75)
[2026-03-22T21:50:23.531+0000] {spark_submit.py:663} INFO - at org.apache.spark.rpc.RpcEnv.setupEndpointRefByURI(RpcEnv.scala:102)
[2026-03-22T21:50:23.531+0000] {spark_submit.py:663} INFO - at org.apache.spark.rpc.RpcEnv.setupEndpointRef(RpcEnv.scala:110)
[2026-03-22T21:50:23.531+0000] {spark_submit.py:663} INFO - at org.apache.spark.deploy.client.StandaloneAppClient$ClientEndpoint$$anon$1.run(StandaloneAppClient.scala:108)
[2026-03-22T21:50:23.532+0000] {spark_submit.py:663} INFO - at java.base/java.util.concurrent.Executors$RunnableAdapter.call(Executors.java:539)
[2026-03-22T21:50:23.532+0000] {spark_submit.py:663} INFO - at java.base/java.util.concurrent.FutureTask.run(FutureTask.java:264)
[2026-03-22T21:50:23.532+0000] {spark_submit.py:663} INFO - at java.base/java.util.concurrent.ThreadPoolExecutor.runWorker(ThreadPoolExecutor.java:1136)
[2026-03-22T21:50:23.532+0000] {spark_submit.py:663} INFO - at java.base/java.util.concurrent.ThreadPoolExecutor$Worker.run(ThreadPoolExecutor.java:635)
[2026-03-22T21:50:23.532+0000] {spark_submit.py:663} INFO - at java.base/java.lang.Thread.run(Thread.java:840)
[2026-03-22T21:50:23.532+0000] {spark_submit.py:663} INFO - Caused by: java.io.IOException: Failed to connect to spark-master/<unresolved>:7077
[2026-03-22T21:50:23.532+0000] {spark_submit.py:663} INFO - at org.apache.spark.network.client.TransportClientFactory.createClient(TransportClientFactory.java:294)
[2026-03-22T21:50:23.532+0000] {spark_submit.py:663} INFO - at org.apache.spark.network.client.TransportClientFactory.createClient(TransportClientFactory.java:214)
[2026-03-22T21:50:23.532+0000] {spark_submit.py:663} INFO - at org.apache.spark.network.client.TransportClientFactory.createClient(TransportClientFactory.java:226)
[2026-03-22T21:50:23.532+0000] {spark_submit.py:663} INFO - at org.apache.spark.rpc.netty.NettyRpcEnv.createClient(NettyRpcEnv.scala:204)
[2026-03-22T21:50:23.532+0000] {spark_submit.py:663} INFO - at org.apache.spark.rpc.netty.Outbox$$anon$1.call(Outbox.scala:202)
[2026-03-22T21:50:23.532+0000] {spark_submit.py:663} INFO - at org.apache.spark.rpc.netty.Outbox$$anon$1.call(Outbox.scala:198)
[2026-03-22T21:50:23.532+0000] {spark_submit.py:663} INFO - ... 4 more
[2026-03-22T21:50:23.533+0000] {spark_submit.py:663} INFO - Caused by: java.net.UnknownHostException: spark-master
[2026-03-22T21:50:23.533+0000] {spark_submit.py:663} INFO - at java.base/java.net.InetAddress$CachedAddresses.get(InetAddress.java:801)
[2026-03-22T21:50:23.533+0000] {spark_submit.py:663} INFO - at java.base/java.net.InetAddress.getAllByName0(InetAddress.java:1533)
[2026-03-22T21:50:23.533+0000] {spark_submit.py:663} INFO - at java.base/java.net.InetAddress.getAllByName(InetAddress.java:1385)
[2026-03-22T21:50:23.533+0000] {spark_submit.py:663} INFO - at java.base/java.net.InetAddress.getAllByName(InetAddress.java:1306)
[2026-03-22T21:50:23.533+0000] {spark_submit.py:663} INFO - at java.base/java.net.InetAddress.getByName(InetAddress.java:1256)
[2026-03-22T21:50:23.533+0000] {spark_submit.py:663} INFO - at io.netty.util.internal.SocketUtils$8.run(SocketUtils.java:156)
[2026-03-22T21:50:23.533+0000] {spark_submit.py:663} INFO - at io.netty.util.internal.SocketUtils$8.run(SocketUtils.java:153)
[2026-03-22T21:50:23.533+0000] {spark_submit.py:663} INFO - at java.base/java.security.AccessController.doPrivileged(AccessController.java:569)
[2026-03-22T21:50:23.533+0000] {spark_submit.py:663} INFO - at io.netty.util.internal.SocketUtils.addressByName(SocketUtils.java:153)
[2026-03-22T21:50:23.533+0000] {spark_submit.py:663} INFO - at io.netty.resolver.DefaultNameResolver.doResolve(DefaultNameResolver.java:41)
[2026-03-22T21:50:23.533+0000] {spark_submit.py:663} INFO - at io.netty.resolver.SimpleNameResolver.resolve(SimpleNameResolver.java:61)
[2026-03-22T21:50:23.533+0000] {spark_submit.py:663} INFO - at io.netty.resolver.SimpleNameResolver.resolve(SimpleNameResolver.java:53)
[2026-03-22T21:50:23.534+0000] {spark_submit.py:663} INFO - at io.netty.resolver.InetSocketAddressResolver.doResolve(InetSocketAddressResolver.java:55)
[2026-03-22T21:50:23.534+0000] {spark_submit.py:663} INFO - at io.netty.resolver.InetSocketAddressResolver.doResolve(InetSocketAddressResolver.java:31)
[2026-03-22T21:50:23.534+0000] {spark_submit.py:663} INFO - at io.netty.resolver.AbstractAddressResolver.resolve(AbstractAddressResolver.java:106)
[2026-03-22T21:50:23.534+0000] {spark_submit.py:663} INFO - at io.netty.bootstrap.Bootstrap.doResolveAndConnect0(Bootstrap.java:220)
[2026-03-22T21:50:23.534+0000] {spark_submit.py:663} INFO - at io.netty.bootstrap.Bootstrap.access$000(Bootstrap.java:46)
[2026-03-22T21:50:23.534+0000] {spark_submit.py:663} INFO - at io.netty.bootstrap.Bootstrap$1.operationComplete(Bootstrap.java:189)
[2026-03-22T21:50:23.534+0000] {spark_submit.py:663} INFO - at io.netty.bootstrap.Bootstrap$1.operationComplete(Bootstrap.java:175)
[2026-03-22T21:50:23.534+0000] {spark_submit.py:663} INFO - at io.netty.util.concurrent.DefaultPromise.notifyListener0(DefaultPromise.java:590)
[2026-03-22T21:50:23.534+0000] {spark_submit.py:663} INFO - at io.netty.util.concurrent.DefaultPromise.notifyListenersNow(DefaultPromise.java:557)
[2026-03-22T21:50:23.534+0000] {spark_submit.py:663} INFO - at io.netty.util.concurrent.DefaultPromise.notifyListeners(DefaultPromise.java:492)
[2026-03-22T21:50:23.534+0000] {spark_submit.py:663} INFO - at io.netty.util.concurrent.DefaultPromise.setValue0(DefaultPromise.java:636)
[2026-03-22T21:50:23.534+0000] {spark_submit.py:663} INFO - at io.netty.util.concurrent.DefaultPromise.setSuccess0(DefaultPromise.java:625)
[2026-03-22T21:50:23.534+0000] {spark_submit.py:663} INFO - at io.netty.util.concurrent.DefaultPromise.trySuccess(DefaultPromise.java:105)
[2026-03-22T21:50:23.535+0000] {spark_submit.py:663} INFO - at io.netty.channel.DefaultChannelPromise.trySuccess(DefaultChannelPromise.java:84)
[2026-03-22T21:50:23.535+0000] {spark_submit.py:663} INFO - at io.netty.channel.AbstractChannel$AbstractUnsafe.safeSetSuccess(AbstractChannel.java:990)
[2026-03-22T21:50:23.535+0000] {spark_submit.py:663} INFO - at io.netty.channel.AbstractChannel$AbstractUnsafe.register0(AbstractChannel.java:516)
[2026-03-22T21:50:23.535+0000] {spark_submit.py:663} INFO - at io.netty.channel.AbstractChannel$AbstractUnsafe.access$200(AbstractChannel.java:429)
[2026-03-22T21:50:23.535+0000] {spark_submit.py:663} INFO - at io.netty.channel.AbstractChannel$AbstractUnsafe$1.run(AbstractChannel.java:486)
[2026-03-22T21:50:23.535+0000] {spark_submit.py:663} INFO - at io.netty.util.concurrent.AbstractEventExecutor.runTask(AbstractEventExecutor.java:174)
[2026-03-22T21:50:23.535+0000] {spark_submit.py:663} INFO - at io.netty.util.concurrent.AbstractEventExecutor.safeExecute(AbstractEventExecutor.java:167)
[2026-03-22T21:50:23.535+0000] {spark_submit.py:663} INFO - at io.netty.util.concurrent.SingleThreadEventExecutor.runAllTasks(SingleThreadEventExecutor.java:470)
[2026-03-22T21:50:23.535+0000] {spark_submit.py:663} INFO - at io.netty.channel.nio.NioEventLoop.run(NioEventLoop.java:569)
[2026-03-22T21:50:23.535+0000] {spark_submit.py:663} INFO - at io.netty.util.concurrent.SingleThreadEventExecutor$4.run(SingleThreadEventExecutor.java:997)
[2026-03-22T21:50:23.535+0000] {spark_submit.py:663} INFO - at io.netty.util.internal.ThreadExecutorMap$2.run(ThreadExecutorMap.java:74)
[2026-03-22T21:50:23.535+0000] {spark_submit.py:663} INFO - at io.netty.util.concurrent.FastThreadLocalRunnable.run(FastThreadLocalRunnable.java:30)
[2026-03-22T21:50:23.535+0000] {spark_submit.py:663} INFO - ... 1 more
[2026-03-22T21:50:39.991+0000] {spark_submit.py:663} INFO - 26/03/22 21:50:39 INFO StandaloneAppClient$ClientEndpoint: Connecting to master spark://spark-master:7077...
[2026-03-22T21:50:42.445+0000] {local_task_job_runner.py:127} ERROR - Received SIGTERM. Terminating subprocesses
[2026-03-22T21:50:42.448+0000] {process_utils.py:132} INFO - Sending 15 to group 641. PIDs of all processes in the group: [643, 716, 641]
[2026-03-22T21:50:42.448+0000] {process_utils.py:87} INFO - Sending the signal 15 to group 641
[2026-03-22T21:50:42.448+0000] {taskinstance.py:3118} ERROR - Received SIGTERM. Terminating subprocesses.
[2026-03-22T21:50:42.451+0000] {taskinstance.py:3119} ERROR - Stacktrace: 
  File "/home/***/.local/bin/***", line 6, in <module>
    sys.exit(main())
  File "/home/***/.local/lib/python3.10/site-packages/***/__main__.py", line 62, in main
    args.func(args)
  File "/home/***/.local/lib/python3.10/site-packages/***/cli/cli_config.py", line 49, in command
    return func(*args, **kwargs)
  File "/home/***/.local/lib/python3.10/site-packages/***/utils/cli.py", line 116, in wrapper
    return f(*args, **kwargs)
  File "/home/***/.local/lib/python3.10/site-packages/***/utils/providers_configuration_loader.py", line 55, in wrapped_function
    return func(*args, **kwargs)
  File "/home/***/.local/lib/python3.10/site-packages/***/cli/commands/scheduler_command.py", line 56, in scheduler
    run_command_with_daemon_option(
  File "/home/***/.local/lib/python3.10/site-packages/***/cli/commands/daemon_utils.py", line 86, in run_command_with_daemon_option
    callback()
  File "/home/***/.local/lib/python3.10/site-packages/***/cli/commands/scheduler_command.py", line 59, in <lambda>
    callback=lambda: _run_scheduler_job(args),
  File "/home/***/.local/lib/python3.10/site-packages/***/cli/commands/scheduler_command.py", line 47, in _run_scheduler_job
    run_job(job=job_runner.job, execute_callable=job_runner._execute)
  File "/home/***/.local/lib/python3.10/site-packages/***/utils/session.py", line 97, in wrapper
    return func(*args, session=session, **kwargs)
  File "/home/***/.local/lib/python3.10/site-packages/***/jobs/job.py", line 421, in run_job
    return execute_job(job, execute_callable=execute_callable)
  File "/home/***/.local/lib/python3.10/site-packages/***/jobs/job.py", line 450, in execute_job
    ret = execute_callable()
  File "/home/***/.local/lib/python3.10/site-packages/***/jobs/scheduler_job_runner.py", line 999, in _execute
    executor.start()
  File "/home/***/.local/lib/python3.10/site-packages/***/executors/local_executor.py", line 392, in start
    self.impl.start()
  File "/home/***/.local/lib/python3.10/site-packages/***/executors/local_executor.py", line 330, in start
    worker.start()
  File "/usr/local/lib/python3.10/multiprocessing/process.py", line 121, in start
    self._popen = self._Popen(self)
  File "/usr/local/lib/python3.10/multiprocessing/context.py", line 224, in _Popen
    return _default_context.get_context().Process._Popen(process_obj)
  File "/usr/local/lib/python3.10/multiprocessing/context.py", line 281, in _Popen
    return Popen(process_obj)
  File "/usr/local/lib/python3.10/multiprocessing/popen_fork.py", line 19, in __init__
    self._launch(process_obj)
  File "/usr/local/lib/python3.10/multiprocessing/popen_fork.py", line 71, in _launch
    code = process_obj._bootstrap(parent_sentinel=child_r)
  File "/usr/local/lib/python3.10/multiprocessing/process.py", line 314, in _bootstrap
    self.run()
  File "/home/***/.local/lib/python3.10/site-packages/***/executors/local_executor.py", line 80, in run
    return super().run()
  File "/usr/local/lib/python3.10/multiprocessing/process.py", line 108, in run
    self._target(*self._args, **self._kwargs)
  File "/home/***/.local/lib/python3.10/site-packages/***/traces/tracer.py", line 58, in wrapper
    return func(*args, **kwargs)
  File "/home/***/.local/lib/python3.10/site-packages/***/executors/local_executor.py", line 211, in do_work
    self.execute_work(key=key, command=command)
  File "/home/***/.local/lib/python3.10/site-packages/***/traces/tracer.py", line 58, in wrapper
    return func(*args, **kwargs)
  File "/home/***/.local/lib/python3.10/site-packages/***/executors/local_executor.py", line 100, in execute_work
    state = self._execute_work_in_fork(command)
  File "/home/***/.local/lib/python3.10/site-packages/***/traces/tracer.py", line 58, in wrapper
    return func(*args, **kwargs)
  File "/home/***/.local/lib/python3.10/site-packages/***/executors/local_executor.py", line 142, in _execute_work_in_fork
    args.func(args)
  File "/home/***/.local/lib/python3.10/site-packages/***/cli/cli_config.py", line 49, in command
    return func(*args, **kwargs)
  File "/home/***/.local/lib/python3.10/site-packages/***/utils/cli.py", line 116, in wrapper
    return f(*args, **kwargs)
  File "/home/***/.local/lib/python3.10/site-packages/***/cli/commands/task_command.py", line 483, in task_run
    task_return_code = _run_task_by_selected_method(args, _dag, ti)
  File "/home/***/.local/lib/python3.10/site-packages/***/cli/commands/task_command.py", line 254, in _run_task_by_selected_method
    return _run_task_by_local_task_job(args, ti)
  File "/home/***/.local/lib/python3.10/site-packages/***/cli/commands/task_command.py", line 322, in _run_task_by_local_task_job
    ret = run_job(job=job_runner.job, execute_callable=job_runner._execute)
  File "/home/***/.local/lib/python3.10/site-packages/***/utils/session.py", line 97, in wrapper
    return func(*args, session=session, **kwargs)
  File "/home/***/.local/lib/python3.10/site-packages/***/jobs/job.py", line 421, in run_job
    return execute_job(job, execute_callable=execute_callable)
  File "/home/***/.local/lib/python3.10/site-packages/***/jobs/job.py", line 450, in execute_job
    ret = execute_callable()
  File "/home/***/.local/lib/python3.10/site-packages/***/jobs/local_task_job_runner.py", line 171, in _execute
    self.task_runner.start()
  File "/home/***/.local/lib/python3.10/site-packages/***/task/task_runner/standard_task_runner.py", line 55, in start
    self.process = self._start_by_fork()
  File "/home/***/.local/lib/python3.10/site-packages/***/task/task_runner/standard_task_runner.py", line 117, in _start_by_fork
    ret = args.func(args, dag=self.dag)
  File "/home/***/.local/lib/python3.10/site-packages/***/cli/cli_config.py", line 49, in command
    return func(*args, **kwargs)
  File "/home/***/.local/lib/python3.10/site-packages/***/utils/cli.py", line 116, in wrapper
    return f(*args, **kwargs)
  File "/home/***/.local/lib/python3.10/site-packages/***/cli/commands/task_command.py", line 483, in task_run
    task_return_code = _run_task_by_selected_method(args, _dag, ti)
  File "/home/***/.local/lib/python3.10/site-packages/***/cli/commands/task_command.py", line 256, in _run_task_by_selected_method
    return _run_raw_task(args, ti)
  File "/home/***/.local/lib/python3.10/site-packages/***/cli/commands/task_command.py", line 341, in _run_raw_task
    return ti._run_raw_task(
  File "/home/***/.local/lib/python3.10/site-packages/***/utils/session.py", line 97, in wrapper
    return func(*args, session=session, **kwargs)
  File "/home/***/.local/lib/python3.10/site-packages/***/models/taskinstance.py", line 3030, in _run_raw_task
    return _run_raw_task(
  File "/home/***/.local/lib/python3.10/site-packages/***/models/taskinstance.py", line 282, in _run_raw_task
    TaskInstance._execute_task_with_callbacks(
  File "/home/***/.local/lib/python3.10/site-packages/***/models/taskinstance.py", line 3185, in _execute_task_with_callbacks
    result = self._execute_task(context, task_orig)
  File "/home/***/.local/lib/python3.10/site-packages/***/models/taskinstance.py", line 3209, in _execute_task
    return _execute_task(self, context, task_orig)
  File "/home/***/.local/lib/python3.10/site-packages/***/models/taskinstance.py", line 776, in _execute_task
    result = _execute_callable(context=context, **execute_callable_kwargs)
  File "/home/***/.local/lib/python3.10/site-packages/***/models/taskinstance.py", line 742, in _execute_callable
    return ExecutionCallableRunner(
  File "/home/***/.local/lib/python3.10/site-packages/***/utils/operator_helpers.py", line 252, in run
    return self.func(*args, **kwargs)
  File "/home/***/.local/lib/python3.10/site-packages/***/models/baseoperator.py", line 425, in wrapper
    return func(self, *args, **kwargs)
  File "/home/***/.local/lib/python3.10/site-packages/***/providers/apache/spark/operators/spark_submit.py", line 194, in execute
    self._hook.submit(self.application)
  File "/home/***/.local/lib/python3.10/site-packages/***/providers/apache/spark/hooks/spark_submit.py", line 574, in submit
    self._process_spark_submit_log(iter(self._submit_sp.stdout))  # type: ignore
  File "/home/***/.local/lib/python3.10/site-packages/***/providers/apache/spark/hooks/spark_submit.py", line 622, in _process_spark_submit_log
    for line_raw in itr:
  File "/home/***/.local/lib/python3.10/site-packages/***/models/taskinstance.py", line 3119, in signal_handler
    self.log.error("Stacktrace: \n%s", "".join(traceback.format_stack()))

[2026-03-22T21:50:42.453+0000] {spark_submit.py:789} INFO - Sending kill signal to spark-submit
[2026-03-22T21:50:42.462+0000] {taskinstance.py:3337} ERROR - Task failed with exception
Traceback (most recent call last):
  File "/home/airflow/.local/lib/python3.10/site-packages/airflow/models/taskinstance.py", line 776, in _execute_task
    result = _execute_callable(context=context, **execute_callable_kwargs)
  File "/home/airflow/.local/lib/python3.10/site-packages/airflow/models/taskinstance.py", line 742, in _execute_callable
    return ExecutionCallableRunner(
  File "/home/airflow/.local/lib/python3.10/site-packages/airflow/utils/operator_helpers.py", line 252, in run
    return self.func(*args, **kwargs)
  File "/home/airflow/.local/lib/python3.10/site-packages/airflow/models/baseoperator.py", line 425, in wrapper
    return func(self, *args, **kwargs)
  File "/home/airflow/.local/lib/python3.10/site-packages/airflow/providers/apache/spark/operators/spark_submit.py", line 194, in execute
    self._hook.submit(self.application)
  File "/home/airflow/.local/lib/python3.10/site-packages/airflow/providers/apache/spark/hooks/spark_submit.py", line 574, in submit
    self._process_spark_submit_log(iter(self._submit_sp.stdout))  # type: ignore
  File "/home/airflow/.local/lib/python3.10/site-packages/airflow/providers/apache/spark/hooks/spark_submit.py", line 622, in _process_spark_submit_log
    for line_raw in itr:
  File "/home/airflow/.local/lib/python3.10/site-packages/airflow/models/taskinstance.py", line 3121, in signal_handler
    raise AirflowTaskTerminated("Task received SIGTERM signal")
airflow.exceptions.AirflowTaskTerminated: Task received SIGTERM signal
[2026-03-22T21:50:42.465+0000] {taskinstance.py:1242} INFO - Marking task as FAILED. dag_id=dag_xml_to_kafka, task_id=spark_xml_to_kafka, run_id=manual__2026-03-22T21:47:14.142396+00:00, execution_date=20260322T214714, start_date=20260322T215018, end_date=20260322T215042
[2026-03-22T21:50:42.489+0000] {taskinstance.py:349} INFO - ::group::Post task execution logs
[2026-03-22T21:50:42.497+0000] {process_utils.py:80} INFO - Process psutil.Process(pid=643, status='terminated', started='21:50:17') (643) terminated with exit code None
[2026-03-22T21:50:42.497+0000] {process_utils.py:80} INFO - Process psutil.Process(pid=716, status='terminated', started='21:50:18') (716) terminated with exit code None
[2026-03-22T21:50:42.497+0000] {process_utils.py:80} INFO - Process psutil.Process(pid=641, status='terminated', exitcode=2) (641) terminated with exit code 2
[2026-03-22T21:50:42.498+0000] {local_task_job_runner.py:266} INFO - Task exited with return code 143
[2026-03-22T21:50:42.513+0000] {taskinstance.py:3925} INFO - 0 downstream tasks scheduled from follow-on schedule check
[2026-03-22T21:50:43.080+0000] {standard_task_runner.py:217} INFO - Process not found (most likely exited), stop collecting metrics
[2026-03-22T21:50:43.118+0000] {local_task_job_runner.py:245} INFO - ::endgroup::
