[2026-03-22T21:47:14.798+0000] {local_task_job_runner.py:123} INFO - ::group::Pre task execution logs
[2026-03-22T21:47:14.811+0000] {taskinstance.py:2632} INFO - Dependencies all met for dep_context=non-requeueable deps ti=<TaskInstance: dag_xml_to_kafka.spark_xml_to_kafka manual__2026-03-22T21:47:14.142396+00:00 [queued]>
[2026-03-22T21:47:14.815+0000] {taskinstance.py:2632} INFO - Dependencies all met for dep_context=requeueable deps ti=<TaskInstance: dag_xml_to_kafka.spark_xml_to_kafka manual__2026-03-22T21:47:14.142396+00:00 [queued]>
[2026-03-22T21:47:14.815+0000] {taskinstance.py:2885} INFO - Starting attempt 1 of 2
[2026-03-22T21:47:14.823+0000] {taskinstance.py:2908} INFO - Executing <Task(SparkSubmitOperator): spark_xml_to_kafka> on 2026-03-22 21:47:14.142396+00:00
[2026-03-22T21:47:14.826+0000] {standard_task_runner.py:72} INFO - Started process 192 to run task
[2026-03-22T21:47:14.828+0000] {standard_task_runner.py:104} INFO - Running: ['***', 'tasks', 'run', 'dag_xml_to_kafka', 'spark_xml_to_kafka', 'manual__2026-03-22T21:47:14.142396+00:00', '--job-id', '13', '--raw', '--subdir', 'DAGS_FOLDER/dag_xml_to_kafka.py', '--cfg-path', '/tmp/tmpgy960a2b']
[2026-03-22T21:47:14.830+0000] {standard_task_runner.py:105} INFO - Job 13: Subtask spark_xml_to_kafka
[2026-03-22T21:47:14.859+0000] {task_command.py:467} INFO - Running <TaskInstance: dag_xml_to_kafka.spark_xml_to_kafka manual__2026-03-22T21:47:14.142396+00:00 [running]> on host 74e827941325
[2026-03-22T21:47:15.099+0000] {taskinstance.py:3158} INFO - Exporting env vars: AIRFLOW_CTX_DAG_OWNER='engenheiro_dados' AIRFLOW_CTX_DAG_ID='dag_xml_to_kafka' AIRFLOW_CTX_TASK_ID='spark_xml_to_kafka' AIRFLOW_CTX_EXECUTION_DATE='2026-03-22T21:47:14.142396+00:00' AIRFLOW_CTX_TRY_NUMBER='1' AIRFLOW_CTX_DAG_RUN_ID='manual__2026-03-22T21:47:14.142396+00:00'
[2026-03-22T21:47:15.100+0000] {taskinstance.py:740} INFO - ::endgroup::
[2026-03-22T21:47:15.123+0000] {base.py:84} INFO - Retrieving connection 'spark_default'
[2026-03-22T21:47:15.124+0000] {spark_submit.py:493} INFO - Spark-Submit cmd: spark-submit --master spark://spark-master:7077 --conf spark.master=spark://spark-master:7077 --conf spark.jars=/opt/spark/jars/spark-xml_2.12-0.18.0.jar,/opt/spark/jars/spark-sql-kafka-0-10_2.12-3.5.2.jar,/opt/spark/jars/kafka-clients-3.5.2.jar,/opt/spark/jars/spark-token-provider-kafka-0-10_2.12-3.5.2.jar,/opt/spark/jars/commons-pool2-2.12.0.jar --name arrow-spark --verbose /opt/spark/scripts/xml_to_kafka.py
[2026-03-22T21:47:15.175+0000] {spark_submit.py:663} INFO - /home/***/.local/lib/python3.10/site-packages/pyspark/bin/load-spark-env.sh: line 68: ps: command not found
[2026-03-22T21:47:15.825+0000] {spark_submit.py:663} INFO - Using properties file: null
[2026-03-22T21:47:15.883+0000] {spark_submit.py:663} INFO - Parsed arguments:
[2026-03-22T21:47:15.883+0000] {spark_submit.py:663} INFO - master                  spark://spark-master:7077
[2026-03-22T21:47:15.883+0000] {spark_submit.py:663} INFO - remote                  null
[2026-03-22T21:47:15.883+0000] {spark_submit.py:663} INFO - deployMode              null
[2026-03-22T21:47:15.883+0000] {spark_submit.py:663} INFO - executorMemory          null
[2026-03-22T21:47:15.884+0000] {spark_submit.py:663} INFO - executorCores           null
[2026-03-22T21:47:15.884+0000] {spark_submit.py:663} INFO - totalExecutorCores      null
[2026-03-22T21:47:15.884+0000] {spark_submit.py:663} INFO - propertiesFile          null
[2026-03-22T21:47:15.884+0000] {spark_submit.py:663} INFO - driverMemory            null
[2026-03-22T21:47:15.884+0000] {spark_submit.py:663} INFO - driverCores             null
[2026-03-22T21:47:15.884+0000] {spark_submit.py:663} INFO - driverExtraClassPath    null
[2026-03-22T21:47:15.884+0000] {spark_submit.py:663} INFO - driverExtraLibraryPath  null
[2026-03-22T21:47:15.884+0000] {spark_submit.py:663} INFO - driverExtraJavaOptions  null
[2026-03-22T21:47:15.884+0000] {spark_submit.py:663} INFO - supervise               false
[2026-03-22T21:47:15.884+0000] {spark_submit.py:663} INFO - queue                   null
[2026-03-22T21:47:15.884+0000] {spark_submit.py:663} INFO - numExecutors            null
[2026-03-22T21:47:15.884+0000] {spark_submit.py:663} INFO - files                   null
[2026-03-22T21:47:15.885+0000] {spark_submit.py:663} INFO - pyFiles                 null
[2026-03-22T21:47:15.885+0000] {spark_submit.py:663} INFO - archives                null
[2026-03-22T21:47:15.885+0000] {spark_submit.py:663} INFO - mainClass               null
[2026-03-22T21:47:15.885+0000] {spark_submit.py:663} INFO - primaryResource         file:/opt/spark/scripts/xml_to_kafka.py
[2026-03-22T21:47:15.885+0000] {spark_submit.py:663} INFO - name                    arrow-spark
[2026-03-22T21:47:15.885+0000] {spark_submit.py:663} INFO - childArgs               []
[2026-03-22T21:47:15.885+0000] {spark_submit.py:663} INFO - jars                    /opt/spark/jars/spark-xml_2.12-0.18.0.jar,/opt/spark/jars/spark-sql-kafka-0-10_2.12-3.5.2.jar,/opt/spark/jars/kafka-clients-3.5.2.jar,/opt/spark/jars/spark-token-provider-kafka-0-10_2.12-3.5.2.jar,/opt/spark/jars/commons-pool2-2.12.0.jar
[2026-03-22T21:47:15.885+0000] {spark_submit.py:663} INFO - packages                null
[2026-03-22T21:47:15.885+0000] {spark_submit.py:663} INFO - packagesExclusions      null
[2026-03-22T21:47:15.885+0000] {spark_submit.py:663} INFO - repositories            null
[2026-03-22T21:47:15.885+0000] {spark_submit.py:663} INFO - verbose                 true
[2026-03-22T21:47:15.885+0000] {spark_submit.py:663} INFO - 
[2026-03-22T21:47:15.885+0000] {spark_submit.py:663} INFO - Spark properties used, including those specified through
[2026-03-22T21:47:15.886+0000] {spark_submit.py:663} INFO - --conf and those from the properties file null:
[2026-03-22T21:47:15.886+0000] {spark_submit.py:663} INFO - (spark.jars,*********(redacted))
[2026-03-22T21:47:15.886+0000] {spark_submit.py:663} INFO - (spark.master,spark://spark-master:7077)
[2026-03-22T21:47:15.886+0000] {spark_submit.py:663} INFO - 
[2026-03-22T21:47:15.886+0000] {spark_submit.py:663} INFO - 
[2026-03-22T21:47:16.025+0000] {spark_submit.py:663} INFO - 26/03/22 21:47:16 WARN NativeCodeLoader: Unable to load native-hadoop library for your platform... using builtin-java classes where applicable
[2026-03-22T21:47:16.110+0000] {spark_submit.py:663} INFO - Main class:
[2026-03-22T21:47:16.110+0000] {spark_submit.py:663} INFO - org.apache.spark.deploy.PythonRunner
[2026-03-22T21:47:16.110+0000] {spark_submit.py:663} INFO - Arguments:
[2026-03-22T21:47:16.110+0000] {spark_submit.py:663} INFO - file:/opt/spark/scripts/xml_to_kafka.py
[2026-03-22T21:47:16.110+0000] {spark_submit.py:663} INFO - null
[2026-03-22T21:47:16.111+0000] {spark_submit.py:663} INFO - Spark config:
[2026-03-22T21:47:16.111+0000] {spark_submit.py:663} INFO - (spark.app.name,arrow-spark)
[2026-03-22T21:47:16.111+0000] {spark_submit.py:663} INFO - (spark.app.submitTime,1774216036099)
[2026-03-22T21:47:16.111+0000] {spark_submit.py:663} INFO - (spark.jars,*********(redacted))
[2026-03-22T21:47:16.111+0000] {spark_submit.py:663} INFO - (spark.master,spark://spark-master:7077)
[2026-03-22T21:47:16.112+0000] {spark_submit.py:663} INFO - (spark.repl.local.jars,*********(redacted))
[2026-03-22T21:47:16.112+0000] {spark_submit.py:663} INFO - (spark.submit.deployMode,client)
[2026-03-22T21:47:16.112+0000] {spark_submit.py:663} INFO - (spark.submit.pyFiles,)
[2026-03-22T21:47:16.112+0000] {spark_submit.py:663} INFO - Classpath elements:
[2026-03-22T21:47:16.112+0000] {spark_submit.py:663} INFO - file:/opt/spark/jars/spark-xml_2.12-0.18.0.jar
[2026-03-22T21:47:16.112+0000] {spark_submit.py:663} INFO - file:/opt/spark/jars/spark-sql-kafka-0-10_2.12-3.5.2.jar
[2026-03-22T21:47:16.112+0000] {spark_submit.py:663} INFO - file:/opt/spark/jars/kafka-clients-3.5.2.jar
[2026-03-22T21:47:16.112+0000] {spark_submit.py:663} INFO - file:/opt/spark/jars/spark-token-provider-kafka-0-10_2.12-3.5.2.jar
[2026-03-22T21:47:16.112+0000] {spark_submit.py:663} INFO - file:/opt/spark/jars/commons-pool2-2.12.0.jar
[2026-03-22T21:47:16.112+0000] {spark_submit.py:663} INFO - 
[2026-03-22T21:47:16.112+0000] {spark_submit.py:663} INFO - 
[2026-03-22T21:47:16.112+0000] {spark_submit.py:663} INFO - 26/03/22 21:47:16 WARN DependencyUtils: Local jar /opt/spark/jars/spark-xml_2.12-0.18.0.jar does not exist, skipping.
[2026-03-22T21:47:16.113+0000] {spark_submit.py:663} INFO - 26/03/22 21:47:16 WARN DependencyUtils: Local jar /opt/spark/jars/spark-sql-kafka-0-10_2.12-3.5.2.jar does not exist, skipping.
[2026-03-22T21:47:16.113+0000] {spark_submit.py:663} INFO - 26/03/22 21:47:16 WARN DependencyUtils: Local jar /opt/spark/jars/kafka-clients-3.5.2.jar does not exist, skipping.
[2026-03-22T21:47:16.113+0000] {spark_submit.py:663} INFO - 26/03/22 21:47:16 WARN DependencyUtils: Local jar /opt/spark/jars/spark-token-provider-kafka-0-10_2.12-3.5.2.jar does not exist, skipping.
[2026-03-22T21:47:16.113+0000] {spark_submit.py:663} INFO - 26/03/22 21:47:16 WARN DependencyUtils: Local jar /opt/spark/jars/commons-pool2-2.12.0.jar does not exist, skipping.
[2026-03-22T21:47:16.673+0000] {spark_submit.py:663} INFO - 26/03/22 21:47:16 INFO SparkContext: Running Spark version 3.5.2
[2026-03-22T21:47:16.673+0000] {spark_submit.py:663} INFO - 26/03/22 21:47:16 INFO SparkContext: OS info Linux, 6.19.7-1-cachyos, amd64
[2026-03-22T21:47:16.673+0000] {spark_submit.py:663} INFO - 26/03/22 21:47:16 INFO SparkContext: Java version 17.0.18
[2026-03-22T21:47:16.687+0000] {spark_submit.py:663} INFO - 26/03/22 21:47:16 INFO ResourceUtils: ==============================================================
[2026-03-22T21:47:16.687+0000] {spark_submit.py:663} INFO - 26/03/22 21:47:16 INFO ResourceUtils: No custom resources configured for spark.driver.
[2026-03-22T21:47:16.687+0000] {spark_submit.py:663} INFO - 26/03/22 21:47:16 INFO ResourceUtils: ==============================================================
[2026-03-22T21:47:16.687+0000] {spark_submit.py:663} INFO - 26/03/22 21:47:16 INFO SparkContext: Submitted application: DAG1_XML_to_Kafka
[2026-03-22T21:47:16.697+0000] {spark_submit.py:663} INFO - 26/03/22 21:47:16 INFO ResourceProfile: Default ResourceProfile created, executor resources: Map(memory -> name: memory, amount: 1024, script: , vendor: , offHeap -> name: offHeap, amount: 0, script: , vendor: ), task resources: Map(cpus -> name: cpus, amount: 1.0)
[2026-03-22T21:47:16.701+0000] {spark_submit.py:663} INFO - 26/03/22 21:47:16 INFO ResourceProfile: Limiting resource is cpu
[2026-03-22T21:47:16.701+0000] {spark_submit.py:663} INFO - 26/03/22 21:47:16 INFO ResourceProfileManager: Added ResourceProfile id: 0
[2026-03-22T21:47:16.725+0000] {spark_submit.py:663} INFO - 26/03/22 21:47:16 INFO SecurityManager: Changing view acls to: ***
[2026-03-22T21:47:16.725+0000] {spark_submit.py:663} INFO - 26/03/22 21:47:16 INFO SecurityManager: Changing modify acls to: ***
[2026-03-22T21:47:16.725+0000] {spark_submit.py:663} INFO - 26/03/22 21:47:16 INFO SecurityManager: Changing view acls groups to:
[2026-03-22T21:47:16.725+0000] {spark_submit.py:663} INFO - 26/03/22 21:47:16 INFO SecurityManager: Changing modify acls groups to:
[2026-03-22T21:47:16.725+0000] {spark_submit.py:663} INFO - 26/03/22 21:47:16 INFO SecurityManager: SecurityManager: authentication disabled; ui acls disabled; users with view permissions: ***; groups with view permissions: EMPTY; users with modify permissions: ***; groups with modify permissions: EMPTY
[2026-03-22T21:47:16.828+0000] {spark_submit.py:663} INFO - 26/03/22 21:47:16 INFO Utils: Successfully started service 'sparkDriver' on port 42145.
[2026-03-22T21:47:16.840+0000] {spark_submit.py:663} INFO - 26/03/22 21:47:16 INFO SparkEnv: Registering MapOutputTracker
[2026-03-22T21:47:16.857+0000] {spark_submit.py:663} INFO - 26/03/22 21:47:16 INFO SparkEnv: Registering BlockManagerMaster
[2026-03-22T21:47:16.866+0000] {spark_submit.py:663} INFO - 26/03/22 21:47:16 INFO BlockManagerMasterEndpoint: Using org.apache.spark.storage.DefaultTopologyMapper for getting topology information
[2026-03-22T21:47:16.867+0000] {spark_submit.py:663} INFO - 26/03/22 21:47:16 INFO BlockManagerMasterEndpoint: BlockManagerMasterEndpoint up
[2026-03-22T21:47:16.868+0000] {spark_submit.py:663} INFO - 26/03/22 21:47:16 INFO SparkEnv: Registering BlockManagerMasterHeartbeat
[2026-03-22T21:47:16.879+0000] {spark_submit.py:663} INFO - 26/03/22 21:47:16 INFO DiskBlockManager: Created local directory at /tmp/blockmgr-2cb03d1c-a326-47a1-9fe1-0a47b776c989
[2026-03-22T21:47:16.886+0000] {spark_submit.py:663} INFO - 26/03/22 21:47:16 INFO MemoryStore: MemoryStore started with capacity 434.4 MiB
[2026-03-22T21:47:16.893+0000] {spark_submit.py:663} INFO - 26/03/22 21:47:16 INFO SparkEnv: Registering OutputCommitCoordinator
[2026-03-22T21:47:16.961+0000] {spark_submit.py:663} INFO - 26/03/22 21:47:16 INFO JettyUtils: Start Jetty 0.0.0.0:4040 for SparkUI
[2026-03-22T21:47:16.997+0000] {spark_submit.py:663} INFO - 26/03/22 21:47:16 INFO Utils: Successfully started service 'SparkUI' on port 4040.
[2026-03-22T21:47:17.016+0000] {spark_submit.py:663} INFO - 26/03/22 21:47:17 ERROR SparkContext: Failed to add file:/opt/spark/jars/spark-xml_2.12-0.18.0.jar to Spark environment
[2026-03-22T21:47:17.016+0000] {spark_submit.py:663} INFO - java.io.FileNotFoundException: Jar /opt/spark/jars/spark-xml_2.12-0.18.0.jar not found
[2026-03-22T21:47:17.016+0000] {spark_submit.py:663} INFO - at org.apache.spark.SparkContext.addLocalJarFile$1(SparkContext.scala:2095)
[2026-03-22T21:47:17.016+0000] {spark_submit.py:663} INFO - at org.apache.spark.SparkContext.addJar(SparkContext.scala:2151)
[2026-03-22T21:47:17.017+0000] {spark_submit.py:663} INFO - at org.apache.spark.SparkContext.$anonfun$new$15(SparkContext.scala:521)
[2026-03-22T21:47:17.017+0000] {spark_submit.py:663} INFO - at org.apache.spark.SparkContext.$anonfun$new$15$adapted(SparkContext.scala:521)
[2026-03-22T21:47:17.017+0000] {spark_submit.py:663} INFO - at scala.collection.mutable.ResizableArray.foreach(ResizableArray.scala:62)
[2026-03-22T21:47:17.017+0000] {spark_submit.py:663} INFO - at scala.collection.mutable.ResizableArray.foreach$(ResizableArray.scala:55)
[2026-03-22T21:47:17.017+0000] {spark_submit.py:663} INFO - at scala.collection.mutable.ArrayBuffer.foreach(ArrayBuffer.scala:49)
[2026-03-22T21:47:17.017+0000] {spark_submit.py:663} INFO - at org.apache.spark.SparkContext.<init>(SparkContext.scala:521)
[2026-03-22T21:47:17.017+0000] {spark_submit.py:663} INFO - at org.apache.spark.api.java.JavaSparkContext.<init>(JavaSparkContext.scala:58)
[2026-03-22T21:47:17.017+0000] {spark_submit.py:663} INFO - at java.base/jdk.internal.reflect.NativeConstructorAccessorImpl.newInstance0(Native Method)
[2026-03-22T21:47:17.017+0000] {spark_submit.py:663} INFO - at java.base/jdk.internal.reflect.NativeConstructorAccessorImpl.newInstance(NativeConstructorAccessorImpl.java:77)
[2026-03-22T21:47:17.018+0000] {spark_submit.py:663} INFO - at java.base/jdk.internal.reflect.DelegatingConstructorAccessorImpl.newInstance(DelegatingConstructorAccessorImpl.java:45)
[2026-03-22T21:47:17.018+0000] {spark_submit.py:663} INFO - at java.base/java.lang.reflect.Constructor.newInstanceWithCaller(Constructor.java:500)
[2026-03-22T21:47:17.018+0000] {spark_submit.py:663} INFO - at java.base/java.lang.reflect.Constructor.newInstance(Constructor.java:481)
[2026-03-22T21:47:17.018+0000] {spark_submit.py:663} INFO - at py4j.reflection.MethodInvoker.invoke(MethodInvoker.java:247)
[2026-03-22T21:47:17.018+0000] {spark_submit.py:663} INFO - at py4j.reflection.ReflectionEngine.invoke(ReflectionEngine.java:374)
[2026-03-22T21:47:17.018+0000] {spark_submit.py:663} INFO - at py4j.Gateway.invoke(Gateway.java:238)
[2026-03-22T21:47:17.018+0000] {spark_submit.py:663} INFO - at py4j.commands.ConstructorCommand.invokeConstructor(ConstructorCommand.java:80)
[2026-03-22T21:47:17.018+0000] {spark_submit.py:663} INFO - at py4j.commands.ConstructorCommand.execute(ConstructorCommand.java:69)
[2026-03-22T21:47:17.018+0000] {spark_submit.py:663} INFO - at py4j.ClientServerConnection.waitForCommands(ClientServerConnection.java:182)
[2026-03-22T21:47:17.018+0000] {spark_submit.py:663} INFO - at py4j.ClientServerConnection.run(ClientServerConnection.java:106)
[2026-03-22T21:47:17.019+0000] {spark_submit.py:663} INFO - at java.base/java.lang.Thread.run(Thread.java:840)
[2026-03-22T21:47:17.019+0000] {spark_submit.py:663} INFO - 26/03/22 21:47:17 ERROR SparkContext: Failed to add file:/opt/spark/jars/spark-sql-kafka-0-10_2.12-3.5.2.jar to Spark environment
[2026-03-22T21:47:17.019+0000] {spark_submit.py:663} INFO - java.io.FileNotFoundException: Jar /opt/spark/jars/spark-sql-kafka-0-10_2.12-3.5.2.jar not found
[2026-03-22T21:47:17.019+0000] {spark_submit.py:663} INFO - at org.apache.spark.SparkContext.addLocalJarFile$1(SparkContext.scala:2095)
[2026-03-22T21:47:17.019+0000] {spark_submit.py:663} INFO - at org.apache.spark.SparkContext.addJar(SparkContext.scala:2151)
[2026-03-22T21:47:17.019+0000] {spark_submit.py:663} INFO - at org.apache.spark.SparkContext.$anonfun$new$15(SparkContext.scala:521)
[2026-03-22T21:47:17.019+0000] {spark_submit.py:663} INFO - at org.apache.spark.SparkContext.$anonfun$new$15$adapted(SparkContext.scala:521)
[2026-03-22T21:47:17.019+0000] {spark_submit.py:663} INFO - at scala.collection.mutable.ResizableArray.foreach(ResizableArray.scala:62)
[2026-03-22T21:47:17.019+0000] {spark_submit.py:663} INFO - at scala.collection.mutable.ResizableArray.foreach$(ResizableArray.scala:55)
[2026-03-22T21:47:17.019+0000] {spark_submit.py:663} INFO - at scala.collection.mutable.ArrayBuffer.foreach(ArrayBuffer.scala:49)
[2026-03-22T21:47:17.019+0000] {spark_submit.py:663} INFO - at org.apache.spark.SparkContext.<init>(SparkContext.scala:521)
[2026-03-22T21:47:17.020+0000] {spark_submit.py:663} INFO - at org.apache.spark.api.java.JavaSparkContext.<init>(JavaSparkContext.scala:58)
[2026-03-22T21:47:17.020+0000] {spark_submit.py:663} INFO - at java.base/jdk.internal.reflect.NativeConstructorAccessorImpl.newInstance0(Native Method)
[2026-03-22T21:47:17.020+0000] {spark_submit.py:663} INFO - at java.base/jdk.internal.reflect.NativeConstructorAccessorImpl.newInstance(NativeConstructorAccessorImpl.java:77)
[2026-03-22T21:47:17.020+0000] {spark_submit.py:663} INFO - at java.base/jdk.internal.reflect.DelegatingConstructorAccessorImpl.newInstance(DelegatingConstructorAccessorImpl.java:45)
[2026-03-22T21:47:17.020+0000] {spark_submit.py:663} INFO - at java.base/java.lang.reflect.Constructor.newInstanceWithCaller(Constructor.java:500)
[2026-03-22T21:47:17.020+0000] {spark_submit.py:663} INFO - at java.base/java.lang.reflect.Constructor.newInstance(Constructor.java:481)
[2026-03-22T21:47:17.020+0000] {spark_submit.py:663} INFO - at py4j.reflection.MethodInvoker.invoke(MethodInvoker.java:247)
[2026-03-22T21:47:17.020+0000] {spark_submit.py:663} INFO - at py4j.reflection.ReflectionEngine.invoke(ReflectionEngine.java:374)
[2026-03-22T21:47:17.020+0000] {spark_submit.py:663} INFO - at py4j.Gateway.invoke(Gateway.java:238)
[2026-03-22T21:47:17.020+0000] {spark_submit.py:663} INFO - at py4j.commands.ConstructorCommand.invokeConstructor(ConstructorCommand.java:80)
[2026-03-22T21:47:17.021+0000] {spark_submit.py:663} INFO - at py4j.commands.ConstructorCommand.execute(ConstructorCommand.java:69)
[2026-03-22T21:47:17.021+0000] {spark_submit.py:663} INFO - at py4j.ClientServerConnection.waitForCommands(ClientServerConnection.java:182)
[2026-03-22T21:47:17.021+0000] {spark_submit.py:663} INFO - at py4j.ClientServerConnection.run(ClientServerConnection.java:106)
[2026-03-22T21:47:17.021+0000] {spark_submit.py:663} INFO - at java.base/java.lang.Thread.run(Thread.java:840)
[2026-03-22T21:47:17.021+0000] {spark_submit.py:663} INFO - 26/03/22 21:47:17 ERROR SparkContext: Failed to add file:/opt/spark/jars/kafka-clients-3.5.2.jar to Spark environment
[2026-03-22T21:47:17.021+0000] {spark_submit.py:663} INFO - java.io.FileNotFoundException: Jar /opt/spark/jars/kafka-clients-3.5.2.jar not found
[2026-03-22T21:47:17.021+0000] {spark_submit.py:663} INFO - at org.apache.spark.SparkContext.addLocalJarFile$1(SparkContext.scala:2095)
[2026-03-22T21:47:17.021+0000] {spark_submit.py:663} INFO - at org.apache.spark.SparkContext.addJar(SparkContext.scala:2151)
[2026-03-22T21:47:17.021+0000] {spark_submit.py:663} INFO - at org.apache.spark.SparkContext.$anonfun$new$15(SparkContext.scala:521)
[2026-03-22T21:47:17.021+0000] {spark_submit.py:663} INFO - at org.apache.spark.SparkContext.$anonfun$new$15$adapted(SparkContext.scala:521)
[2026-03-22T21:47:17.021+0000] {spark_submit.py:663} INFO - at scala.collection.mutable.ResizableArray.foreach(ResizableArray.scala:62)
[2026-03-22T21:47:17.021+0000] {spark_submit.py:663} INFO - at scala.collection.mutable.ResizableArray.foreach$(ResizableArray.scala:55)
[2026-03-22T21:47:17.022+0000] {spark_submit.py:663} INFO - at scala.collection.mutable.ArrayBuffer.foreach(ArrayBuffer.scala:49)
[2026-03-22T21:47:17.022+0000] {spark_submit.py:663} INFO - at org.apache.spark.SparkContext.<init>(SparkContext.scala:521)
[2026-03-22T21:47:17.022+0000] {spark_submit.py:663} INFO - at org.apache.spark.api.java.JavaSparkContext.<init>(JavaSparkContext.scala:58)
[2026-03-22T21:47:17.022+0000] {spark_submit.py:663} INFO - at java.base/jdk.internal.reflect.NativeConstructorAccessorImpl.newInstance0(Native Method)
[2026-03-22T21:47:17.022+0000] {spark_submit.py:663} INFO - at java.base/jdk.internal.reflect.NativeConstructorAccessorImpl.newInstance(NativeConstructorAccessorImpl.java:77)
[2026-03-22T21:47:17.022+0000] {spark_submit.py:663} INFO - at java.base/jdk.internal.reflect.DelegatingConstructorAccessorImpl.newInstance(DelegatingConstructorAccessorImpl.java:45)
[2026-03-22T21:47:17.022+0000] {spark_submit.py:663} INFO - at java.base/java.lang.reflect.Constructor.newInstanceWithCaller(Constructor.java:500)
[2026-03-22T21:47:17.022+0000] {spark_submit.py:663} INFO - at java.base/java.lang.reflect.Constructor.newInstance(Constructor.java:481)
[2026-03-22T21:47:17.022+0000] {spark_submit.py:663} INFO - at py4j.reflection.MethodInvoker.invoke(MethodInvoker.java:247)
[2026-03-22T21:47:17.022+0000] {spark_submit.py:663} INFO - at py4j.reflection.ReflectionEngine.invoke(ReflectionEngine.java:374)
[2026-03-22T21:47:17.022+0000] {spark_submit.py:663} INFO - at py4j.Gateway.invoke(Gateway.java:238)
[2026-03-22T21:47:17.022+0000] {spark_submit.py:663} INFO - at py4j.commands.ConstructorCommand.invokeConstructor(ConstructorCommand.java:80)
[2026-03-22T21:47:17.022+0000] {spark_submit.py:663} INFO - at py4j.commands.ConstructorCommand.execute(ConstructorCommand.java:69)
[2026-03-22T21:47:17.022+0000] {spark_submit.py:663} INFO - at py4j.ClientServerConnection.waitForCommands(ClientServerConnection.java:182)
[2026-03-22T21:47:17.023+0000] {spark_submit.py:663} INFO - at py4j.ClientServerConnection.run(ClientServerConnection.java:106)
[2026-03-22T21:47:17.023+0000] {spark_submit.py:663} INFO - at java.base/java.lang.Thread.run(Thread.java:840)
[2026-03-22T21:47:17.023+0000] {spark_submit.py:663} INFO - 26/03/22 21:47:17 ERROR SparkContext: Failed to add file:/opt/spark/jars/spark-token-provider-kafka-0-10_2.12-3.5.2.jar to Spark environment
[2026-03-22T21:47:17.023+0000] {spark_submit.py:663} INFO - java.io.FileNotFoundException: Jar /opt/spark/jars/spark-token-provider-kafka-0-10_2.12-3.5.2.jar not found
[2026-03-22T21:47:17.023+0000] {spark_submit.py:663} INFO - at org.apache.spark.SparkContext.addLocalJarFile$1(SparkContext.scala:2095)
[2026-03-22T21:47:17.023+0000] {spark_submit.py:663} INFO - at org.apache.spark.SparkContext.addJar(SparkContext.scala:2151)
[2026-03-22T21:47:17.023+0000] {spark_submit.py:663} INFO - at org.apache.spark.SparkContext.$anonfun$new$15(SparkContext.scala:521)
[2026-03-22T21:47:17.023+0000] {spark_submit.py:663} INFO - at org.apache.spark.SparkContext.$anonfun$new$15$adapted(SparkContext.scala:521)
[2026-03-22T21:47:17.023+0000] {spark_submit.py:663} INFO - at scala.collection.mutable.ResizableArray.foreach(ResizableArray.scala:62)
[2026-03-22T21:47:17.023+0000] {spark_submit.py:663} INFO - at scala.collection.mutable.ResizableArray.foreach$(ResizableArray.scala:55)
[2026-03-22T21:47:17.023+0000] {spark_submit.py:663} INFO - at scala.collection.mutable.ArrayBuffer.foreach(ArrayBuffer.scala:49)
[2026-03-22T21:47:17.023+0000] {spark_submit.py:663} INFO - at org.apache.spark.SparkContext.<init>(SparkContext.scala:521)
[2026-03-22T21:47:17.023+0000] {spark_submit.py:663} INFO - at org.apache.spark.api.java.JavaSparkContext.<init>(JavaSparkContext.scala:58)
[2026-03-22T21:47:17.024+0000] {spark_submit.py:663} INFO - at java.base/jdk.internal.reflect.NativeConstructorAccessorImpl.newInstance0(Native Method)
[2026-03-22T21:47:17.024+0000] {spark_submit.py:663} INFO - at java.base/jdk.internal.reflect.NativeConstructorAccessorImpl.newInstance(NativeConstructorAccessorImpl.java:77)
[2026-03-22T21:47:17.024+0000] {spark_submit.py:663} INFO - at java.base/jdk.internal.reflect.DelegatingConstructorAccessorImpl.newInstance(DelegatingConstructorAccessorImpl.java:45)
[2026-03-22T21:47:17.024+0000] {spark_submit.py:663} INFO - at java.base/java.lang.reflect.Constructor.newInstanceWithCaller(Constructor.java:500)
[2026-03-22T21:47:17.024+0000] {spark_submit.py:663} INFO - at java.base/java.lang.reflect.Constructor.newInstance(Constructor.java:481)
[2026-03-22T21:47:17.024+0000] {spark_submit.py:663} INFO - at py4j.reflection.MethodInvoker.invoke(MethodInvoker.java:247)
[2026-03-22T21:47:17.024+0000] {spark_submit.py:663} INFO - at py4j.reflection.ReflectionEngine.invoke(ReflectionEngine.java:374)
[2026-03-22T21:47:17.024+0000] {spark_submit.py:663} INFO - at py4j.Gateway.invoke(Gateway.java:238)
[2026-03-22T21:47:17.024+0000] {spark_submit.py:663} INFO - at py4j.commands.ConstructorCommand.invokeConstructor(ConstructorCommand.java:80)
[2026-03-22T21:47:17.024+0000] {spark_submit.py:663} INFO - at py4j.commands.ConstructorCommand.execute(ConstructorCommand.java:69)
[2026-03-22T21:47:17.024+0000] {spark_submit.py:663} INFO - at py4j.ClientServerConnection.waitForCommands(ClientServerConnection.java:182)
[2026-03-22T21:47:17.024+0000] {spark_submit.py:663} INFO - at py4j.ClientServerConnection.run(ClientServerConnection.java:106)
[2026-03-22T21:47:17.024+0000] {spark_submit.py:663} INFO - at java.base/java.lang.Thread.run(Thread.java:840)
[2026-03-22T21:47:17.025+0000] {spark_submit.py:663} INFO - 26/03/22 21:47:17 ERROR SparkContext: Failed to add file:/opt/spark/jars/commons-pool2-2.12.0.jar to Spark environment
[2026-03-22T21:47:17.025+0000] {spark_submit.py:663} INFO - java.io.FileNotFoundException: Jar /opt/spark/jars/commons-pool2-2.12.0.jar not found
[2026-03-22T21:47:17.025+0000] {spark_submit.py:663} INFO - at org.apache.spark.SparkContext.addLocalJarFile$1(SparkContext.scala:2095)
[2026-03-22T21:47:17.025+0000] {spark_submit.py:663} INFO - at org.apache.spark.SparkContext.addJar(SparkContext.scala:2151)
[2026-03-22T21:47:17.025+0000] {spark_submit.py:663} INFO - at org.apache.spark.SparkContext.$anonfun$new$15(SparkContext.scala:521)
[2026-03-22T21:47:17.025+0000] {spark_submit.py:663} INFO - at org.apache.spark.SparkContext.$anonfun$new$15$adapted(SparkContext.scala:521)
[2026-03-22T21:47:17.025+0000] {spark_submit.py:663} INFO - at scala.collection.mutable.ResizableArray.foreach(ResizableArray.scala:62)
[2026-03-22T21:47:17.025+0000] {spark_submit.py:663} INFO - at scala.collection.mutable.ResizableArray.foreach$(ResizableArray.scala:55)
[2026-03-22T21:47:17.025+0000] {spark_submit.py:663} INFO - at scala.collection.mutable.ArrayBuffer.foreach(ArrayBuffer.scala:49)
[2026-03-22T21:47:17.025+0000] {spark_submit.py:663} INFO - at org.apache.spark.SparkContext.<init>(SparkContext.scala:521)
[2026-03-22T21:47:17.025+0000] {spark_submit.py:663} INFO - at org.apache.spark.api.java.JavaSparkContext.<init>(JavaSparkContext.scala:58)
[2026-03-22T21:47:17.025+0000] {spark_submit.py:663} INFO - at java.base/jdk.internal.reflect.NativeConstructorAccessorImpl.newInstance0(Native Method)
[2026-03-22T21:47:17.025+0000] {spark_submit.py:663} INFO - at java.base/jdk.internal.reflect.NativeConstructorAccessorImpl.newInstance(NativeConstructorAccessorImpl.java:77)
[2026-03-22T21:47:17.026+0000] {spark_submit.py:663} INFO - at java.base/jdk.internal.reflect.DelegatingConstructorAccessorImpl.newInstance(DelegatingConstructorAccessorImpl.java:45)
[2026-03-22T21:47:17.026+0000] {spark_submit.py:663} INFO - at java.base/java.lang.reflect.Constructor.newInstanceWithCaller(Constructor.java:500)
[2026-03-22T21:47:17.026+0000] {spark_submit.py:663} INFO - at java.base/java.lang.reflect.Constructor.newInstance(Constructor.java:481)
[2026-03-22T21:47:17.026+0000] {spark_submit.py:663} INFO - at py4j.reflection.MethodInvoker.invoke(MethodInvoker.java:247)
[2026-03-22T21:47:17.026+0000] {spark_submit.py:663} INFO - at py4j.reflection.ReflectionEngine.invoke(ReflectionEngine.java:374)
[2026-03-22T21:47:17.026+0000] {spark_submit.py:663} INFO - at py4j.Gateway.invoke(Gateway.java:238)
[2026-03-22T21:47:17.026+0000] {spark_submit.py:663} INFO - at py4j.commands.ConstructorCommand.invokeConstructor(ConstructorCommand.java:80)
[2026-03-22T21:47:17.026+0000] {spark_submit.py:663} INFO - at py4j.commands.ConstructorCommand.execute(ConstructorCommand.java:69)
[2026-03-22T21:47:17.026+0000] {spark_submit.py:663} INFO - at py4j.ClientServerConnection.waitForCommands(ClientServerConnection.java:182)
[2026-03-22T21:47:17.026+0000] {spark_submit.py:663} INFO - at py4j.ClientServerConnection.run(ClientServerConnection.java:106)
[2026-03-22T21:47:17.026+0000] {spark_submit.py:663} INFO - at java.base/java.lang.Thread.run(Thread.java:840)
[2026-03-22T21:47:17.051+0000] {spark_submit.py:663} INFO - 26/03/22 21:47:17 INFO StandaloneAppClient$ClientEndpoint: Connecting to master spark://spark-master:7077...
[2026-03-22T21:47:20.703+0000] {spark_submit.py:663} INFO - 26/03/22 21:47:20 WARN TransportClientFactory: DNS resolution failed for spark-master/<unresolved>:7077 took 3644 ms
[2026-03-22T21:47:20.721+0000] {spark_submit.py:663} INFO - 26/03/22 21:47:20 WARN StandaloneAppClient$ClientEndpoint: Failed to connect to master spark-master:7077
[2026-03-22T21:47:20.721+0000] {spark_submit.py:663} INFO - org.apache.spark.SparkException: Exception thrown in awaitResult:
[2026-03-22T21:47:20.721+0000] {spark_submit.py:663} INFO - at org.apache.spark.util.SparkThreadUtils$.awaitResult(SparkThreadUtils.scala:56)
[2026-03-22T21:47:20.721+0000] {spark_submit.py:663} INFO - at org.apache.spark.util.ThreadUtils$.awaitResult(ThreadUtils.scala:310)
[2026-03-22T21:47:20.722+0000] {spark_submit.py:663} INFO - at org.apache.spark.rpc.RpcTimeout.awaitResult(RpcTimeout.scala:75)
[2026-03-22T21:47:20.722+0000] {spark_submit.py:663} INFO - at org.apache.spark.rpc.RpcEnv.setupEndpointRefByURI(RpcEnv.scala:102)
[2026-03-22T21:47:20.722+0000] {spark_submit.py:663} INFO - at org.apache.spark.rpc.RpcEnv.setupEndpointRef(RpcEnv.scala:110)
[2026-03-22T21:47:20.722+0000] {spark_submit.py:663} INFO - at org.apache.spark.deploy.client.StandaloneAppClient$ClientEndpoint$$anon$1.run(StandaloneAppClient.scala:108)
[2026-03-22T21:47:20.722+0000] {spark_submit.py:663} INFO - at java.base/java.util.concurrent.Executors$RunnableAdapter.call(Executors.java:539)
[2026-03-22T21:47:20.722+0000] {spark_submit.py:663} INFO - at java.base/java.util.concurrent.FutureTask.run(FutureTask.java:264)
[2026-03-22T21:47:20.722+0000] {spark_submit.py:663} INFO - at java.base/java.util.concurrent.ThreadPoolExecutor.runWorker(ThreadPoolExecutor.java:1136)
[2026-03-22T21:47:20.722+0000] {spark_submit.py:663} INFO - at java.base/java.util.concurrent.ThreadPoolExecutor$Worker.run(ThreadPoolExecutor.java:635)
[2026-03-22T21:47:20.722+0000] {spark_submit.py:663} INFO - at java.base/java.lang.Thread.run(Thread.java:840)
[2026-03-22T21:47:20.722+0000] {spark_submit.py:663} INFO - Caused by: java.io.IOException: Failed to connect to spark-master/<unresolved>:7077
[2026-03-22T21:47:20.723+0000] {spark_submit.py:663} INFO - at org.apache.spark.network.client.TransportClientFactory.createClient(TransportClientFactory.java:294)
[2026-03-22T21:47:20.723+0000] {spark_submit.py:663} INFO - at org.apache.spark.network.client.TransportClientFactory.createClient(TransportClientFactory.java:214)
[2026-03-22T21:47:20.723+0000] {spark_submit.py:663} INFO - at org.apache.spark.network.client.TransportClientFactory.createClient(TransportClientFactory.java:226)
[2026-03-22T21:47:20.723+0000] {spark_submit.py:663} INFO - at org.apache.spark.rpc.netty.NettyRpcEnv.createClient(NettyRpcEnv.scala:204)
[2026-03-22T21:47:20.723+0000] {spark_submit.py:663} INFO - at org.apache.spark.rpc.netty.Outbox$$anon$1.call(Outbox.scala:202)
[2026-03-22T21:47:20.723+0000] {spark_submit.py:663} INFO - at org.apache.spark.rpc.netty.Outbox$$anon$1.call(Outbox.scala:198)
[2026-03-22T21:47:20.723+0000] {spark_submit.py:663} INFO - ... 4 more
[2026-03-22T21:47:20.723+0000] {spark_submit.py:663} INFO - Caused by: java.net.UnknownHostException: spark-master
[2026-03-22T21:47:20.723+0000] {spark_submit.py:663} INFO - at java.base/java.net.InetAddress$CachedAddresses.get(InetAddress.java:801)
[2026-03-22T21:47:20.723+0000] {spark_submit.py:663} INFO - at java.base/java.net.InetAddress.getAllByName0(InetAddress.java:1533)
[2026-03-22T21:47:20.723+0000] {spark_submit.py:663} INFO - at java.base/java.net.InetAddress.getAllByName(InetAddress.java:1385)
[2026-03-22T21:47:20.723+0000] {spark_submit.py:663} INFO - at java.base/java.net.InetAddress.getAllByName(InetAddress.java:1306)
[2026-03-22T21:47:20.724+0000] {spark_submit.py:663} INFO - at java.base/java.net.InetAddress.getByName(InetAddress.java:1256)
[2026-03-22T21:47:20.724+0000] {spark_submit.py:663} INFO - at io.netty.util.internal.SocketUtils$8.run(SocketUtils.java:156)
[2026-03-22T21:47:20.724+0000] {spark_submit.py:663} INFO - at io.netty.util.internal.SocketUtils$8.run(SocketUtils.java:153)
[2026-03-22T21:47:20.724+0000] {spark_submit.py:663} INFO - at java.base/java.security.AccessController.doPrivileged(AccessController.java:569)
[2026-03-22T21:47:20.724+0000] {spark_submit.py:663} INFO - at io.netty.util.internal.SocketUtils.addressByName(SocketUtils.java:153)
[2026-03-22T21:47:20.724+0000] {spark_submit.py:663} INFO - at io.netty.resolver.DefaultNameResolver.doResolve(DefaultNameResolver.java:41)
[2026-03-22T21:47:20.724+0000] {spark_submit.py:663} INFO - at io.netty.resolver.SimpleNameResolver.resolve(SimpleNameResolver.java:61)
[2026-03-22T21:47:20.724+0000] {spark_submit.py:663} INFO - at io.netty.resolver.SimpleNameResolver.resolve(SimpleNameResolver.java:53)
[2026-03-22T21:47:20.724+0000] {spark_submit.py:663} INFO - at io.netty.resolver.InetSocketAddressResolver.doResolve(InetSocketAddressResolver.java:55)
[2026-03-22T21:47:20.725+0000] {spark_submit.py:663} INFO - at io.netty.resolver.InetSocketAddressResolver.doResolve(InetSocketAddressResolver.java:31)
[2026-03-22T21:47:20.725+0000] {spark_submit.py:663} INFO - at io.netty.resolver.AbstractAddressResolver.resolve(AbstractAddressResolver.java:106)
[2026-03-22T21:47:20.725+0000] {spark_submit.py:663} INFO - at io.netty.bootstrap.Bootstrap.doResolveAndConnect0(Bootstrap.java:220)
[2026-03-22T21:47:20.725+0000] {spark_submit.py:663} INFO - at io.netty.bootstrap.Bootstrap.access$000(Bootstrap.java:46)
[2026-03-22T21:47:20.725+0000] {spark_submit.py:663} INFO - at io.netty.bootstrap.Bootstrap$1.operationComplete(Bootstrap.java:189)
[2026-03-22T21:47:20.725+0000] {spark_submit.py:663} INFO - at io.netty.bootstrap.Bootstrap$1.operationComplete(Bootstrap.java:175)
[2026-03-22T21:47:20.725+0000] {spark_submit.py:663} INFO - at io.netty.util.concurrent.DefaultPromise.notifyListener0(DefaultPromise.java:590)
[2026-03-22T21:47:20.725+0000] {spark_submit.py:663} INFO - at io.netty.util.concurrent.DefaultPromise.notifyListenersNow(DefaultPromise.java:557)
[2026-03-22T21:47:20.725+0000] {spark_submit.py:663} INFO - at io.netty.util.concurrent.DefaultPromise.notifyListeners(DefaultPromise.java:492)
[2026-03-22T21:47:20.725+0000] {spark_submit.py:663} INFO - at io.netty.util.concurrent.DefaultPromise.setValue0(DefaultPromise.java:636)
[2026-03-22T21:47:20.725+0000] {spark_submit.py:663} INFO - at io.netty.util.concurrent.DefaultPromise.setSuccess0(DefaultPromise.java:625)
[2026-03-22T21:47:20.726+0000] {spark_submit.py:663} INFO - at io.netty.util.concurrent.DefaultPromise.trySuccess(DefaultPromise.java:105)
[2026-03-22T21:47:20.726+0000] {spark_submit.py:663} INFO - at io.netty.channel.DefaultChannelPromise.trySuccess(DefaultChannelPromise.java:84)
[2026-03-22T21:47:20.726+0000] {spark_submit.py:663} INFO - at io.netty.channel.AbstractChannel$AbstractUnsafe.safeSetSuccess(AbstractChannel.java:990)
[2026-03-22T21:47:20.726+0000] {spark_submit.py:663} INFO - at io.netty.channel.AbstractChannel$AbstractUnsafe.register0(AbstractChannel.java:516)
[2026-03-22T21:47:20.726+0000] {spark_submit.py:663} INFO - at io.netty.channel.AbstractChannel$AbstractUnsafe.access$200(AbstractChannel.java:429)
[2026-03-22T21:47:20.726+0000] {spark_submit.py:663} INFO - at io.netty.channel.AbstractChannel$AbstractUnsafe$1.run(AbstractChannel.java:486)
[2026-03-22T21:47:20.726+0000] {spark_submit.py:663} INFO - at io.netty.util.concurrent.AbstractEventExecutor.runTask(AbstractEventExecutor.java:174)
[2026-03-22T21:47:20.726+0000] {spark_submit.py:663} INFO - at io.netty.util.concurrent.AbstractEventExecutor.safeExecute(AbstractEventExecutor.java:167)
[2026-03-22T21:47:20.726+0000] {spark_submit.py:663} INFO - at io.netty.util.concurrent.SingleThreadEventExecutor.runAllTasks(SingleThreadEventExecutor.java:470)
[2026-03-22T21:47:20.726+0000] {spark_submit.py:663} INFO - at io.netty.channel.nio.NioEventLoop.run(NioEventLoop.java:569)
[2026-03-22T21:47:20.726+0000] {spark_submit.py:663} INFO - at io.netty.util.concurrent.SingleThreadEventExecutor$4.run(SingleThreadEventExecutor.java:997)
[2026-03-22T21:47:20.727+0000] {spark_submit.py:663} INFO - at io.netty.util.internal.ThreadExecutorMap$2.run(ThreadExecutorMap.java:74)
[2026-03-22T21:47:20.727+0000] {spark_submit.py:663} INFO - at io.netty.util.concurrent.FastThreadLocalRunnable.run(FastThreadLocalRunnable.java:30)
[2026-03-22T21:47:20.727+0000] {spark_submit.py:663} INFO - ... 1 more
[2026-03-22T21:47:37.052+0000] {spark_submit.py:663} INFO - 26/03/22 21:47:37 INFO StandaloneAppClient$ClientEndpoint: Connecting to master spark://spark-master:7077...
[2026-03-22T21:47:40.345+0000] {spark_submit.py:663} INFO - 26/03/22 21:47:40 WARN TransportClientFactory: DNS resolution failed for spark-master/<unresolved>:7077 took 3292 ms
[2026-03-22T21:47:40.347+0000] {spark_submit.py:663} INFO - 26/03/22 21:47:40 WARN StandaloneAppClient$ClientEndpoint: Failed to connect to master spark-master:7077
[2026-03-22T21:47:40.347+0000] {spark_submit.py:663} INFO - org.apache.spark.SparkException: Exception thrown in awaitResult:
[2026-03-22T21:47:40.347+0000] {spark_submit.py:663} INFO - at org.apache.spark.util.SparkThreadUtils$.awaitResult(SparkThreadUtils.scala:56)
[2026-03-22T21:47:40.347+0000] {spark_submit.py:663} INFO - at org.apache.spark.util.ThreadUtils$.awaitResult(ThreadUtils.scala:310)
[2026-03-22T21:47:40.347+0000] {spark_submit.py:663} INFO - at org.apache.spark.rpc.RpcTimeout.awaitResult(RpcTimeout.scala:75)
[2026-03-22T21:47:40.347+0000] {spark_submit.py:663} INFO - at org.apache.spark.rpc.RpcEnv.setupEndpointRefByURI(RpcEnv.scala:102)
[2026-03-22T21:47:40.347+0000] {spark_submit.py:663} INFO - at org.apache.spark.rpc.RpcEnv.setupEndpointRef(RpcEnv.scala:110)
[2026-03-22T21:47:40.347+0000] {spark_submit.py:663} INFO - at org.apache.spark.deploy.client.StandaloneAppClient$ClientEndpoint$$anon$1.run(StandaloneAppClient.scala:108)
[2026-03-22T21:47:40.347+0000] {spark_submit.py:663} INFO - at java.base/java.util.concurrent.Executors$RunnableAdapter.call(Executors.java:539)
[2026-03-22T21:47:40.347+0000] {spark_submit.py:663} INFO - at java.base/java.util.concurrent.FutureTask.run(FutureTask.java:264)
[2026-03-22T21:47:40.348+0000] {spark_submit.py:663} INFO - at java.base/java.util.concurrent.ThreadPoolExecutor.runWorker(ThreadPoolExecutor.java:1136)
[2026-03-22T21:47:40.348+0000] {spark_submit.py:663} INFO - at java.base/java.util.concurrent.ThreadPoolExecutor$Worker.run(ThreadPoolExecutor.java:635)
[2026-03-22T21:47:40.348+0000] {spark_submit.py:663} INFO - at java.base/java.lang.Thread.run(Thread.java:840)
[2026-03-22T21:47:40.348+0000] {spark_submit.py:663} INFO - Caused by: java.io.IOException: Failed to connect to spark-master/<unresolved>:7077
[2026-03-22T21:47:40.348+0000] {spark_submit.py:663} INFO - at org.apache.spark.network.client.TransportClientFactory.createClient(TransportClientFactory.java:294)
[2026-03-22T21:47:40.348+0000] {spark_submit.py:663} INFO - at org.apache.spark.network.client.TransportClientFactory.createClient(TransportClientFactory.java:214)
[2026-03-22T21:47:40.348+0000] {spark_submit.py:663} INFO - at org.apache.spark.network.client.TransportClientFactory.createClient(TransportClientFactory.java:226)
[2026-03-22T21:47:40.348+0000] {spark_submit.py:663} INFO - at org.apache.spark.rpc.netty.NettyRpcEnv.createClient(NettyRpcEnv.scala:204)
[2026-03-22T21:47:40.348+0000] {spark_submit.py:663} INFO - at org.apache.spark.rpc.netty.Outbox$$anon$1.call(Outbox.scala:202)
[2026-03-22T21:47:40.348+0000] {spark_submit.py:663} INFO - at org.apache.spark.rpc.netty.Outbox$$anon$1.call(Outbox.scala:198)
[2026-03-22T21:47:40.348+0000] {spark_submit.py:663} INFO - ... 4 more
[2026-03-22T21:47:40.348+0000] {spark_submit.py:663} INFO - Caused by: java.net.UnknownHostException: spark-master
[2026-03-22T21:47:40.349+0000] {spark_submit.py:663} INFO - at java.base/java.net.InetAddress$CachedAddresses.get(InetAddress.java:801)
[2026-03-22T21:47:40.349+0000] {spark_submit.py:663} INFO - at java.base/java.net.InetAddress.getAllByName0(InetAddress.java:1533)
[2026-03-22T21:47:40.349+0000] {spark_submit.py:663} INFO - at java.base/java.net.InetAddress.getAllByName(InetAddress.java:1385)
[2026-03-22T21:47:40.349+0000] {spark_submit.py:663} INFO - at java.base/java.net.InetAddress.getAllByName(InetAddress.java:1306)
[2026-03-22T21:47:40.349+0000] {spark_submit.py:663} INFO - at java.base/java.net.InetAddress.getByName(InetAddress.java:1256)
[2026-03-22T21:47:40.349+0000] {spark_submit.py:663} INFO - at io.netty.util.internal.SocketUtils$8.run(SocketUtils.java:156)
[2026-03-22T21:47:40.349+0000] {spark_submit.py:663} INFO - at io.netty.util.internal.SocketUtils$8.run(SocketUtils.java:153)
[2026-03-22T21:47:40.349+0000] {spark_submit.py:663} INFO - at java.base/java.security.AccessController.doPrivileged(AccessController.java:569)
[2026-03-22T21:47:40.349+0000] {spark_submit.py:663} INFO - at io.netty.util.internal.SocketUtils.addressByName(SocketUtils.java:153)
[2026-03-22T21:47:40.349+0000] {spark_submit.py:663} INFO - at io.netty.resolver.DefaultNameResolver.doResolve(DefaultNameResolver.java:41)
[2026-03-22T21:47:40.349+0000] {spark_submit.py:663} INFO - at io.netty.resolver.SimpleNameResolver.resolve(SimpleNameResolver.java:61)
[2026-03-22T21:47:40.349+0000] {spark_submit.py:663} INFO - at io.netty.resolver.SimpleNameResolver.resolve(SimpleNameResolver.java:53)
[2026-03-22T21:47:40.350+0000] {spark_submit.py:663} INFO - at io.netty.resolver.InetSocketAddressResolver.doResolve(InetSocketAddressResolver.java:55)
[2026-03-22T21:47:40.350+0000] {spark_submit.py:663} INFO - at io.netty.resolver.InetSocketAddressResolver.doResolve(InetSocketAddressResolver.java:31)
[2026-03-22T21:47:40.350+0000] {spark_submit.py:663} INFO - at io.netty.resolver.AbstractAddressResolver.resolve(AbstractAddressResolver.java:106)
[2026-03-22T21:47:40.350+0000] {spark_submit.py:663} INFO - at io.netty.bootstrap.Bootstrap.doResolveAndConnect0(Bootstrap.java:220)
[2026-03-22T21:47:40.350+0000] {spark_submit.py:663} INFO - at io.netty.bootstrap.Bootstrap.access$000(Bootstrap.java:46)
[2026-03-22T21:47:40.350+0000] {spark_submit.py:663} INFO - at io.netty.bootstrap.Bootstrap$1.operationComplete(Bootstrap.java:189)
[2026-03-22T21:47:40.350+0000] {spark_submit.py:663} INFO - at io.netty.bootstrap.Bootstrap$1.operationComplete(Bootstrap.java:175)
[2026-03-22T21:47:40.350+0000] {spark_submit.py:663} INFO - at io.netty.util.concurrent.DefaultPromise.notifyListener0(DefaultPromise.java:590)
[2026-03-22T21:47:40.350+0000] {spark_submit.py:663} INFO - at io.netty.util.concurrent.DefaultPromise.notifyListenersNow(DefaultPromise.java:557)
[2026-03-22T21:47:40.350+0000] {spark_submit.py:663} INFO - at io.netty.util.concurrent.DefaultPromise.notifyListeners(DefaultPromise.java:492)
[2026-03-22T21:47:40.350+0000] {spark_submit.py:663} INFO - at io.netty.util.concurrent.DefaultPromise.setValue0(DefaultPromise.java:636)
[2026-03-22T21:47:40.350+0000] {spark_submit.py:663} INFO - at io.netty.util.concurrent.DefaultPromise.setSuccess0(DefaultPromise.java:625)
[2026-03-22T21:47:40.350+0000] {spark_submit.py:663} INFO - at io.netty.util.concurrent.DefaultPromise.trySuccess(DefaultPromise.java:105)
[2026-03-22T21:47:40.351+0000] {spark_submit.py:663} INFO - at io.netty.channel.DefaultChannelPromise.trySuccess(DefaultChannelPromise.java:84)
[2026-03-22T21:47:40.351+0000] {spark_submit.py:663} INFO - at io.netty.channel.AbstractChannel$AbstractUnsafe.safeSetSuccess(AbstractChannel.java:990)
[2026-03-22T21:47:40.351+0000] {spark_submit.py:663} INFO - at io.netty.channel.AbstractChannel$AbstractUnsafe.register0(AbstractChannel.java:516)
[2026-03-22T21:47:40.351+0000] {spark_submit.py:663} INFO - at io.netty.channel.AbstractChannel$AbstractUnsafe.access$200(AbstractChannel.java:429)
[2026-03-22T21:47:40.351+0000] {spark_submit.py:663} INFO - at io.netty.channel.AbstractChannel$AbstractUnsafe$1.run(AbstractChannel.java:486)
[2026-03-22T21:47:40.351+0000] {spark_submit.py:663} INFO - at io.netty.util.concurrent.AbstractEventExecutor.runTask(AbstractEventExecutor.java:174)
[2026-03-22T21:47:40.351+0000] {spark_submit.py:663} INFO - at io.netty.util.concurrent.AbstractEventExecutor.safeExecute(AbstractEventExecutor.java:167)
[2026-03-22T21:47:40.351+0000] {spark_submit.py:663} INFO - at io.netty.util.concurrent.SingleThreadEventExecutor.runAllTasks(SingleThreadEventExecutor.java:470)
[2026-03-22T21:47:40.351+0000] {spark_submit.py:663} INFO - at io.netty.channel.nio.NioEventLoop.run(NioEventLoop.java:569)
[2026-03-22T21:47:40.351+0000] {spark_submit.py:663} INFO - at io.netty.util.concurrent.SingleThreadEventExecutor$4.run(SingleThreadEventExecutor.java:997)
[2026-03-22T21:47:40.351+0000] {spark_submit.py:663} INFO - at io.netty.util.internal.ThreadExecutorMap$2.run(ThreadExecutorMap.java:74)
[2026-03-22T21:47:40.351+0000] {spark_submit.py:663} INFO - at io.netty.util.concurrent.FastThreadLocalRunnable.run(FastThreadLocalRunnable.java:30)
[2026-03-22T21:47:40.351+0000] {spark_submit.py:663} INFO - ... 1 more
[2026-03-22T21:47:57.052+0000] {spark_submit.py:663} INFO - 26/03/22 21:47:57 INFO StandaloneAppClient$ClientEndpoint: Connecting to master spark://spark-master:7077...
[2026-03-22T21:48:01.013+0000] {spark_submit.py:663} INFO - 26/03/22 21:48:01 WARN TransportClientFactory: DNS resolution failed for spark-master/<unresolved>:7077 took 3960 ms
[2026-03-22T21:48:01.014+0000] {spark_submit.py:663} INFO - 26/03/22 21:48:01 WARN StandaloneAppClient$ClientEndpoint: Failed to connect to master spark-master:7077
[2026-03-22T21:48:01.015+0000] {spark_submit.py:663} INFO - org.apache.spark.SparkException: Exception thrown in awaitResult:
[2026-03-22T21:48:01.015+0000] {spark_submit.py:663} INFO - at org.apache.spark.util.SparkThreadUtils$.awaitResult(SparkThreadUtils.scala:56)
[2026-03-22T21:48:01.015+0000] {spark_submit.py:663} INFO - at org.apache.spark.util.ThreadUtils$.awaitResult(ThreadUtils.scala:310)
[2026-03-22T21:48:01.015+0000] {spark_submit.py:663} INFO - at org.apache.spark.rpc.RpcTimeout.awaitResult(RpcTimeout.scala:75)
[2026-03-22T21:48:01.015+0000] {spark_submit.py:663} INFO - at org.apache.spark.rpc.RpcEnv.setupEndpointRefByURI(RpcEnv.scala:102)
[2026-03-22T21:48:01.015+0000] {spark_submit.py:663} INFO - at org.apache.spark.rpc.RpcEnv.setupEndpointRef(RpcEnv.scala:110)
[2026-03-22T21:48:01.015+0000] {spark_submit.py:663} INFO - at org.apache.spark.deploy.client.StandaloneAppClient$ClientEndpoint$$anon$1.run(StandaloneAppClient.scala:108)
[2026-03-22T21:48:01.015+0000] {spark_submit.py:663} INFO - at java.base/java.util.concurrent.Executors$RunnableAdapter.call(Executors.java:539)
[2026-03-22T21:48:01.015+0000] {spark_submit.py:663} INFO - at java.base/java.util.concurrent.FutureTask.run(FutureTask.java:264)
[2026-03-22T21:48:01.015+0000] {spark_submit.py:663} INFO - at java.base/java.util.concurrent.ThreadPoolExecutor.runWorker(ThreadPoolExecutor.java:1136)
[2026-03-22T21:48:01.016+0000] {spark_submit.py:663} INFO - at java.base/java.util.concurrent.ThreadPoolExecutor$Worker.run(ThreadPoolExecutor.java:635)
[2026-03-22T21:48:01.016+0000] {spark_submit.py:663} INFO - at java.base/java.lang.Thread.run(Thread.java:840)
[2026-03-22T21:48:01.016+0000] {spark_submit.py:663} INFO - Caused by: java.io.IOException: Failed to connect to spark-master/<unresolved>:7077
[2026-03-22T21:48:01.016+0000] {spark_submit.py:663} INFO - at org.apache.spark.network.client.TransportClientFactory.createClient(TransportClientFactory.java:294)
[2026-03-22T21:48:01.016+0000] {spark_submit.py:663} INFO - at org.apache.spark.network.client.TransportClientFactory.createClient(TransportClientFactory.java:214)
[2026-03-22T21:48:01.016+0000] {spark_submit.py:663} INFO - at org.apache.spark.network.client.TransportClientFactory.createClient(TransportClientFactory.java:226)
[2026-03-22T21:48:01.016+0000] {spark_submit.py:663} INFO - at org.apache.spark.rpc.netty.NettyRpcEnv.createClient(NettyRpcEnv.scala:204)
[2026-03-22T21:48:01.016+0000] {spark_submit.py:663} INFO - at org.apache.spark.rpc.netty.Outbox$$anon$1.call(Outbox.scala:202)
[2026-03-22T21:48:01.016+0000] {spark_submit.py:663} INFO - at org.apache.spark.rpc.netty.Outbox$$anon$1.call(Outbox.scala:198)
[2026-03-22T21:48:01.016+0000] {spark_submit.py:663} INFO - ... 4 more
[2026-03-22T21:48:01.016+0000] {spark_submit.py:663} INFO - Caused by: java.net.UnknownHostException: spark-master
[2026-03-22T21:48:01.017+0000] {spark_submit.py:663} INFO - at java.base/java.net.InetAddress$CachedAddresses.get(InetAddress.java:801)
[2026-03-22T21:48:01.017+0000] {spark_submit.py:663} INFO - at java.base/java.net.InetAddress.getAllByName0(InetAddress.java:1533)
[2026-03-22T21:48:01.017+0000] {spark_submit.py:663} INFO - at java.base/java.net.InetAddress.getAllByName(InetAddress.java:1385)
[2026-03-22T21:48:01.017+0000] {spark_submit.py:663} INFO - at java.base/java.net.InetAddress.getAllByName(InetAddress.java:1306)
[2026-03-22T21:48:01.017+0000] {spark_submit.py:663} INFO - at java.base/java.net.InetAddress.getByName(InetAddress.java:1256)
[2026-03-22T21:48:01.017+0000] {spark_submit.py:663} INFO - at io.netty.util.internal.SocketUtils$8.run(SocketUtils.java:156)
[2026-03-22T21:48:01.017+0000] {spark_submit.py:663} INFO - at io.netty.util.internal.SocketUtils$8.run(SocketUtils.java:153)
[2026-03-22T21:48:01.017+0000] {spark_submit.py:663} INFO - at java.base/java.security.AccessController.doPrivileged(AccessController.java:569)
[2026-03-22T21:48:01.017+0000] {spark_submit.py:663} INFO - at io.netty.util.internal.SocketUtils.addressByName(SocketUtils.java:153)
[2026-03-22T21:48:01.017+0000] {spark_submit.py:663} INFO - at io.netty.resolver.DefaultNameResolver.doResolve(DefaultNameResolver.java:41)
[2026-03-22T21:48:01.017+0000] {spark_submit.py:663} INFO - at io.netty.resolver.SimpleNameResolver.resolve(SimpleNameResolver.java:61)
[2026-03-22T21:48:01.018+0000] {spark_submit.py:663} INFO - at io.netty.resolver.SimpleNameResolver.resolve(SimpleNameResolver.java:53)
[2026-03-22T21:48:01.018+0000] {spark_submit.py:663} INFO - at io.netty.resolver.InetSocketAddressResolver.doResolve(InetSocketAddressResolver.java:55)
[2026-03-22T21:48:01.018+0000] {spark_submit.py:663} INFO - at io.netty.resolver.InetSocketAddressResolver.doResolve(InetSocketAddressResolver.java:31)
[2026-03-22T21:48:01.018+0000] {spark_submit.py:663} INFO - at io.netty.resolver.AbstractAddressResolver.resolve(AbstractAddressResolver.java:106)
[2026-03-22T21:48:01.018+0000] {spark_submit.py:663} INFO - at io.netty.bootstrap.Bootstrap.doResolveAndConnect0(Bootstrap.java:220)
[2026-03-22T21:48:01.018+0000] {spark_submit.py:663} INFO - at io.netty.bootstrap.Bootstrap.access$000(Bootstrap.java:46)
[2026-03-22T21:48:01.018+0000] {spark_submit.py:663} INFO - at io.netty.bootstrap.Bootstrap$1.operationComplete(Bootstrap.java:189)
[2026-03-22T21:48:01.018+0000] {spark_submit.py:663} INFO - at io.netty.bootstrap.Bootstrap$1.operationComplete(Bootstrap.java:175)
[2026-03-22T21:48:01.018+0000] {spark_submit.py:663} INFO - at io.netty.util.concurrent.DefaultPromise.notifyListener0(DefaultPromise.java:590)
[2026-03-22T21:48:01.018+0000] {spark_submit.py:663} INFO - at io.netty.util.concurrent.DefaultPromise.notifyListenersNow(DefaultPromise.java:557)
[2026-03-22T21:48:01.018+0000] {spark_submit.py:663} INFO - at io.netty.util.concurrent.DefaultPromise.notifyListeners(DefaultPromise.java:492)
[2026-03-22T21:48:01.018+0000] {spark_submit.py:663} INFO - at io.netty.util.concurrent.DefaultPromise.setValue0(DefaultPromise.java:636)
[2026-03-22T21:48:01.019+0000] {spark_submit.py:663} INFO - at io.netty.util.concurrent.DefaultPromise.setSuccess0(DefaultPromise.java:625)
[2026-03-22T21:48:01.019+0000] {spark_submit.py:663} INFO - at io.netty.util.concurrent.DefaultPromise.trySuccess(DefaultPromise.java:105)
[2026-03-22T21:48:01.019+0000] {spark_submit.py:663} INFO - at io.netty.channel.DefaultChannelPromise.trySuccess(DefaultChannelPromise.java:84)
[2026-03-22T21:48:01.019+0000] {spark_submit.py:663} INFO - at io.netty.channel.AbstractChannel$AbstractUnsafe.safeSetSuccess(AbstractChannel.java:990)
[2026-03-22T21:48:01.019+0000] {spark_submit.py:663} INFO - at io.netty.channel.AbstractChannel$AbstractUnsafe.register0(AbstractChannel.java:516)
[2026-03-22T21:48:01.019+0000] {spark_submit.py:663} INFO - at io.netty.channel.AbstractChannel$AbstractUnsafe.access$200(AbstractChannel.java:429)
[2026-03-22T21:48:01.019+0000] {spark_submit.py:663} INFO - at io.netty.channel.AbstractChannel$AbstractUnsafe$1.run(AbstractChannel.java:486)
[2026-03-22T21:48:01.019+0000] {spark_submit.py:663} INFO - at io.netty.util.concurrent.AbstractEventExecutor.runTask(AbstractEventExecutor.java:174)
[2026-03-22T21:48:01.019+0000] {spark_submit.py:663} INFO - at io.netty.util.concurrent.AbstractEventExecutor.safeExecute(AbstractEventExecutor.java:167)
[2026-03-22T21:48:01.019+0000] {spark_submit.py:663} INFO - at io.netty.util.concurrent.SingleThreadEventExecutor.runAllTasks(SingleThreadEventExecutor.java:470)
[2026-03-22T21:48:01.019+0000] {spark_submit.py:663} INFO - at io.netty.channel.nio.NioEventLoop.run(NioEventLoop.java:569)
[2026-03-22T21:48:01.020+0000] {spark_submit.py:663} INFO - at io.netty.util.concurrent.SingleThreadEventExecutor$4.run(SingleThreadEventExecutor.java:997)
[2026-03-22T21:48:01.020+0000] {spark_submit.py:663} INFO - at io.netty.util.internal.ThreadExecutorMap$2.run(ThreadExecutorMap.java:74)
[2026-03-22T21:48:01.020+0000] {spark_submit.py:663} INFO - at io.netty.util.concurrent.FastThreadLocalRunnable.run(FastThreadLocalRunnable.java:30)
[2026-03-22T21:48:01.020+0000] {spark_submit.py:663} INFO - ... 1 more
[2026-03-22T21:48:17.052+0000] {spark_submit.py:663} INFO - 26/03/22 21:48:17 WARN StandaloneSchedulerBackend: Application ID is not initialized yet.
[2026-03-22T21:48:17.053+0000] {spark_submit.py:663} INFO - 26/03/22 21:48:17 ERROR StandaloneSchedulerBackend: Application has been killed. Reason: All masters are unresponsive! Giving up.
[2026-03-22T21:48:17.056+0000] {spark_submit.py:663} INFO - 26/03/22 21:48:17 INFO Utils: Successfully started service 'org.apache.spark.network.netty.NettyBlockTransferService' on port 44645.
[2026-03-22T21:48:17.057+0000] {spark_submit.py:663} INFO - 26/03/22 21:48:17 INFO NettyBlockTransferService: Server created on 74e827941325:44645
[2026-03-22T21:48:17.057+0000] {spark_submit.py:663} INFO - 26/03/22 21:48:17 INFO BlockManager: Using org.apache.spark.storage.RandomBlockReplicationPolicy for block replication policy
[2026-03-22T21:48:17.060+0000] {spark_submit.py:663} INFO - 26/03/22 21:48:17 INFO BlockManagerMaster: Registering BlockManager BlockManagerId(driver, 74e827941325, 44645, None)
[2026-03-22T21:48:17.062+0000] {spark_submit.py:663} INFO - 26/03/22 21:48:17 INFO BlockManagerMasterEndpoint: Registering block manager 74e827941325:44645 with 434.4 MiB RAM, BlockManagerId(driver, 74e827941325, 44645, None)
[2026-03-22T21:48:17.063+0000] {spark_submit.py:663} INFO - 26/03/22 21:48:17 INFO BlockManagerMaster: Registered BlockManager BlockManagerId(driver, 74e827941325, 44645, None)
[2026-03-22T21:48:17.064+0000] {spark_submit.py:663} INFO - 26/03/22 21:48:17 INFO BlockManager: Initialized BlockManager: BlockManagerId(driver, 74e827941325, 44645, None)
[2026-03-22T21:48:17.143+0000] {spark_submit.py:663} INFO - 26/03/22 21:48:17 INFO StandaloneSchedulerBackend: SchedulerBackend is ready for scheduling beginning after reached minRegisteredResourcesRatio: 0.0
[2026-03-22T21:48:17.219+0000] {spark_submit.py:663} INFO - [DAG1] Encontrados 100 arquivos XML para processar.
[2026-03-22T21:48:17.220+0000] {spark_submit.py:663} INFO - [DAG1] Parseado: /opt/spark/xmls/nfe_001.xml -> chNFe=51210107698153000101...
[2026-03-22T21:48:17.220+0000] {spark_submit.py:663} INFO - [DAG1] Parseado: /opt/spark/xmls/nfe_002.xml -> chNFe=26201272569843000114...
[2026-03-22T21:48:17.221+0000] {spark_submit.py:663} INFO - [DAG1] Parseado: /opt/spark/xmls/nfe_003.xml -> chNFe=27240358367192000159...
[2026-03-22T21:48:17.221+0000] {spark_submit.py:663} INFO - [DAG1] Parseado: /opt/spark/xmls/nfe_004.xml -> chNFe=11240353716094000166...
[2026-03-22T21:48:17.221+0000] {spark_submit.py:663} INFO - [DAG1] Parseado: /opt/spark/xmls/nfe_005.xml -> chNFe=42190357349802000129...
[2026-03-22T21:48:17.222+0000] {spark_submit.py:663} INFO - [DAG1] Parseado: /opt/spark/xmls/nfe_006.xml -> chNFe=32221129573406000145...
[2026-03-22T21:48:17.222+0000] {spark_submit.py:663} INFO - [DAG1] Parseado: /opt/spark/xmls/nfe_007.xml -> chNFe=52211194608372000149...
[2026-03-22T21:48:17.222+0000] {spark_submit.py:663} INFO - [DAG1] Parseado: /opt/spark/xmls/nfe_008.xml -> chNFe=24190612367804000102...
[2026-03-22T21:48:17.223+0000] {spark_submit.py:663} INFO - [DAG1] Parseado: /opt/spark/xmls/nfe_009.xml -> chNFe=42240897360548000184...
[2026-03-22T21:48:17.223+0000] {spark_submit.py:663} INFO - [DAG1] Parseado: /opt/spark/xmls/nfe_010.xml -> chNFe=53181086725049000127...
[2026-03-22T21:48:17.223+0000] {spark_submit.py:663} INFO - [DAG1] Parseado: /opt/spark/xmls/nfe_011.xml -> chNFe=42220912975480000195...
[2026-03-22T21:48:17.224+0000] {spark_submit.py:663} INFO - [DAG1] Parseado: /opt/spark/xmls/nfe_012.xml -> chNFe=28250937820619000152...
[2026-03-22T21:48:17.224+0000] {spark_submit.py:663} INFO - [DAG1] Parseado: /opt/spark/xmls/nfe_013.xml -> chNFe=50240619685724000144...
[2026-03-22T21:48:17.224+0000] {spark_submit.py:663} INFO - [DAG1] Parseado: /opt/spark/xmls/nfe_014.xml -> chNFe=53191109438276000120...
[2026-03-22T21:48:17.225+0000] {spark_submit.py:663} INFO - [DAG1] Parseado: /opt/spark/xmls/nfe_015.xml -> chNFe=27180648169725000134...
[2026-03-22T21:48:17.225+0000] {spark_submit.py:663} INFO - [DAG1] Parseado: /opt/spark/xmls/nfe_016.xml -> chNFe=42210626578941000109...
[2026-03-22T21:48:17.225+0000] {spark_submit.py:663} INFO - [DAG1] Parseado: /opt/spark/xmls/nfe_017.xml -> chNFe=31190921560843000112...
[2026-03-22T21:48:17.225+0000] {spark_submit.py:663} INFO - [DAG1] Parseado: /opt/spark/xmls/nfe_018.xml -> chNFe=28180382563910000147...
[2026-03-22T21:48:17.226+0000] {spark_submit.py:663} INFO - [DAG1] Parseado: /opt/spark/xmls/nfe_019.xml -> chNFe=13220636207415000188...
[2026-03-22T21:48:17.226+0000] {spark_submit.py:663} INFO - [DAG1] Parseado: /opt/spark/xmls/nfe_020.xml -> chNFe=29180968172439000135...
[2026-03-22T21:48:17.226+0000] {spark_submit.py:663} INFO - [DAG1] Parseado: /opt/spark/xmls/nfe_021.xml -> chNFe=51190279386412000161...
[2026-03-22T21:48:17.227+0000] {spark_submit.py:663} INFO - [DAG1] Parseado: /opt/spark/xmls/nfe_022.xml -> chNFe=24250549256018000148...
[2026-03-22T21:48:17.227+0000] {spark_submit.py:663} INFO - [DAG1] Parseado: /opt/spark/xmls/nfe_023.xml -> chNFe=35220528695410000113...
[2026-03-22T21:48:17.227+0000] {spark_submit.py:663} INFO - [DAG1] Parseado: /opt/spark/xmls/nfe_024.xml -> chNFe=50191039256740000129...
[2026-03-22T21:48:17.227+0000] {spark_submit.py:663} INFO - [DAG1] Parseado: /opt/spark/xmls/nfe_025.xml -> chNFe=14251181743625000145...
[2026-03-22T21:48:17.228+0000] {spark_submit.py:663} INFO - [DAG1] Parseado: /opt/spark/xmls/nfe_026.xml -> chNFe=29181002843765000119...
[2026-03-22T21:48:17.228+0000] {spark_submit.py:663} INFO - [DAG1] Parseado: /opt/spark/xmls/nfe_027.xml -> chNFe=12240287314290000126...
[2026-03-22T21:48:17.228+0000] {spark_submit.py:663} INFO - [DAG1] Parseado: /opt/spark/xmls/nfe_028.xml -> chNFe=11210341968357000145...
[2026-03-22T21:48:17.228+0000] {spark_submit.py:663} INFO - [DAG1] Parseado: /opt/spark/xmls/nfe_029.xml -> chNFe=23240828346150000170...
[2026-03-22T21:48:17.229+0000] {spark_submit.py:663} INFO - [DAG1] Parseado: /opt/spark/xmls/nfe_030.xml -> chNFe=12190110452967000168...
[2026-03-22T21:48:17.229+0000] {spark_submit.py:663} INFO - [DAG1] Parseado: /opt/spark/xmls/nfe_031.xml -> chNFe=23180876590128000114...
[2026-03-22T21:48:17.229+0000] {spark_submit.py:663} INFO - [DAG1] Parseado: /opt/spark/xmls/nfe_032.xml -> chNFe=31210963298745000107...
[2026-03-22T21:48:17.230+0000] {spark_submit.py:663} INFO - [DAG1] Parseado: /opt/spark/xmls/nfe_033.xml -> chNFe=21181187352046000158...
[2026-03-22T21:48:17.230+0000] {spark_submit.py:663} INFO - [DAG1] Parseado: /opt/spark/xmls/nfe_034.xml -> chNFe=26231104516832000116...
[2026-03-22T21:48:17.230+0000] {spark_submit.py:663} INFO - [DAG1] Parseado: /opt/spark/xmls/nfe_035.xml -> chNFe=11250854869370000199...
[2026-03-22T21:48:17.231+0000] {spark_submit.py:663} INFO - [DAG1] Parseado: /opt/spark/xmls/nfe_036.xml -> chNFe=21210823974801000153...
[2026-03-22T21:48:17.231+0000] {spark_submit.py:663} INFO - [DAG1] Parseado: /opt/spark/xmls/nfe_037.xml -> chNFe=35210206714925000180...
[2026-03-22T21:48:17.231+0000] {spark_submit.py:663} INFO - [DAG1] Parseado: /opt/spark/xmls/nfe_038.xml -> chNFe=41190961304298000118...
[2026-03-22T21:48:17.232+0000] {spark_submit.py:663} INFO - [DAG1] Parseado: /opt/spark/xmls/nfe_039.xml -> chNFe=25250457431082000146...
[2026-03-22T21:48:17.232+0000] {spark_submit.py:663} INFO - [DAG1] Parseado: /opt/spark/xmls/nfe_040.xml -> chNFe=13180320871436000163...
[2026-03-22T21:48:17.232+0000] {spark_submit.py:663} INFO - [DAG1] Parseado: /opt/spark/xmls/nfe_041.xml -> chNFe=12231084620519000162...
[2026-03-22T21:48:17.233+0000] {spark_submit.py:663} INFO - [DAG1] Parseado: /opt/spark/xmls/nfe_042.xml -> chNFe=21230731649502000171...
[2026-03-22T21:48:17.233+0000] {spark_submit.py:663} INFO - [DAG1] Parseado: /opt/spark/xmls/nfe_043.xml -> chNFe=51191113640928000182...
[2026-03-22T21:48:17.234+0000] {spark_submit.py:663} INFO - [DAG1] Parseado: /opt/spark/xmls/nfe_044.xml -> chNFe=51220514726980000119...
[2026-03-22T21:48:17.234+0000] {spark_submit.py:663} INFO - [DAG1] Parseado: /opt/spark/xmls/nfe_045.xml -> chNFe=26200312657039000165...
[2026-03-22T21:48:17.235+0000] {spark_submit.py:663} INFO - [DAG1] Parseado: /opt/spark/xmls/nfe_046.xml -> chNFe=31221081579046000109...
[2026-03-22T21:48:17.235+0000] {spark_submit.py:663} INFO - [DAG1] Parseado: /opt/spark/xmls/nfe_047.xml -> chNFe=52190157216438000129...
[2026-03-22T21:48:17.235+0000] {spark_submit.py:663} INFO - [DAG1] Parseado: /opt/spark/xmls/nfe_048.xml -> chNFe=27181136082951000102...
[2026-03-22T21:48:17.235+0000] {spark_submit.py:663} INFO - [DAG1] Parseado: /opt/spark/xmls/nfe_049.xml -> chNFe=33180538052974000191...
[2026-03-22T21:48:17.236+0000] {spark_submit.py:663} INFO - [DAG1] Parseado: /opt/spark/xmls/nfe_050.xml -> chNFe=24230792075836000173...
[2026-03-22T21:48:17.236+0000] {spark_submit.py:663} INFO - [DAG1] Parseado: /opt/spark/xmls/nfe_051.xml -> chNFe=28250968740251000146...
[2026-03-22T21:48:17.236+0000] {spark_submit.py:663} INFO - [DAG1] Parseado: /opt/spark/xmls/nfe_052.xml -> chNFe=11220124691035000182...
[2026-03-22T21:48:17.236+0000] {spark_submit.py:663} INFO - [DAG1] Parseado: /opt/spark/xmls/nfe_053.xml -> chNFe=15250473416928000125...
[2026-03-22T21:48:17.237+0000] {spark_submit.py:663} INFO - [DAG1] Parseado: /opt/spark/xmls/nfe_054.xml -> chNFe=23190701627489000199...
[2026-03-22T21:48:17.237+0000] {spark_submit.py:663} INFO - [DAG1] Parseado: /opt/spark/xmls/nfe_055.xml -> chNFe=15250351739026000197...
[2026-03-22T21:48:17.237+0000] {spark_submit.py:663} INFO - [DAG1] Parseado: /opt/spark/xmls/nfe_056.xml -> chNFe=16221295804276000139...
[2026-03-22T21:48:17.238+0000] {spark_submit.py:663} INFO - [DAG1] Parseado: /opt/spark/xmls/nfe_057.xml -> chNFe=14200468721493000192...
[2026-03-22T21:48:17.238+0000] {spark_submit.py:663} INFO - [DAG1] Parseado: /opt/spark/xmls/nfe_058.xml -> chNFe=15230571934620000146...
[2026-03-22T21:48:17.239+0000] {spark_submit.py:663} INFO - [DAG1] Parseado: /opt/spark/xmls/nfe_059.xml -> chNFe=27181009731462000153...
[2026-03-22T21:48:17.239+0000] {spark_submit.py:663} INFO - [DAG1] Parseado: /opt/spark/xmls/nfe_060.xml -> chNFe=35220613892074000121...
[2026-03-22T21:48:17.239+0000] {spark_submit.py:663} INFO - [DAG1] Parseado: /opt/spark/xmls/nfe_061.xml -> chNFe=29200359802361000102...
[2026-03-22T21:48:17.240+0000] {spark_submit.py:663} INFO - [DAG1] Parseado: /opt/spark/xmls/nfe_062.xml -> chNFe=35250805768142000117...
[2026-03-22T21:48:17.240+0000] {spark_submit.py:663} INFO - [DAG1] Parseado: /opt/spark/xmls/nfe_063.xml -> chNFe=11190868395241000110...
[2026-03-22T21:48:17.240+0000] {spark_submit.py:663} INFO - [DAG1] Parseado: /opt/spark/xmls/nfe_064.xml -> chNFe=16230946583021000188...
[2026-03-22T21:48:17.240+0000] {spark_submit.py:663} INFO - [DAG1] Parseado: /opt/spark/xmls/nfe_065.xml -> chNFe=23230758370469000100...
[2026-03-22T21:48:17.241+0000] {spark_submit.py:663} INFO - [DAG1] Parseado: /opt/spark/xmls/nfe_066.xml -> chNFe=51201114786592000123...
[2026-03-22T21:48:17.241+0000] {spark_submit.py:663} INFO - [DAG1] Parseado: /opt/spark/xmls/nfe_067.xml -> chNFe=13190776093481000199...
[2026-03-22T21:48:17.241+0000] {spark_submit.py:663} INFO - [DAG1] Parseado: /opt/spark/xmls/nfe_068.xml -> chNFe=13181042865713000168...
[2026-03-22T21:48:17.242+0000] {spark_submit.py:663} INFO - [DAG1] Parseado: /opt/spark/xmls/nfe_069.xml -> chNFe=15201221740863000175...
[2026-03-22T21:48:17.242+0000] {spark_submit.py:663} INFO - [DAG1] Parseado: /opt/spark/xmls/nfe_070.xml -> chNFe=27230504526819000148...
[2026-03-22T21:48:17.242+0000] {spark_submit.py:663} INFO - [DAG1] Parseado: /opt/spark/xmls/nfe_071.xml -> chNFe=16231241268370000191...
[2026-03-22T21:48:17.244+0000] {spark_submit.py:663} INFO - [DAG1] Parseado: /opt/spark/xmls/nfe_072.xml -> chNFe=17201205641832000100...
[2026-03-22T21:48:17.244+0000] {spark_submit.py:663} INFO - [DAG1] Parseado: /opt/spark/xmls/nfe_073.xml -> chNFe=52230201627395000110...
[2026-03-22T21:48:17.244+0000] {spark_submit.py:663} INFO - [DAG1] Parseado: /opt/spark/xmls/nfe_074.xml -> chNFe=42221072643850000119...
[2026-03-22T21:48:17.245+0000] {spark_submit.py:663} INFO - [DAG1] Parseado: /opt/spark/xmls/nfe_075.xml -> chNFe=29241032751869000164...
[2026-03-22T21:48:17.245+0000] {spark_submit.py:663} INFO - [DAG1] Parseado: /opt/spark/xmls/nfe_076.xml -> chNFe=26220526973410000102...
[2026-03-22T21:48:17.245+0000] {spark_submit.py:663} INFO - [DAG1] Parseado: /opt/spark/xmls/nfe_077.xml -> chNFe=11200560149872000148...
[2026-03-22T21:48:17.246+0000] {spark_submit.py:663} INFO - [DAG1] Parseado: /opt/spark/xmls/nfe_078.xml -> chNFe=35240574290356000143...
[2026-03-22T21:48:17.246+0000] {spark_submit.py:663} INFO - [DAG1] Parseado: /opt/spark/xmls/nfe_079.xml -> chNFe=52220859280417000106...
[2026-03-22T21:48:17.246+0000] {spark_submit.py:663} INFO - [DAG1] Parseado: /opt/spark/xmls/nfe_080.xml -> chNFe=13220671952803000194...
[2026-03-22T21:48:17.247+0000] {spark_submit.py:663} INFO - [DAG1] Parseado: /opt/spark/xmls/nfe_081.xml -> chNFe=27240997543628000175...
[2026-03-22T21:48:17.247+0000] {spark_submit.py:663} INFO - [DAG1] Parseado: /opt/spark/xmls/nfe_082.xml -> chNFe=16200305672934000193...
[2026-03-22T21:48:17.247+0000] {spark_submit.py:663} INFO - [DAG1] Parseado: /opt/spark/xmls/nfe_083.xml -> chNFe=26200967452098000199...
[2026-03-22T21:48:17.248+0000] {spark_submit.py:663} INFO - [DAG1] Parseado: /opt/spark/xmls/nfe_084.xml -> chNFe=15201240879132000150...
[2026-03-22T21:48:17.248+0000] {spark_submit.py:663} INFO - [DAG1] Parseado: /opt/spark/xmls/nfe_085.xml -> chNFe=15201104259871000185...
[2026-03-22T21:48:17.248+0000] {spark_submit.py:663} INFO - [DAG1] Parseado: /opt/spark/xmls/nfe_086.xml -> chNFe=29180693567420000135...
[2026-03-22T21:48:17.249+0000] {spark_submit.py:663} INFO - [DAG1] Parseado: /opt/spark/xmls/nfe_087.xml -> chNFe=25190423645971000194...
[2026-03-22T21:48:17.249+0000] {spark_submit.py:663} INFO - [DAG1] Parseado: /opt/spark/xmls/nfe_088.xml -> chNFe=53221171968234000175...
[2026-03-22T21:48:17.249+0000] {spark_submit.py:663} INFO - [DAG1] Parseado: /opt/spark/xmls/nfe_089.xml -> chNFe=33211120671549000115...
[2026-03-22T21:48:17.250+0000] {spark_submit.py:663} INFO - [DAG1] Parseado: /opt/spark/xmls/nfe_090.xml -> chNFe=14230621639754000166...
[2026-03-22T21:48:17.250+0000] {spark_submit.py:663} INFO - [DAG1] Parseado: /opt/spark/xmls/nfe_091.xml -> chNFe=29221267140958000159...
[2026-03-22T21:48:17.250+0000] {spark_submit.py:663} INFO - [DAG1] Parseado: /opt/spark/xmls/nfe_092.xml -> chNFe=25180748326059000109...
[2026-03-22T21:48:17.251+0000] {spark_submit.py:663} INFO - [DAG1] Parseado: /opt/spark/xmls/nfe_093.xml -> chNFe=15190795724103000100...
[2026-03-22T21:48:17.251+0000] {spark_submit.py:663} INFO - [DAG1] Parseado: /opt/spark/xmls/nfe_094.xml -> chNFe=52251242875316000177...
[2026-03-22T21:48:17.251+0000] {spark_submit.py:663} INFO - [DAG1] Parseado: /opt/spark/xmls/nfe_095.xml -> chNFe=13230676385124000102...
[2026-03-22T21:48:17.252+0000] {spark_submit.py:663} INFO - [DAG1] Parseado: /opt/spark/xmls/nfe_096.xml -> chNFe=33240848596213000154...
[2026-03-22T21:48:17.252+0000] {spark_submit.py:663} INFO - [DAG1] Parseado: /opt/spark/xmls/nfe_097.xml -> chNFe=24200752149708000102...
[2026-03-22T21:48:17.252+0000] {spark_submit.py:663} INFO - [DAG1] Parseado: /opt/spark/xmls/nfe_098.xml -> chNFe=51180565902148000167...
[2026-03-22T21:48:17.252+0000] {spark_submit.py:663} INFO - 26/03/22 21:48:17 WARN StandaloneAppClient$ClientEndpoint: Drop UnregisterApplication(null) because has not yet connected to master
[2026-03-22T21:48:17.253+0000] {spark_submit.py:663} INFO - [DAG1] Parseado: /opt/spark/xmls/nfe_099.xml -> chNFe=13180796205487000118...
[2026-03-22T21:48:17.253+0000] {spark_submit.py:663} INFO - [DAG1] Parseado: /opt/spark/xmls/nfe_100.xml -> chNFe=13180353974062000160...
[2026-03-22T21:48:17.253+0000] {spark_submit.py:663} INFO - [DAG1] Total de notas parseadas: 100
[2026-03-22T21:48:17.422+0000] {spark_submit.py:663} INFO - Traceback (most recent call last):
[2026-03-22T21:48:17.422+0000] {spark_submit.py:663} INFO - File "/opt/spark/scripts/xml_to_kafka.py", line 231, in <module>
[2026-03-22T21:48:17.422+0000] {spark_submit.py:663} INFO - main()
[2026-03-22T21:48:17.422+0000] {spark_submit.py:663} INFO - File "/opt/spark/scripts/xml_to_kafka.py", line 215, in main
[2026-03-22T21:48:17.422+0000] {spark_submit.py:663} INFO - df = spark.createDataFrame(kafka_records, ["key", "value"])
[2026-03-22T21:48:17.422+0000] {spark_submit.py:663} INFO - File "/home/***/.local/lib/python3.10/site-packages/pyspark/python/lib/pyspark.zip/pyspark/sql/session.py", line 1443, in createDataFrame
[2026-03-22T21:48:17.423+0000] {spark_submit.py:663} INFO - File "/home/***/.local/lib/python3.10/site-packages/pyspark/python/lib/pyspark.zip/pyspark/sql/session.py", line 1485, in _create_dataframe
[2026-03-22T21:48:17.423+0000] {spark_submit.py:663} INFO - File "/home/***/.local/lib/python3.10/site-packages/pyspark/python/lib/pyspark.zip/pyspark/sql/session.py", line 1093, in _createFromLocal
[2026-03-22T21:48:17.423+0000] {spark_submit.py:663} INFO - File "/home/***/.local/lib/python3.10/site-packages/pyspark/python/lib/pyspark.zip/pyspark/sql/session.py", line 952, in _inferSchemaFromList
[2026-03-22T21:48:17.423+0000] {spark_submit.py:663} INFO - File "/home/***/.local/lib/python3.10/site-packages/pyspark/python/lib/pyspark.zip/pyspark/sql/session.py", line 624, in _jconf
[2026-03-22T21:48:17.423+0000] {spark_submit.py:663} INFO - File "/home/***/.local/lib/python3.10/site-packages/pyspark/python/lib/py4j-0.10.9.7-src.zip/py4j/java_gateway.py", line 1322, in __call__
[2026-03-22T21:48:17.423+0000] {spark_submit.py:663} INFO - File "/home/***/.local/lib/python3.10/site-packages/pyspark/python/lib/pyspark.zip/pyspark/errors/exceptions/captured.py", line 179, in deco
[2026-03-22T21:48:17.423+0000] {spark_submit.py:663} INFO - File "/home/***/.local/lib/python3.10/site-packages/pyspark/python/lib/py4j-0.10.9.7-src.zip/py4j/protocol.py", line 326, in get_return_value
[2026-03-22T21:48:17.423+0000] {spark_submit.py:663} INFO - py4j.protocol.Py4JJavaError: An error occurred while calling o26.sessionState.
[2026-03-22T21:48:17.423+0000] {spark_submit.py:663} INFO - : java.lang.IllegalStateException: LiveListenerBus is stopped.
[2026-03-22T21:48:17.424+0000] {spark_submit.py:663} INFO - at org.apache.spark.scheduler.LiveListenerBus.addToQueue(LiveListenerBus.scala:92)
[2026-03-22T21:48:17.424+0000] {spark_submit.py:663} INFO - at org.apache.spark.scheduler.LiveListenerBus.addToStatusQueue(LiveListenerBus.scala:75)
[2026-03-22T21:48:17.424+0000] {spark_submit.py:663} INFO - at org.apache.spark.sql.internal.SharedState.<init>(SharedState.scala:115)
[2026-03-22T21:48:17.424+0000] {spark_submit.py:663} INFO - at org.apache.spark.sql.SparkSession.$anonfun$sharedState$1(SparkSession.scala:143)
[2026-03-22T21:48:17.424+0000] {spark_submit.py:663} INFO - at scala.Option.getOrElse(Option.scala:189)
[2026-03-22T21:48:17.424+0000] {spark_submit.py:663} INFO - at org.apache.spark.sql.SparkSession.sharedState$lzycompute(SparkSession.scala:143)
[2026-03-22T21:48:17.424+0000] {spark_submit.py:663} INFO - at org.apache.spark.sql.SparkSession.sharedState(SparkSession.scala:142)
[2026-03-22T21:48:17.424+0000] {spark_submit.py:663} INFO - at org.apache.spark.sql.SparkSession.$anonfun$sessionState$2(SparkSession.scala:162)
[2026-03-22T21:48:17.424+0000] {spark_submit.py:663} INFO - at scala.Option.getOrElse(Option.scala:189)
[2026-03-22T21:48:17.424+0000] {spark_submit.py:663} INFO - at org.apache.spark.sql.SparkSession.sessionState$lzycompute(SparkSession.scala:160)
[2026-03-22T21:48:17.424+0000] {spark_submit.py:663} INFO - at org.apache.spark.sql.SparkSession.sessionState(SparkSession.scala:157)
[2026-03-22T21:48:17.424+0000] {spark_submit.py:663} INFO - at java.base/jdk.internal.reflect.NativeMethodAccessorImpl.invoke0(Native Method)
[2026-03-22T21:48:17.425+0000] {spark_submit.py:663} INFO - at java.base/jdk.internal.reflect.NativeMethodAccessorImpl.invoke(NativeMethodAccessorImpl.java:77)
[2026-03-22T21:48:17.425+0000] {spark_submit.py:663} INFO - at java.base/jdk.internal.reflect.DelegatingMethodAccessorImpl.invoke(DelegatingMethodAccessorImpl.java:43)
[2026-03-22T21:48:17.425+0000] {spark_submit.py:663} INFO - at java.base/java.lang.reflect.Method.invoke(Method.java:569)
[2026-03-22T21:48:17.425+0000] {spark_submit.py:663} INFO - at py4j.reflection.MethodInvoker.invoke(MethodInvoker.java:244)
[2026-03-22T21:48:17.425+0000] {spark_submit.py:663} INFO - at py4j.reflection.ReflectionEngine.invoke(ReflectionEngine.java:374)
[2026-03-22T21:48:17.425+0000] {spark_submit.py:663} INFO - at py4j.Gateway.invoke(Gateway.java:282)
[2026-03-22T21:48:17.425+0000] {spark_submit.py:663} INFO - at py4j.commands.AbstractCommand.invokeMethod(AbstractCommand.java:132)
[2026-03-22T21:48:17.425+0000] {spark_submit.py:663} INFO - at py4j.commands.CallCommand.execute(CallCommand.java:79)
[2026-03-22T21:48:17.425+0000] {spark_submit.py:663} INFO - at py4j.ClientServerConnection.waitForCommands(ClientServerConnection.java:182)
[2026-03-22T21:48:17.425+0000] {spark_submit.py:663} INFO - at py4j.ClientServerConnection.run(ClientServerConnection.java:106)
[2026-03-22T21:48:17.425+0000] {spark_submit.py:663} INFO - at java.base/java.lang.Thread.run(Thread.java:840)
[2026-03-22T21:48:17.425+0000] {spark_submit.py:663} INFO - 
[2026-03-22T21:48:17.502+0000] {taskinstance.py:3337} ERROR - Task failed with exception
Traceback (most recent call last):
  File "/home/airflow/.local/lib/python3.10/site-packages/airflow/models/taskinstance.py", line 776, in _execute_task
    result = _execute_callable(context=context, **execute_callable_kwargs)
  File "/home/airflow/.local/lib/python3.10/site-packages/airflow/models/taskinstance.py", line 742, in _execute_callable
    return ExecutionCallableRunner(
  File "/home/airflow/.local/lib/python3.10/site-packages/airflow/utils/operator_helpers.py", line 252, in run
    return self.func(*args, **kwargs)
  File "/home/airflow/.local/lib/python3.10/site-packages/airflow/models/baseoperator.py", line 425, in wrapper
    return func(self, *args, **kwargs)
  File "/home/airflow/.local/lib/python3.10/site-packages/airflow/providers/apache/spark/operators/spark_submit.py", line 194, in execute
    self._hook.submit(self.application)
  File "/home/airflow/.local/lib/python3.10/site-packages/airflow/providers/apache/spark/hooks/spark_submit.py", line 585, in submit
    raise AirflowException(
airflow.exceptions.AirflowException: Cannot execute: spark-submit --master spark://spark-master:7077 --conf spark.master=spark://spark-master:7077 --conf spark.jars=/opt/spark/jars/spark-xml_2.12-0.18.0.jar,/opt/spark/jars/spark-sql-kafka-0-10_2.12-3.5.2.jar,/opt/spark/jars/kafka-clients-3.5.2.jar,/opt/spark/jars/spark-token-provider-kafka-0-10_2.12-3.5.2.jar,/opt/spark/jars/commons-pool2-2.12.0.jar --name arrow-spark --verbose /opt/spark/scripts/xml_to_kafka.py. Error code is: 1.
[2026-03-22T21:48:17.506+0000] {taskinstance.py:1242} INFO - Marking task as UP_FOR_RETRY. dag_id=dag_xml_to_kafka, task_id=spark_xml_to_kafka, run_id=manual__2026-03-22T21:47:14.142396+00:00, execution_date=20260322T214714, start_date=20260322T214714, end_date=20260322T214817
[2026-03-22T21:48:17.523+0000] {taskinstance.py:349} INFO - ::group::Post task execution logs
[2026-03-22T21:48:17.524+0000] {standard_task_runner.py:124} ERROR - Failed to execute job 13 for task spark_xml_to_kafka (Cannot execute: spark-submit --master spark://spark-master:7077 --conf spark.master=spark://spark-master:7077 --conf spark.jars=/opt/spark/jars/spark-xml_2.12-0.18.0.jar,/opt/spark/jars/spark-sql-kafka-0-10_2.12-3.5.2.jar,/opt/spark/jars/kafka-clients-3.5.2.jar,/opt/spark/jars/spark-token-provider-kafka-0-10_2.12-3.5.2.jar,/opt/spark/jars/commons-pool2-2.12.0.jar --name arrow-spark --verbose /opt/spark/scripts/xml_to_kafka.py. Error code is: 1.; 192)
Traceback (most recent call last):
  File "/home/airflow/.local/lib/python3.10/site-packages/airflow/task/task_runner/standard_task_runner.py", line 117, in _start_by_fork
    ret = args.func(args, dag=self.dag)
  File "/home/airflow/.local/lib/python3.10/site-packages/airflow/cli/cli_config.py", line 49, in command
    return func(*args, **kwargs)
  File "/home/airflow/.local/lib/python3.10/site-packages/airflow/utils/cli.py", line 116, in wrapper
    return f(*args, **kwargs)
  File "/home/airflow/.local/lib/python3.10/site-packages/airflow/cli/commands/task_command.py", line 483, in task_run
    task_return_code = _run_task_by_selected_method(args, _dag, ti)
  File "/home/airflow/.local/lib/python3.10/site-packages/airflow/cli/commands/task_command.py", line 256, in _run_task_by_selected_method
    return _run_raw_task(args, ti)
  File "/home/airflow/.local/lib/python3.10/site-packages/airflow/cli/commands/task_command.py", line 341, in _run_raw_task
    return ti._run_raw_task(
  File "/home/airflow/.local/lib/python3.10/site-packages/airflow/utils/session.py", line 97, in wrapper
    return func(*args, session=session, **kwargs)
  File "/home/airflow/.local/lib/python3.10/site-packages/airflow/models/taskinstance.py", line 3030, in _run_raw_task
    return _run_raw_task(
  File "/home/airflow/.local/lib/python3.10/site-packages/airflow/models/taskinstance.py", line 282, in _run_raw_task
    TaskInstance._execute_task_with_callbacks(
  File "/home/airflow/.local/lib/python3.10/site-packages/airflow/models/taskinstance.py", line 3185, in _execute_task_with_callbacks
    result = self._execute_task(context, task_orig)
  File "/home/airflow/.local/lib/python3.10/site-packages/airflow/models/taskinstance.py", line 3209, in _execute_task
    return _execute_task(self, context, task_orig)
  File "/home/airflow/.local/lib/python3.10/site-packages/airflow/models/taskinstance.py", line 776, in _execute_task
    result = _execute_callable(context=context, **execute_callable_kwargs)
  File "/home/airflow/.local/lib/python3.10/site-packages/airflow/models/taskinstance.py", line 742, in _execute_callable
    return ExecutionCallableRunner(
  File "/home/airflow/.local/lib/python3.10/site-packages/airflow/utils/operator_helpers.py", line 252, in run
    return self.func(*args, **kwargs)
  File "/home/airflow/.local/lib/python3.10/site-packages/airflow/models/baseoperator.py", line 425, in wrapper
    return func(self, *args, **kwargs)
  File "/home/airflow/.local/lib/python3.10/site-packages/airflow/providers/apache/spark/operators/spark_submit.py", line 194, in execute
    self._hook.submit(self.application)
  File "/home/airflow/.local/lib/python3.10/site-packages/airflow/providers/apache/spark/hooks/spark_submit.py", line 585, in submit
    raise AirflowException(
airflow.exceptions.AirflowException: Cannot execute: spark-submit --master spark://spark-master:7077 --conf spark.master=spark://spark-master:7077 --conf spark.jars=/opt/spark/jars/spark-xml_2.12-0.18.0.jar,/opt/spark/jars/spark-sql-kafka-0-10_2.12-3.5.2.jar,/opt/spark/jars/kafka-clients-3.5.2.jar,/opt/spark/jars/spark-token-provider-kafka-0-10_2.12-3.5.2.jar,/opt/spark/jars/commons-pool2-2.12.0.jar --name arrow-spark --verbose /opt/spark/scripts/xml_to_kafka.py. Error code is: 1.
[2026-03-22T21:48:17.528+0000] {local_task_job_runner.py:266} INFO - Task exited with return code 1
[2026-03-22T21:48:17.539+0000] {taskinstance.py:3925} INFO - 0 downstream tasks scheduled from follow-on schedule check
[2026-03-22T21:48:17.541+0000] {local_task_job_runner.py:245} INFO - ::endgroup::
