[2026-03-22T22:59:13.645+0000] {local_task_job_runner.py:123} INFO - ::group::Pre task execution logs
[2026-03-22T22:59:13.657+0000] {taskinstance.py:2632} INFO - Dependencies all met for dep_context=non-requeueable deps ti=<TaskInstance: dag_hive_queries.spark_hive_queries manual__2026-03-22T22:59:12.694436+00:00 [queued]>
[2026-03-22T22:59:13.661+0000] {taskinstance.py:2632} INFO - Dependencies all met for dep_context=requeueable deps ti=<TaskInstance: dag_hive_queries.spark_hive_queries manual__2026-03-22T22:59:12.694436+00:00 [queued]>
[2026-03-22T22:59:13.661+0000] {taskinstance.py:2885} INFO - Starting attempt 1 of 2
[2026-03-22T22:59:13.669+0000] {taskinstance.py:2908} INFO - Executing <Task(SparkSubmitOperator): spark_hive_queries> on 2026-03-22 22:59:12.694436+00:00
[2026-03-22T22:59:13.671+0000] {standard_task_runner.py:72} INFO - Started process 919 to run task
[2026-03-22T22:59:13.674+0000] {standard_task_runner.py:104} INFO - Running: ['***', 'tasks', 'run', 'dag_hive_queries', 'spark_hive_queries', 'manual__2026-03-22T22:59:12.694436+00:00', '--job-id', '6', '--raw', '--subdir', 'DAGS_FOLDER/dag_hive_queries.py', '--cfg-path', '/tmp/tmpjn8hbbgm']
[2026-03-22T22:59:13.675+0000] {standard_task_runner.py:105} INFO - Job 6: Subtask spark_hive_queries
[2026-03-22T22:59:13.699+0000] {task_command.py:467} INFO - Running <TaskInstance: dag_hive_queries.spark_hive_queries manual__2026-03-22T22:59:12.694436+00:00 [running]> on host a0fa30331a96
[2026-03-22T22:59:13.743+0000] {taskinstance.py:3158} INFO - Exporting env vars: AIRFLOW_CTX_DAG_OWNER='engenheiro_dados' AIRFLOW_CTX_DAG_ID='dag_hive_queries' AIRFLOW_CTX_TASK_ID='spark_hive_queries' AIRFLOW_CTX_EXECUTION_DATE='2026-03-22T22:59:12.694436+00:00' AIRFLOW_CTX_TRY_NUMBER='1' AIRFLOW_CTX_DAG_RUN_ID='manual__2026-03-22T22:59:12.694436+00:00'
[2026-03-22T22:59:13.743+0000] {taskinstance.py:740} INFO - ::endgroup::
[2026-03-22T22:59:13.751+0000] {base.py:84} INFO - Retrieving connection 'spark_default'
[2026-03-22T22:59:13.752+0000] {spark_submit.py:493} INFO - Spark-Submit cmd: spark-submit --master spark://spark-master:7077 --conf spark.master=spark://spark-master:7077 --conf spark.sql.catalogImplementation=hive --conf spark.hadoop.hive.metastore.uris=thrift://hive-metastore:9083 --conf spark.sql.warehouse.dir=hdfs://namenode:9000/user/hive/warehouse --name arrow-spark --verbose /opt/spark/scripts/hive_queries.py
[2026-03-22T22:59:13.805+0000] {spark_submit.py:663} INFO - /home/***/.local/lib/python3.10/site-packages/pyspark/bin/load-spark-env.sh: line 68: ps: command not found
[2026-03-22T22:59:14.444+0000] {spark_submit.py:663} INFO - Using properties file: null
[2026-03-22T22:59:14.500+0000] {spark_submit.py:663} INFO - Parsed arguments:
[2026-03-22T22:59:14.500+0000] {spark_submit.py:663} INFO - master                  spark://spark-master:7077
[2026-03-22T22:59:14.500+0000] {spark_submit.py:663} INFO - remote                  null
[2026-03-22T22:59:14.500+0000] {spark_submit.py:663} INFO - deployMode              null
[2026-03-22T22:59:14.501+0000] {spark_submit.py:663} INFO - executorMemory          null
[2026-03-22T22:59:14.501+0000] {spark_submit.py:663} INFO - executorCores           null
[2026-03-22T22:59:14.501+0000] {spark_submit.py:663} INFO - totalExecutorCores      null
[2026-03-22T22:59:14.501+0000] {spark_submit.py:663} INFO - propertiesFile          null
[2026-03-22T22:59:14.501+0000] {spark_submit.py:663} INFO - driverMemory            null
[2026-03-22T22:59:14.501+0000] {spark_submit.py:663} INFO - driverCores             null
[2026-03-22T22:59:14.501+0000] {spark_submit.py:663} INFO - driverExtraClassPath    null
[2026-03-22T22:59:14.501+0000] {spark_submit.py:663} INFO - driverExtraLibraryPath  null
[2026-03-22T22:59:14.501+0000] {spark_submit.py:663} INFO - driverExtraJavaOptions  null
[2026-03-22T22:59:14.501+0000] {spark_submit.py:663} INFO - supervise               false
[2026-03-22T22:59:14.502+0000] {spark_submit.py:663} INFO - queue                   null
[2026-03-22T22:59:14.502+0000] {spark_submit.py:663} INFO - numExecutors            null
[2026-03-22T22:59:14.502+0000] {spark_submit.py:663} INFO - files                   null
[2026-03-22T22:59:14.502+0000] {spark_submit.py:663} INFO - pyFiles                 null
[2026-03-22T22:59:14.502+0000] {spark_submit.py:663} INFO - archives                null
[2026-03-22T22:59:14.502+0000] {spark_submit.py:663} INFO - mainClass               null
[2026-03-22T22:59:14.502+0000] {spark_submit.py:663} INFO - primaryResource         file:/opt/spark/scripts/hive_queries.py
[2026-03-22T22:59:14.502+0000] {spark_submit.py:663} INFO - name                    arrow-spark
[2026-03-22T22:59:14.502+0000] {spark_submit.py:663} INFO - childArgs               []
[2026-03-22T22:59:14.502+0000] {spark_submit.py:663} INFO - jars                    null
[2026-03-22T22:59:14.502+0000] {spark_submit.py:663} INFO - packages                null
[2026-03-22T22:59:14.503+0000] {spark_submit.py:663} INFO - packagesExclusions      null
[2026-03-22T22:59:14.503+0000] {spark_submit.py:663} INFO - repositories            null
[2026-03-22T22:59:14.503+0000] {spark_submit.py:663} INFO - verbose                 true
[2026-03-22T22:59:14.503+0000] {spark_submit.py:663} INFO - 
[2026-03-22T22:59:14.503+0000] {spark_submit.py:663} INFO - Spark properties used, including those specified through
[2026-03-22T22:59:14.503+0000] {spark_submit.py:663} INFO - --conf and those from the properties file null:
[2026-03-22T22:59:14.503+0000] {spark_submit.py:663} INFO - (spark.hadoop.hive.metastore.uris,thrift://hive-metastore:9083)
[2026-03-22T22:59:14.503+0000] {spark_submit.py:663} INFO - (spark.master,spark://spark-master:7077)
[2026-03-22T22:59:14.503+0000] {spark_submit.py:663} INFO - (spark.sql.catalogImplementation,hive)
[2026-03-22T22:59:14.503+0000] {spark_submit.py:663} INFO - (spark.sql.warehouse.dir,hdfs://namenode:9000/user/hive/warehouse)
[2026-03-22T22:59:14.503+0000] {spark_submit.py:663} INFO - 
[2026-03-22T22:59:14.503+0000] {spark_submit.py:663} INFO - 
[2026-03-22T22:59:14.625+0000] {spark_submit.py:663} INFO - Main class:
[2026-03-22T22:59:14.626+0000] {spark_submit.py:663} INFO - org.apache.spark.deploy.PythonRunner
[2026-03-22T22:59:14.626+0000] {spark_submit.py:663} INFO - Arguments:
[2026-03-22T22:59:14.626+0000] {spark_submit.py:663} INFO - file:/opt/spark/scripts/hive_queries.py
[2026-03-22T22:59:14.626+0000] {spark_submit.py:663} INFO - null
[2026-03-22T22:59:14.627+0000] {spark_submit.py:663} INFO - Spark config:
[2026-03-22T22:59:14.627+0000] {spark_submit.py:663} INFO - (spark.app.name,arrow-spark)
[2026-03-22T22:59:14.627+0000] {spark_submit.py:663} INFO - (spark.app.submitTime,1774220354616)
[2026-03-22T22:59:14.627+0000] {spark_submit.py:663} INFO - (spark.hadoop.hive.metastore.uris,thrift://hive-metastore:9083)
[2026-03-22T22:59:14.627+0000] {spark_submit.py:663} INFO - (spark.master,spark://spark-master:7077)
[2026-03-22T22:59:14.627+0000] {spark_submit.py:663} INFO - (spark.sql.catalogImplementation,hive)
[2026-03-22T22:59:14.627+0000] {spark_submit.py:663} INFO - (spark.sql.warehouse.dir,hdfs://namenode:9000/user/hive/warehouse)
[2026-03-22T22:59:14.627+0000] {spark_submit.py:663} INFO - (spark.submit.deployMode,client)
[2026-03-22T22:59:14.628+0000] {spark_submit.py:663} INFO - (spark.submit.pyFiles,)
[2026-03-22T22:59:14.628+0000] {spark_submit.py:663} INFO - Classpath elements:
[2026-03-22T22:59:14.628+0000] {spark_submit.py:663} INFO - 
[2026-03-22T22:59:14.628+0000] {spark_submit.py:663} INFO - 
[2026-03-22T22:59:14.628+0000] {spark_submit.py:663} INFO - 
[2026-03-22T22:59:15.210+0000] {spark_submit.py:663} INFO - 26/03/22 22:59:15 INFO SparkContext: Running Spark version 3.5.2
[2026-03-22T22:59:15.212+0000] {spark_submit.py:663} INFO - 26/03/22 22:59:15 INFO SparkContext: OS info Linux, 6.19.7-1-cachyos, amd64
[2026-03-22T22:59:15.212+0000] {spark_submit.py:663} INFO - 26/03/22 22:59:15 INFO SparkContext: Java version 17.0.18
[2026-03-22T22:59:15.242+0000] {spark_submit.py:663} INFO - 26/03/22 22:59:15 WARN NativeCodeLoader: Unable to load native-hadoop library for your platform... using builtin-java classes where applicable
[2026-03-22T22:59:15.292+0000] {spark_submit.py:663} INFO - 26/03/22 22:59:15 INFO ResourceUtils: ==============================================================
[2026-03-22T22:59:15.293+0000] {spark_submit.py:663} INFO - 26/03/22 22:59:15 INFO ResourceUtils: No custom resources configured for spark.driver.
[2026-03-22T22:59:15.293+0000] {spark_submit.py:663} INFO - 26/03/22 22:59:15 INFO ResourceUtils: ==============================================================
[2026-03-22T22:59:15.293+0000] {spark_submit.py:663} INFO - 26/03/22 22:59:15 INFO SparkContext: Submitted application: DAG3_Hive_Queries
[2026-03-22T22:59:15.306+0000] {spark_submit.py:663} INFO - 26/03/22 22:59:15 INFO ResourceProfile: Default ResourceProfile created, executor resources: Map(memory -> name: memory, amount: 1024, script: , vendor: , offHeap -> name: offHeap, amount: 0, script: , vendor: ), task resources: Map(cpus -> name: cpus, amount: 1.0)
[2026-03-22T22:59:15.311+0000] {spark_submit.py:663} INFO - 26/03/22 22:59:15 INFO ResourceProfile: Limiting resource is cpu
[2026-03-22T22:59:15.312+0000] {spark_submit.py:663} INFO - 26/03/22 22:59:15 INFO ResourceProfileManager: Added ResourceProfile id: 0
[2026-03-22T22:59:15.346+0000] {spark_submit.py:663} INFO - 26/03/22 22:59:15 INFO SecurityManager: Changing view acls to: ***
[2026-03-22T22:59:15.346+0000] {spark_submit.py:663} INFO - 26/03/22 22:59:15 INFO SecurityManager: Changing modify acls to: ***
[2026-03-22T22:59:15.347+0000] {spark_submit.py:663} INFO - 26/03/22 22:59:15 INFO SecurityManager: Changing view acls groups to:
[2026-03-22T22:59:15.347+0000] {spark_submit.py:663} INFO - 26/03/22 22:59:15 INFO SecurityManager: Changing modify acls groups to:
[2026-03-22T22:59:15.347+0000] {spark_submit.py:663} INFO - 26/03/22 22:59:15 INFO SecurityManager: SecurityManager: authentication disabled; ui acls disabled; users with view permissions: ***; groups with view permissions: EMPTY; users with modify permissions: ***; groups with modify permissions: EMPTY
[2026-03-22T22:59:15.515+0000] {spark_submit.py:663} INFO - 26/03/22 22:59:15 INFO Utils: Successfully started service 'sparkDriver' on port 36657.
[2026-03-22T22:59:15.534+0000] {spark_submit.py:663} INFO - 26/03/22 22:59:15 INFO SparkEnv: Registering MapOutputTracker
[2026-03-22T22:59:15.557+0000] {spark_submit.py:663} INFO - 26/03/22 22:59:15 INFO SparkEnv: Registering BlockManagerMaster
[2026-03-22T22:59:15.573+0000] {spark_submit.py:663} INFO - 26/03/22 22:59:15 INFO BlockManagerMasterEndpoint: Using org.apache.spark.storage.DefaultTopologyMapper for getting topology information
[2026-03-22T22:59:15.573+0000] {spark_submit.py:663} INFO - 26/03/22 22:59:15 INFO BlockManagerMasterEndpoint: BlockManagerMasterEndpoint up
[2026-03-22T22:59:15.577+0000] {spark_submit.py:663} INFO - 26/03/22 22:59:15 INFO SparkEnv: Registering BlockManagerMasterHeartbeat
[2026-03-22T22:59:15.594+0000] {spark_submit.py:663} INFO - 26/03/22 22:59:15 INFO DiskBlockManager: Created local directory at /tmp/blockmgr-d01172a8-f9ca-43b7-8ddc-55a1fdd5448b
[2026-03-22T22:59:15.606+0000] {spark_submit.py:663} INFO - 26/03/22 22:59:15 INFO MemoryStore: MemoryStore started with capacity 434.4 MiB
[2026-03-22T22:59:15.619+0000] {spark_submit.py:663} INFO - 26/03/22 22:59:15 INFO SparkEnv: Registering OutputCommitCoordinator
[2026-03-22T22:59:15.711+0000] {spark_submit.py:663} INFO - 26/03/22 22:59:15 INFO JettyUtils: Start Jetty 0.0.0.0:4040 for SparkUI
[2026-03-22T22:59:15.754+0000] {spark_submit.py:663} INFO - 26/03/22 22:59:15 INFO Utils: Successfully started service 'SparkUI' on port 4040.
[2026-03-22T22:59:15.835+0000] {spark_submit.py:663} INFO - 26/03/22 22:59:15 INFO StandaloneAppClient$ClientEndpoint: Connecting to master spark://spark-master:7077...
[2026-03-22T22:59:15.870+0000] {spark_submit.py:663} INFO - 26/03/22 22:59:15 INFO TransportClientFactory: Successfully created connection to spark-master/172.18.0.4:7077 after 17 ms (0 ms spent in bootstraps)
[2026-03-22T22:59:15.927+0000] {spark_submit.py:663} INFO - 26/03/22 22:59:15 INFO StandaloneSchedulerBackend: Connected to Spark cluster with app ID app-20260322225915-0002
[2026-03-22T22:59:15.931+0000] {spark_submit.py:663} INFO - 26/03/22 22:59:15 INFO StandaloneAppClient$ClientEndpoint: Executor added: app-20260322225915-0002/0 on worker-20260322225633-172.18.0.11-43345 (172.18.0.11:43345) with 1 core(s)
[2026-03-22T22:59:15.935+0000] {spark_submit.py:663} INFO - 26/03/22 22:59:15 INFO StandaloneSchedulerBackend: Granted executor ID app-20260322225915-0002/0 on hostPort 172.18.0.11:43345 with 1 core(s), 1024.0 MiB RAM
[2026-03-22T22:59:15.935+0000] {spark_submit.py:663} INFO - 26/03/22 22:59:15 INFO StandaloneAppClient$ClientEndpoint: Executor added: app-20260322225915-0002/1 on worker-20260322225633-172.18.0.10-46063 (172.18.0.10:46063) with 1 core(s)
[2026-03-22T22:59:15.935+0000] {spark_submit.py:663} INFO - 26/03/22 22:59:15 INFO StandaloneSchedulerBackend: Granted executor ID app-20260322225915-0002/1 on hostPort 172.18.0.10:46063 with 1 core(s), 1024.0 MiB RAM
[2026-03-22T22:59:15.935+0000] {spark_submit.py:663} INFO - 26/03/22 22:59:15 INFO Utils: Successfully started service 'org.apache.spark.network.netty.NettyBlockTransferService' on port 44715.
[2026-03-22T22:59:15.936+0000] {spark_submit.py:663} INFO - 26/03/22 22:59:15 INFO StandaloneAppClient$ClientEndpoint: Executor added: app-20260322225915-0002/2 on worker-20260322225633-172.18.0.12-33099 (172.18.0.12:33099) with 1 core(s)
[2026-03-22T22:59:15.936+0000] {spark_submit.py:663} INFO - 26/03/22 22:59:15 INFO NettyBlockTransferService: Server created on a0fa30331a96:44715
[2026-03-22T22:59:15.936+0000] {spark_submit.py:663} INFO - 26/03/22 22:59:15 INFO StandaloneSchedulerBackend: Granted executor ID app-20260322225915-0002/2 on hostPort 172.18.0.12:33099 with 1 core(s), 1024.0 MiB RAM
[2026-03-22T22:59:15.937+0000] {spark_submit.py:663} INFO - 26/03/22 22:59:15 INFO BlockManager: Using org.apache.spark.storage.RandomBlockReplicationPolicy for block replication policy
[2026-03-22T22:59:15.943+0000] {spark_submit.py:663} INFO - 26/03/22 22:59:15 INFO BlockManagerMaster: Registering BlockManager BlockManagerId(driver, a0fa30331a96, 44715, None)
[2026-03-22T22:59:15.946+0000] {spark_submit.py:663} INFO - 26/03/22 22:59:15 INFO BlockManagerMasterEndpoint: Registering block manager a0fa30331a96:44715 with 434.4 MiB RAM, BlockManagerId(driver, a0fa30331a96, 44715, None)
[2026-03-22T22:59:15.948+0000] {spark_submit.py:663} INFO - 26/03/22 22:59:15 INFO BlockManagerMaster: Registered BlockManager BlockManagerId(driver, a0fa30331a96, 44715, None)
[2026-03-22T22:59:15.949+0000] {spark_submit.py:663} INFO - 26/03/22 22:59:15 INFO BlockManager: Initialized BlockManager: BlockManagerId(driver, a0fa30331a96, 44715, None)
[2026-03-22T22:59:15.962+0000] {spark_submit.py:663} INFO - 26/03/22 22:59:15 INFO StandaloneAppClient$ClientEndpoint: Executor updated: app-20260322225915-0002/0 is now RUNNING
[2026-03-22T22:59:15.963+0000] {spark_submit.py:663} INFO - 26/03/22 22:59:15 INFO StandaloneAppClient$ClientEndpoint: Executor updated: app-20260322225915-0002/2 is now RUNNING
[2026-03-22T22:59:15.967+0000] {spark_submit.py:663} INFO - 26/03/22 22:59:15 INFO StandaloneAppClient$ClientEndpoint: Executor updated: app-20260322225915-0002/1 is now RUNNING
[2026-03-22T22:59:16.115+0000] {spark_submit.py:663} INFO - 26/03/22 22:59:16 INFO StandaloneSchedulerBackend: SchedulerBackend is ready for scheduling beginning after reached minRegisteredResourcesRatio: 0.0
[2026-03-22T22:59:18.298+0000] {spark_submit.py:663} INFO - [DAG3] Iniciando consultas analíticas...
[2026-03-22T22:59:18.298+0000] {spark_submit.py:663} INFO - 
[2026-03-22T22:59:18.298+0000] {spark_submit.py:663} INFO - ============================================================
[2026-03-22T22:59:18.299+0000] {spark_submit.py:663} INFO - [DAG3] Consulta 1: Total de notas por UF do emitente
[2026-03-22T22:59:18.299+0000] {spark_submit.py:663} INFO - ============================================================
[2026-03-22T22:59:18.609+0000] {spark_submit.py:663} INFO - 26/03/22 22:59:18 WARN ResolveSessionCatalog: A Hive serde table will be created as there is no table provider specified. You can set spark.sql.legacy.createHiveTableByDefault to false so that native data source table will be created instead.
[2026-03-22T22:59:18.674+0000] {spark_submit.py:663} INFO - 26/03/22 22:59:18 WARN SparkStringUtils: Truncated the string representation of a plan since it was too large. This behavior can be adjusted by setting 'spark.sql.debug.maxToStringFields'.
[2026-03-22T22:59:18.712+0000] {spark_submit.py:663} INFO - 26/03/22 22:59:18 WARN SessionState: METASTORE_FILTER_HOOK will be ignored, since hive.security.authorization.manager is set to instance of HiveAuthorizerFactory.
[2026-03-22T22:59:24.553+0000] {spark_submit.py:663} INFO - +-----------+-----------+-----------+-----------+
[2026-03-22T22:59:24.554+0000] {spark_submit.py:663} INFO - |uf_emitente|total_notas|valor_total|valor_medio|
[2026-03-22T22:59:24.554+0000] {spark_submit.py:663} INFO - +-----------+-----------+-----------+-----------+
[2026-03-22T22:59:24.554+0000] {spark_submit.py:663} INFO - |AM         |10         |1172.41    |117.24     |
[2026-03-22T22:59:24.554+0000] {spark_submit.py:663} INFO - |MT         |9          |721.12     |80.12      |
[2026-03-22T22:59:24.554+0000] {spark_submit.py:663} INFO - |RO         |8          |623.5      |77.94      |
[2026-03-22T22:59:24.554+0000] {spark_submit.py:663} INFO - |AL         |8          |974.55     |121.82     |
[2026-03-22T22:59:24.554+0000] {spark_submit.py:663} INFO - |BA         |8          |646.28     |80.78      |
[2026-03-22T22:59:24.554+0000] {spark_submit.py:663} INFO - |SC         |7          |304.58     |43.51      |
[2026-03-22T22:59:24.554+0000] {spark_submit.py:663} INFO - |SP         |7          |590.72     |84.39      |
[2026-03-22T22:59:24.555+0000] {spark_submit.py:663} INFO - |PA         |7          |522.28     |74.61      |
[2026-03-22T22:59:24.555+0000] {spark_submit.py:663} INFO - |PE         |7          |1094.81    |156.4      |
[2026-03-22T22:59:24.555+0000] {spark_submit.py:663} INFO - |GO         |6          |751.77     |125.29     |
[2026-03-22T22:59:24.555+0000] {spark_submit.py:663} INFO - |MG         |6          |742.76     |123.79     |
[2026-03-22T22:59:24.555+0000] {spark_submit.py:663} INFO - |CE         |6          |296.38     |49.4       |
[2026-03-22T22:59:24.555+0000] {spark_submit.py:663} INFO - |RN         |6          |630.69     |105.12     |
[2026-03-22T22:59:24.555+0000] {spark_submit.py:663} INFO - |MA         |6          |746.86     |124.48     |
[2026-03-22T22:59:24.555+0000] {spark_submit.py:663} INFO - |AC         |6          |461.8      |76.97      |
[2026-03-22T22:59:24.555+0000] {spark_submit.py:663} INFO - |SE         |5          |426.26     |85.25      |
[2026-03-22T22:59:24.555+0000] {spark_submit.py:663} INFO - |DF         |5          |294.79     |58.96      |
[2026-03-22T22:59:24.555+0000] {spark_submit.py:663} INFO - |RR         |4          |455.4      |113.85     |
[2026-03-22T22:59:24.556+0000] {spark_submit.py:663} INFO - |PB         |4          |376.5      |94.13      |
[2026-03-22T22:59:24.556+0000] {spark_submit.py:663} INFO - |MS         |4          |190.94     |47.74      |
[2026-03-22T22:59:24.556+0000] {spark_submit.py:663} INFO - +-----------+-----------+-----------+-----------+
[2026-03-22T22:59:24.556+0000] {spark_submit.py:663} INFO - only showing top 20 rows
[2026-03-22T22:59:24.556+0000] {spark_submit.py:663} INFO - 
[2026-03-22T22:59:24.556+0000] {spark_submit.py:663} INFO - ============================================================
[2026-03-22T22:59:24.556+0000] {spark_submit.py:663} INFO - [DAG3] Consulta 2: Faturamento total por emitente
[2026-03-22T22:59:24.556+0000] {spark_submit.py:663} INFO - ============================================================
[2026-03-22T22:59:25.792+0000] {spark_submit.py:663} INFO - +--------------+---------------------------+----------------------+-----------+-----------+--------------+--------------+--------------------+
[2026-03-22T22:59:25.793+0000] {spark_submit.py:663} INFO - |cnpj_emitente |nome_emitente              |fantasia_emitente     |uf_emitente|total_notas|valor_produtos|valor_total_nf|valor_total_tributos|
[2026-03-22T22:59:25.793+0000] {spark_submit.py:663} INFO - +--------------+---------------------------+----------------------+-----------+-----------+--------------+--------------+--------------------+
[2026-03-22T22:59:25.793+0000] {spark_submit.py:663} INFO - |81743625000145|PASTOR SUPERMERCADOS LTDA  |PASTOR SUPERMERCADOS  |RR         |2          |400.82        |400.82        |23.44               |
[2026-03-22T22:59:25.793+0000] {spark_submit.py:663} INFO - |57216438000129|DA ROSA ATACAREJO LTDA     |DA ROSA ATACAREJO     |GO         |2          |389.38        |388.56        |22.76               |
[2026-03-22T22:59:25.794+0000] {spark_submit.py:663} INFO - |28695410000113|CARVALHO SUPERMERCADOS LTDA|CARVALHO SUPERMERCADOS|SP         |2          |384.14        |375.94        |22.46               |
[2026-03-22T22:59:25.794+0000] {spark_submit.py:663} INFO - |04516832000116|VARGAS ATACAREJO LTDA      |VARGAS ATACAREJO      |PE         |2          |370.76        |370.76        |21.66               |
[2026-03-22T22:59:25.794+0000] {spark_submit.py:663} INFO - |84620519000162|MELO MERCADO LTDA          |MELO MERCADO          |AC         |2          |322.04        |321.44        |18.84               |
[2026-03-22T22:59:25.794+0000] {spark_submit.py:663} INFO - |31649502000171|FERREIRA MERCADO LTDA      |FERREIRA MERCADO      |MA         |2          |329.0         |317.64        |19.24               |
[2026-03-22T22:59:25.794+0000] {spark_submit.py:663} INFO - |49256018000148|CASTRO HIPERMERCADO LTDA   |CASTRO HIPERMERCADO   |RN         |2          |313.62        |312.42        |18.38               |
[2026-03-22T22:59:25.794+0000] {spark_submit.py:663} INFO - |76385124000102|SILVEIRA HIPERMERCADO LTDA |SILVEIRA HIPERMERCADO |AM         |1          |306.7         |306.7         |17.94               |
[2026-03-22T22:59:25.794+0000] {spark_submit.py:663} INFO - |61304298000118|CAVALCANTI ATACAREJO LTDA  |CAVALCANTI ATACAREJO  |PR         |2          |303.18        |297.46        |17.74               |
[2026-03-22T22:59:25.794+0000] {spark_submit.py:663} INFO - |14726980000119|RIBEIRO HIPERMERCADO LTDA  |RIBEIRO HIPERMERCADO  |MT         |2          |305.8         |296.58        |17.9                |
[2026-03-22T22:59:25.794+0000] {spark_submit.py:663} INFO - |12657039000165|CASTRO SUPERMERCADOS LTDA  |CASTRO SUPERMERCADOS  |PE         |2          |274.48        |272.22        |16.06               |
[2026-03-22T22:59:25.794+0000] {spark_submit.py:663} INFO - |81579046000109|LOPES SUPERMERCADO LTDA    |LOPES SUPERMERCADO    |MG         |2          |265.98        |265.98        |15.58               |
[2026-03-22T22:59:25.795+0000] {spark_submit.py:663} INFO - |36207415000188|SANTOS SUPERMERCADOS LTDA  |SANTOS SUPERMERCADOS  |AM         |2          |262.04        |261.1         |15.32               |
[2026-03-22T22:59:25.795+0000] {spark_submit.py:663} INFO - |23974801000153|DA ROCHA HIPERMERCADO LTDA |DA ROCHA HIPERMERCADO |MA         |2          |258.86        |258.86        |15.16               |
[2026-03-22T22:59:25.795+0000] {spark_submit.py:663} INFO - |48596213000154|PEIXOTO HIPERMERCADO LTDA  |PEIXOTO HIPERMERCADO  |RJ         |1          |256.74        |255.77        |15.01               |
[2026-03-22T22:59:25.795+0000] {spark_submit.py:663} INFO - |26973410000102|FOGAÇA SUPERMERCADOS LTDA  |FOGAÇA SUPERMERCADOS  |PE         |1          |259.25        |254.11        |15.18               |
[2026-03-22T22:59:25.795+0000] {spark_submit.py:663} INFO - |01627395000110|CASSIANO MERCADINHO LTDA   |CASSIANO MERCADINHO   |GO         |1          |246.98        |246.57        |14.45               |
[2026-03-22T22:59:25.795+0000] {spark_submit.py:663} INFO - |21560843000112|CORREIA HIPERMERCADO LTDA  |CORREIA HIPERMERCADO  |MG         |2          |250.28        |241.94        |14.64               |
[2026-03-22T22:59:25.795+0000] {spark_submit.py:663} INFO - |13640928000182|REZENDE SUPERMERCADOS LTDA |REZENDE SUPERMERCADOS |MT         |2          |242.34        |239.42        |14.14               |
[2026-03-22T22:59:25.795+0000] {spark_submit.py:663} INFO - |63298745000107|ALMEIDA MERCEARIA LTDA     |ALMEIDA MERCEARIA     |MG         |2          |235.14        |234.84        |13.78               |
[2026-03-22T22:59:25.795+0000] {spark_submit.py:663} INFO - +--------------+---------------------------+----------------------+-----------+-----------+--------------+--------------+--------------------+
[2026-03-22T22:59:25.795+0000] {spark_submit.py:663} INFO - only showing top 20 rows
[2026-03-22T22:59:25.796+0000] {spark_submit.py:663} INFO - 
[2026-03-22T22:59:25.796+0000] {spark_submit.py:663} INFO - ============================================================
[2026-03-22T22:59:25.796+0000] {spark_submit.py:663} INFO - [DAG3] Consulta 3: Top 20 produtos mais vendidos
[2026-03-22T22:59:25.796+0000] {spark_submit.py:663} INFO - ============================================================
[2026-03-22T22:59:28.614+0000] {spark_submit.py:663} INFO - +--------------+--------------------------+-------+----------+----------------+-----------+--------------------+
[2026-03-22T22:59:28.615+0000] {spark_submit.py:663} INFO - |codigo_produto|descricao_produto         |unidade|qtd_vendas|quantidade_total|valor_total|preco_medio_unitario|
[2026-03-22T22:59:28.615+0000] {spark_submit.py:663} INFO - +--------------+--------------------------+-------+----------+----------------+-----------+--------------------+
[2026-03-22T22:59:28.615+0000] {spark_submit.py:663} INFO - |329           |LEITE INTEGRAL UHT 1L     |UN     |2         |22.0            |152.52     |6.93                |
[2026-03-22T22:59:28.615+0000] {spark_submit.py:663} INFO - |626           |ACHOCOLATADO LIQUIDO 200ML|UN     |2         |20.0            |47.6       |2.38                |
[2026-03-22T22:59:28.615+0000] {spark_submit.py:663} INFO - |8951          |CERVEJA LATA 350ML        |UN     |2         |20.0            |96.2       |4.81                |
[2026-03-22T22:59:28.615+0000] {spark_submit.py:663} INFO - |9141          |AGUA MINERAL SEM GAS 1,5L |UN     |2         |20.0            |93.12      |4.66                |
[2026-03-22T22:59:28.615+0000] {spark_submit.py:663} INFO - |7982          |ACHOCOLATADO LIQUIDO 200ML|UN     |2         |16.0            |34.42      |2.15                |
[2026-03-22T22:59:28.615+0000] {spark_submit.py:663} INFO - |1194          |AGUA MINERAL SEM GAS 1,5L |UN     |2         |16.0            |49.3       |3.08                |
[2026-03-22T22:59:28.616+0000] {spark_submit.py:663} INFO - |4981          |ACHOCOLATADO LIQUIDO 200ML|UN     |2         |12.0            |35.16      |2.93                |
[2026-03-22T22:59:28.616+0000] {spark_submit.py:663} INFO - |1467          |AGUA MINERAL SEM GAS 1,5L |UN     |2         |12.0            |41.7       |3.48                |
[2026-03-22T22:59:28.616+0000] {spark_submit.py:663} INFO - |617           |ATUM EM OLEO 170G         |UN     |2         |12.0            |110.7      |9.23                |
[2026-03-22T22:59:28.616+0000] {spark_submit.py:663} INFO - |7572          |ACUCAR CRISTAL 1KG        |UN     |2         |12.0            |71.22      |5.94                |
[2026-03-22T22:59:28.616+0000] {spark_submit.py:663} INFO - |7757          |CERVEJA LONG NECK 355ML   |UN     |2         |10.0            |81.12      |8.11                |
[2026-03-22T22:59:28.616+0000] {spark_submit.py:663} INFO - |5197          |ACHOCOLATADO LIQUIDO 200ML|UN     |1         |10.0            |36.11      |3.61                |
[2026-03-22T22:59:28.616+0000] {spark_submit.py:663} INFO - |6928          |OLEO DE SOJA 900ML        |UN     |2         |10.0            |115.4      |11.54               |
[2026-03-22T22:59:28.616+0000] {spark_submit.py:663} INFO - |5858          |CHOCOLATE AO LEITE 100G   |UN     |2         |10.0            |76.82      |7.68                |
[2026-03-22T22:59:28.616+0000] {spark_submit.py:663} INFO - |5247          |ERVILHA LATA 200G         |UN     |2         |10.0            |48.36      |4.84                |
[2026-03-22T22:59:28.616+0000] {spark_submit.py:663} INFO - |9976          |REFRIGERANTE COLA 2L      |UN     |2         |10.0            |109.76     |10.98               |
[2026-03-22T22:59:28.616+0000] {spark_submit.py:663} INFO - |9301          |MACARRAO PARAFUSO 500G    |UN     |2         |10.0            |34.6       |3.46                |
[2026-03-22T22:59:28.616+0000] {spark_submit.py:663} INFO - |6967          |ACUCAR REFINADO 1KG       |UN     |2         |10.0            |90.04      |9.0                 |
[2026-03-22T22:59:28.617+0000] {spark_submit.py:663} INFO - |558           |AGUA MINERAL SEM GAS 1,5L |UN     |1         |10.0            |20.73      |2.07                |
[2026-03-22T22:59:28.617+0000] {spark_submit.py:663} INFO - |5030          |EXTRATO DE TOMATE 340G    |UN     |2         |10.0            |64.4       |6.44                |
[2026-03-22T22:59:28.617+0000] {spark_submit.py:663} INFO - +--------------+--------------------------+-------+----------+----------------+-----------+--------------------+
[2026-03-22T22:59:28.617+0000] {spark_submit.py:663} INFO - 
[2026-03-22T22:59:28.617+0000] {spark_submit.py:663} INFO - ============================================================
[2026-03-22T22:59:28.617+0000] {spark_submit.py:663} INFO - [DAG3] Consulta 4: Valor total de tributos por nota
[2026-03-22T22:59:28.617+0000] {spark_submit.py:663} INFO - ============================================================
[2026-03-22T22:59:29.323+0000] {spark_submit.py:663} INFO - +--------------------------------------------+---------+---------------------------+----------+----------+---------+------------+--------------------+-------------------+
[2026-03-22T22:59:29.323+0000] {spark_submit.py:663} INFO - |chave_nfe                                   |numero_nf|emitente                   |valor_nota|valor_icms|valor_pis|valor_cofins|valor_total_tributos|percentual_tributos|
[2026-03-22T22:59:29.324+0000] {spark_submit.py:663} INFO - +--------------------------------------------+---------+---------------------------+----------+----------+---------+------------+--------------------+-------------------+
[2026-03-22T22:59:29.324+0000] {spark_submit.py:663} INFO - |13230676385124000102550020004902571679444529|490257   |SILVEIRA HIPERMERCADO LTDA |306.7     |0.0       |0.0      |0.0         |17.94               |5.85               |
[2026-03-22T22:59:29.324+0000] {spark_submit.py:663} INFO - |26220526973410000102550020001485421584688451|148542   |FOGAÇA SUPERMERCADOS LTDA  |254.11    |0.0       |0.0      |0.0         |15.18               |5.97               |
[2026-03-22T22:59:29.324+0000] {spark_submit.py:663} INFO - |33240848596213000154550030001777511866462520|177751   |PEIXOTO HIPERMERCADO LTDA  |255.77    |0.0       |0.0      |0.0         |15.01               |5.87               |
[2026-03-22T22:59:29.324+0000] {spark_submit.py:663} INFO - |52230201627395000110550020008366981826692457|836698   |CASSIANO MERCADINHO LTDA   |246.57    |0.0       |0.0      |0.0         |14.45               |5.86               |
[2026-03-22T22:59:29.324+0000] {spark_submit.py:663} INFO - |27240997543628000175550010002450691863143144|245069   |OLIVEIRA ATACAREJO LTDA    |206.51    |0.0       |0.0      |0.0         |12.11               |5.86               |
[2026-03-22T22:59:29.324+0000] {spark_submit.py:663} INFO - |14251181743625000145550020007352831300618190|735283   |PASTOR SUPERMERCADOS LTDA  |200.41    |0.0       |0.0      |0.0         |11.72               |5.85               |
[2026-03-22T22:59:29.324+0000] {spark_submit.py:663} INFO - |14251181743625000145550020007352831300618190|735283   |PASTOR SUPERMERCADOS LTDA  |200.41    |0.0       |0.0      |0.0         |11.72               |5.85               |
[2026-03-22T22:59:29.324+0000] {spark_submit.py:663} INFO - |52190157216438000129550010006484861445471459|648486   |DA ROSA ATACAREJO LTDA     |194.28    |0.0       |0.0      |0.0         |11.38               |5.86               |
[2026-03-22T22:59:29.324+0000] {spark_submit.py:663} INFO - |52190157216438000129550010006484861445471459|648486   |DA ROSA ATACAREJO LTDA     |194.28    |0.0       |0.0      |0.0         |11.38               |5.86               |
[2026-03-22T22:59:29.324+0000] {spark_submit.py:663} INFO - |35220528695410000113550030000741481349658530|74148    |CARVALHO SUPERMERCADOS LTDA|187.97    |0.0       |0.0      |0.0         |11.23               |5.97               |
[2026-03-22T22:59:29.324+0000] {spark_submit.py:663} INFO - |35220528695410000113550030000741481349658530|74148    |CARVALHO SUPERMERCADOS LTDA|187.97    |0.0       |0.0      |0.0         |11.23               |5.97               |
[2026-03-22T22:59:29.325+0000] {spark_submit.py:663} INFO - |26231104516832000116550010006435671879941446|643567   |VARGAS ATACAREJO LTDA      |185.38    |0.0       |0.0      |0.0         |10.83               |5.84               |
[2026-03-22T22:59:29.325+0000] {spark_submit.py:663} INFO - |26231104516832000116550010006435671879941446|643567   |VARGAS ATACAREJO LTDA      |185.38    |0.0       |0.0      |0.0         |10.83               |5.84               |
[2026-03-22T22:59:29.325+0000] {spark_submit.py:663} INFO - |13181042865713000168550010008259381931183677|825938   |BRITO SUPERMERCADOS LTDA   |175.42    |0.0       |0.0      |0.0         |10.3                |5.87               |
[2026-03-22T22:59:29.325+0000] {spark_submit.py:663} INFO - |29200359802361000102550030001419701639905370|141970   |SALES MERCADO LTDA         |172.08    |0.0       |0.0      |0.0         |10.19               |5.92               |
[2026-03-22T22:59:29.325+0000] {spark_submit.py:663} INFO - |24190612367804000102550010004562841190657828|456284   |NOVAIS MERCADO LTDA        |170.52    |0.0       |0.0      |0.0         |9.97                |5.85               |
[2026-03-22T22:59:29.325+0000] {spark_submit.py:663} INFO - |21230731649502000171550020007698341929138283|769834   |FERREIRA MERCADO LTDA      |158.82    |0.0       |0.0      |0.0         |9.62                |6.06               |
[2026-03-22T22:59:29.325+0000] {spark_submit.py:663} INFO - |21230731649502000171550020007698341929138283|769834   |FERREIRA MERCADO LTDA      |158.82    |0.0       |0.0      |0.0         |9.62                |6.06               |
[2026-03-22T22:59:29.325+0000] {spark_submit.py:663} INFO - |27230504526819000148550030003708391902902934|370839   |ANDRADE SUPERMERCADO LTDA  |161.26    |0.0       |0.0      |0.0         |9.51                |5.9                |
[2026-03-22T22:59:29.325+0000] {spark_submit.py:663} INFO - |12231084620519000162550020002982091785586479|298209   |MELO MERCADO LTDA          |160.72    |0.0       |0.0      |0.0         |9.42                |5.86               |
[2026-03-22T22:59:29.325+0000] {spark_submit.py:663} INFO - +--------------------------------------------+---------+---------------------------+----------+----------+---------+------------+--------------------+-------------------+
[2026-03-22T22:59:29.325+0000] {spark_submit.py:663} INFO - only showing top 20 rows
[2026-03-22T22:59:29.325+0000] {spark_submit.py:663} INFO - 
[2026-03-22T22:59:29.326+0000] {spark_submit.py:663} INFO - ============================================================
[2026-03-22T22:59:29.326+0000] {spark_submit.py:663} INFO - [DAG3] Consulta 5: Valor médio das notas por mês
[2026-03-22T22:59:29.326+0000] {spark_submit.py:663} INFO - ============================================================
[2026-03-22T22:59:30.113+0000] {spark_submit.py:663} INFO - +-------+-----------+-----------+-----------+------------+------------+
[2026-03-22T22:59:30.113+0000] {spark_submit.py:663} INFO - |ano_mes|total_notas|valor_total|valor_medio|valor_minimo|valor_maximo|
[2026-03-22T22:59:30.114+0000] {spark_submit.py:663} INFO - +-------+-----------+-----------+-----------+------------+------------+
[2026-03-22T22:59:30.114+0000] {spark_submit.py:663} INFO - |2018-03|5          |384.69     |76.94      |64.39       |82.0        |
[2026-03-22T22:59:30.114+0000] {spark_submit.py:663} INFO - |2018-05|3          |98.02      |32.67      |6.28        |45.87       |
[2026-03-22T22:59:30.114+0000] {spark_submit.py:663} INFO - |2018-06|3          |360.2      |120.07     |115.74      |128.72      |
[2026-03-22T22:59:30.114+0000] {spark_submit.py:663} INFO - |2018-07|2          |183.82     |91.91      |89.84       |93.98       |
[2026-03-22T22:59:30.114+0000] {spark_submit.py:663} INFO - |2018-08|2          |85.76      |42.88      |42.88       |42.88       |
[2026-03-22T22:59:30.114+0000] {spark_submit.py:663} INFO - |2018-09|2          |132.8      |66.4       |66.4        |66.4        |
[2026-03-22T22:59:30.115+0000] {spark_submit.py:663} INFO - |2018-10|6          |430.93     |71.82      |18.3        |175.42      |
[2026-03-22T22:59:30.115+0000] {spark_submit.py:663} INFO - |2018-11|4          |378.84     |94.71      |85.18       |104.24      |
[2026-03-22T22:59:30.115+0000] {spark_submit.py:663} INFO - |2019-01|4          |404.88     |101.22     |8.16        |194.28      |
[2026-03-22T22:59:30.115+0000] {spark_submit.py:663} INFO - |2019-02|2          |65.46      |32.73      |32.73       |32.73       |
[2026-03-22T22:59:30.115+0000] {spark_submit.py:663} INFO - |2019-03|1          |18.28      |18.28      |18.28       |18.28       |
[2026-03-22T22:59:30.115+0000] {spark_submit.py:663} INFO - |2019-04|1          |122.3      |122.3      |122.3       |122.3       |
[2026-03-22T22:59:30.115+0000] {spark_submit.py:663} INFO - |2019-06|1          |170.52     |170.52     |170.52      |170.52      |
[2026-03-22T22:59:30.115+0000] {spark_submit.py:663} INFO - |2019-07|3          |247.8      |82.6       |18.39       |122.09      |
[2026-03-22T22:59:30.116+0000] {spark_submit.py:663} INFO - |2019-08|1          |22.43      |22.43      |22.43       |22.43       |
[2026-03-22T22:59:30.116+0000] {spark_submit.py:663} INFO - |2019-09|4          |539.4      |134.85     |120.97      |148.73      |
[2026-03-22T22:59:30.116+0000] {spark_submit.py:663} INFO - |2019-10|2          |152.52     |76.26      |76.26       |76.26       |
[2026-03-22T22:59:30.116+0000] {spark_submit.py:663} INFO - |2019-11|4          |413.6      |103.4      |87.09       |119.71      |
[2026-03-22T22:59:30.116+0000] {spark_submit.py:663} INFO - |2020-03|4          |547.53     |136.88     |103.23      |172.08      |
[2026-03-22T22:59:30.116+0000] {spark_submit.py:663} INFO - |2020-04|1          |11.25      |11.25      |11.25       |11.25       |
[2026-03-22T22:59:30.116+0000] {spark_submit.py:663} INFO - +-------+-----------+-----------+-----------+------------+------------+
[2026-03-22T22:59:30.116+0000] {spark_submit.py:663} INFO - only showing top 20 rows
[2026-03-22T22:59:30.117+0000] {spark_submit.py:663} INFO - 
[2026-03-22T22:59:30.117+0000] {spark_submit.py:663} INFO - 
[2026-03-22T22:59:30.117+0000] {spark_submit.py:663} INFO - ============================================================
[2026-03-22T22:59:30.117+0000] {spark_submit.py:663} INFO - [DAG3] RESUMO — Tabelas de resultados criadas:
[2026-03-22T22:59:30.117+0000] {spark_submit.py:663} INFO - ============================================================
[2026-03-22T22:59:30.284+0000] {spark_submit.py:663} INFO - - nfe_db.resultado_notas_por_uf: 25 registros
[2026-03-22T22:59:30.392+0000] {spark_submit.py:663} INFO - - nfe_db.resultado_faturamento_emitente: 100 registros
[2026-03-22T22:59:30.478+0000] {spark_submit.py:663} INFO - - nfe_db.resultado_produtos_mais_vendidos: 20 registros
[2026-03-22T22:59:30.561+0000] {spark_submit.py:663} INFO - - nfe_db.resultado_tributos_por_nota: 141 registros
[2026-03-22T22:59:30.671+0000] {spark_submit.py:663} INFO - - nfe_db.resultado_valor_medio_mensal: 62 registros
[2026-03-22T22:59:30.671+0000] {spark_submit.py:663} INFO - 
[2026-03-22T22:59:30.671+0000] {spark_submit.py:663} INFO - [DAG3] Consultas analíticas concluídas com sucesso!
[2026-03-22T22:59:31.234+0000] {taskinstance.py:349} INFO - ::group::Post task execution logs
[2026-03-22T22:59:31.235+0000] {taskinstance.py:361} INFO - Marking task as SUCCESS. dag_id=dag_hive_queries, task_id=spark_hive_queries, run_id=manual__2026-03-22T22:59:12.694436+00:00, execution_date=20260322T225912, start_date=20260322T225913, end_date=20260322T225931
[2026-03-22T22:59:31.253+0000] {local_task_job_runner.py:266} INFO - Task exited with return code 0
[2026-03-22T22:59:31.262+0000] {taskinstance.py:3925} INFO - 0 downstream tasks scheduled from follow-on schedule check
[2026-03-22T22:59:31.263+0000] {local_task_job_runner.py:245} INFO - ::endgroup::
