[2026-03-22T23:00:30.126+0000] {local_task_job_runner.py:123} INFO - ::group::Pre task execution logs
[2026-03-22T23:00:30.137+0000] {taskinstance.py:2632} INFO - Dependencies all met for dep_context=non-requeueable deps ti=<TaskInstance: dag_hive_queries.spark_hive_queries manual__2026-03-22T23:00:29.249372+00:00 [queued]>
[2026-03-22T23:00:30.141+0000] {taskinstance.py:2632} INFO - Dependencies all met for dep_context=requeueable deps ti=<TaskInstance: dag_hive_queries.spark_hive_queries manual__2026-03-22T23:00:29.249372+00:00 [queued]>
[2026-03-22T23:00:30.141+0000] {taskinstance.py:2885} INFO - Starting attempt 1 of 2
[2026-03-22T23:00:30.148+0000] {taskinstance.py:2908} INFO - Executing <Task(SparkSubmitOperator): spark_hive_queries> on 2026-03-22 23:00:29.249372+00:00
[2026-03-22T23:00:30.151+0000] {standard_task_runner.py:72} INFO - Started process 2104 to run task
[2026-03-22T23:00:30.153+0000] {standard_task_runner.py:104} INFO - Running: ['***', 'tasks', 'run', 'dag_hive_queries', 'spark_hive_queries', 'manual__2026-03-22T23:00:29.249372+00:00', '--job-id', '11', '--raw', '--subdir', 'DAGS_FOLDER/dag_hive_queries.py', '--cfg-path', '/tmp/tmprdf1chs0']
[2026-03-22T23:00:30.155+0000] {standard_task_runner.py:105} INFO - Job 11: Subtask spark_hive_queries
[2026-03-22T23:00:30.180+0000] {task_command.py:467} INFO - Running <TaskInstance: dag_hive_queries.spark_hive_queries manual__2026-03-22T23:00:29.249372+00:00 [running]> on host a0fa30331a96
[2026-03-22T23:00:30.230+0000] {taskinstance.py:3158} INFO - Exporting env vars: AIRFLOW_CTX_DAG_OWNER='engenheiro_dados' AIRFLOW_CTX_DAG_ID='dag_hive_queries' AIRFLOW_CTX_TASK_ID='spark_hive_queries' AIRFLOW_CTX_EXECUTION_DATE='2026-03-22T23:00:29.249372+00:00' AIRFLOW_CTX_TRY_NUMBER='1' AIRFLOW_CTX_DAG_RUN_ID='manual__2026-03-22T23:00:29.249372+00:00'
[2026-03-22T23:00:30.230+0000] {taskinstance.py:740} INFO - ::endgroup::
[2026-03-22T23:00:30.238+0000] {base.py:84} INFO - Retrieving connection 'spark_default'
[2026-03-22T23:00:30.239+0000] {spark_submit.py:493} INFO - Spark-Submit cmd: spark-submit --master spark://spark-master:7077 --conf spark.master=spark://spark-master:7077 --conf spark.sql.catalogImplementation=hive --conf spark.hadoop.hive.metastore.uris=thrift://hive-metastore:9083 --conf spark.sql.warehouse.dir=hdfs://namenode:9000/user/hive/warehouse --name arrow-spark --verbose /opt/spark/scripts/hive_queries.py
[2026-03-22T23:00:30.290+0000] {spark_submit.py:663} INFO - /home/***/.local/lib/python3.10/site-packages/pyspark/bin/load-spark-env.sh: line 68: ps: command not found
[2026-03-22T23:00:30.940+0000] {spark_submit.py:663} INFO - Using properties file: null
[2026-03-22T23:00:30.996+0000] {spark_submit.py:663} INFO - Parsed arguments:
[2026-03-22T23:00:30.997+0000] {spark_submit.py:663} INFO - master                  spark://spark-master:7077
[2026-03-22T23:00:30.997+0000] {spark_submit.py:663} INFO - remote                  null
[2026-03-22T23:00:30.997+0000] {spark_submit.py:663} INFO - deployMode              null
[2026-03-22T23:00:30.997+0000] {spark_submit.py:663} INFO - executorMemory          null
[2026-03-22T23:00:30.997+0000] {spark_submit.py:663} INFO - executorCores           null
[2026-03-22T23:00:30.997+0000] {spark_submit.py:663} INFO - totalExecutorCores      null
[2026-03-22T23:00:30.997+0000] {spark_submit.py:663} INFO - propertiesFile          null
[2026-03-22T23:00:30.997+0000] {spark_submit.py:663} INFO - driverMemory            null
[2026-03-22T23:00:30.997+0000] {spark_submit.py:663} INFO - driverCores             null
[2026-03-22T23:00:30.997+0000] {spark_submit.py:663} INFO - driverExtraClassPath    null
[2026-03-22T23:00:30.998+0000] {spark_submit.py:663} INFO - driverExtraLibraryPath  null
[2026-03-22T23:00:30.998+0000] {spark_submit.py:663} INFO - driverExtraJavaOptions  null
[2026-03-22T23:00:30.998+0000] {spark_submit.py:663} INFO - supervise               false
[2026-03-22T23:00:30.998+0000] {spark_submit.py:663} INFO - queue                   null
[2026-03-22T23:00:30.998+0000] {spark_submit.py:663} INFO - numExecutors            null
[2026-03-22T23:00:30.998+0000] {spark_submit.py:663} INFO - files                   null
[2026-03-22T23:00:30.998+0000] {spark_submit.py:663} INFO - pyFiles                 null
[2026-03-22T23:00:30.998+0000] {spark_submit.py:663} INFO - archives                null
[2026-03-22T23:00:30.998+0000] {spark_submit.py:663} INFO - mainClass               null
[2026-03-22T23:00:30.998+0000] {spark_submit.py:663} INFO - primaryResource         file:/opt/spark/scripts/hive_queries.py
[2026-03-22T23:00:30.998+0000] {spark_submit.py:663} INFO - name                    arrow-spark
[2026-03-22T23:00:30.999+0000] {spark_submit.py:663} INFO - childArgs               []
[2026-03-22T23:00:30.999+0000] {spark_submit.py:663} INFO - jars                    null
[2026-03-22T23:00:30.999+0000] {spark_submit.py:663} INFO - packages                null
[2026-03-22T23:00:30.999+0000] {spark_submit.py:663} INFO - packagesExclusions      null
[2026-03-22T23:00:30.999+0000] {spark_submit.py:663} INFO - repositories            null
[2026-03-22T23:00:30.999+0000] {spark_submit.py:663} INFO - verbose                 true
[2026-03-22T23:00:30.999+0000] {spark_submit.py:663} INFO - 
[2026-03-22T23:00:30.999+0000] {spark_submit.py:663} INFO - Spark properties used, including those specified through
[2026-03-22T23:00:30.999+0000] {spark_submit.py:663} INFO - --conf and those from the properties file null:
[2026-03-22T23:00:30.999+0000] {spark_submit.py:663} INFO - (spark.hadoop.hive.metastore.uris,thrift://hive-metastore:9083)
[2026-03-22T23:00:30.999+0000] {spark_submit.py:663} INFO - (spark.master,spark://spark-master:7077)
[2026-03-22T23:00:31.000+0000] {spark_submit.py:663} INFO - (spark.sql.catalogImplementation,hive)
[2026-03-22T23:00:31.000+0000] {spark_submit.py:663} INFO - (spark.sql.warehouse.dir,hdfs://namenode:9000/user/hive/warehouse)
[2026-03-22T23:00:31.000+0000] {spark_submit.py:663} INFO - 
[2026-03-22T23:00:31.000+0000] {spark_submit.py:663} INFO - 
[2026-03-22T23:00:31.123+0000] {spark_submit.py:663} INFO - Main class:
[2026-03-22T23:00:31.123+0000] {spark_submit.py:663} INFO - org.apache.spark.deploy.PythonRunner
[2026-03-22T23:00:31.123+0000] {spark_submit.py:663} INFO - Arguments:
[2026-03-22T23:00:31.123+0000] {spark_submit.py:663} INFO - file:/opt/spark/scripts/hive_queries.py
[2026-03-22T23:00:31.124+0000] {spark_submit.py:663} INFO - null
[2026-03-22T23:00:31.124+0000] {spark_submit.py:663} INFO - Spark config:
[2026-03-22T23:00:31.124+0000] {spark_submit.py:663} INFO - (spark.app.name,arrow-spark)
[2026-03-22T23:00:31.125+0000] {spark_submit.py:663} INFO - (spark.app.submitTime,1774220431112)
[2026-03-22T23:00:31.125+0000] {spark_submit.py:663} INFO - (spark.hadoop.hive.metastore.uris,thrift://hive-metastore:9083)
[2026-03-22T23:00:31.125+0000] {spark_submit.py:663} INFO - (spark.master,spark://spark-master:7077)
[2026-03-22T23:00:31.125+0000] {spark_submit.py:663} INFO - (spark.sql.catalogImplementation,hive)
[2026-03-22T23:00:31.125+0000] {spark_submit.py:663} INFO - (spark.sql.warehouse.dir,hdfs://namenode:9000/user/hive/warehouse)
[2026-03-22T23:00:31.125+0000] {spark_submit.py:663} INFO - (spark.submit.deployMode,client)
[2026-03-22T23:00:31.125+0000] {spark_submit.py:663} INFO - (spark.submit.pyFiles,)
[2026-03-22T23:00:31.125+0000] {spark_submit.py:663} INFO - Classpath elements:
[2026-03-22T23:00:31.125+0000] {spark_submit.py:663} INFO - 
[2026-03-22T23:00:31.126+0000] {spark_submit.py:663} INFO - 
[2026-03-22T23:00:31.126+0000] {spark_submit.py:663} INFO - 
[2026-03-22T23:00:31.679+0000] {spark_submit.py:663} INFO - 26/03/22 23:00:31 INFO SparkContext: Running Spark version 3.5.2
[2026-03-22T23:00:31.680+0000] {spark_submit.py:663} INFO - 26/03/22 23:00:31 INFO SparkContext: OS info Linux, 6.19.7-1-cachyos, amd64
[2026-03-22T23:00:31.680+0000] {spark_submit.py:663} INFO - 26/03/22 23:00:31 INFO SparkContext: Java version 17.0.18
[2026-03-22T23:00:31.705+0000] {spark_submit.py:663} INFO - 26/03/22 23:00:31 WARN NativeCodeLoader: Unable to load native-hadoop library for your platform... using builtin-java classes where applicable
[2026-03-22T23:00:31.745+0000] {spark_submit.py:663} INFO - 26/03/22 23:00:31 INFO ResourceUtils: ==============================================================
[2026-03-22T23:00:31.745+0000] {spark_submit.py:663} INFO - 26/03/22 23:00:31 INFO ResourceUtils: No custom resources configured for spark.driver.
[2026-03-22T23:00:31.745+0000] {spark_submit.py:663} INFO - 26/03/22 23:00:31 INFO ResourceUtils: ==============================================================
[2026-03-22T23:00:31.745+0000] {spark_submit.py:663} INFO - 26/03/22 23:00:31 INFO SparkContext: Submitted application: DAG3_Hive_Queries
[2026-03-22T23:00:31.755+0000] {spark_submit.py:663} INFO - 26/03/22 23:00:31 INFO ResourceProfile: Default ResourceProfile created, executor resources: Map(memory -> name: memory, amount: 1024, script: , vendor: , offHeap -> name: offHeap, amount: 0, script: , vendor: ), task resources: Map(cpus -> name: cpus, amount: 1.0)
[2026-03-22T23:00:31.758+0000] {spark_submit.py:663} INFO - 26/03/22 23:00:31 INFO ResourceProfile: Limiting resource is cpu
[2026-03-22T23:00:31.759+0000] {spark_submit.py:663} INFO - 26/03/22 23:00:31 INFO ResourceProfileManager: Added ResourceProfile id: 0
[2026-03-22T23:00:31.783+0000] {spark_submit.py:663} INFO - 26/03/22 23:00:31 INFO SecurityManager: Changing view acls to: ***
[2026-03-22T23:00:31.784+0000] {spark_submit.py:663} INFO - 26/03/22 23:00:31 INFO SecurityManager: Changing modify acls to: ***
[2026-03-22T23:00:31.784+0000] {spark_submit.py:663} INFO - 26/03/22 23:00:31 INFO SecurityManager: Changing view acls groups to:
[2026-03-22T23:00:31.784+0000] {spark_submit.py:663} INFO - 26/03/22 23:00:31 INFO SecurityManager: Changing modify acls groups to:
[2026-03-22T23:00:31.784+0000] {spark_submit.py:663} INFO - 26/03/22 23:00:31 INFO SecurityManager: SecurityManager: authentication disabled; ui acls disabled; users with view permissions: ***; groups with view permissions: EMPTY; users with modify permissions: ***; groups with modify permissions: EMPTY
[2026-03-22T23:00:31.893+0000] {spark_submit.py:663} INFO - 26/03/22 23:00:31 INFO Utils: Successfully started service 'sparkDriver' on port 36859.
[2026-03-22T23:00:31.909+0000] {spark_submit.py:663} INFO - 26/03/22 23:00:31 INFO SparkEnv: Registering MapOutputTracker
[2026-03-22T23:00:31.929+0000] {spark_submit.py:663} INFO - 26/03/22 23:00:31 INFO SparkEnv: Registering BlockManagerMaster
[2026-03-22T23:00:31.939+0000] {spark_submit.py:663} INFO - 26/03/22 23:00:31 INFO BlockManagerMasterEndpoint: Using org.apache.spark.storage.DefaultTopologyMapper for getting topology information
[2026-03-22T23:00:31.940+0000] {spark_submit.py:663} INFO - 26/03/22 23:00:31 INFO BlockManagerMasterEndpoint: BlockManagerMasterEndpoint up
[2026-03-22T23:00:31.942+0000] {spark_submit.py:663} INFO - 26/03/22 23:00:31 INFO SparkEnv: Registering BlockManagerMasterHeartbeat
[2026-03-22T23:00:31.952+0000] {spark_submit.py:663} INFO - 26/03/22 23:00:31 INFO DiskBlockManager: Created local directory at /tmp/blockmgr-1d14eb56-2d9b-4af4-93d9-d556d8d53a5c
[2026-03-22T23:00:31.960+0000] {spark_submit.py:663} INFO - 26/03/22 23:00:31 INFO MemoryStore: MemoryStore started with capacity 434.4 MiB
[2026-03-22T23:00:31.967+0000] {spark_submit.py:663} INFO - 26/03/22 23:00:31 INFO SparkEnv: Registering OutputCommitCoordinator
[2026-03-22T23:00:32.035+0000] {spark_submit.py:663} INFO - 26/03/22 23:00:32 INFO JettyUtils: Start Jetty 0.0.0.0:4040 for SparkUI
[2026-03-22T23:00:32.070+0000] {spark_submit.py:663} INFO - 26/03/22 23:00:32 INFO Utils: Successfully started service 'SparkUI' on port 4040.
[2026-03-22T23:00:32.129+0000] {spark_submit.py:663} INFO - 26/03/22 23:00:32 INFO StandaloneAppClient$ClientEndpoint: Connecting to master spark://spark-master:7077...
[2026-03-22T23:00:32.152+0000] {spark_submit.py:663} INFO - 26/03/22 23:00:32 INFO TransportClientFactory: Successfully created connection to spark-master/172.18.0.4:7077 after 12 ms (0 ms spent in bootstraps)
[2026-03-22T23:00:32.192+0000] {spark_submit.py:663} INFO - 26/03/22 23:00:32 INFO StandaloneSchedulerBackend: Connected to Spark cluster with app ID app-20260322230032-0005
[2026-03-22T23:00:32.193+0000] {spark_submit.py:663} INFO - 26/03/22 23:00:32 INFO StandaloneAppClient$ClientEndpoint: Executor added: app-20260322230032-0005/0 on worker-20260322225633-172.18.0.11-43345 (172.18.0.11:43345) with 1 core(s)
[2026-03-22T23:00:32.195+0000] {spark_submit.py:663} INFO - 26/03/22 23:00:32 INFO StandaloneSchedulerBackend: Granted executor ID app-20260322230032-0005/0 on hostPort 172.18.0.11:43345 with 1 core(s), 1024.0 MiB RAM
[2026-03-22T23:00:32.195+0000] {spark_submit.py:663} INFO - 26/03/22 23:00:32 INFO StandaloneAppClient$ClientEndpoint: Executor added: app-20260322230032-0005/1 on worker-20260322225633-172.18.0.10-46063 (172.18.0.10:46063) with 1 core(s)
[2026-03-22T23:00:32.195+0000] {spark_submit.py:663} INFO - 26/03/22 23:00:32 INFO StandaloneSchedulerBackend: Granted executor ID app-20260322230032-0005/1 on hostPort 172.18.0.10:46063 with 1 core(s), 1024.0 MiB RAM
[2026-03-22T23:00:32.195+0000] {spark_submit.py:663} INFO - 26/03/22 23:00:32 INFO StandaloneAppClient$ClientEndpoint: Executor added: app-20260322230032-0005/2 on worker-20260322225633-172.18.0.12-33099 (172.18.0.12:33099) with 1 core(s)
[2026-03-22T23:00:32.196+0000] {spark_submit.py:663} INFO - 26/03/22 23:00:32 INFO StandaloneSchedulerBackend: Granted executor ID app-20260322230032-0005/2 on hostPort 172.18.0.12:33099 with 1 core(s), 1024.0 MiB RAM
[2026-03-22T23:00:32.198+0000] {spark_submit.py:663} INFO - 26/03/22 23:00:32 INFO Utils: Successfully started service 'org.apache.spark.network.netty.NettyBlockTransferService' on port 38683.
[2026-03-22T23:00:32.198+0000] {spark_submit.py:663} INFO - 26/03/22 23:00:32 INFO NettyBlockTransferService: Server created on a0fa30331a96:38683
[2026-03-22T23:00:32.199+0000] {spark_submit.py:663} INFO - 26/03/22 23:00:32 INFO BlockManager: Using org.apache.spark.storage.RandomBlockReplicationPolicy for block replication policy
[2026-03-22T23:00:32.203+0000] {spark_submit.py:663} INFO - 26/03/22 23:00:32 INFO BlockManagerMaster: Registering BlockManager BlockManagerId(driver, a0fa30331a96, 38683, None)
[2026-03-22T23:00:32.206+0000] {spark_submit.py:663} INFO - 26/03/22 23:00:32 INFO BlockManagerMasterEndpoint: Registering block manager a0fa30331a96:38683 with 434.4 MiB RAM, BlockManagerId(driver, a0fa30331a96, 38683, None)
[2026-03-22T23:00:32.208+0000] {spark_submit.py:663} INFO - 26/03/22 23:00:32 INFO BlockManagerMaster: Registered BlockManager BlockManagerId(driver, a0fa30331a96, 38683, None)
[2026-03-22T23:00:32.209+0000] {spark_submit.py:663} INFO - 26/03/22 23:00:32 INFO BlockManager: Initialized BlockManager: BlockManagerId(driver, a0fa30331a96, 38683, None)
[2026-03-22T23:00:32.215+0000] {spark_submit.py:663} INFO - 26/03/22 23:00:32 INFO StandaloneAppClient$ClientEndpoint: Executor updated: app-20260322230032-0005/0 is now RUNNING
[2026-03-22T23:00:32.216+0000] {spark_submit.py:663} INFO - 26/03/22 23:00:32 INFO StandaloneAppClient$ClientEndpoint: Executor updated: app-20260322230032-0005/1 is now RUNNING
[2026-03-22T23:00:32.217+0000] {spark_submit.py:663} INFO - 26/03/22 23:00:32 INFO StandaloneAppClient$ClientEndpoint: Executor updated: app-20260322230032-0005/2 is now RUNNING
[2026-03-22T23:00:32.323+0000] {spark_submit.py:663} INFO - 26/03/22 23:00:32 INFO StandaloneSchedulerBackend: SchedulerBackend is ready for scheduling beginning after reached minRegisteredResourcesRatio: 0.0
[2026-03-22T23:00:34.789+0000] {spark_submit.py:663} INFO - [DAG3] Iniciando consultas analíticas...
[2026-03-22T23:00:34.790+0000] {spark_submit.py:663} INFO - 
[2026-03-22T23:00:34.790+0000] {spark_submit.py:663} INFO - ============================================================
[2026-03-22T23:00:34.790+0000] {spark_submit.py:663} INFO - [DAG3] Consulta 1: Total de notas por UF do emitente
[2026-03-22T23:00:34.790+0000] {spark_submit.py:663} INFO - ============================================================
[2026-03-22T23:00:35.072+0000] {spark_submit.py:663} INFO - 26/03/22 23:00:35 WARN ResolveSessionCatalog: A Hive serde table will be created as there is no table provider specified. You can set spark.sql.legacy.createHiveTableByDefault to false so that native data source table will be created instead.
[2026-03-22T23:00:35.141+0000] {spark_submit.py:663} INFO - 26/03/22 23:00:35 WARN SparkStringUtils: Truncated the string representation of a plan since it was too large. This behavior can be adjusted by setting 'spark.sql.debug.maxToStringFields'.
[2026-03-22T23:00:37.985+0000] {spark_submit.py:663} INFO - 26/03/22 23:00:37 WARN SessionState: METASTORE_FILTER_HOOK will be ignored, since hive.security.authorization.manager is set to instance of HiveAuthorizerFactory.
[2026-03-22T23:00:40.097+0000] {spark_submit.py:663} INFO - +-----------+-----------+-----------+-----------+
[2026-03-22T23:00:40.098+0000] {spark_submit.py:663} INFO - |uf_emitente|total_notas|valor_total|valor_medio|
[2026-03-22T23:00:40.098+0000] {spark_submit.py:663} INFO - +-----------+-----------+-----------+-----------+
[2026-03-22T23:00:40.098+0000] {spark_submit.py:663} INFO - |AM         |18         |2132.27    |118.46     |
[2026-03-22T23:00:40.098+0000] {spark_submit.py:663} INFO - |MT         |15         |1141.51    |76.1       |
[2026-03-22T23:00:40.099+0000] {spark_submit.py:663} INFO - |RO         |14         |1107.19    |79.09      |
[2026-03-22T23:00:40.099+0000] {spark_submit.py:663} INFO - |AL         |14         |1729.12    |123.51     |
[2026-03-22T23:00:40.099+0000] {spark_submit.py:663} INFO - |PA         |14         |1044.56    |74.61      |
[2026-03-22T23:00:40.099+0000] {spark_submit.py:663} INFO - |BA         |14         |1207.86    |86.28      |
[2026-03-22T23:00:40.099+0000] {spark_submit.py:663} INFO - |SC         |12         |555.16     |46.26      |
[2026-03-22T23:00:40.099+0000] {spark_submit.py:663} INFO - |SP         |12         |977.75     |81.48      |
[2026-03-22T23:00:40.099+0000] {spark_submit.py:663} INFO - |PE         |12         |1868.13    |155.68     |
[2026-03-22T23:00:40.100+0000] {spark_submit.py:663} INFO - |GO         |11         |1309.26    |119.02     |
[2026-03-22T23:00:40.100+0000] {spark_submit.py:663} INFO - |CE         |10         |528.98     |52.9       |
[2026-03-22T23:00:40.100+0000] {spark_submit.py:663} INFO - |RN         |10         |1074.29    |107.43     |
[2026-03-22T23:00:40.100+0000] {spark_submit.py:663} INFO - |MG         |9          |1114.14    |123.79     |
[2026-03-22T23:00:40.100+0000] {spark_submit.py:663} INFO - |MA         |9          |1120.29    |124.48     |
[2026-03-22T23:00:40.100+0000] {spark_submit.py:663} INFO - |AC         |9          |692.7      |76.97      |
[2026-03-22T23:00:40.100+0000] {spark_submit.py:663} INFO - |SE         |8          |670.13     |83.77      |
[2026-03-22T23:00:40.100+0000] {spark_submit.py:663} INFO - |DF         |8          |464.97     |58.12      |
[2026-03-22T23:00:40.101+0000] {spark_submit.py:663} INFO - |AP         |8          |732.06     |91.51      |
[2026-03-22T23:00:40.101+0000] {spark_submit.py:663} INFO - |RR         |7          |710.39     |101.48     |
[2026-03-22T23:00:40.101+0000] {spark_submit.py:663} INFO - |PB         |7          |672.89     |96.13      |
[2026-03-22T23:00:40.101+0000] {spark_submit.py:663} INFO - +-----------+-----------+-----------+-----------+
[2026-03-22T23:00:40.101+0000] {spark_submit.py:663} INFO - only showing top 20 rows
[2026-03-22T23:00:40.101+0000] {spark_submit.py:663} INFO - 
[2026-03-22T23:00:40.101+0000] {spark_submit.py:663} INFO - ============================================================
[2026-03-22T23:00:40.101+0000] {spark_submit.py:663} INFO - [DAG3] Consulta 2: Faturamento total por emitente
[2026-03-22T23:00:40.101+0000] {spark_submit.py:663} INFO - ============================================================
[2026-03-22T23:00:42.470+0000] {spark_submit.py:663} INFO - +--------------+---------------------------+----------------------+-----------+-----------+--------------+--------------+--------------------+
[2026-03-22T23:00:42.470+0000] {spark_submit.py:663} INFO - |cnpj_emitente |nome_emitente              |fantasia_emitente     |uf_emitente|total_notas|valor_produtos|valor_total_nf|valor_total_tributos|
[2026-03-22T23:00:42.470+0000] {spark_submit.py:663} INFO - +--------------+---------------------------+----------------------+-----------+-----------+--------------+--------------+--------------------+
[2026-03-22T23:00:42.471+0000] {spark_submit.py:663} INFO - |76385124000102|SILVEIRA HIPERMERCADO LTDA |SILVEIRA HIPERMERCADO |AM         |2          |613.4         |613.4         |35.88               |
[2026-03-22T23:00:42.471+0000] {spark_submit.py:663} INFO - |81743625000145|PASTOR SUPERMERCADOS LTDA  |PASTOR SUPERMERCADOS  |RR         |3          |601.23        |601.23        |35.16               |
[2026-03-22T23:00:42.471+0000] {spark_submit.py:663} INFO - |57216438000129|DA ROSA ATACAREJO LTDA     |DA ROSA ATACAREJO     |GO         |3          |584.07        |582.84        |34.14               |
[2026-03-22T23:00:42.471+0000] {spark_submit.py:663} INFO - |28695410000113|CARVALHO SUPERMERCADOS LTDA|CARVALHO SUPERMERCADOS|SP         |3          |576.21        |563.91        |33.69               |
[2026-03-22T23:00:42.471+0000] {spark_submit.py:663} INFO - |04516832000116|VARGAS ATACAREJO LTDA      |VARGAS ATACAREJO      |PE         |3          |556.14        |556.14        |32.49               |
[2026-03-22T23:00:42.471+0000] {spark_submit.py:663} INFO - |48596213000154|PEIXOTO HIPERMERCADO LTDA  |PEIXOTO HIPERMERCADO  |RJ         |2          |513.48        |511.54        |30.02               |
[2026-03-22T23:00:42.471+0000] {spark_submit.py:663} INFO - |26973410000102|FOGAÇA SUPERMERCADOS LTDA  |FOGAÇA SUPERMERCADOS  |PE         |2          |518.5         |508.22        |30.36               |
[2026-03-22T23:00:42.471+0000] {spark_submit.py:663} INFO - |01627395000110|CASSIANO MERCADINHO LTDA   |CASSIANO MERCADINHO   |GO         |2          |493.96        |493.14        |28.9                |
[2026-03-22T23:00:42.471+0000] {spark_submit.py:663} INFO - |84620519000162|MELO MERCADO LTDA          |MELO MERCADO          |AC         |3          |483.06        |482.16        |28.26               |
[2026-03-22T23:00:42.471+0000] {spark_submit.py:663} INFO - |31649502000171|FERREIRA MERCADO LTDA      |FERREIRA MERCADO      |MA         |3          |493.5         |476.46        |28.86               |
[2026-03-22T23:00:42.472+0000] {spark_submit.py:663} INFO - |49256018000148|CASTRO HIPERMERCADO LTDA   |CASTRO HIPERMERCADO   |RN         |3          |470.43        |468.63        |27.57               |
[2026-03-22T23:00:42.472+0000] {spark_submit.py:663} INFO - |61304298000118|CAVALCANTI ATACAREJO LTDA  |CAVALCANTI ATACAREJO  |PR         |3          |454.77        |446.19        |26.61               |
[2026-03-22T23:00:42.472+0000] {spark_submit.py:663} INFO - |14726980000119|RIBEIRO HIPERMERCADO LTDA  |RIBEIRO HIPERMERCADO  |MT         |3          |458.7         |444.87        |26.85               |
[2026-03-22T23:00:42.472+0000] {spark_submit.py:663} INFO - |97543628000175|OLIVEIRA ATACAREJO LTDA    |OLIVEIRA ATACAREJO    |AL         |2          |413.96        |413.02        |24.22               |
[2026-03-22T23:00:42.472+0000] {spark_submit.py:663} INFO - |12657039000165|CASTRO SUPERMERCADOS LTDA  |CASTRO SUPERMERCADOS  |PE         |3          |411.72        |408.33        |24.09               |
[2026-03-22T23:00:42.472+0000] {spark_submit.py:663} INFO - |81579046000109|LOPES SUPERMERCADO LTDA    |LOPES SUPERMERCADO    |MG         |3          |398.97        |398.97        |23.37               |
[2026-03-22T23:00:42.472+0000] {spark_submit.py:663} INFO - |36207415000188|SANTOS SUPERMERCADOS LTDA  |SANTOS SUPERMERCADOS  |AM         |3          |393.06        |391.65        |22.98               |
[2026-03-22T23:00:42.472+0000] {spark_submit.py:663} INFO - |23974801000153|DA ROCHA HIPERMERCADO LTDA |DA ROCHA HIPERMERCADO |MA         |3          |388.29        |388.29        |22.74               |
[2026-03-22T23:00:42.472+0000] {spark_submit.py:663} INFO - |21560843000112|CORREIA HIPERMERCADO LTDA  |CORREIA HIPERMERCADO  |MG         |3          |375.42        |362.91        |21.96               |
[2026-03-22T23:00:42.472+0000] {spark_submit.py:663} INFO - |13640928000182|REZENDE SUPERMERCADOS LTDA |REZENDE SUPERMERCADOS |MT         |3          |363.51        |359.13        |21.21               |
[2026-03-22T23:00:42.472+0000] {spark_submit.py:663} INFO - +--------------+---------------------------+----------------------+-----------+-----------+--------------+--------------+--------------------+
[2026-03-22T23:00:42.473+0000] {spark_submit.py:663} INFO - only showing top 20 rows
[2026-03-22T23:00:42.473+0000] {spark_submit.py:663} INFO - 
[2026-03-22T23:00:42.473+0000] {spark_submit.py:663} INFO - ============================================================
[2026-03-22T23:00:42.473+0000] {spark_submit.py:663} INFO - [DAG3] Consulta 3: Top 20 produtos mais vendidos
[2026-03-22T23:00:42.473+0000] {spark_submit.py:663} INFO - ============================================================
[2026-03-22T23:00:43.176+0000] {spark_submit.py:663} INFO - +--------------+----------------------------+-------+----------+----------------+-----------+--------------------+
[2026-03-22T23:00:43.176+0000] {spark_submit.py:663} INFO - |codigo_produto|descricao_produto           |unidade|qtd_vendas|quantidade_total|valor_total|preco_medio_unitario|
[2026-03-22T23:00:43.176+0000] {spark_submit.py:663} INFO - +--------------+----------------------------+-------+----------+----------------+-----------+--------------------+
[2026-03-22T23:00:43.176+0000] {spark_submit.py:663} INFO - |329           |LEITE INTEGRAL UHT 1L       |UN     |3         |33.0            |228.78     |6.93                |
[2026-03-22T23:00:43.177+0000] {spark_submit.py:663} INFO - |626           |ACHOCOLATADO LIQUIDO 200ML  |UN     |3         |30.0            |71.4       |2.38                |
[2026-03-22T23:00:43.177+0000] {spark_submit.py:663} INFO - |8951          |CERVEJA LATA 350ML          |UN     |3         |30.0            |144.3      |4.81                |
[2026-03-22T23:00:43.177+0000] {spark_submit.py:663} INFO - |9141          |AGUA MINERAL SEM GAS 1,5L   |UN     |3         |30.0            |139.68     |4.66                |
[2026-03-22T23:00:43.177+0000] {spark_submit.py:663} INFO - |7982          |ACHOCOLATADO LIQUIDO 200ML  |UN     |3         |24.0            |51.63      |2.15                |
[2026-03-22T23:00:43.177+0000] {spark_submit.py:663} INFO - |1194          |AGUA MINERAL SEM GAS 1,5L   |UN     |3         |24.0            |73.95      |3.08                |
[2026-03-22T23:00:43.177+0000] {spark_submit.py:663} INFO - |5197          |ACHOCOLATADO LIQUIDO 200ML  |UN     |2         |20.0            |72.22      |3.61                |
[2026-03-22T23:00:43.177+0000] {spark_submit.py:663} INFO - |558           |AGUA MINERAL SEM GAS 1,5L   |UN     |2         |20.0            |41.46      |2.07                |
[2026-03-22T23:00:43.177+0000] {spark_submit.py:663} INFO - |4981          |ACHOCOLATADO LIQUIDO 200ML  |UN     |3         |18.0            |52.74      |2.93                |
[2026-03-22T23:00:43.178+0000] {spark_submit.py:663} INFO - |1467          |AGUA MINERAL SEM GAS 1,5L   |UN     |3         |18.0            |62.55      |3.48                |
[2026-03-22T23:00:43.178+0000] {spark_submit.py:663} INFO - |617           |ATUM EM OLEO 170G           |UN     |3         |18.0            |166.05     |9.23                |
[2026-03-22T23:00:43.178+0000] {spark_submit.py:663} INFO - |4847          |CERVEJA LATA 350ML          |UN     |2         |18.0            |71.08      |3.95                |
[2026-03-22T23:00:43.178+0000] {spark_submit.py:663} INFO - |7572          |ACUCAR CRISTAL 1KG          |UN     |3         |18.0            |106.83     |5.94                |
[2026-03-22T23:00:43.178+0000] {spark_submit.py:663} INFO - |1702          |SUCO INTEGRAL CAIXINHA 200ML|UN     |2         |16.0            |36.56      |2.28                |
[2026-03-22T23:00:43.178+0000] {spark_submit.py:663} INFO - |7757          |CERVEJA LONG NECK 355ML     |UN     |3         |15.0            |121.68     |8.11                |
[2026-03-22T23:00:43.178+0000] {spark_submit.py:663} INFO - |5247          |ERVILHA LATA 200G           |UN     |3         |15.0            |72.54      |4.84                |
[2026-03-22T23:00:43.178+0000] {spark_submit.py:663} INFO - |9976          |REFRIGERANTE COLA 2L        |UN     |3         |15.0            |164.64     |10.98               |
[2026-03-22T23:00:43.178+0000] {spark_submit.py:663} INFO - |9301          |MACARRAO PARAFUSO 500G      |UN     |3         |15.0            |51.9       |3.46                |
[2026-03-22T23:00:43.178+0000] {spark_submit.py:663} INFO - |6967          |ACUCAR REFINADO 1KG         |UN     |3         |15.0            |135.06     |9.0                 |
[2026-03-22T23:00:43.178+0000] {spark_submit.py:663} INFO - |5030          |EXTRATO DE TOMATE 340G      |UN     |3         |15.0            |96.6       |6.44                |
[2026-03-22T23:00:43.179+0000] {spark_submit.py:663} INFO - +--------------+----------------------------+-------+----------+----------------+-----------+--------------------+
[2026-03-22T23:00:43.179+0000] {spark_submit.py:663} INFO - 
[2026-03-22T23:00:43.179+0000] {spark_submit.py:663} INFO - ============================================================
[2026-03-22T23:00:43.179+0000] {spark_submit.py:663} INFO - [DAG3] Consulta 4: Valor total de tributos por nota
[2026-03-22T23:00:43.179+0000] {spark_submit.py:663} INFO - ============================================================
[2026-03-22T23:00:43.937+0000] {spark_submit.py:663} INFO - +--------------------------------------------+---------+---------------------------+----------+----------+---------+------------+--------------------+-------------------+
[2026-03-22T23:00:43.937+0000] {spark_submit.py:663} INFO - |chave_nfe                                   |numero_nf|emitente                   |valor_nota|valor_icms|valor_pis|valor_cofins|valor_total_tributos|percentual_tributos|
[2026-03-22T23:00:43.938+0000] {spark_submit.py:663} INFO - +--------------------------------------------+---------+---------------------------+----------+----------+---------+------------+--------------------+-------------------+
[2026-03-22T23:00:43.938+0000] {spark_submit.py:663} INFO - |13230676385124000102550020004902571679444529|490257   |SILVEIRA HIPERMERCADO LTDA |306.7     |0.0       |0.0      |0.0         |17.94               |5.85               |
[2026-03-22T23:00:43.938+0000] {spark_submit.py:663} INFO - |13230676385124000102550020004902571679444529|490257   |SILVEIRA HIPERMERCADO LTDA |306.7     |0.0       |0.0      |0.0         |17.94               |5.85               |
[2026-03-22T23:00:43.938+0000] {spark_submit.py:663} INFO - |26220526973410000102550020001485421584688451|148542   |FOGAÇA SUPERMERCADOS LTDA  |254.11    |0.0       |0.0      |0.0         |15.18               |5.97               |
[2026-03-22T23:00:43.938+0000] {spark_submit.py:663} INFO - |26220526973410000102550020001485421584688451|148542   |FOGAÇA SUPERMERCADOS LTDA  |254.11    |0.0       |0.0      |0.0         |15.18               |5.97               |
[2026-03-22T23:00:43.938+0000] {spark_submit.py:663} INFO - |33240848596213000154550030001777511866462520|177751   |PEIXOTO HIPERMERCADO LTDA  |255.77    |0.0       |0.0      |0.0         |15.01               |5.87               |
[2026-03-22T23:00:43.938+0000] {spark_submit.py:663} INFO - |33240848596213000154550030001777511866462520|177751   |PEIXOTO HIPERMERCADO LTDA  |255.77    |0.0       |0.0      |0.0         |15.01               |5.87               |
[2026-03-22T23:00:43.938+0000] {spark_submit.py:663} INFO - |52230201627395000110550020008366981826692457|836698   |CASSIANO MERCADINHO LTDA   |246.57    |0.0       |0.0      |0.0         |14.45               |5.86               |
[2026-03-22T23:00:43.938+0000] {spark_submit.py:663} INFO - |52230201627395000110550020008366981826692457|836698   |CASSIANO MERCADINHO LTDA   |246.57    |0.0       |0.0      |0.0         |14.45               |5.86               |
[2026-03-22T23:00:43.938+0000] {spark_submit.py:663} INFO - |27240997543628000175550010002450691863143144|245069   |OLIVEIRA ATACAREJO LTDA    |206.51    |0.0       |0.0      |0.0         |12.11               |5.86               |
[2026-03-22T23:00:43.938+0000] {spark_submit.py:663} INFO - |27240997543628000175550010002450691863143144|245069   |OLIVEIRA ATACAREJO LTDA    |206.51    |0.0       |0.0      |0.0         |12.11               |5.86               |
[2026-03-22T23:00:43.939+0000] {spark_submit.py:663} INFO - |14251181743625000145550020007352831300618190|735283   |PASTOR SUPERMERCADOS LTDA  |200.41    |0.0       |0.0      |0.0         |11.72               |5.85               |
[2026-03-22T23:00:43.939+0000] {spark_submit.py:663} INFO - |14251181743625000145550020007352831300618190|735283   |PASTOR SUPERMERCADOS LTDA  |200.41    |0.0       |0.0      |0.0         |11.72               |5.85               |
[2026-03-22T23:00:43.939+0000] {spark_submit.py:663} INFO - |14251181743625000145550020007352831300618190|735283   |PASTOR SUPERMERCADOS LTDA  |200.41    |0.0       |0.0      |0.0         |11.72               |5.85               |
[2026-03-22T23:00:43.939+0000] {spark_submit.py:663} INFO - |52190157216438000129550010006484861445471459|648486   |DA ROSA ATACAREJO LTDA     |194.28    |0.0       |0.0      |0.0         |11.38               |5.86               |
[2026-03-22T23:00:43.939+0000] {spark_submit.py:663} INFO - |52190157216438000129550010006484861445471459|648486   |DA ROSA ATACAREJO LTDA     |194.28    |0.0       |0.0      |0.0         |11.38               |5.86               |
[2026-03-22T23:00:43.939+0000] {spark_submit.py:663} INFO - |52190157216438000129550010006484861445471459|648486   |DA ROSA ATACAREJO LTDA     |194.28    |0.0       |0.0      |0.0         |11.38               |5.86               |
[2026-03-22T23:00:43.939+0000] {spark_submit.py:663} INFO - |35220528695410000113550030000741481349658530|74148    |CARVALHO SUPERMERCADOS LTDA|187.97    |0.0       |0.0      |0.0         |11.23               |5.97               |
[2026-03-22T23:00:43.939+0000] {spark_submit.py:663} INFO - |35220528695410000113550030000741481349658530|74148    |CARVALHO SUPERMERCADOS LTDA|187.97    |0.0       |0.0      |0.0         |11.23               |5.97               |
[2026-03-22T23:00:43.939+0000] {spark_submit.py:663} INFO - |35220528695410000113550030000741481349658530|74148    |CARVALHO SUPERMERCADOS LTDA|187.97    |0.0       |0.0      |0.0         |11.23               |5.97               |
[2026-03-22T23:00:43.939+0000] {spark_submit.py:663} INFO - |26231104516832000116550010006435671879941446|643567   |VARGAS ATACAREJO LTDA      |185.38    |0.0       |0.0      |0.0         |10.83               |5.84               |
[2026-03-22T23:00:43.939+0000] {spark_submit.py:663} INFO - +--------------------------------------------+---------+---------------------------+----------+----------+---------+------------+--------------------+-------------------+
[2026-03-22T23:00:43.939+0000] {spark_submit.py:663} INFO - only showing top 20 rows
[2026-03-22T23:00:43.939+0000] {spark_submit.py:663} INFO - 
[2026-03-22T23:00:43.940+0000] {spark_submit.py:663} INFO - ============================================================
[2026-03-22T23:00:43.940+0000] {spark_submit.py:663} INFO - [DAG3] Consulta 5: Valor médio das notas por mês
[2026-03-22T23:00:43.940+0000] {spark_submit.py:663} INFO - ============================================================
[2026-03-22T23:00:45.074+0000] {spark_submit.py:663} INFO - +-------+-----------+-----------+-----------+------------+------------+
[2026-03-22T23:00:45.075+0000] {spark_submit.py:663} INFO - |ano_mes|total_notas|valor_total|valor_medio|valor_minimo|valor_maximo|
[2026-03-22T23:00:45.075+0000] {spark_submit.py:663} INFO - +-------+-----------+-----------+-----------+------------+------------+
[2026-03-22T23:00:45.075+0000] {spark_submit.py:663} INFO - |2018-03|8          |609.23     |76.15      |64.39       |82.0        |
[2026-03-22T23:00:45.075+0000] {spark_submit.py:663} INFO - |2018-05|5          |150.17     |30.03      |6.28        |45.87       |
[2026-03-22T23:00:45.075+0000] {spark_submit.py:663} INFO - |2018-06|5          |604.66     |120.93     |115.74      |128.72      |
[2026-03-22T23:00:45.075+0000] {spark_submit.py:663} INFO - |2018-07|4          |367.64     |91.91      |89.84       |93.98       |
[2026-03-22T23:00:45.075+0000] {spark_submit.py:663} INFO - |2018-08|3          |128.64     |42.88      |42.88       |42.88       |
[2026-03-22T23:00:45.076+0000] {spark_submit.py:663} INFO - |2018-09|3          |199.2      |66.4       |66.4        |66.4        |
[2026-03-22T23:00:45.076+0000] {spark_submit.py:663} INFO - |2018-10|10         |806.04     |80.6       |18.3        |175.42      |
[2026-03-22T23:00:45.076+0000] {spark_submit.py:663} INFO - |2018-11|6          |568.26     |94.71      |85.18       |104.24      |
[2026-03-22T23:00:45.076+0000] {spark_submit.py:663} INFO - |2019-01|6          |607.32     |101.22     |8.16        |194.28      |
[2026-03-22T23:00:45.076+0000] {spark_submit.py:663} INFO - |2019-02|3          |98.19      |32.73      |32.73       |32.73       |
[2026-03-22T23:00:45.076+0000] {spark_submit.py:663} INFO - |2019-03|2          |36.56      |18.28      |18.28       |18.28       |
[2026-03-22T23:00:45.076+0000] {spark_submit.py:663} INFO - |2019-04|2          |244.6      |122.3      |122.3       |122.3       |
[2026-03-22T23:00:45.076+0000] {spark_submit.py:663} INFO - |2019-06|2          |341.04     |170.52     |170.52      |170.52      |
[2026-03-22T23:00:45.077+0000] {spark_submit.py:663} INFO - |2019-07|6          |495.6      |82.6       |18.39       |122.09      |
[2026-03-22T23:00:45.077+0000] {spark_submit.py:663} INFO - |2019-08|2          |44.86      |22.43      |22.43       |22.43       |
[2026-03-22T23:00:45.077+0000] {spark_submit.py:663} INFO - |2019-09|6          |809.1      |134.85     |120.97      |148.73      |
[2026-03-22T23:00:45.077+0000] {spark_submit.py:663} INFO - |2019-10|3          |228.78     |76.26      |76.26       |76.26       |
[2026-03-22T23:00:45.077+0000] {spark_submit.py:663} INFO - |2019-11|6          |620.4      |103.4      |87.09       |119.71      |
[2026-03-22T23:00:45.077+0000] {spark_submit.py:663} INFO - |2020-03|7          |958.95     |136.99     |103.23      |172.08      |
[2026-03-22T23:00:45.077+0000] {spark_submit.py:663} INFO - |2020-04|2          |22.5       |11.25      |11.25       |11.25       |
[2026-03-22T23:00:45.077+0000] {spark_submit.py:663} INFO - +-------+-----------+-----------+-----------+------------+------------+
[2026-03-22T23:00:45.077+0000] {spark_submit.py:663} INFO - only showing top 20 rows
[2026-03-22T23:00:45.078+0000] {spark_submit.py:663} INFO - 
[2026-03-22T23:00:45.078+0000] {spark_submit.py:663} INFO - 
[2026-03-22T23:00:45.078+0000] {spark_submit.py:663} INFO - ============================================================
[2026-03-22T23:00:45.078+0000] {spark_submit.py:663} INFO - [DAG3] RESUMO — Tabelas de resultados criadas:
[2026-03-22T23:00:45.078+0000] {spark_submit.py:663} INFO - ============================================================
[2026-03-22T23:00:45.273+0000] {spark_submit.py:663} INFO - - nfe_db.resultado_notas_por_uf: 25 registros
[2026-03-22T23:00:45.423+0000] {spark_submit.py:663} INFO - - nfe_db.resultado_faturamento_emitente: 100 registros
[2026-03-22T23:00:45.567+0000] {spark_submit.py:663} INFO - - nfe_db.resultado_produtos_mais_vendidos: 20 registros
[2026-03-22T23:00:45.702+0000] {spark_submit.py:663} INFO - - nfe_db.resultado_tributos_por_nota: 241 registros
[2026-03-22T23:00:45.856+0000] {spark_submit.py:663} INFO - - nfe_db.resultado_valor_medio_mensal: 62 registros
[2026-03-22T23:00:45.857+0000] {spark_submit.py:663} INFO - 
[2026-03-22T23:00:45.857+0000] {spark_submit.py:663} INFO - [DAG3] Consultas analíticas concluídas com sucesso!
[2026-03-22T23:00:46.423+0000] {taskinstance.py:349} INFO - ::group::Post task execution logs
[2026-03-22T23:00:46.424+0000] {taskinstance.py:361} INFO - Marking task as SUCCESS. dag_id=dag_hive_queries, task_id=spark_hive_queries, run_id=manual__2026-03-22T23:00:29.249372+00:00, execution_date=20260322T230029, start_date=20260322T230030, end_date=20260322T230046
[2026-03-22T23:00:46.442+0000] {local_task_job_runner.py:266} INFO - Task exited with return code 0
[2026-03-22T23:00:46.450+0000] {taskinstance.py:3925} INFO - 0 downstream tasks scheduled from follow-on schedule check
[2026-03-22T23:00:46.452+0000] {local_task_job_runner.py:245} INFO - ::endgroup::
