[2026-03-22T23:00:00.927+0000] {local_task_job_runner.py:123} INFO - ::group::Pre task execution logs
[2026-03-22T23:00:00.938+0000] {taskinstance.py:2632} INFO - Dependencies all met for dep_context=non-requeueable deps ti=<TaskInstance: dag_xml_to_kafka.spark_xml_to_kafka scheduled__2026-03-22T22:50:00+00:00 [queued]>
[2026-03-22T23:00:00.942+0000] {taskinstance.py:2632} INFO - Dependencies all met for dep_context=requeueable deps ti=<TaskInstance: dag_xml_to_kafka.spark_xml_to_kafka scheduled__2026-03-22T22:50:00+00:00 [queued]>
[2026-03-22T23:00:00.942+0000] {taskinstance.py:2885} INFO - Starting attempt 1 of 2
[2026-03-22T23:00:00.950+0000] {taskinstance.py:2908} INFO - Executing <Task(SparkSubmitOperator): spark_xml_to_kafka> on 2026-03-22 22:50:00+00:00
[2026-03-22T23:00:00.953+0000] {standard_task_runner.py:72} INFO - Started process 1436 to run task
[2026-03-22T23:00:00.955+0000] {standard_task_runner.py:104} INFO - Running: ['***', 'tasks', 'run', 'dag_xml_to_kafka', 'spark_xml_to_kafka', 'scheduled__2026-03-22T22:50:00+00:00', '--job-id', '7', '--raw', '--subdir', 'DAGS_FOLDER/dag_xml_to_kafka.py', '--cfg-path', '/tmp/tmp9t_pu9l_']
[2026-03-22T23:00:00.957+0000] {standard_task_runner.py:105} INFO - Job 7: Subtask spark_xml_to_kafka
[2026-03-22T23:00:00.983+0000] {task_command.py:467} INFO - Running <TaskInstance: dag_xml_to_kafka.spark_xml_to_kafka scheduled__2026-03-22T22:50:00+00:00 [running]> on host a0fa30331a96
[2026-03-22T23:00:01.031+0000] {taskinstance.py:3158} INFO - Exporting env vars: AIRFLOW_CTX_DAG_OWNER='engenheiro_dados' AIRFLOW_CTX_DAG_ID='dag_xml_to_kafka' AIRFLOW_CTX_TASK_ID='spark_xml_to_kafka' AIRFLOW_CTX_EXECUTION_DATE='2026-03-22T22:50:00+00:00' AIRFLOW_CTX_TRY_NUMBER='1' AIRFLOW_CTX_DAG_RUN_ID='scheduled__2026-03-22T22:50:00+00:00'
[2026-03-22T23:00:01.031+0000] {taskinstance.py:740} INFO - ::endgroup::
[2026-03-22T23:00:01.039+0000] {base.py:84} INFO - Retrieving connection 'spark_default'
[2026-03-22T23:00:01.040+0000] {spark_submit.py:493} INFO - Spark-Submit cmd: spark-submit --master spark://spark-master:7077 --conf spark.master=spark://spark-master:7077 --conf spark.jars=/opt/spark/user-jars/spark-xml_2.12-0.18.0.jar,/opt/spark/user-jars/spark-sql-kafka-0-10_2.12-3.5.2.jar,/opt/spark/user-jars/kafka-clients-3.5.2.jar,/opt/spark/user-jars/spark-token-provider-kafka-0-10_2.12-3.5.2.jar,/opt/spark/user-jars/commons-pool2-2.12.0.jar --name arrow-spark --verbose /opt/spark/scripts/xml_to_kafka.py
[2026-03-22T23:00:01.092+0000] {spark_submit.py:663} INFO - /home/***/.local/lib/python3.10/site-packages/pyspark/bin/load-spark-env.sh: line 68: ps: command not found
[2026-03-22T23:00:01.724+0000] {spark_submit.py:663} INFO - Using properties file: null
[2026-03-22T23:00:01.778+0000] {spark_submit.py:663} INFO - Parsed arguments:
[2026-03-22T23:00:01.778+0000] {spark_submit.py:663} INFO - master                  spark://spark-master:7077
[2026-03-22T23:00:01.778+0000] {spark_submit.py:663} INFO - remote                  null
[2026-03-22T23:00:01.778+0000] {spark_submit.py:663} INFO - deployMode              null
[2026-03-22T23:00:01.778+0000] {spark_submit.py:663} INFO - executorMemory          null
[2026-03-22T23:00:01.779+0000] {spark_submit.py:663} INFO - executorCores           null
[2026-03-22T23:00:01.779+0000] {spark_submit.py:663} INFO - totalExecutorCores      null
[2026-03-22T23:00:01.779+0000] {spark_submit.py:663} INFO - propertiesFile          null
[2026-03-22T23:00:01.779+0000] {spark_submit.py:663} INFO - driverMemory            null
[2026-03-22T23:00:01.779+0000] {spark_submit.py:663} INFO - driverCores             null
[2026-03-22T23:00:01.779+0000] {spark_submit.py:663} INFO - driverExtraClassPath    null
[2026-03-22T23:00:01.779+0000] {spark_submit.py:663} INFO - driverExtraLibraryPath  null
[2026-03-22T23:00:01.779+0000] {spark_submit.py:663} INFO - driverExtraJavaOptions  null
[2026-03-22T23:00:01.779+0000] {spark_submit.py:663} INFO - supervise               false
[2026-03-22T23:00:01.779+0000] {spark_submit.py:663} INFO - queue                   null
[2026-03-22T23:00:01.779+0000] {spark_submit.py:663} INFO - numExecutors            null
[2026-03-22T23:00:01.780+0000] {spark_submit.py:663} INFO - files                   null
[2026-03-22T23:00:01.780+0000] {spark_submit.py:663} INFO - pyFiles                 null
[2026-03-22T23:00:01.780+0000] {spark_submit.py:663} INFO - archives                null
[2026-03-22T23:00:01.780+0000] {spark_submit.py:663} INFO - mainClass               null
[2026-03-22T23:00:01.780+0000] {spark_submit.py:663} INFO - primaryResource         file:/opt/spark/scripts/xml_to_kafka.py
[2026-03-22T23:00:01.780+0000] {spark_submit.py:663} INFO - name                    arrow-spark
[2026-03-22T23:00:01.780+0000] {spark_submit.py:663} INFO - childArgs               []
[2026-03-22T23:00:01.780+0000] {spark_submit.py:663} INFO - jars                    /opt/spark/user-jars/spark-xml_2.12-0.18.0.jar,/opt/spark/user-jars/spark-sql-kafka-0-10_2.12-3.5.2.jar,/opt/spark/user-jars/kafka-clients-3.5.2.jar,/opt/spark/user-jars/spark-token-provider-kafka-0-10_2.12-3.5.2.jar,/opt/spark/user-jars/commons-pool2-2.12.0.jar
[2026-03-22T23:00:01.780+0000] {spark_submit.py:663} INFO - packages                null
[2026-03-22T23:00:01.780+0000] {spark_submit.py:663} INFO - packagesExclusions      null
[2026-03-22T23:00:01.781+0000] {spark_submit.py:663} INFO - repositories            null
[2026-03-22T23:00:01.781+0000] {spark_submit.py:663} INFO - verbose                 true
[2026-03-22T23:00:01.781+0000] {spark_submit.py:663} INFO - 
[2026-03-22T23:00:01.781+0000] {spark_submit.py:663} INFO - Spark properties used, including those specified through
[2026-03-22T23:00:01.781+0000] {spark_submit.py:663} INFO - --conf and those from the properties file null:
[2026-03-22T23:00:01.781+0000] {spark_submit.py:663} INFO - (spark.jars,*********(redacted))
[2026-03-22T23:00:01.781+0000] {spark_submit.py:663} INFO - (spark.master,spark://spark-master:7077)
[2026-03-22T23:00:01.781+0000] {spark_submit.py:663} INFO - 
[2026-03-22T23:00:01.781+0000] {spark_submit.py:663} INFO - 
[2026-03-22T23:00:01.922+0000] {spark_submit.py:663} INFO - 26/03/22 23:00:01 WARN NativeCodeLoader: Unable to load native-hadoop library for your platform... using builtin-java classes where applicable
[2026-03-22T23:00:02.010+0000] {spark_submit.py:663} INFO - Main class:
[2026-03-22T23:00:02.010+0000] {spark_submit.py:663} INFO - org.apache.spark.deploy.PythonRunner
[2026-03-22T23:00:02.010+0000] {spark_submit.py:663} INFO - Arguments:
[2026-03-22T23:00:02.010+0000] {spark_submit.py:663} INFO - file:/opt/spark/scripts/xml_to_kafka.py
[2026-03-22T23:00:02.010+0000] {spark_submit.py:663} INFO - null
[2026-03-22T23:00:02.011+0000] {spark_submit.py:663} INFO - Spark config:
[2026-03-22T23:00:02.011+0000] {spark_submit.py:663} INFO - (spark.app.name,arrow-spark)
[2026-03-22T23:00:02.011+0000] {spark_submit.py:663} INFO - (spark.app.submitTime,1774220402000)
[2026-03-22T23:00:02.012+0000] {spark_submit.py:663} INFO - (spark.jars,*********(redacted))
[2026-03-22T23:00:02.012+0000] {spark_submit.py:663} INFO - (spark.master,spark://spark-master:7077)
[2026-03-22T23:00:02.012+0000] {spark_submit.py:663} INFO - (spark.repl.local.jars,*********(redacted))
[2026-03-22T23:00:02.012+0000] {spark_submit.py:663} INFO - (spark.submit.deployMode,client)
[2026-03-22T23:00:02.012+0000] {spark_submit.py:663} INFO - (spark.submit.pyFiles,)
[2026-03-22T23:00:02.012+0000] {spark_submit.py:663} INFO - Classpath elements:
[2026-03-22T23:00:02.012+0000] {spark_submit.py:663} INFO - file:///opt/spark/user-jars/spark-xml_2.12-0.18.0.jar
[2026-03-22T23:00:02.012+0000] {spark_submit.py:663} INFO - file:///opt/spark/user-jars/spark-sql-kafka-0-10_2.12-3.5.2.jar
[2026-03-22T23:00:02.012+0000] {spark_submit.py:663} INFO - file:///opt/spark/user-jars/kafka-clients-3.5.2.jar
[2026-03-22T23:00:02.012+0000] {spark_submit.py:663} INFO - file:///opt/spark/user-jars/spark-token-provider-kafka-0-10_2.12-3.5.2.jar
[2026-03-22T23:00:02.012+0000] {spark_submit.py:663} INFO - file:///opt/spark/user-jars/commons-pool2-2.12.0.jar
[2026-03-22T23:00:02.012+0000] {spark_submit.py:663} INFO - 
[2026-03-22T23:00:02.013+0000] {spark_submit.py:663} INFO - 
[2026-03-22T23:00:02.573+0000] {spark_submit.py:663} INFO - 26/03/22 23:00:02 INFO SparkContext: Running Spark version 3.5.2
[2026-03-22T23:00:02.574+0000] {spark_submit.py:663} INFO - 26/03/22 23:00:02 INFO SparkContext: OS info Linux, 6.19.7-1-cachyos, amd64
[2026-03-22T23:00:02.574+0000] {spark_submit.py:663} INFO - 26/03/22 23:00:02 INFO SparkContext: Java version 17.0.18
[2026-03-22T23:00:02.588+0000] {spark_submit.py:663} INFO - 26/03/22 23:00:02 INFO ResourceUtils: ==============================================================
[2026-03-22T23:00:02.589+0000] {spark_submit.py:663} INFO - 26/03/22 23:00:02 INFO ResourceUtils: No custom resources configured for spark.driver.
[2026-03-22T23:00:02.589+0000] {spark_submit.py:663} INFO - 26/03/22 23:00:02 INFO ResourceUtils: ==============================================================
[2026-03-22T23:00:02.589+0000] {spark_submit.py:663} INFO - 26/03/22 23:00:02 INFO SparkContext: Submitted application: DAG1_XML_to_Kafka
[2026-03-22T23:00:02.599+0000] {spark_submit.py:663} INFO - 26/03/22 23:00:02 INFO ResourceProfile: Default ResourceProfile created, executor resources: Map(memory -> name: memory, amount: 1024, script: , vendor: , offHeap -> name: offHeap, amount: 0, script: , vendor: ), task resources: Map(cpus -> name: cpus, amount: 1.0)
[2026-03-22T23:00:02.603+0000] {spark_submit.py:663} INFO - 26/03/22 23:00:02 INFO ResourceProfile: Limiting resource is cpu
[2026-03-22T23:00:02.603+0000] {spark_submit.py:663} INFO - 26/03/22 23:00:02 INFO ResourceProfileManager: Added ResourceProfile id: 0
[2026-03-22T23:00:02.627+0000] {spark_submit.py:663} INFO - 26/03/22 23:00:02 INFO SecurityManager: Changing view acls to: ***
[2026-03-22T23:00:02.627+0000] {spark_submit.py:663} INFO - 26/03/22 23:00:02 INFO SecurityManager: Changing modify acls to: ***
[2026-03-22T23:00:02.627+0000] {spark_submit.py:663} INFO - 26/03/22 23:00:02 INFO SecurityManager: Changing view acls groups to:
[2026-03-22T23:00:02.627+0000] {spark_submit.py:663} INFO - 26/03/22 23:00:02 INFO SecurityManager: Changing modify acls groups to:
[2026-03-22T23:00:02.627+0000] {spark_submit.py:663} INFO - 26/03/22 23:00:02 INFO SecurityManager: SecurityManager: authentication disabled; ui acls disabled; users with view permissions: ***; groups with view permissions: EMPTY; users with modify permissions: ***; groups with modify permissions: EMPTY
[2026-03-22T23:00:02.725+0000] {spark_submit.py:663} INFO - 26/03/22 23:00:02 INFO Utils: Successfully started service 'sparkDriver' on port 35091.
[2026-03-22T23:00:02.736+0000] {spark_submit.py:663} INFO - 26/03/22 23:00:02 INFO SparkEnv: Registering MapOutputTracker
[2026-03-22T23:00:02.751+0000] {spark_submit.py:663} INFO - 26/03/22 23:00:02 INFO SparkEnv: Registering BlockManagerMaster
[2026-03-22T23:00:02.760+0000] {spark_submit.py:663} INFO - 26/03/22 23:00:02 INFO BlockManagerMasterEndpoint: Using org.apache.spark.storage.DefaultTopologyMapper for getting topology information
[2026-03-22T23:00:02.760+0000] {spark_submit.py:663} INFO - 26/03/22 23:00:02 INFO BlockManagerMasterEndpoint: BlockManagerMasterEndpoint up
[2026-03-22T23:00:02.762+0000] {spark_submit.py:663} INFO - 26/03/22 23:00:02 INFO SparkEnv: Registering BlockManagerMasterHeartbeat
[2026-03-22T23:00:02.771+0000] {spark_submit.py:663} INFO - 26/03/22 23:00:02 INFO DiskBlockManager: Created local directory at /tmp/blockmgr-d95e7daf-5126-4515-a678-c9e27068ca97
[2026-03-22T23:00:02.778+0000] {spark_submit.py:663} INFO - 26/03/22 23:00:02 INFO MemoryStore: MemoryStore started with capacity 434.4 MiB
[2026-03-22T23:00:02.786+0000] {spark_submit.py:663} INFO - 26/03/22 23:00:02 INFO SparkEnv: Registering OutputCommitCoordinator
[2026-03-22T23:00:02.849+0000] {spark_submit.py:663} INFO - 26/03/22 23:00:02 INFO JettyUtils: Start Jetty 0.0.0.0:4040 for SparkUI
[2026-03-22T23:00:02.883+0000] {spark_submit.py:663} INFO - 26/03/22 23:00:02 INFO Utils: Successfully started service 'SparkUI' on port 4040.
[2026-03-22T23:00:02.902+0000] {spark_submit.py:663} INFO - 26/03/22 23:00:02 INFO SparkContext: Added JAR file:///opt/spark/user-jars/spark-xml_2.12-0.18.0.jar at spark://a0fa30331a96:35091/jars/spark-xml_2.12-0.18.0.jar with timestamp 1774220402569
[2026-03-22T23:00:02.903+0000] {spark_submit.py:663} INFO - 26/03/22 23:00:02 INFO SparkContext: Added JAR file:///opt/spark/user-jars/spark-sql-kafka-0-10_2.12-3.5.2.jar at spark://a0fa30331a96:35091/jars/spark-sql-kafka-0-10_2.12-3.5.2.jar with timestamp 1774220402569
[2026-03-22T23:00:02.903+0000] {spark_submit.py:663} INFO - 26/03/22 23:00:02 INFO SparkContext: Added JAR file:///opt/spark/user-jars/kafka-clients-3.5.2.jar at spark://a0fa30331a96:35091/jars/kafka-clients-3.5.2.jar with timestamp 1774220402569
[2026-03-22T23:00:02.903+0000] {spark_submit.py:663} INFO - 26/03/22 23:00:02 INFO SparkContext: Added JAR file:///opt/spark/user-jars/spark-token-provider-kafka-0-10_2.12-3.5.2.jar at spark://a0fa30331a96:35091/jars/spark-token-provider-kafka-0-10_2.12-3.5.2.jar with timestamp 1774220402569
[2026-03-22T23:00:02.903+0000] {spark_submit.py:663} INFO - 26/03/22 23:00:02 INFO SparkContext: Added JAR file:///opt/spark/user-jars/commons-pool2-2.12.0.jar at spark://a0fa30331a96:35091/jars/commons-pool2-2.12.0.jar with timestamp 1774220402569
[2026-03-22T23:00:02.938+0000] {spark_submit.py:663} INFO - 26/03/22 23:00:02 INFO StandaloneAppClient$ClientEndpoint: Connecting to master spark://spark-master:7077...
[2026-03-22T23:00:02.963+0000] {spark_submit.py:663} INFO - 26/03/22 23:00:02 INFO TransportClientFactory: Successfully created connection to spark-master/172.18.0.4:7077 after 14 ms (0 ms spent in bootstraps)
[2026-03-22T23:00:03.007+0000] {spark_submit.py:663} INFO - 26/03/22 23:00:03 INFO StandaloneSchedulerBackend: Connected to Spark cluster with app ID app-20260322230003-0003
[2026-03-22T23:00:03.009+0000] {spark_submit.py:663} INFO - 26/03/22 23:00:03 INFO StandaloneAppClient$ClientEndpoint: Executor added: app-20260322230003-0003/0 on worker-20260322225633-172.18.0.11-43345 (172.18.0.11:43345) with 1 core(s)
[2026-03-22T23:00:03.010+0000] {spark_submit.py:663} INFO - 26/03/22 23:00:03 INFO StandaloneSchedulerBackend: Granted executor ID app-20260322230003-0003/0 on hostPort 172.18.0.11:43345 with 1 core(s), 1024.0 MiB RAM
[2026-03-22T23:00:03.010+0000] {spark_submit.py:663} INFO - 26/03/22 23:00:03 INFO StandaloneAppClient$ClientEndpoint: Executor added: app-20260322230003-0003/1 on worker-20260322225633-172.18.0.10-46063 (172.18.0.10:46063) with 1 core(s)
[2026-03-22T23:00:03.010+0000] {spark_submit.py:663} INFO - 26/03/22 23:00:03 INFO StandaloneSchedulerBackend: Granted executor ID app-20260322230003-0003/1 on hostPort 172.18.0.10:46063 with 1 core(s), 1024.0 MiB RAM
[2026-03-22T23:00:03.010+0000] {spark_submit.py:663} INFO - 26/03/22 23:00:03 INFO StandaloneAppClient$ClientEndpoint: Executor added: app-20260322230003-0003/2 on worker-20260322225633-172.18.0.12-33099 (172.18.0.12:33099) with 1 core(s)
[2026-03-22T23:00:03.010+0000] {spark_submit.py:663} INFO - 26/03/22 23:00:03 INFO StandaloneSchedulerBackend: Granted executor ID app-20260322230003-0003/2 on hostPort 172.18.0.12:33099 with 1 core(s), 1024.0 MiB RAM
[2026-03-22T23:00:03.012+0000] {spark_submit.py:663} INFO - 26/03/22 23:00:03 INFO Utils: Successfully started service 'org.apache.spark.network.netty.NettyBlockTransferService' on port 37951.
[2026-03-22T23:00:03.012+0000] {spark_submit.py:663} INFO - 26/03/22 23:00:03 INFO NettyBlockTransferService: Server created on a0fa30331a96:37951
[2026-03-22T23:00:03.013+0000] {spark_submit.py:663} INFO - 26/03/22 23:00:03 INFO BlockManager: Using org.apache.spark.storage.RandomBlockReplicationPolicy for block replication policy
[2026-03-22T23:00:03.018+0000] {spark_submit.py:663} INFO - 26/03/22 23:00:03 INFO BlockManagerMaster: Registering BlockManager BlockManagerId(driver, a0fa30331a96, 37951, None)
[2026-03-22T23:00:03.021+0000] {spark_submit.py:663} INFO - 26/03/22 23:00:03 INFO BlockManagerMasterEndpoint: Registering block manager a0fa30331a96:37951 with 434.4 MiB RAM, BlockManagerId(driver, a0fa30331a96, 37951, None)
[2026-03-22T23:00:03.024+0000] {spark_submit.py:663} INFO - 26/03/22 23:00:03 INFO BlockManagerMaster: Registered BlockManager BlockManagerId(driver, a0fa30331a96, 37951, None)
[2026-03-22T23:00:03.025+0000] {spark_submit.py:663} INFO - 26/03/22 23:00:03 INFO BlockManager: Initialized BlockManager: BlockManagerId(driver, a0fa30331a96, 37951, None)
[2026-03-22T23:00:03.030+0000] {spark_submit.py:663} INFO - 26/03/22 23:00:03 INFO StandaloneAppClient$ClientEndpoint: Executor updated: app-20260322230003-0003/0 is now RUNNING
[2026-03-22T23:00:03.032+0000] {spark_submit.py:663} INFO - 26/03/22 23:00:03 INFO StandaloneAppClient$ClientEndpoint: Executor updated: app-20260322230003-0003/1 is now RUNNING
[2026-03-22T23:00:03.033+0000] {spark_submit.py:663} INFO - 26/03/22 23:00:03 INFO StandaloneAppClient$ClientEndpoint: Executor updated: app-20260322230003-0003/2 is now RUNNING
[2026-03-22T23:00:03.140+0000] {spark_submit.py:663} INFO - 26/03/22 23:00:03 INFO StandaloneSchedulerBackend: SchedulerBackend is ready for scheduling beginning after reached minRegisteredResourcesRatio: 0.0
[2026-03-22T23:00:03.273+0000] {spark_submit.py:663} INFO - [DAG1] Encontrados 100 arquivos XML para processar.
[2026-03-22T23:00:03.274+0000] {spark_submit.py:663} INFO - [DAG1] Parseado: /opt/spark/xmls/nfe_001.xml -> chNFe=51210107698153000101...
[2026-03-22T23:00:03.275+0000] {spark_submit.py:663} INFO - [DAG1] Parseado: /opt/spark/xmls/nfe_002.xml -> chNFe=26201272569843000114...
[2026-03-22T23:00:03.275+0000] {spark_submit.py:663} INFO - [DAG1] Parseado: /opt/spark/xmls/nfe_003.xml -> chNFe=27240358367192000159...
[2026-03-22T23:00:03.276+0000] {spark_submit.py:663} INFO - [DAG1] Parseado: /opt/spark/xmls/nfe_004.xml -> chNFe=11240353716094000166...
[2026-03-22T23:00:03.276+0000] {spark_submit.py:663} INFO - [DAG1] Parseado: /opt/spark/xmls/nfe_005.xml -> chNFe=42190357349802000129...
[2026-03-22T23:00:03.276+0000] {spark_submit.py:663} INFO - [DAG1] Parseado: /opt/spark/xmls/nfe_006.xml -> chNFe=32221129573406000145...
[2026-03-22T23:00:03.277+0000] {spark_submit.py:663} INFO - [DAG1] Parseado: /opt/spark/xmls/nfe_007.xml -> chNFe=52211194608372000149...
[2026-03-22T23:00:03.277+0000] {spark_submit.py:663} INFO - [DAG1] Parseado: /opt/spark/xmls/nfe_008.xml -> chNFe=24190612367804000102...
[2026-03-22T23:00:03.278+0000] {spark_submit.py:663} INFO - [DAG1] Parseado: /opt/spark/xmls/nfe_009.xml -> chNFe=42240897360548000184...
[2026-03-22T23:00:03.278+0000] {spark_submit.py:663} INFO - [DAG1] Parseado: /opt/spark/xmls/nfe_010.xml -> chNFe=53181086725049000127...
[2026-03-22T23:00:03.279+0000] {spark_submit.py:663} INFO - [DAG1] Parseado: /opt/spark/xmls/nfe_011.xml -> chNFe=42220912975480000195...
[2026-03-22T23:00:03.279+0000] {spark_submit.py:663} INFO - [DAG1] Parseado: /opt/spark/xmls/nfe_012.xml -> chNFe=28250937820619000152...
[2026-03-22T23:00:03.280+0000] {spark_submit.py:663} INFO - [DAG1] Parseado: /opt/spark/xmls/nfe_013.xml -> chNFe=50240619685724000144...
[2026-03-22T23:00:03.281+0000] {spark_submit.py:663} INFO - [DAG1] Parseado: /opt/spark/xmls/nfe_014.xml -> chNFe=53191109438276000120...
[2026-03-22T23:00:03.282+0000] {spark_submit.py:663} INFO - [DAG1] Parseado: /opt/spark/xmls/nfe_015.xml -> chNFe=27180648169725000134...
[2026-03-22T23:00:03.282+0000] {spark_submit.py:663} INFO - [DAG1] Parseado: /opt/spark/xmls/nfe_016.xml -> chNFe=42210626578941000109...
[2026-03-22T23:00:03.282+0000] {spark_submit.py:663} INFO - [DAG1] Parseado: /opt/spark/xmls/nfe_017.xml -> chNFe=31190921560843000112...
[2026-03-22T23:00:03.283+0000] {spark_submit.py:663} INFO - [DAG1] Parseado: /opt/spark/xmls/nfe_018.xml -> chNFe=28180382563910000147...
[2026-03-22T23:00:03.283+0000] {spark_submit.py:663} INFO - [DAG1] Parseado: /opt/spark/xmls/nfe_019.xml -> chNFe=13220636207415000188...
[2026-03-22T23:00:03.284+0000] {spark_submit.py:663} INFO - [DAG1] Parseado: /opt/spark/xmls/nfe_020.xml -> chNFe=29180968172439000135...
[2026-03-22T23:00:03.284+0000] {spark_submit.py:663} INFO - [DAG1] Parseado: /opt/spark/xmls/nfe_021.xml -> chNFe=51190279386412000161...
[2026-03-22T23:00:03.285+0000] {spark_submit.py:663} INFO - [DAG1] Parseado: /opt/spark/xmls/nfe_022.xml -> chNFe=24250549256018000148...
[2026-03-22T23:00:03.285+0000] {spark_submit.py:663} INFO - [DAG1] Parseado: /opt/spark/xmls/nfe_023.xml -> chNFe=35220528695410000113...
[2026-03-22T23:00:03.286+0000] {spark_submit.py:663} INFO - [DAG1] Parseado: /opt/spark/xmls/nfe_024.xml -> chNFe=50191039256740000129...
[2026-03-22T23:00:03.286+0000] {spark_submit.py:663} INFO - [DAG1] Parseado: /opt/spark/xmls/nfe_025.xml -> chNFe=14251181743625000145...
[2026-03-22T23:00:03.287+0000] {spark_submit.py:663} INFO - [DAG1] Parseado: /opt/spark/xmls/nfe_026.xml -> chNFe=29181002843765000119...
[2026-03-22T23:00:03.287+0000] {spark_submit.py:663} INFO - [DAG1] Parseado: /opt/spark/xmls/nfe_027.xml -> chNFe=12240287314290000126...
[2026-03-22T23:00:03.288+0000] {spark_submit.py:663} INFO - [DAG1] Parseado: /opt/spark/xmls/nfe_028.xml -> chNFe=11210341968357000145...
[2026-03-22T23:00:03.288+0000] {spark_submit.py:663} INFO - [DAG1] Parseado: /opt/spark/xmls/nfe_029.xml -> chNFe=23240828346150000170...
[2026-03-22T23:00:03.289+0000] {spark_submit.py:663} INFO - [DAG1] Parseado: /opt/spark/xmls/nfe_030.xml -> chNFe=12190110452967000168...
[2026-03-22T23:00:03.289+0000] {spark_submit.py:663} INFO - [DAG1] Parseado: /opt/spark/xmls/nfe_031.xml -> chNFe=23180876590128000114...
[2026-03-22T23:00:03.290+0000] {spark_submit.py:663} INFO - [DAG1] Parseado: /opt/spark/xmls/nfe_032.xml -> chNFe=31210963298745000107...
[2026-03-22T23:00:03.290+0000] {spark_submit.py:663} INFO - [DAG1] Parseado: /opt/spark/xmls/nfe_033.xml -> chNFe=21181187352046000158...
[2026-03-22T23:00:03.291+0000] {spark_submit.py:663} INFO - [DAG1] Parseado: /opt/spark/xmls/nfe_034.xml -> chNFe=26231104516832000116...
[2026-03-22T23:00:03.292+0000] {spark_submit.py:663} INFO - [DAG1] Parseado: /opt/spark/xmls/nfe_035.xml -> chNFe=11250854869370000199...
[2026-03-22T23:00:03.293+0000] {spark_submit.py:663} INFO - [DAG1] Parseado: /opt/spark/xmls/nfe_036.xml -> chNFe=21210823974801000153...
[2026-03-22T23:00:03.294+0000] {spark_submit.py:663} INFO - [DAG1] Parseado: /opt/spark/xmls/nfe_037.xml -> chNFe=35210206714925000180...
[2026-03-22T23:00:03.295+0000] {spark_submit.py:663} INFO - [DAG1] Parseado: /opt/spark/xmls/nfe_038.xml -> chNFe=41190961304298000118...
[2026-03-22T23:00:03.297+0000] {spark_submit.py:663} INFO - [DAG1] Parseado: /opt/spark/xmls/nfe_039.xml -> chNFe=25250457431082000146...
[2026-03-22T23:00:03.297+0000] {spark_submit.py:663} INFO - [DAG1] Parseado: /opt/spark/xmls/nfe_040.xml -> chNFe=13180320871436000163...
[2026-03-22T23:00:03.298+0000] {spark_submit.py:663} INFO - [DAG1] Parseado: /opt/spark/xmls/nfe_041.xml -> chNFe=12231084620519000162...
[2026-03-22T23:00:03.298+0000] {spark_submit.py:663} INFO - [DAG1] Parseado: /opt/spark/xmls/nfe_042.xml -> chNFe=21230731649502000171...
[2026-03-22T23:00:03.299+0000] {spark_submit.py:663} INFO - [DAG1] Parseado: /opt/spark/xmls/nfe_043.xml -> chNFe=51191113640928000182...
[2026-03-22T23:00:03.299+0000] {spark_submit.py:663} INFO - [DAG1] Parseado: /opt/spark/xmls/nfe_044.xml -> chNFe=51220514726980000119...
[2026-03-22T23:00:03.300+0000] {spark_submit.py:663} INFO - [DAG1] Parseado: /opt/spark/xmls/nfe_045.xml -> chNFe=26200312657039000165...
[2026-03-22T23:00:03.301+0000] {spark_submit.py:663} INFO - [DAG1] Parseado: /opt/spark/xmls/nfe_046.xml -> chNFe=31221081579046000109...
[2026-03-22T23:00:03.302+0000] {spark_submit.py:663} INFO - [DAG1] Parseado: /opt/spark/xmls/nfe_047.xml -> chNFe=52190157216438000129...
[2026-03-22T23:00:03.303+0000] {spark_submit.py:663} INFO - [DAG1] Parseado: /opt/spark/xmls/nfe_048.xml -> chNFe=27181136082951000102...
[2026-03-22T23:00:03.305+0000] {spark_submit.py:663} INFO - [DAG1] Parseado: /opt/spark/xmls/nfe_049.xml -> chNFe=33180538052974000191...
[2026-03-22T23:00:03.305+0000] {spark_submit.py:663} INFO - [DAG1] Parseado: /opt/spark/xmls/nfe_050.xml -> chNFe=24230792075836000173...
[2026-03-22T23:00:03.305+0000] {spark_submit.py:663} INFO - [DAG1] Parseado: /opt/spark/xmls/nfe_051.xml -> chNFe=28250968740251000146...
[2026-03-22T23:00:03.306+0000] {spark_submit.py:663} INFO - [DAG1] Parseado: /opt/spark/xmls/nfe_052.xml -> chNFe=11220124691035000182...
[2026-03-22T23:00:03.306+0000] {spark_submit.py:663} INFO - [DAG1] Parseado: /opt/spark/xmls/nfe_053.xml -> chNFe=15250473416928000125...
[2026-03-22T23:00:03.307+0000] {spark_submit.py:663} INFO - [DAG1] Parseado: /opt/spark/xmls/nfe_054.xml -> chNFe=23190701627489000199...
[2026-03-22T23:00:03.308+0000] {spark_submit.py:663} INFO - [DAG1] Parseado: /opt/spark/xmls/nfe_055.xml -> chNFe=15250351739026000197...
[2026-03-22T23:00:03.308+0000] {spark_submit.py:663} INFO - [DAG1] Parseado: /opt/spark/xmls/nfe_056.xml -> chNFe=16221295804276000139...
[2026-03-22T23:00:03.309+0000] {spark_submit.py:663} INFO - [DAG1] Parseado: /opt/spark/xmls/nfe_057.xml -> chNFe=14200468721493000192...
[2026-03-22T23:00:03.309+0000] {spark_submit.py:663} INFO - [DAG1] Parseado: /opt/spark/xmls/nfe_058.xml -> chNFe=15230571934620000146...
[2026-03-22T23:00:03.310+0000] {spark_submit.py:663} INFO - [DAG1] Parseado: /opt/spark/xmls/nfe_059.xml -> chNFe=27181009731462000153...
[2026-03-22T23:00:03.310+0000] {spark_submit.py:663} INFO - [DAG1] Parseado: /opt/spark/xmls/nfe_060.xml -> chNFe=35220613892074000121...
[2026-03-22T23:00:03.311+0000] {spark_submit.py:663} INFO - [DAG1] Parseado: /opt/spark/xmls/nfe_061.xml -> chNFe=29200359802361000102...
[2026-03-22T23:00:03.311+0000] {spark_submit.py:663} INFO - [DAG1] Parseado: /opt/spark/xmls/nfe_062.xml -> chNFe=35250805768142000117...
[2026-03-22T23:00:03.311+0000] {spark_submit.py:663} INFO - [DAG1] Parseado: /opt/spark/xmls/nfe_063.xml -> chNFe=11190868395241000110...
[2026-03-22T23:00:03.312+0000] {spark_submit.py:663} INFO - [DAG1] Parseado: /opt/spark/xmls/nfe_064.xml -> chNFe=16230946583021000188...
[2026-03-22T23:00:03.312+0000] {spark_submit.py:663} INFO - [DAG1] Parseado: /opt/spark/xmls/nfe_065.xml -> chNFe=23230758370469000100...
[2026-03-22T23:00:03.312+0000] {spark_submit.py:663} INFO - [DAG1] Parseado: /opt/spark/xmls/nfe_066.xml -> chNFe=51201114786592000123...
[2026-03-22T23:00:03.313+0000] {spark_submit.py:663} INFO - [DAG1] Parseado: /opt/spark/xmls/nfe_067.xml -> chNFe=13190776093481000199...
[2026-03-22T23:00:03.313+0000] {spark_submit.py:663} INFO - [DAG1] Parseado: /opt/spark/xmls/nfe_068.xml -> chNFe=13181042865713000168...
[2026-03-22T23:00:03.314+0000] {spark_submit.py:663} INFO - [DAG1] Parseado: /opt/spark/xmls/nfe_069.xml -> chNFe=15201221740863000175...
[2026-03-22T23:00:03.314+0000] {spark_submit.py:663} INFO - [DAG1] Parseado: /opt/spark/xmls/nfe_070.xml -> chNFe=27230504526819000148...
[2026-03-22T23:00:03.315+0000] {spark_submit.py:663} INFO - [DAG1] Parseado: /opt/spark/xmls/nfe_071.xml -> chNFe=16231241268370000191...
[2026-03-22T23:00:03.316+0000] {spark_submit.py:663} INFO - [DAG1] Parseado: /opt/spark/xmls/nfe_072.xml -> chNFe=17201205641832000100...
[2026-03-22T23:00:03.316+0000] {spark_submit.py:663} INFO - [DAG1] Parseado: /opt/spark/xmls/nfe_073.xml -> chNFe=52230201627395000110...
[2026-03-22T23:00:03.316+0000] {spark_submit.py:663} INFO - [DAG1] Parseado: /opt/spark/xmls/nfe_074.xml -> chNFe=42221072643850000119...
[2026-03-22T23:00:03.317+0000] {spark_submit.py:663} INFO - [DAG1] Parseado: /opt/spark/xmls/nfe_075.xml -> chNFe=29241032751869000164...
[2026-03-22T23:00:03.317+0000] {spark_submit.py:663} INFO - [DAG1] Parseado: /opt/spark/xmls/nfe_076.xml -> chNFe=26220526973410000102...
[2026-03-22T23:00:03.318+0000] {spark_submit.py:663} INFO - [DAG1] Parseado: /opt/spark/xmls/nfe_077.xml -> chNFe=11200560149872000148...
[2026-03-22T23:00:03.318+0000] {spark_submit.py:663} INFO - [DAG1] Parseado: /opt/spark/xmls/nfe_078.xml -> chNFe=35240574290356000143...
[2026-03-22T23:00:03.319+0000] {spark_submit.py:663} INFO - [DAG1] Parseado: /opt/spark/xmls/nfe_079.xml -> chNFe=52220859280417000106...
[2026-03-22T23:00:03.319+0000] {spark_submit.py:663} INFO - [DAG1] Parseado: /opt/spark/xmls/nfe_080.xml -> chNFe=13220671952803000194...
[2026-03-22T23:00:03.319+0000] {spark_submit.py:663} INFO - [DAG1] Parseado: /opt/spark/xmls/nfe_081.xml -> chNFe=27240997543628000175...
[2026-03-22T23:00:03.320+0000] {spark_submit.py:663} INFO - [DAG1] Parseado: /opt/spark/xmls/nfe_082.xml -> chNFe=16200305672934000193...
[2026-03-22T23:00:03.320+0000] {spark_submit.py:663} INFO - [DAG1] Parseado: /opt/spark/xmls/nfe_083.xml -> chNFe=26200967452098000199...
[2026-03-22T23:00:03.321+0000] {spark_submit.py:663} INFO - [DAG1] Parseado: /opt/spark/xmls/nfe_084.xml -> chNFe=15201240879132000150...
[2026-03-22T23:00:03.321+0000] {spark_submit.py:663} INFO - [DAG1] Parseado: /opt/spark/xmls/nfe_085.xml -> chNFe=15201104259871000185...
[2026-03-22T23:00:03.322+0000] {spark_submit.py:663} INFO - [DAG1] Parseado: /opt/spark/xmls/nfe_086.xml -> chNFe=29180693567420000135...
[2026-03-22T23:00:03.322+0000] {spark_submit.py:663} INFO - [DAG1] Parseado: /opt/spark/xmls/nfe_087.xml -> chNFe=25190423645971000194...
[2026-03-22T23:00:03.323+0000] {spark_submit.py:663} INFO - [DAG1] Parseado: /opt/spark/xmls/nfe_088.xml -> chNFe=53221171968234000175...
[2026-03-22T23:00:03.323+0000] {spark_submit.py:663} INFO - [DAG1] Parseado: /opt/spark/xmls/nfe_089.xml -> chNFe=33211120671549000115...
[2026-03-22T23:00:03.323+0000] {spark_submit.py:663} INFO - [DAG1] Parseado: /opt/spark/xmls/nfe_090.xml -> chNFe=14230621639754000166...
[2026-03-22T23:00:03.324+0000] {spark_submit.py:663} INFO - [DAG1] Parseado: /opt/spark/xmls/nfe_091.xml -> chNFe=29221267140958000159...
[2026-03-22T23:00:03.324+0000] {spark_submit.py:663} INFO - [DAG1] Parseado: /opt/spark/xmls/nfe_092.xml -> chNFe=25180748326059000109...
[2026-03-22T23:00:03.324+0000] {spark_submit.py:663} INFO - [DAG1] Parseado: /opt/spark/xmls/nfe_093.xml -> chNFe=15190795724103000100...
[2026-03-22T23:00:03.325+0000] {spark_submit.py:663} INFO - [DAG1] Parseado: /opt/spark/xmls/nfe_094.xml -> chNFe=52251242875316000177...
[2026-03-22T23:00:03.325+0000] {spark_submit.py:663} INFO - [DAG1] Parseado: /opt/spark/xmls/nfe_095.xml -> chNFe=13230676385124000102...
[2026-03-22T23:00:03.325+0000] {spark_submit.py:663} INFO - [DAG1] Parseado: /opt/spark/xmls/nfe_096.xml -> chNFe=33240848596213000154...
[2026-03-22T23:00:03.326+0000] {spark_submit.py:663} INFO - [DAG1] Parseado: /opt/spark/xmls/nfe_097.xml -> chNFe=24200752149708000102...
[2026-03-22T23:00:03.326+0000] {spark_submit.py:663} INFO - [DAG1] Parseado: /opt/spark/xmls/nfe_098.xml -> chNFe=51180565902148000167...
[2026-03-22T23:00:03.326+0000] {spark_submit.py:663} INFO - [DAG1] Parseado: /opt/spark/xmls/nfe_099.xml -> chNFe=13180796205487000118...
[2026-03-22T23:00:03.327+0000] {spark_submit.py:663} INFO - [DAG1] Parseado: /opt/spark/xmls/nfe_100.xml -> chNFe=13180353974062000160...
[2026-03-22T23:00:03.327+0000] {spark_submit.py:663} INFO - [DAG1] Total de notas parseadas: 100
[2026-03-22T23:00:06.665+0000] {spark_submit.py:663} INFO - [DAG1] Publicando 100 mensagens no tópico Kafka 'nfe-json'...
[2026-03-22T23:00:08.120+0000] {spark_submit.py:663} INFO - [DAG1] Publicação concluída com sucesso!
[2026-03-22T23:00:09.217+0000] {taskinstance.py:349} INFO - ::group::Post task execution logs
[2026-03-22T23:00:09.217+0000] {taskinstance.py:361} INFO - Marking task as SUCCESS. dag_id=dag_xml_to_kafka, task_id=spark_xml_to_kafka, run_id=scheduled__2026-03-22T22:50:00+00:00, execution_date=20260322T225000, start_date=20260322T230000, end_date=20260322T230009
[2026-03-22T23:00:09.236+0000] {local_task_job_runner.py:266} INFO - Task exited with return code 0
[2026-03-22T23:00:09.250+0000] {taskinstance.py:3925} INFO - 1 downstream tasks scheduled from follow-on schedule check
[2026-03-22T23:00:09.252+0000] {local_task_job_runner.py:245} INFO - ::endgroup::
